<?xml version="1.0" encoding="utf-8"?><testsuites name="pytest tests"><testsuite name="pytest" errors="0" failures="0" skipped="0" tests="1132" time="4756.701" timestamp="2026-03-15T18:42:55.024128+00:00" hostname="f148f8b15808"><testcase classname="tests.ops.test_activation" name="test_relu_op[1000000-dtype0]" time="5.457" /><testcase classname="tests.ops.test_activation" name="test_relu_op[1000000-dtype1]" time="4.233" /><testcase classname="tests.ops.test_activation" name="test_relu_op[1000000-dtype2]" time="4.200" /><testcase classname="tests.ops.test_activation" name="test_relu_op[4000000-dtype3]" time="4.172" /><testcase classname="tests.ops.test_activation" name="test_relu_op[4000000-dtype4]" time="4.200" /><testcase classname="tests.ops.test_activation" name="test_relu_strategies[1000000-dtype0-direct]" time="4.084" /><testcase classname="tests.ops.test_activation" name="test_relu_strategies[1000000-dtype1-explicit_parallel]" time="4.142" /><testcase classname="tests.ops.test_activation" name="test_relu_strategies[1000000-dtype2-register_copy]" time="0.025" /><testcase classname="tests.ops.test_activation" name="test_gelu[1048576-dtype0]" time="4.243" /><testcase classname="tests.ops.test_activation" name="test_gelu[1048576-dtype1]" time="4.237" /><testcase classname="tests.ops.test_activation" name="test_gelu[1048576-dtype2]" time="4.245" /><testcase classname="tests.ops.test_activation" name="test_silu[1048576-dtype0]" time="4.255" /><testcase classname="tests.ops.test_activation" name="test_silu[1048576-dtype1]" time="4.225" /><testcase classname="tests.ops.test_activation" name="test_silu[1048576-dtype2]" time="4.210" /><testcase classname="tests.ops.test_activation" name="test_sigmoid[1048576-dtype0]" time="4.232" /><testcase classname="tests.ops.test_activation" name="test_sigmoid[1048576-dtype1]" time="3.870" /><testcase classname="tests.ops.test_activation" name="test_sigmoid[1048576-dtype2]" time="3.754" /><testcase classname="tests.ops.test_activation" name="test_tanh[1048576-dtype0]" time="3.752" /><testcase classname="tests.ops.test_activation" name="test_tanh[1048576-dtype1]" time="3.724" /><testcase classname="tests.ops.test_activation" name="test_tanh[1048576-dtype2]" time="3.726" /><testcase classname="tests.ops.test_activation" name="test_hardswish[1048576-dtype0]" time="3.741" /><testcase classname="tests.ops.test_activation" name="test_hardswish[1048576-dtype1]" time="3.714" /><testcase classname="tests.ops.test_activation" name="test_hardswish[1048576-dtype2]" time="3.767" /><testcase classname="tests.ops.test_activation" name="test_hardsigmoid[1048576-dtype0]" time="3.762" /><testcase classname="tests.ops.test_activation" name="test_hardsigmoid[1048576-dtype1]" time="3.726" /><testcase classname="tests.ops.test_activation" name="test_hardsigmoid[1048576-dtype2]" time="3.744" /><testcase classname="tests.ops.test_activation" name="test_mish[1048576-dtype0]" time="3.835" /><testcase classname="tests.ops.test_activation" name="test_mish[1048576-dtype1]" time="3.875" /><testcase classname="tests.ops.test_activation" name="test_mish[1048576-dtype2]" time="3.783" /><testcase classname="tests.ops.test_activation" name="test_selu[1048576-dtype0]" time="3.790" /><testcase classname="tests.ops.test_activation" name="test_selu[1048576-dtype1]" time="3.807" /><testcase classname="tests.ops.test_activation" name="test_selu[1048576-dtype2]" time="3.761" /><testcase classname="tests.ops.test_activation" name="test_activation_rejects_non_float_dtype" time="0.001" /><testcase classname="tests.ops.test_activation" name="test_sigmoid_edge[4096-dtype0]" time="3.784" /><testcase classname="tests.ops.test_activation" name="test_tanh_edge[4096-dtype0]" time="3.754" /><testcase classname="tests.ops.test_activation" name="test_leaky_relu[1048576-dtype0]" time="3.762" /><testcase classname="tests.ops.test_activation" name="test_leaky_relu[1048576-dtype1]" time="3.703" /><testcase classname="tests.ops.test_activation" name="test_leaky_relu[1048576-dtype2]" time="3.687" /><testcase classname="tests.ops.test_activation" name="test_elu[1048576-dtype0]" time="3.648" /><testcase classname="tests.ops.test_activation" name="test_elu[1048576-dtype1]" time="3.649" /><testcase classname="tests.ops.test_activation" name="test_elu[1048576-dtype2]" time="3.614" /><testcase classname="tests.ops.test_activation" name="test_hardtanh[1048576-dtype0]" time="3.605" /><testcase classname="tests.ops.test_activation" name="test_hardtanh[1048576-dtype1]" time="3.719" /><testcase classname="tests.ops.test_activation" name="test_hardtanh[1048576-dtype2]" time="3.651" /><testcase classname="tests.ops.test_activation" name="test_softplus[1048576-dtype0]" time="3.710" /><testcase classname="tests.ops.test_activation" name="test_softplus[1048576-dtype1]" time="3.695" /><testcase classname="tests.ops.test_activation" name="test_softplus[1048576-dtype2]" time="3.659" /><testcase classname="tests.ops.test_activation" name="test_prelu[1048576-dtype0]" time="4.047" /><testcase classname="tests.ops.test_activation" name="test_prelu[1048576-dtype1]" time="3.917" /><testcase classname="tests.ops.test_activation" name="test_prelu[1048576-dtype2]" time="3.732" /><testcase classname="tests.ops.test_activation" name="test_prelu_batch_dim" time="3.750" /><testcase classname="tests.ops.test_activation" name="test_independent_activation_rejects_non_float_dtype" time="0.001" /><testcase classname="tests.ops.test_ada_layer_norm" name="test_ada_layer_norm_op[1024-4096-dtype0]" time="5.781" /><testcase classname="tests.ops.test_ada_layer_norm" name="test_ada_layer_norm_op[4096-4096-dtype1]" time="5.932" /><testcase classname="tests.ops.test_ada_layer_norm" name="test_ada_layer_norm_op[1024-4096-dtype2]" time="5.894" /><testcase classname="tests.ops.test_ada_layer_norm" name="test_ada_layer_norm_op[4096-4096-dtype3]" time="5.801" /><testcase classname="tests.ops.test_ada_layer_norm" name="test_ada_layer_norm_op[1024-4096-dtype4]" time="5.907" /><testcase classname="tests.ops.test_ada_layer_norm" name="test_ada_layer_norm_op[4096-4096-dtype5]" time="5.857" /><testcase classname="tests.ops.test_ada_layer_norm" name="test_ada_layer_norm_op[1024-3000-dtype6]" time="5.668" /><testcase classname="tests.ops.test_ada_layer_norm" name="test_ada_layer_norm_op[1024-3000-dtype7]" time="8.265" /><testcase classname="tests.ops.test_ada_layer_norm" name="test_ada_layer_norm_op[1024-3000-dtype8]" time="7.817" /><testcase classname="tests.ops.test_ada_layer_norm" name="test_ada_layer_norm_op[1025-4096-dtype9]" time="6.045" /><testcase classname="tests.ops.test_ada_layer_norm" name="test_ada_layer_norm_op[1025-4096-dtype10]" time="5.857" /><testcase classname="tests.ops.test_ada_layer_norm" name="test_ada_layer_norm_3d[2-512-4096-dtype0]" time="0.197" /><testcase classname="tests.ops.test_ada_layer_norm" name="test_ada_layer_norm_3d[2-512-4096-dtype1]" time="0.195" /><testcase classname="tests.ops.test_ada_layer_norm" name="test_ada_layer_norm_3d[2-512-4096-dtype2]" time="0.193" /><testcase classname="tests.ops.test_ada_layer_norm_zero" name="test_ada_layer_norm_zero_op[1024-4096-dtype0]" time="5.859" /><testcase classname="tests.ops.test_ada_layer_norm_zero" name="test_ada_layer_norm_zero_op[4096-4096-dtype1]" time="6.010" /><testcase classname="tests.ops.test_ada_layer_norm_zero" name="test_ada_layer_norm_zero_op[1024-4096-dtype2]" time="6.322" /><testcase classname="tests.ops.test_ada_layer_norm_zero" name="test_ada_layer_norm_zero_op[4096-4096-dtype3]" time="6.285" /><testcase classname="tests.ops.test_ada_layer_norm_zero" name="test_ada_layer_norm_zero_op[1024-4096-dtype4]" time="6.145" /><testcase classname="tests.ops.test_ada_layer_norm_zero" name="test_ada_layer_norm_zero_op[4096-4096-dtype5]" time="6.124" /><testcase classname="tests.ops.test_ada_layer_norm_zero" name="test_ada_layer_norm_zero_op[1024-3000-dtype6]" time="6.200" /><testcase classname="tests.ops.test_ada_layer_norm_zero" name="test_ada_layer_norm_zero_op[1024-3000-dtype7]" time="8.829" /><testcase classname="tests.ops.test_ada_layer_norm_zero" name="test_ada_layer_norm_zero_op[1024-3000-dtype8]" time="8.659" /><testcase classname="tests.ops.test_ada_layer_norm_zero" name="test_ada_layer_norm_zero_op[1025-4096-dtype9]" time="6.126" /><testcase classname="tests.ops.test_ada_layer_norm_zero" name="test_ada_layer_norm_zero_op[1025-4096-dtype10]" time="6.110" /><testcase classname="tests.ops.test_ada_layer_norm_zero" name="test_ada_layer_norm_zero_3d[2-512-4096-dtype0]" time="0.199" /><testcase classname="tests.ops.test_ada_layer_norm_zero" name="test_ada_layer_norm_zero_3d[2-512-4096-dtype1]" time="0.346" /><testcase classname="tests.ops.test_ada_layer_norm_zero" name="test_ada_layer_norm_zero_3d[2-512-4096-dtype2]" time="0.196" /><testcase classname="tests.ops.test_argreduce" name="test_argmax_op[128-512-dtype0]" time="4.429" /><testcase classname="tests.ops.test_argreduce" name="test_argmax_op[128-512-dtype1]" time="4.646" /><testcase classname="tests.ops.test_argreduce" name="test_argmax_op[128-512-dtype2]" time="4.648" /><testcase classname="tests.ops.test_argreduce" name="test_argmax_op[256-4096-dtype3]" time="27.086" /><testcase classname="tests.ops.test_argreduce" name="test_argmax_op[256-4096-dtype4]" time="27.912" /><testcase classname="tests.ops.test_argreduce" name="test_argmax_op[128-300-dtype5]" time="4.660" /><testcase classname="tests.ops.test_argreduce" name="test_argmax_op[128-300-dtype6]" time="4.848" /><testcase classname="tests.ops.test_argreduce" name="test_argmax_op[129-512-dtype7]" time="5.123" /><testcase classname="tests.ops.test_argreduce" name="test_argmax_non_contiguous[128-512-dtype0]" time="0.088" /><testcase classname="tests.ops.test_argreduce" name="test_argmax_non_contiguous[128-512-dtype1]" time="0.088" /><testcase classname="tests.ops.test_argreduce" name="test_argmax_3d[2-64-512-dtype0]" time="0.085" /><testcase classname="tests.ops.test_argreduce" name="test_argmax_3d[2-64-512-dtype1]" time="0.084" /><testcase classname="tests.ops.test_argreduce" name="test_argmax_4d[2-4-8-512-dtype0]" time="5.214" /><testcase classname="tests.ops.test_argreduce" name="test_argmax_4d[2-4-8-512-dtype1]" time="5.245" /><testcase classname="tests.ops.test_argreduce" name="test_argmax_1d[512-dtype0]" time="5.206" /><testcase classname="tests.ops.test_argreduce" name="test_argmax_1d[512-dtype1]" time="4.939" /><testcase classname="tests.ops.test_argreduce" name="test_argmax_1d[512-dtype2]" time="5.235" /><testcase classname="tests.ops.test_argreduce" name="test_argmin_op[128-512-dtype0]" time="5.098" /><testcase classname="tests.ops.test_argreduce" name="test_argmin_op[128-512-dtype1]" time="5.300" /><testcase classname="tests.ops.test_argreduce" name="test_argmin_op[128-512-dtype2]" time="5.359" /><testcase classname="tests.ops.test_argreduce" name="test_argmin_op[256-4096-dtype3]" time="65.110" /><testcase classname="tests.ops.test_argreduce" name="test_argmin_op[256-4096-dtype4]" time="68.217" /><testcase classname="tests.ops.test_argreduce" name="test_argmin_op[128-300-dtype5]" time="5.200" /><testcase classname="tests.ops.test_argreduce" name="test_argmin_op[128-300-dtype6]" time="5.161" /><testcase classname="tests.ops.test_argreduce" name="test_argmin_op[129-512-dtype7]" time="5.357" /><testcase classname="tests.ops.test_argreduce" name="test_argmin_non_contiguous[128-512-dtype0]" time="0.088" /><testcase classname="tests.ops.test_argreduce" name="test_argmin_non_contiguous[128-512-dtype1]" time="0.363" /><testcase classname="tests.ops.test_argreduce" name="test_argmin_3d[2-64-512-dtype0]" time="0.085" /><testcase classname="tests.ops.test_argreduce" name="test_argmin_3d[2-64-512-dtype1]" time="0.084" /><testcase classname="tests.ops.test_argreduce" name="test_argmin_4d[2-4-8-512-dtype0]" time="5.111" /><testcase classname="tests.ops.test_argreduce" name="test_argmin_4d[2-4-8-512-dtype1]" time="4.923" /><testcase classname="tests.ops.test_argreduce" name="test_argmin_1d[512-dtype0]" time="4.831" /><testcase classname="tests.ops.test_argreduce" name="test_argmin_1d[512-dtype1]" time="4.574" /><testcase classname="tests.ops.test_argreduce" name="test_argmin_1d[512-dtype2]" time="4.894" /><testcase classname="tests.ops.test_batch_norm" name="test_batch_norm_fwd[32-64-spatial0-dtype0-True]" time="4.296" /><testcase classname="tests.ops.test_batch_norm" name="test_batch_norm_fwd[32-64-spatial1-dtype1-False]" time="3.854" /><testcase classname="tests.ops.test_batch_norm" name="test_batch_norm_fwd[32-256-spatial2-dtype2-True]" time="4.234" /><testcase classname="tests.ops.test_batch_norm" name="test_batch_norm_fwd[16-64-spatial3-dtype3-True]" time="4.602" /><testcase classname="tests.ops.test_batch_norm" name="test_batch_norm_fwd[4-64-spatial4-dtype4-True]" time="4.294" /><testcase classname="tests.ops.test_batch_norm" name="test_batch_norm_fwd[8-64-spatial5-dtype5-True]" time="4.233" /><testcase classname="tests.ops.test_batch_norm" name="test_batch_norm_fwd[8-64-spatial6-dtype6-False]" time="3.945" /><testcase classname="tests.ops.test_batch_norm" name="test_batch_norm_fwd[4-128-spatial7-dtype7-True]" time="4.508" /><testcase classname="tests.ops.test_batch_norm" name="test_batch_norm_fwd[8-64-spatial8-dtype8-True]" time="5.147" /><testcase classname="tests.ops.test_batch_norm" name="test_batch_norm_fwd[8-64-spatial9-dtype9-True]" time="5.149" /><testcase classname="tests.ops.test_batch_norm" name="test_batch_norm_bwd[32-64-spatial0-dtype0]" time="4.242" /><testcase classname="tests.ops.test_batch_norm" name="test_batch_norm_bwd[8-64-spatial1-dtype1]" time="4.690" /><testcase classname="tests.ops.test_batch_norm" name="test_batch_norm_bwd[4-128-spatial2-dtype2]" time="4.593" /><testcase classname="tests.ops.test_batch_norm" name="test_batch_norm_bwd[4-64-spatial3-dtype3]" time="4.296" /><testcase classname="tests.ops.test_batch_norm" name="test_batch_norm_bwd[8-64-spatial4-dtype4]" time="5.985" /><testcase classname="tests.ops.test_batch_norm" name="test_batch_norm_bwd[8-64-spatial5-dtype5]" time="5.911" /><testcase classname="tests.ops.test_binary_arith" name="test_coalesce_broadcast_dims[a_shape0-b_shape0-1]" time="0.001" /><testcase classname="tests.ops.test_binary_arith" name="test_coalesce_broadcast_dims[a_shape1-b_shape1-2]" time="0.001" /><testcase classname="tests.ops.test_binary_arith" name="test_coalesce_broadcast_dims[a_shape2-b_shape2-2]" time="0.001" /><testcase classname="tests.ops.test_binary_arith" name="test_coalesce_broadcast_dims[a_shape3-b_shape3-1]" time="0.001" /><testcase classname="tests.ops.test_binary_arith" name="test_coalesce_broadcast_dims[a_shape4-b_shape4-3]" time="0.001" /><testcase classname="tests.ops.test_binary_arith" name="test_coalesce_broadcast_dims[a_shape5-b_shape5-2]" time="0.001" /><testcase classname="tests.ops.test_binary_arith" name="test_coalesce_broadcast_dims[a_shape6-b_shape6-1]" time="0.001" /><testcase classname="tests.ops.test_binary_arith" name="test_coalesce_broadcast_dims[a_shape7-b_shape7-1]" time="0.001" /><testcase classname="tests.ops.test_binary_arith" name="test_add_same_shape[4096-dtype0]" time="3.700" /><testcase classname="tests.ops.test_binary_arith" name="test_add_same_shape[16384-dtype1]" time="3.676" /><testcase classname="tests.ops.test_binary_arith" name="test_add_same_shape[16384-dtype2]" time="3.685" /><testcase classname="tests.ops.test_binary_arith" name="test_add_same_shape[16384-dtype3]" time="3.689" /><testcase classname="tests.ops.test_binary_arith" name="test_add_broadcast[a_shape0-b_shape0-dtype0]" time="3.751" /><testcase classname="tests.ops.test_binary_arith" name="test_add_broadcast[a_shape1-b_shape1-dtype1]" time="3.704" /><testcase classname="tests.ops.test_binary_arith" name="test_add_broadcast[a_shape2-b_shape2-dtype2]" time="3.695" /><testcase classname="tests.ops.test_binary_arith" name="test_add_broadcast[a_shape3-b_shape3-dtype3]" time="3.949" /><testcase classname="tests.ops.test_binary_arith" name="test_binary_arith_broadcast[sub-SubOp-&lt;lambda&gt;-&lt;lambda&gt;-&lt;lambda&gt;-a_shape0-b_shape0]" time="3.676" /><testcase classname="tests.ops.test_binary_arith" name="test_binary_arith_broadcast[sub-SubOp-&lt;lambda&gt;-&lt;lambda&gt;-&lt;lambda&gt;-a_shape1-b_shape1]" time="3.715" /><testcase classname="tests.ops.test_binary_arith" name="test_binary_arith_broadcast[sub-SubOp-&lt;lambda&gt;-&lt;lambda&gt;-&lt;lambda&gt;-a_shape2-b_shape2]" time="3.650" /><testcase classname="tests.ops.test_binary_arith" name="test_binary_arith_broadcast[mul-MulOp-&lt;lambda&gt;-&lt;lambda&gt;-&lt;lambda&gt;-a_shape3-b_shape3]" time="3.702" /><testcase classname="tests.ops.test_binary_arith" name="test_binary_arith_broadcast[mul-MulOp-&lt;lambda&gt;-&lt;lambda&gt;-&lt;lambda&gt;-a_shape4-b_shape4]" time="3.692" /><testcase classname="tests.ops.test_binary_arith" name="test_binary_arith_broadcast[mul-MulOp-&lt;lambda&gt;-&lt;lambda&gt;-&lt;lambda&gt;-a_shape5-b_shape5]" time="3.694" /><testcase classname="tests.ops.test_binary_arith" name="test_binary_arith_broadcast[div-DivOp-&lt;lambda&gt;-&lt;lambda&gt;-&lt;lambda&gt;-a_shape6-b_shape6]" time="3.717" /><testcase classname="tests.ops.test_binary_arith" name="test_binary_arith_broadcast[div-DivOp-&lt;lambda&gt;-&lt;lambda&gt;-&lt;lambda&gt;-a_shape7-b_shape7]" time="3.693" /><testcase classname="tests.ops.test_binary_arith" name="test_binary_arith_broadcast[div-DivOp-&lt;lambda&gt;-&lt;lambda&gt;-&lt;lambda&gt;-a_shape8-b_shape8]" time="3.680" /><testcase classname="tests.ops.test_binary_arith" name="test_binary_arith_broadcast[remainder-RemainderOp-&lt;lambda&gt;-&lt;lambda&gt;-&lt;lambda&gt;-a_shape9-b_shape9]" time="3.704" /><testcase classname="tests.ops.test_binary_arith" name="test_binary_arith_broadcast[remainder-RemainderOp-&lt;lambda&gt;-&lt;lambda&gt;-&lt;lambda&gt;-a_shape10-b_shape10]" time="3.728" /><testcase classname="tests.ops.test_binary_arith" name="test_binary_arith_broadcast[remainder-RemainderOp-&lt;lambda&gt;-&lt;lambda&gt;-&lt;lambda&gt;-a_shape11-b_shape11]" time="3.696" /><testcase classname="tests.ops.test_binary_arith" name="test_binary_arith_broadcast[pow-PowOp-&lt;lambda&gt;-&lt;lambda&gt;-&lt;lambda&gt;-a_shape12-b_shape12]" time="3.821" /><testcase classname="tests.ops.test_binary_arith" name="test_binary_arith_broadcast[pow-PowOp-&lt;lambda&gt;-&lt;lambda&gt;-&lt;lambda&gt;-a_shape13-b_shape13]" time="3.871" /><testcase classname="tests.ops.test_binary_arith" name="test_binary_arith_broadcast[pow-PowOp-&lt;lambda&gt;-&lt;lambda&gt;-&lt;lambda&gt;-a_shape14-b_shape14]" time="3.801" /><testcase classname="tests.ops.test_binary_arith" name="test_binary_arith_broadcast[floor_divide-FloorDivideOp-&lt;lambda&gt;-&lt;lambda&gt;-&lt;lambda&gt;-a_shape15-b_shape15]" time="3.681" /><testcase classname="tests.ops.test_binary_arith" name="test_binary_arith_broadcast[floor_divide-FloorDivideOp-&lt;lambda&gt;-&lt;lambda&gt;-&lt;lambda&gt;-a_shape16-b_shape16]" time="3.682" /><testcase classname="tests.ops.test_binary_arith" name="test_binary_arith_broadcast[floor_divide-FloorDivideOp-&lt;lambda&gt;-&lt;lambda&gt;-&lt;lambda&gt;-a_shape17-b_shape17]" time="3.665" /><testcase classname="tests.ops.test_binary_arith" name="test_binary_arith_broadcast[lerp-LerpOp-&lt;lambda&gt;-&lt;lambda&gt;-&lt;lambda&gt;-a_shape18-b_shape18]" time="3.658" /><testcase classname="tests.ops.test_binary_arith" name="test_binary_arith_broadcast[lerp-LerpOp-&lt;lambda&gt;-&lt;lambda&gt;-&lt;lambda&gt;-a_shape19-b_shape19]" time="3.721" /><testcase classname="tests.ops.test_binary_arith" name="test_binary_arith_broadcast[lerp-LerpOp-&lt;lambda&gt;-&lt;lambda&gt;-&lt;lambda&gt;-a_shape20-b_shape20]" time="3.695" /><testcase classname="tests.ops.test_binary_arith" name="test_binary_arith_broadcast[maximum-MaximumOp-&lt;lambda&gt;-&lt;lambda&gt;-&lt;lambda&gt;-a_shape21-b_shape21]" time="3.757" /><testcase classname="tests.ops.test_binary_arith" name="test_binary_arith_broadcast[maximum-MaximumOp-&lt;lambda&gt;-&lt;lambda&gt;-&lt;lambda&gt;-a_shape22-b_shape22]" time="3.866" /><testcase classname="tests.ops.test_binary_arith" name="test_binary_arith_broadcast[maximum-MaximumOp-&lt;lambda&gt;-&lt;lambda&gt;-&lt;lambda&gt;-a_shape23-b_shape23]" time="4.011" /><testcase classname="tests.ops.test_binary_arith" name="test_binary_arith_broadcast[minimum-MinimumOp-&lt;lambda&gt;-&lt;lambda&gt;-&lt;lambda&gt;-a_shape24-b_shape24]" time="3.797" /><testcase classname="tests.ops.test_binary_arith" name="test_binary_arith_broadcast[minimum-MinimumOp-&lt;lambda&gt;-&lt;lambda&gt;-&lt;lambda&gt;-a_shape25-b_shape25]" time="3.774" /><testcase classname="tests.ops.test_binary_arith" name="test_binary_arith_broadcast[minimum-MinimumOp-&lt;lambda&gt;-&lt;lambda&gt;-&lt;lambda&gt;-a_shape26-b_shape26]" time="3.742" /><testcase classname="tests.ops.test_binary_arith" name="test_add_strategies[4096-dtype0-direct]" time="3.661" /><testcase classname="tests.ops.test_binary_arith" name="test_add_strategies[16384-dtype1-explicit_parallel]" time="0.022" /><testcase classname="tests.ops.test_binary_arith" name="test_sub_op[4096-dtype0]" time="3.677" /><testcase classname="tests.ops.test_binary_arith" name="test_sub_op[16384-dtype1]" time="3.718" /><testcase classname="tests.ops.test_binary_arith" name="test_sub_op[16384-dtype2]" time="3.672" /><testcase classname="tests.ops.test_binary_arith" name="test_mul_op[4096-dtype0]" time="3.673" /><testcase classname="tests.ops.test_binary_arith" name="test_mul_op[16384-dtype1]" time="3.660" /><testcase classname="tests.ops.test_binary_arith" name="test_mul_op[16384-dtype2]" time="3.675" /><testcase classname="tests.ops.test_binary_arith" name="test_div_op[4096-dtype0]" time="3.721" /><testcase classname="tests.ops.test_binary_arith" name="test_div_op[16384-dtype1]" time="3.726" /><testcase classname="tests.ops.test_binary_arith" name="test_div_op[16384-dtype2]" time="3.724" /><testcase classname="tests.ops.test_binary_arith" name="test_remainder_op[4096-dtype0]" time="3.729" /><testcase classname="tests.ops.test_binary_arith" name="test_remainder_op[16384-dtype1]" time="3.758" /><testcase classname="tests.ops.test_binary_arith" name="test_remainder_op[16384-dtype2]" time="3.696" /><testcase classname="tests.ops.test_binary_arith" name="test_pow_op[4096-dtype0]" time="3.837" /><testcase classname="tests.ops.test_binary_arith" name="test_pow_op[16384-dtype1]" time="3.805" /><testcase classname="tests.ops.test_binary_arith" name="test_pow_op[16384-dtype2]" time="3.735" /><testcase classname="tests.ops.test_binary_arith" name="test_floor_divide_op[4096-dtype0]" time="3.728" /><testcase classname="tests.ops.test_binary_arith" name="test_floor_divide_op[16384-dtype1]" time="3.741" /><testcase classname="tests.ops.test_binary_arith" name="test_floor_divide_op[16384-dtype2]" time="3.684" /><testcase classname="tests.ops.test_binary_arith" name="test_lerp_op[4096-dtype0]" time="18.213" /><testcase classname="tests.ops.test_binary_arith" name="test_lerp_op[16384-dtype1]" time="18.417" /><testcase classname="tests.ops.test_binary_arith" name="test_lerp_op[16384-dtype2]" time="18.260" /><testcase classname="tests.ops.test_binary_arith" name="test_maximum_op[4096-dtype0]" time="3.689" /><testcase classname="tests.ops.test_binary_arith" name="test_maximum_op[16384-dtype1]" time="3.693" /><testcase classname="tests.ops.test_binary_arith" name="test_maximum_op[16384-dtype2]" time="3.650" /><testcase classname="tests.ops.test_binary_arith" name="test_minimum_op[4096-dtype0]" time="3.690" /><testcase classname="tests.ops.test_binary_arith" name="test_minimum_op[16384-dtype1]" time="3.674" /><testcase classname="tests.ops.test_binary_arith" name="test_minimum_op[16384-dtype2]" time="3.669" /><testcase classname="tests.ops.test_binary_arith" name="test_maximum_nan_propagation[dtype0]" time="3.743" /><testcase classname="tests.ops.test_binary_arith" name="test_maximum_nan_propagation[dtype1]" time="3.779" /><testcase classname="tests.ops.test_binary_arith" name="test_minimum_nan_propagation[dtype0]" time="3.728" /><testcase classname="tests.ops.test_binary_arith" name="test_minimum_nan_propagation[dtype1]" time="3.762" /><testcase classname="tests.ops.test_binary_arith" name="test_binary_arith_edge_cases[DivOp-&lt;lambda&gt;-&lt;lambda&gt;]" time="3.591" /><testcase classname="tests.ops.test_binary_arith" name="test_binary_arith_edge_cases[RemainderOp-&lt;lambda&gt;-&lt;lambda&gt;]" time="3.623" /><testcase classname="tests.ops.test_binary_arith" name="test_binary_arith_edge_cases[FloorDivideOp-&lt;lambda&gt;-&lt;lambda&gt;]" time="3.605" /><testcase classname="tests.ops.test_binary_arith" name="test_binary_arith_edge_cases[PowOp-&lt;lambda&gt;-&lt;lambda&gt;]" time="3.654" /><testcase classname="tests.ops.test_binary_arith" name="test_binary_arith_edge_cases[MaximumOp-&lt;lambda&gt;-&lt;lambda&gt;]" time="3.627" /><testcase classname="tests.ops.test_binary_arith" name="test_float_only_binary_ops_reject_integer_dtype[DivOp-dtype0]" time="0.001" /><testcase classname="tests.ops.test_binary_arith" name="test_float_only_binary_ops_reject_integer_dtype[RemainderOp-dtype1]" time="0.001" /><testcase classname="tests.ops.test_binary_arith" name="test_float_only_binary_ops_reject_integer_dtype[PowOp-dtype2]" time="0.001" /><testcase classname="tests.ops.test_binary_arith" name="test_float_only_binary_ops_reject_integer_dtype[FloorDivideOp-dtype3]" time="0.001" /><testcase classname="tests.ops.test_binary_arith" name="test_float_only_binary_ops_reject_integer_dtype[LerpOp-dtype4]" time="0.001" /><testcase classname="tests.ops.test_binary_arith" name="test_float_only_binary_ops_reject_integer_dtype[MaximumOp-dtype5]" time="0.001" /><testcase classname="tests.ops.test_binary_arith" name="test_float_only_binary_ops_reject_integer_dtype[MinimumOp-dtype6]" time="0.001" /><testcase classname="tests.ops.test_binary_arith" name="test_binary_op_rejects_runtime_dtype_mismatch" time="0.011" /><testcase classname="tests.ops.test_bitwise" name="test_bitwise_and_op[4096]" time="3.598" /><testcase classname="tests.ops.test_bitwise" name="test_bitwise_and_op[16384]" time="3.586" /><testcase classname="tests.ops.test_bitwise" name="test_bitwise_or_op[4096]" time="3.555" /><testcase classname="tests.ops.test_bitwise" name="test_bitwise_or_op[16384]" time="3.580" /><testcase classname="tests.ops.test_bitwise" name="test_bitwise_xor_op[4096]" time="3.588" /><testcase classname="tests.ops.test_bitwise" name="test_bitwise_xor_op[16384]" time="3.580" /><testcase classname="tests.ops.test_bitwise" name="test_bitwise_broadcast[bitwise_and-BitwiseAndOp-bitwise_and-a_shape0-b_shape0]" time="3.584" /><testcase classname="tests.ops.test_bitwise" name="test_bitwise_broadcast[bitwise_and-BitwiseAndOp-bitwise_and-a_shape1-b_shape1]" time="3.584" /><testcase classname="tests.ops.test_bitwise" name="test_bitwise_broadcast[bitwise_and-BitwiseAndOp-bitwise_and-a_shape2-b_shape2]" time="3.569" /><testcase classname="tests.ops.test_bitwise" name="test_bitwise_broadcast[bitwise_or-BitwiseOrOp-bitwise_or-a_shape3-b_shape3]" time="3.574" /><testcase classname="tests.ops.test_bitwise" name="test_bitwise_broadcast[bitwise_or-BitwiseOrOp-bitwise_or-a_shape4-b_shape4]" time="3.580" /><testcase classname="tests.ops.test_bitwise" name="test_bitwise_broadcast[bitwise_or-BitwiseOrOp-bitwise_or-a_shape5-b_shape5]" time="3.554" /><testcase classname="tests.ops.test_bitwise" name="test_bitwise_broadcast[bitwise_xor-BitwiseXorOp-bitwise_xor-a_shape6-b_shape6]" time="3.564" /><testcase classname="tests.ops.test_bitwise" name="test_bitwise_broadcast[bitwise_xor-BitwiseXorOp-bitwise_xor-a_shape7-b_shape7]" time="3.694" /><testcase classname="tests.ops.test_bitwise" name="test_bitwise_broadcast[bitwise_xor-BitwiseXorOp-bitwise_xor-a_shape8-b_shape8]" time="3.698" /><testcase classname="tests.ops.test_bitwise" name="test_bitwise_not[1048576-dtype0]" time="3.748" /><testcase classname="tests.ops.test_bitwise" name="test_bitwise_not[1048576-dtype1]" time="3.599" /><testcase classname="tests.ops.test_bitwise" name="test_bitwise_not[1048576-dtype2]" time="3.609" /><testcase classname="tests.ops.test_bitwise" name="test_bitwise_not[1048576-dtype3]" time="3.599" /><testcase classname="tests.ops.test_bitwise" name="test_bitwise_not[1048576-dtype4]" time="3.596" /><testcase classname="tests.ops.test_bitwise" name="test_bitwise_not[1048576-dtype5]" time="3.611" /><testcase classname="tests.ops.test_bitwise" name="test_bitwise_not_rejects_float_dtype[dtype0]" time="0.001" /><testcase classname="tests.ops.test_bitwise" name="test_bitwise_not_rejects_float_dtype[dtype1]" time="0.001" /><testcase classname="tests.ops.test_bitwise" name="test_bitwise_not_rejects_float_dtype[dtype2]" time="0.001" /><testcase classname="tests.ops.test_bitwise" name="test_bitwise_binary_rejects_float_dtype[BitwiseAndOp-dtype0]" time="0.001" /><testcase classname="tests.ops.test_bitwise" name="test_bitwise_binary_rejects_float_dtype[BitwiseOrOp-dtype1]" time="0.001" /><testcase classname="tests.ops.test_bitwise" name="test_bitwise_binary_rejects_float_dtype[BitwiseXorOp-dtype2]" time="0.001" /><testcase classname="tests.ops.test_bitwise" name="test_bitwise_binary_rejects_float_dtype[BitwiseAndOp-dtype3]" time="0.001" /><testcase classname="tests.ops.test_bitwise" name="test_bitwise_binary_rejects_float_dtype[BitwiseAndOp-dtype4]" time="0.001" /><testcase classname="tests.ops.test_comparison" name="test_eq_op[4096-dtype0]" time="3.788" /><testcase classname="tests.ops.test_comparison" name="test_eq_op[16384-dtype1]" time="3.695" /><testcase classname="tests.ops.test_comparison" name="test_eq_op[16384-dtype2]" time="3.673" /><testcase classname="tests.ops.test_comparison" name="test_ne_op[4096-dtype0]" time="3.686" /><testcase classname="tests.ops.test_comparison" name="test_ne_op[16384-dtype1]" time="3.684" /><testcase classname="tests.ops.test_comparison" name="test_ne_op[16384-dtype2]" time="3.673" /><testcase classname="tests.ops.test_comparison" name="test_gt_op[4096-dtype0]" time="3.921" /><testcase classname="tests.ops.test_comparison" name="test_gt_op[16384-dtype1]" time="3.752" /><testcase classname="tests.ops.test_comparison" name="test_gt_op[16384-dtype2]" time="3.683" /><testcase classname="tests.ops.test_comparison" name="test_lt_op[4096-dtype0]" time="3.704" /><testcase classname="tests.ops.test_comparison" name="test_lt_op[16384-dtype1]" time="3.674" /><testcase classname="tests.ops.test_comparison" name="test_lt_op[16384-dtype2]" time="3.668" /><testcase classname="tests.ops.test_comparison" name="test_ge_op[4096-dtype0]" time="3.681" /><testcase classname="tests.ops.test_comparison" name="test_ge_op[16384-dtype1]" time="3.649" /><testcase classname="tests.ops.test_comparison" name="test_ge_op[16384-dtype2]" time="3.650" /><testcase classname="tests.ops.test_comparison" name="test_le_op[4096-dtype0]" time="3.660" /><testcase classname="tests.ops.test_comparison" name="test_le_op[16384-dtype1]" time="3.653" /><testcase classname="tests.ops.test_comparison" name="test_le_op[16384-dtype2]" time="3.658" /><testcase classname="tests.ops.test_comparison" name="test_comparison_broadcast[eq-EqOp-eq-a_shape0-b_shape0]" time="3.667" /><testcase classname="tests.ops.test_comparison" name="test_comparison_broadcast[eq-EqOp-eq-a_shape1-b_shape1]" time="3.650" /><testcase classname="tests.ops.test_comparison" name="test_comparison_broadcast[eq-EqOp-eq-a_shape2-b_shape2]" time="3.680" /><testcase classname="tests.ops.test_comparison" name="test_comparison_broadcast[ne-NeOp-ne-a_shape3-b_shape3]" time="3.667" /><testcase classname="tests.ops.test_comparison" name="test_comparison_broadcast[ne-NeOp-ne-a_shape4-b_shape4]" time="3.678" /><testcase classname="tests.ops.test_comparison" name="test_comparison_broadcast[ne-NeOp-ne-a_shape5-b_shape5]" time="3.677" /><testcase classname="tests.ops.test_comparison" name="test_comparison_broadcast[gt-GtOp-gt-a_shape6-b_shape6]" time="3.672" /><testcase classname="tests.ops.test_comparison" name="test_comparison_broadcast[gt-GtOp-gt-a_shape7-b_shape7]" time="3.649" /><testcase classname="tests.ops.test_comparison" name="test_comparison_broadcast[gt-GtOp-gt-a_shape8-b_shape8]" time="3.609" /><testcase classname="tests.ops.test_comparison" name="test_comparison_broadcast[lt-LtOp-lt-a_shape9-b_shape9]" time="3.763" /><testcase classname="tests.ops.test_comparison" name="test_comparison_broadcast[lt-LtOp-lt-a_shape10-b_shape10]" time="3.691" /><testcase classname="tests.ops.test_comparison" name="test_comparison_broadcast[lt-LtOp-lt-a_shape11-b_shape11]" time="3.717" /><testcase classname="tests.ops.test_comparison" name="test_comparison_broadcast[ge-GeOp-ge-a_shape12-b_shape12]" time="3.715" /><testcase classname="tests.ops.test_comparison" name="test_comparison_broadcast[ge-GeOp-ge-a_shape13-b_shape13]" time="3.681" /><testcase classname="tests.ops.test_comparison" name="test_comparison_broadcast[ge-GeOp-ge-a_shape14-b_shape14]" time="3.717" /><testcase classname="tests.ops.test_comparison" name="test_comparison_broadcast[le-LeOp-le-a_shape15-b_shape15]" time="3.716" /><testcase classname="tests.ops.test_comparison" name="test_comparison_broadcast[le-LeOp-le-a_shape16-b_shape16]" time="3.688" /><testcase classname="tests.ops.test_comparison" name="test_comparison_broadcast[le-LeOp-le-a_shape17-b_shape17]" time="3.725" /><testcase classname="tests.ops.test_comparison" name="test_eq_edge_case[4096-dtype0]" time="3.655" /><testcase classname="tests.ops.test_comparison" name="test_comparison_rejects_integer_dtype[EqOp-dtype0]" time="0.001" /><testcase classname="tests.ops.test_comparison" name="test_comparison_rejects_integer_dtype[NeOp-dtype1]" time="0.001" /><testcase classname="tests.ops.test_comparison" name="test_comparison_rejects_integer_dtype[GtOp-dtype2]" time="0.001" /><testcase classname="tests.ops.test_comparison" name="test_comparison_rejects_integer_dtype[LtOp-dtype3]" time="0.001" /><testcase classname="tests.ops.test_comparison" name="test_comparison_rejects_integer_dtype[GeOp-dtype4]" time="0.001" /><testcase classname="tests.ops.test_comparison" name="test_comparison_rejects_integer_dtype[LeOp-dtype5]" time="0.001" /><testcase classname="tests.ops.test_comparison" name="test_comparison_rejects_integer_dtype[EqOp-dtype6]" time="0.001" /><testcase classname="tests.ops.test_cumulative" name="test_cumsum_op[128-512-dtype0]" time="4.518" /><testcase classname="tests.ops.test_cumulative" name="test_cumsum_op[128-512-dtype1]" time="4.459" /><testcase classname="tests.ops.test_cumulative" name="test_cumsum_op[128-512-dtype2]" time="4.413" /><testcase classname="tests.ops.test_cumulative" name="test_cumsum_op[256-4096-dtype3]" time="4.582" /><testcase classname="tests.ops.test_cumulative" name="test_cumsum_op[256-4096-dtype4]" time="4.582" /><testcase classname="tests.ops.test_cumulative" name="test_cumsum_op[128-300-dtype5]" time="0.102" /><testcase classname="tests.ops.test_cumulative" name="test_cumsum_op[128-300-dtype6]" time="0.100" /><testcase classname="tests.ops.test_cumulative" name="test_cumsum_op[129-512-dtype7]" time="4.351" /><testcase classname="tests.ops.test_cumulative" name="test_cumsum_non_contiguous[128-512-dtype0]" time="0.061" /><testcase classname="tests.ops.test_cumulative" name="test_cumsum_non_contiguous[128-512-dtype1]" time="0.060" /><testcase classname="tests.ops.test_cumulative" name="test_cumsum_3d[2-64-512-dtype0]" time="0.059" /><testcase classname="tests.ops.test_cumulative" name="test_cumsum_3d[2-64-512-dtype1]" time="0.059" /><testcase classname="tests.ops.test_cumulative" name="test_cumsum_4d[2-4-8-512-dtype0]" time="4.369" /><testcase classname="tests.ops.test_cumulative" name="test_cumsum_4d[2-4-8-512-dtype1]" time="4.368" /><testcase classname="tests.ops.test_cumulative" name="test_cumsum_1d[512-dtype0]" time="4.354" /><testcase classname="tests.ops.test_cumulative" name="test_cumsum_1d[512-dtype1]" time="4.316" /><testcase classname="tests.ops.test_cumulative" name="test_cumsum_1d[512-dtype2]" time="4.360" /><testcase classname="tests.ops.test_cumulative" name="test_cumprod_op[128-512-dtype0]" time="4.383" /><testcase classname="tests.ops.test_cumulative" name="test_cumprod_op[128-512-dtype1]" time="4.350" /><testcase classname="tests.ops.test_cumulative" name="test_cumprod_op[128-512-dtype2]" time="4.419" /><testcase classname="tests.ops.test_cumulative" name="test_cumprod_op[256-4096-dtype3]" time="4.543" /><testcase classname="tests.ops.test_cumulative" name="test_cumprod_op[256-4096-dtype4]" time="4.530" /><testcase classname="tests.ops.test_cumulative" name="test_cumprod_op[128-300-dtype5]" time="0.062" /><testcase classname="tests.ops.test_cumulative" name="test_cumprod_op[128-300-dtype6]" time="0.060" /><testcase classname="tests.ops.test_cumulative" name="test_cumprod_op[129-512-dtype7]" time="4.372" /><testcase classname="tests.ops.test_cumulative" name="test_cumprod_non_contiguous[128-512-dtype0]" time="0.061" /><testcase classname="tests.ops.test_cumulative" name="test_cumprod_non_contiguous[128-512-dtype1]" time="0.060" /><testcase classname="tests.ops.test_cumulative" name="test_cumprod_3d[2-64-512-dtype0]" time="0.059" /><testcase classname="tests.ops.test_cumulative" name="test_cumprod_3d[2-64-512-dtype1]" time="0.059" /><testcase classname="tests.ops.test_cumulative" name="test_cumprod_4d[2-4-8-512-dtype0]" time="4.409" /><testcase classname="tests.ops.test_cumulative" name="test_cumprod_4d[2-4-8-512-dtype1]" time="4.334" /><testcase classname="tests.ops.test_cumulative" name="test_cumprod_1d[512-dtype0]" time="4.346" /><testcase classname="tests.ops.test_cumulative" name="test_cumprod_1d[512-dtype1]" time="4.324" /><testcase classname="tests.ops.test_cumulative" name="test_cumprod_1d[512-dtype2]" time="4.308" /><testcase classname="tests.ops.test_deepseek_dsa_decode" name="test_sparse_mla_decode[1-128-1024-2048-512-64-2048-1-1-1024-None-dtype0-False]" time="11.773" /><testcase classname="tests.ops.test_deepseek_mla_decode" name="test_mla_decode[32-128-1-8192-512-64-dtype0-False]" time="13.320" /><testcase classname="tests.ops.test_deepseek_nsa_cmp_fwd" name="test_nsa_cmp_fwd_varlen_op[9-8192-32-128-128-16-0.08838834764831845-32-32-128-128-dtype0-accum_dtype0-False]" time="8.748" /><testcase classname="tests.ops.test_deepseek_nsa_fwd" name="test_nsa_varlen_op[1-16-1024-64-True-0.1-32-16-1-dtype0-accum_dtype0-False]" time="10.392" /><testcase classname="tests.ops.test_deepseek_nsa_fwd" name="test_nsa_varlen_op[4-16-8192-64-True-0.1-32-16-1-dtype1-accum_dtype1-False]" time="13.270" /><testcase classname="tests.ops.test_deepseek_nsa_fwd" name="test_nsa_varlen_op[2-16-8192-64-True-0.1-32-16-4-dtype2-accum_dtype2-False]" time="14.094" /><testcase classname="tests.ops.test_deepseek_nsa_topk" name="test_nsa_topk_varlen_op[5-1024-32-128-16-1-16-32-32-128-dtype0-accum_dtype0-False]" time="13.909" /><testcase classname="tests.ops.test_deepseek_nsa_topk" name="test_nsa_topk_varlen_op[3-512-32-128-16-1-16-32-32-128-dtype1-accum_dtype1-False]" time="12.852" /><testcase classname="tests.ops.test_engram_bwd" name="test_engram_gate_conv_bwd[1-32-256-dtype0-False]" time="6.751" /><testcase classname="tests.ops.test_engram_bwd" name="test_engram_gate_conv_bwd[2-64-512-dtype1-False]" time="7.494" /><testcase classname="tests.ops.test_engram_bwd" name="test_engram_gate_conv_bwd[1-128-256-dtype2-False]" time="7.575" /><testcase classname="tests.ops.test_engram_bwd" name="test_engram_gate_conv_bwd[2-16-256-dtype3-False]" time="7.427" /><testcase classname="tests.ops.test_engram_decode" name="test_engram_decode[1-512-256-12-4-3-dtype0-False]" time="6.688" /><testcase classname="tests.ops.test_engram_decode" name="test_engram_decode[4-1024-512-20-4-5-dtype1-False]" time="7.579" /><testcase classname="tests.ops.test_engram_decode" name="test_engram_decode[1-256-256-9-4-3-dtype2-False]" time="6.720" /><testcase classname="tests.ops.test_engram_decode" name="test_engram_decode[8-512-256-18-4-3-dtype3-False]" time="6.636" /><testcase classname="tests.ops.test_engram_decode" name="test_engram_decode_multi_step" time="9.828" /><testcase classname="tests.ops.test_engram_fwd" name="test_engram_gate_conv_fwd[1-32-256-dtype0-False]" time="5.381" /><testcase classname="tests.ops.test_engram_fwd" name="test_engram_gate_conv_fwd[2-64-512-dtype1-False]" time="5.249" /><testcase classname="tests.ops.test_engram_fwd" name="test_engram_gate_conv_fwd[1-128-256-dtype2-False]" time="5.380" /><testcase classname="tests.ops.test_engram_fwd" name="test_engram_gate_conv_fwd[2-16-256-dtype3-False]" time="5.165" /><testcase classname="tests.ops.test_fft" name="test_fft_c2c[64-dtype0-False]" time="6.201" /><testcase classname="tests.ops.test_fft" name="test_fft_c2c[128-dtype1-False]" time="6.036" /><testcase classname="tests.ops.test_fft" name="test_fft_c2c[256-dtype2-False]" time="6.512" /><testcase classname="tests.ops.test_fft" name="test_fft_c2c[512-dtype3-False]" time="5.712" /><testcase classname="tests.ops.test_fft" name="test_fft_c2c[1024-dtype4-False]" time="5.930" /><testcase classname="tests.ops.test_fft" name="test_fft_c2c[64-dtype5-False]" time="5.942" /><testcase classname="tests.ops.test_fft" name="test_fft_c2c[128-dtype6-False]" time="6.299" /><testcase classname="tests.ops.test_fft_lut" name="test_fft_c2c_lut[64-dtype0-False]" time="7.733" /><testcase classname="tests.ops.test_fft_lut" name="test_fft_c2c_lut[128-dtype1-False]" time="7.269" /><testcase classname="tests.ops.test_fft_lut" name="test_fft_c2c_lut[256-dtype2-False]" time="7.599" /><testcase classname="tests.ops.test_fft_lut" name="test_fft_c2c_lut[512-dtype3-False]" time="7.089" /><testcase classname="tests.ops.test_fft_lut" name="test_fft_c2c_lut[1024-dtype4-False]" time="6.640" /><testcase classname="tests.ops.test_fft_lut" name="test_fft_c2c_lut[64-dtype5-False]" time="7.164" /><testcase classname="tests.ops.test_fft_lut" name="test_fft_c2c_lut[128-dtype6-False]" time="6.796" /><testcase classname="tests.ops.test_fp8_lighting_indexer" name="test_indexer[1-4096-32-64-8192-1-True-None-False]" time="9.764" /><testcase classname="tests.ops.test_fp8_quant" name="test_fp8_quant_op[1-8192-1-64-in_dtype0-False]" time="4.352" /><testcase classname="tests.ops.test_fp8_quant" name="test_fp8_quant_op[1-8192-1-64-in_dtype1-False]" time="4.314" /><testcase classname="tests.ops.test_fp8_quant" name="test_fp8_quant_op[1-4096-1-128-in_dtype2-False]" time="4.383" /><testcase classname="tests.ops.test_fp8_quant" name="test_fp8_quant_op[1-16384-1-32-in_dtype3-False]" time="4.260" /><testcase classname="tests.ops.test_fp8_quant" name="test_fp8_quant_op[1-1024-4-64-in_dtype4-False]" time="4.295" /><testcase classname="tests.ops.test_fused_add_layer_norm" name="test_fused_add_layer_norm_op[1024-4096-dtype0-False]" time="5.769" /><testcase classname="tests.ops.test_fused_add_layer_norm" name="test_fused_add_layer_norm_op[4096-4096-dtype1-False]" time="5.730" /><testcase classname="tests.ops.test_fused_add_layer_norm" name="test_fused_add_layer_norm_op[1024-4096-dtype2-False]" time="6.043" /><testcase classname="tests.ops.test_fused_add_layer_norm" name="test_fused_add_layer_norm_op[4096-4096-dtype3-False]" time="6.040" /><testcase classname="tests.ops.test_fused_add_layer_norm" name="test_fused_add_layer_norm_op[1024-4096-dtype4-False]" time="5.865" /><testcase classname="tests.ops.test_fused_add_layer_norm" name="test_fused_add_layer_norm_op[4096-4096-dtype5-False]" time="6.072" /><testcase classname="tests.ops.test_fused_add_layer_norm" name="test_fused_add_layer_norm_op[1024-3000-dtype6-False]" time="6.055" /><testcase classname="tests.ops.test_fused_add_layer_norm" name="test_fused_add_layer_norm_op[1024-3000-dtype7-False]" time="6.302" /><testcase classname="tests.ops.test_fused_add_layer_norm" name="test_fused_add_layer_norm_op[1024-3000-dtype8-False]" time="6.299" /><testcase classname="tests.ops.test_fused_add_layer_norm" name="test_fused_add_layer_norm_op[1025-4096-dtype9-False]" time="5.988" /><testcase classname="tests.ops.test_fused_add_layer_norm" name="test_fused_add_layer_norm_op[1025-4096-dtype10-False]" time="6.050" /><testcase classname="tests.ops.test_fused_add_layer_norm" name="test_fused_add_layer_norm_non_contiguous[1024-4096-dtype0]" time="0.135" /><testcase classname="tests.ops.test_fused_add_layer_norm" name="test_fused_add_layer_norm_non_contiguous[1024-4096-dtype1]" time="0.131" /><testcase classname="tests.ops.test_fused_add_layer_norm" name="test_fused_add_layer_norm_non_contiguous[1024-4096-dtype2]" time="0.130" /><testcase classname="tests.ops.test_fused_add_layer_norm" name="test_fused_add_layer_norm_3d[2-512-4096-dtype0]" time="0.130" /><testcase classname="tests.ops.test_fused_add_layer_norm" name="test_fused_add_layer_norm_3d[2-512-4096-dtype1]" time="0.131" /><testcase classname="tests.ops.test_fused_add_layer_norm" name="test_fused_add_layer_norm_3d[2-512-4096-dtype2]" time="0.130" /><testcase classname="tests.ops.test_fused_add_rmsnorm" name="test_fused_add_rmsnorm_op[1024-4096-dtype0-False]" time="5.230" /><testcase classname="tests.ops.test_fused_add_rmsnorm" name="test_fused_add_rmsnorm_op[4096-4096-dtype1-False]" time="5.357" /><testcase classname="tests.ops.test_fused_add_rmsnorm" name="test_fused_add_rmsnorm_op[1024-4096-dtype2-False]" time="5.578" /><testcase classname="tests.ops.test_fused_add_rmsnorm" name="test_fused_add_rmsnorm_op[4096-4096-dtype3-False]" time="5.337" /><testcase classname="tests.ops.test_fused_add_rmsnorm" name="test_fused_add_rmsnorm_op[1024-3000-dtype4-False]" time="5.680" /><testcase classname="tests.ops.test_fused_add_rmsnorm" name="test_fused_add_rmsnorm_op[1024-3000-dtype5-False]" time="5.573" /><testcase classname="tests.ops.test_fused_add_rmsnorm" name="test_fused_add_rmsnorm_op[2048-5120-dtype6-False]" time="5.586" /><testcase classname="tests.ops.test_fused_add_rmsnorm" name="test_fused_add_rmsnorm_op[2048-5120-dtype7-False]" time="5.564" /><testcase classname="tests.ops.test_fused_add_rmsnorm" name="test_fused_add_rmsnorm_op[1025-4096-dtype8-False]" time="5.280" /><testcase classname="tests.ops.test_fused_add_rmsnorm" name="test_fused_add_rmsnorm_op[1025-4096-dtype9-False]" time="5.392" /><testcase classname="tests.ops.test_fused_add_rmsnorm" name="test_fused_add_rmsnorm_non_contiguous[1024-4096-dtype0]" time="0.099" /><testcase classname="tests.ops.test_fused_add_rmsnorm" name="test_fused_add_rmsnorm_non_contiguous[1024-4096-dtype1]" time="0.096" /><testcase classname="tests.ops.test_fused_add_rmsnorm" name="test_fused_add_rmsnorm_3d[2-512-4096-dtype0]" time="0.095" /><testcase classname="tests.ops.test_fused_add_rmsnorm" name="test_fused_add_rmsnorm_3d[2-512-4096-dtype1]" time="0.105" /><testcase classname="tests.ops.test_fused_gated" name="test_silu_and_mul_op[1024-1024-dtype0]" time="3.868" /><testcase classname="tests.ops.test_fused_gated" name="test_silu_and_mul_op[1024-1024-dtype1]" time="3.881" /><testcase classname="tests.ops.test_fused_gated" name="test_silu_and_mul_op[1024-1024-dtype2]" time="3.791" /><testcase classname="tests.ops.test_fused_gated" name="test_silu_and_mul_op[2048-2048-dtype3]" time="3.897" /><testcase classname="tests.ops.test_fused_gated" name="test_silu_and_mul_op[2048-2048-dtype4]" time="3.844" /><testcase classname="tests.ops.test_fused_gated" name="test_gelu_and_mul_op[1024-1024-dtype0]" time="3.828" /><testcase classname="tests.ops.test_fused_gated" name="test_gelu_and_mul_op[1024-1024-dtype1]" time="3.828" /><testcase classname="tests.ops.test_fused_gated" name="test_gelu_and_mul_op[1024-1024-dtype2]" time="3.820" /><testcase classname="tests.ops.test_fused_gated" name="test_gelu_and_mul_op[2048-2048-dtype3]" time="3.860" /><testcase classname="tests.ops.test_fused_gated" name="test_gelu_tanh_and_mul_op[1024-1024-dtype0]" time="3.827" /><testcase classname="tests.ops.test_fused_gated" name="test_gelu_tanh_and_mul_op[1024-1024-dtype1]" time="3.848" /><testcase classname="tests.ops.test_fused_gated" name="test_gelu_tanh_and_mul_op[1024-1024-dtype2]" time="3.796" /><testcase classname="tests.ops.test_fused_gated" name="test_gelu_tanh_and_mul_op[2048-2048-dtype3]" time="3.858" /><testcase classname="tests.ops.test_fused_gated" name="test_fused_gated_rejects_integer_dtype" time="0.001" /><testcase classname="tests.ops.test_fused_gated" name="test_fused_gated_rejects_runtime_dtype_mismatch" time="0.010" /><testcase classname="tests.ops.test_gated_deltanet_bwd" name="test_gated_deltanet_bwd[2-64-2-64-64-32-dtype0-False]" time="62.661" /><testcase classname="tests.ops.test_gated_deltanet_bwd" name="test_gated_deltanet_bwd[1-128-4-64-64-32-dtype1-False]" time="64.799" /><testcase classname="tests.ops.test_gated_deltanet_bwd" name="test_gated_deltanet_bwd[2-64-2-64-64-32-dtype2-False]" time="55.519" /><testcase classname="tests.ops.test_gated_deltanet_bwd" name="test_gated_deltanet_bwd[1-128-4-64-64-32-dtype3-False]" time="54.812" /><testcase classname="tests.ops.test_gated_deltanet_bwd" name="test_gated_deltanet_bwd[2-64-2-64-64-32-dtype4-False]" time="53.941" /><testcase classname="tests.ops.test_gated_deltanet_bwd" name="test_gated_deltanet_bwd[1-128-4-64-64-32-dtype5-False]" time="54.111" /><testcase classname="tests.ops.test_gated_deltanet_decode" name="test_gated_deltanet_decode[1-4-64-64-dtype0-False]" time="4.704" /><testcase classname="tests.ops.test_gated_deltanet_decode" name="test_gated_deltanet_decode[2-8-64-64-dtype1-False]" time="4.701" /><testcase classname="tests.ops.test_gated_deltanet_decode" name="test_gated_deltanet_decode[2-4-128-128-dtype2-False]" time="4.638" /><testcase classname="tests.ops.test_gated_deltanet_decode" name="test_gated_deltanet_decode[1-4-64-64-dtype3-False]" time="5.135" /><testcase classname="tests.ops.test_gated_deltanet_decode" name="test_gated_deltanet_decode[2-8-64-64-dtype4-False]" time="5.126" /><testcase classname="tests.ops.test_gated_deltanet_decode" name="test_gated_deltanet_decode[1-4-64-64-dtype5-False]" time="5.092" /><testcase classname="tests.ops.test_gated_deltanet_decode" name="test_gated_deltanet_decode[2-8-64-64-dtype6-False]" time="5.144" /><testcase classname="tests.ops.test_gated_deltanet_decode" name="test_gated_deltanet_decode_multi_step[1-4-64-64-dtype0-False]" time="0.067" /><testcase classname="tests.ops.test_gated_deltanet_decode" name="test_gated_deltanet_decode_multi_step[2-8-64-64-dtype1-False]" time="0.064" /><testcase classname="tests.ops.test_gated_deltanet_decode" name="test_gated_deltanet_decode_multi_step[2-4-128-128-dtype2-False]" time="0.063" /><testcase classname="tests.ops.test_gated_deltanet_decode" name="test_gated_deltanet_decode_multi_step[1-4-64-64-dtype3-False]" time="0.083" /><testcase classname="tests.ops.test_gated_deltanet_decode" name="test_gated_deltanet_decode_multi_step[2-8-64-64-dtype4-False]" time="0.088" /><testcase classname="tests.ops.test_gated_deltanet_decode" name="test_gated_deltanet_decode_multi_step[1-4-64-64-dtype5-False]" time="0.086" /><testcase classname="tests.ops.test_gated_deltanet_decode" name="test_gated_deltanet_decode_multi_step[2-8-64-64-dtype6-False]" time="0.083" /><testcase classname="tests.ops.test_gated_deltanet_fwd" name="test_gated_deltanet_fwd[2-64-2-64-64-32-dtype0-False]" time="0.538" /><testcase classname="tests.ops.test_gated_deltanet_fwd" name="test_gated_deltanet_fwd[1-128-4-64-64-32-dtype1-False]" time="0.267" /><testcase classname="tests.ops.test_gated_deltanet_fwd" name="test_gated_deltanet_fwd[2-64-2-64-64-32-dtype2-False]" time="0.261" /><testcase classname="tests.ops.test_gated_deltanet_fwd" name="test_gated_deltanet_fwd[1-128-4-64-64-32-dtype3-False]" time="0.264" /><testcase classname="tests.ops.test_gated_deltanet_fwd" name="test_gated_deltanet_fwd[2-64-2-64-64-32-dtype4-False]" time="0.271" /><testcase classname="tests.ops.test_gated_deltanet_fwd" name="test_gated_deltanet_fwd[1-128-4-64-64-32-dtype5-False]" time="0.264" /><testcase classname="tests.ops.test_gated_deltanet_fwd" name="test_gated_deltanet_fwd[2-8192-4-64-64-64-dtype6-False]" time="19.093" /><testcase classname="tests.ops.test_gated_deltanet_fwd" name="test_gated_deltanet_fwd[2-16384-4-64-64-64-dtype7-False]" time="19.605" /><testcase classname="tests.ops.test_gemm" name="test_gemm[smoke-fp16-square]" time="4.930" /><testcase classname="tests.ops.test_gemm" name="test_gemm[full-fp16-trans-b-small-m]" time="4.191" /><testcase classname="tests.ops.test_gemm" name="test_gemm[full-fp16-tuned-wide]" time="4.100" /><testcase classname="tests.ops.test_gemm" name="test_gemm[full-fp16-tuned-wide-alt]" time="4.098" /><testcase classname="tests.ops.test_gemm" name="test_gemm[full-fp16-thin-n]" time="0.042" /><testcase classname="tests.ops.test_gemm" name="test_gemm[full-fp16-tuned-thin-n]" time="4.094" /><testcase classname="tests.ops.test_gemm" name="test_gemm[full-fp16-tuned-thin-n-alt]" time="0.052" /><testcase classname="tests.ops.test_gemm" name="test_gemm[full-bf16-trans-b-small-m]" time="4.312" /><testcase classname="tests.ops.test_gemm" name="test_gemm[full-bf16-tuned-wide]" time="3.969" /><testcase classname="tests.ops.test_gemm" name="test_gemm[full-bf16-tuned-wide-alt]" time="3.818" /><testcase classname="tests.ops.test_gemm" name="test_gemm[full-bf16-thin-n]" time="0.040" /><testcase classname="tests.ops.test_gemm" name="test_gemm[full-bf16-tuned-thin-n]" time="0.039" /><testcase classname="tests.ops.test_gemm" name="test_gemm[full-bf16-tuned-thin-n-alt]" time="0.038" /><testcase classname="tests.ops.test_gemm" name="test_gemv_boundary_lhs_row[3000-1024-dtype0-False]" time="3.834" /><testcase classname="tests.ops.test_gemm" name="test_gemv_boundary_lhs_row[3000-1024-dtype1-False]" time="3.873" /><testcase classname="tests.ops.test_gemm" name="test_gemv_boundary_lhs_row[1024-3000-dtype2-False]" time="4.012" /><testcase classname="tests.ops.test_gemm" name="test_gemv_boundary_lhs_row[3000-1024-dtype3-False]" time="0.039" /><testcase classname="tests.ops.test_gemm" name="test_gemv_boundary_rhs_col[3000-1024-dtype0-False]" time="0.038" /><testcase classname="tests.ops.test_gemm" name="test_gemv_boundary_rhs_col[3000-1024-dtype1-False]" time="0.038" /><testcase classname="tests.ops.test_gemm" name="test_gemv_boundary_rhs_col[1024-3000-dtype2-False]" time="0.037" /><testcase classname="tests.ops.test_gemm" name="test_gemv_boundary_rhs_col[3000-1024-dtype3-False]" time="0.038" /><testcase classname="tests.ops.test_gqa" name="test_gqa_fwd[1-1024-8-4-64-False-dtype0-False]" time="6.365" /><testcase classname="tests.ops.test_gqa" name="test_gqa_fwd[4-2048-64-4-128-False-dtype1-False]" time="6.516" /><testcase classname="tests.ops.test_gqa" name="test_gqa_fwd[4-2048-64-4-128-False-dtype2-False]" time="6.536" /><testcase classname="tests.ops.test_gqa" name="test_gqa_bwd[1-1024-8-4-64-False-dtype0-False]" time="15.264" /><testcase classname="tests.ops.test_gqa" name="test_gqa_bwd[4-2048-64-4-128-False-dtype1-False]" time="15.105" /><testcase classname="tests.ops.test_gqa" name="test_gqa_bwd[4-2048-64-4-128-False-dtype2-False]" time="14.478" /><testcase classname="tests.ops.test_gqa_decode" name="test_gqa_decode[1-32-8-8192-128-dtype0-False]" time="7.931" /><testcase classname="tests.ops.test_gqa_decode" name="test_gqa_decode[4-32-4-4096-128-dtype1-False]" time="8.000" /><testcase classname="tests.ops.test_gqa_decode" name="test_gqa_decode[8-64-16-8192-128-dtype2-False]" time="7.648" /><testcase classname="tests.ops.test_gqa_decode_paged" name="test_gqa_decode_paged_op[1-16-8-512-128-128-dtype0-False]" time="9.639" /><testcase classname="tests.ops.test_gqa_decode_paged" name="test_gqa_decode_paged_op[2-8-4-1024-64-256-dtype1-False]" time="9.615" /><testcase classname="tests.ops.test_gqa_decode_paged" name="test_gqa_decode_paged_op[1-32-8-256-128-64-dtype2-False]" time="9.318" /><testcase classname="tests.ops.test_gqa_decode_paged" name="test_gqa_decode_paged_op[1-8-4-1024-64-256-dtype3-False]" time="9.637" /><testcase classname="tests.ops.test_gqa_decode_paged" name="test_gqa_decode_paged_op[2-16-8-512-128-128-dtype4-False]" time="9.632" /><testcase classname="tests.ops.test_gqa_decode_paged" name="test_gqa_decode_paged_op[1-16-4-2048-128-512-dtype5-False]" time="9.880" /><testcase classname="tests.ops.test_gqa_decode_paged" name="test_gqa_decode_paged_op[1-32-16-512-64-128-dtype6-False]" time="9.336" /><testcase classname="tests.ops.test_gqa_sliding_window_fwd" name="test_gqa_sliding_window_fwd_op[2-512-8-2-64-True--1--1-dtype0-False]" time="6.387" /><testcase classname="tests.ops.test_gqa_sliding_window_fwd" name="test_gqa_sliding_window_fwd_op[2-512-8-2-64-True-128--1-dtype1-False]" time="6.426" /><testcase classname="tests.ops.test_gqa_sliding_window_fwd" name="test_gqa_sliding_window_fwd_op[2-512-8-2-64-False--1--1-dtype2-False]" time="6.085" /><testcase classname="tests.ops.test_gqa_sliding_window_fwd" name="test_gqa_sliding_window_fwd_op[2-512-8-2-64-False-64-64-dtype3-False]" time="6.417" /><testcase classname="tests.ops.test_gqa_sliding_window_fwd" name="test_gqa_sliding_window_fwd_op[2-128-8-1-128-True-1--1-dtype4-False]" time="6.189" /><testcase classname="tests.ops.test_gqa_sliding_window_fwd" name="test_gqa_sliding_window_fwd_op[2-512-8-2-64-True--1--1-dtype5-False]" time="6.407" /><testcase classname="tests.ops.test_gqa_sliding_window_fwd" name="test_gqa_sliding_window_fwd_op[2-512-8-2-64-False-64-64-dtype6-False]" time="6.411" /><testcase classname="tests.ops.test_gqa_sliding_window_fwd" name="test_gqa_sliding_window_fwd_op[2-512-8-8-64-True--1--1-dtype7-False]" time="6.545" /><testcase classname="tests.ops.test_gqa_sliding_window_fwd" name="test_gqa_sliding_window_fwd_op[2-512-16-1-64-True--1--1-dtype8-False]" time="6.516" /><testcase classname="tests.ops.test_gqa_sliding_window_fwd" name="test_gqa_sliding_window_fwd_op[2-384-8-2-64-True--1--1-dtype9-False]" time="6.454" /><testcase classname="tests.ops.test_gqa_sliding_window_fwd" name="test_gqa_sliding_window_fwd_op[2-768-8-2-64-False-256--1-dtype10-False]" time="6.231" /><testcase classname="tests.ops.test_gqa_sliding_window_fwd" name="test_gqa_sliding_window_fwd_op[1-2048-8-2-64-True-512--1-dtype11-False]" time="6.396" /><testcase classname="tests.ops.test_gqa_sliding_window_fwd" name="test_gqa_sliding_window_fwd_op[2-512-8-2-64-False--1-64-dtype12-False]" time="6.392" /><testcase classname="tests.ops.test_gqa_sliding_window_fwd" name="test_gqa_sliding_window_fwd_op[2-256-8-2-64-True-0--1-dtype13-False]" time="6.202" /><testcase classname="tests.ops.test_gqa_sliding_window_fwd.TestGqaSlidingWindowFwdOpMetrics" name="test_total_flops_causal_wl0" time="0.078" /><testcase classname="tests.ops.test_gqa_sliding_window_fwd.TestGqaSlidingWindowFwdOpMetrics" name="test_total_flops_causal_finite_window" time="0.077" /><testcase classname="tests.ops.test_gqa_sliding_window_fwd.TestGqaSlidingWindowFwdOpMetrics" name="test_total_memory_gqa" time="0.077" /><testcase classname="tests.ops.test_gqa_sliding_window_fwd.TestGqaSlidingWindowFwdOpValidation" name="test_invalid_window_size_left_raises" time="0.001" /><testcase classname="tests.ops.test_gqa_sliding_window_fwd.TestGqaSlidingWindowFwdOpValidation" name="test_invalid_window_size_right_raises" time="0.001" /><testcase classname="tests.ops.test_gqa_sliding_window_fwd.TestGqaSlidingWindowFwdOpValidation" name="test_dtype_mismatch_raises" time="0.078" /><testcase classname="tests.ops.test_gqa_sliding_window_fwd.TestGqaSlidingWindowFwdOpValidation" name="test_cpu_tensor_raises" time="0.002" /><testcase classname="tests.ops.test_gqa_sliding_window_varlen_fwd" name="test_gqa_sliding_window_varlen_fwd_op[2-seqlens_q0-seqlens_k0-8-2-64-True--1--1-dtype0-False]" time="6.442" /><testcase classname="tests.ops.test_gqa_sliding_window_varlen_fwd" name="test_gqa_sliding_window_varlen_fwd_op[2-seqlens_q1-seqlens_k1-8-2-64-True-128--1-dtype1-False]" time="6.732" /><testcase classname="tests.ops.test_gqa_sliding_window_varlen_fwd" name="test_gqa_sliding_window_varlen_fwd_op[2-seqlens_q2-seqlens_k2-8-2-64-False--1--1-dtype2-False]" time="6.360" /><testcase classname="tests.ops.test_gqa_sliding_window_varlen_fwd" name="test_gqa_sliding_window_varlen_fwd_op[2-seqlens_q3-seqlens_k3-8-2-64-False-64-64-dtype3-False]" time="6.710" /><testcase classname="tests.ops.test_gqa_sliding_window_varlen_fwd" name="test_gqa_sliding_window_varlen_fwd_op[2-seqlens_q4-seqlens_k4-8-2-64-True--1--1-dtype4-False]" time="6.568" /><testcase classname="tests.ops.test_gqa_sliding_window_varlen_fwd" name="test_gqa_sliding_window_varlen_fwd_op[2-seqlens_q5-seqlens_k5-8-2-64-True-128--1-dtype5-False]" time="6.958" /><testcase classname="tests.ops.test_gqa_sliding_window_varlen_fwd" name="test_gqa_sliding_window_varlen_fwd_op[2-seqlens_q6-seqlens_k6-8-2-64-False-64-64-dtype6-False]" time="6.738" /><testcase classname="tests.ops.test_gqa_sliding_window_varlen_fwd" name="test_gqa_sliding_window_varlen_fwd_op[2-seqlens_q7-seqlens_k7-8-2-64-True--1--1-dtype7-False]" time="6.450" /><testcase classname="tests.ops.test_gqa_sliding_window_varlen_fwd" name="test_gqa_sliding_window_varlen_fwd_op[2-seqlens_q8-seqlens_k8-8-2-64-False-64-64-dtype8-False]" time="6.840" /><testcase classname="tests.ops.test_gqa_sliding_window_varlen_fwd" name="test_gqa_sliding_window_varlen_fwd_op[2-seqlens_q9-seqlens_k9-8-8-64-True--1--1-dtype9-False]" time="6.551" /><testcase classname="tests.ops.test_gqa_sliding_window_varlen_fwd" name="test_gqa_sliding_window_varlen_fwd_op[2-seqlens_q10-seqlens_k10-16-1-64-True--1--1-dtype10-False]" time="6.588" /><testcase classname="tests.ops.test_gqa_sliding_window_varlen_fwd" name="test_gqa_sliding_window_varlen_fwd_op[3-seqlens_q11-seqlens_k11-8-2-64-True--1--1-dtype11-False]" time="6.556" /><testcase classname="tests.ops.test_gqa_sliding_window_varlen_fwd" name="test_gqa_sliding_window_varlen_fwd_op[2-seqlens_q12-seqlens_k12-8-2-64-False--1-64-dtype12-False]" time="6.587" /><testcase classname="tests.ops.test_gqa_sliding_window_varlen_fwd" name="test_gqa_sliding_window_varlen_fwd_op[2-seqlens_q13-seqlens_k13-8-2-64-True-0--1-dtype13-False]" time="6.623" /><testcase classname="tests.ops.test_group_norm" name="test_group_norm_op[2-32-spatial0-8-dtype0-False]" time="5.323" /><testcase classname="tests.ops.test_group_norm" name="test_group_norm_op[4-16-spatial1-4-dtype1-False]" time="5.352" /><testcase classname="tests.ops.test_group_norm" name="test_group_norm_op[2-32-spatial2-8-dtype2-False]" time="5.378" /><testcase classname="tests.ops.test_group_norm" name="test_group_norm_op[4-16-spatial3-4-dtype3-False]" time="5.470" /><testcase classname="tests.ops.test_group_norm" name="test_group_norm_op[2-32-spatial4-8-dtype4-False]" time="5.842" /><testcase classname="tests.ops.test_group_norm" name="test_group_norm_op[4-16-spatial5-4-dtype5-False]" time="6.048" /><testcase classname="tests.ops.test_group_norm" name="test_group_norm_op[2-32-spatial6-1-dtype6-False]" time="5.894" /><testcase classname="tests.ops.test_group_norm" name="test_group_norm_op[2-32-spatial7-32-dtype7-False]" time="5.956" /><testcase classname="tests.ops.test_group_norm" name="test_group_norm_op[2-32-spatial8-16-dtype8-False]" time="5.689" /><testcase classname="tests.ops.test_group_norm" name="test_group_norm_op[2-32-spatial9-8-dtype9-False]" time="0.303" /><testcase classname="tests.ops.test_group_norm" name="test_group_norm_op[2-16-spatial10-4-dtype10-False]" time="5.493" /><testcase classname="tests.ops.test_group_norm" name="test_group_norm_op[2-30-spatial11-5-dtype11-False]" time="5.561" /><testcase classname="tests.ops.test_group_norm" name="test_group_norm_op[2-32-spatial12-8-dtype12-False]" time="5.407" /><testcase classname="tests.ops.test_group_norm" name="test_group_norm_op[2-32-spatial13-8-dtype13-False]" time="5.542" /><testcase classname="tests.ops.test_group_norm" name="test_group_norm_non_contiguous[2-32-spatial0-8-dtype0]" time="0.113" /><testcase classname="tests.ops.test_group_norm" name="test_group_norm_non_contiguous[2-32-spatial1-8-dtype1]" time="0.110" /><testcase classname="tests.ops.test_grouped_gemm" name="test_grouped_gemm[16384-4-4864-4096-dtype0-False-True-False]" time="5.158" /><testcase classname="tests.ops.test_grouped_gemm" name="test_grouped_gemm[16384-4-4864-4096-dtype1-False-False-False]" time="5.107" /><testcase classname="tests.ops.test_grouped_gemm" name="test_grouped_gemm[16384-4-4864-4096-dtype2-True-False-False]" time="5.960" /><testcase classname="tests.ops.test_grouped_gemm" name="test_grouped_gemm[16384-4-4864-4096-dtype3-True-True-False]" time="5.935" /><testcase classname="tests.ops.test_instance_norm" name="test_instance_norm_op[2-16-spatial0-dtype0-False]" time="5.266" /><testcase classname="tests.ops.test_instance_norm" name="test_instance_norm_op[4-8-spatial1-dtype1-False]" time="5.225" /><testcase classname="tests.ops.test_instance_norm" name="test_instance_norm_op[2-16-spatial2-dtype2-False]" time="5.381" /><testcase classname="tests.ops.test_instance_norm" name="test_instance_norm_op[4-8-spatial3-dtype3-False]" time="5.408" /><testcase classname="tests.ops.test_instance_norm" name="test_instance_norm_op[2-16-spatial4-dtype4-False]" time="5.410" /><testcase classname="tests.ops.test_instance_norm" name="test_instance_norm_op[4-8-spatial5-dtype5-False]" time="5.420" /><testcase classname="tests.ops.test_instance_norm" name="test_instance_norm_op[2-16-spatial6-dtype6-False]" time="0.110" /><testcase classname="tests.ops.test_instance_norm" name="test_instance_norm_op[2-8-spatial7-dtype7-False]" time="0.108" /><testcase classname="tests.ops.test_instance_norm" name="test_instance_norm_non_contiguous[2-16-spatial0-dtype0]" time="0.109" /><testcase classname="tests.ops.test_instance_norm" name="test_instance_norm_non_contiguous[2-16-spatial1-dtype1]" time="0.109" /><testcase classname="tests.ops.test_layer_norm" name="test_layer_norm_op[1024-4096-dtype0-False]" time="4.968" /><testcase classname="tests.ops.test_layer_norm" name="test_layer_norm_op[4096-4096-dtype1-False]" time="5.038" /><testcase classname="tests.ops.test_layer_norm" name="test_layer_norm_op[8192-8192-dtype2-False]" time="5.006" /><testcase classname="tests.ops.test_layer_norm" name="test_layer_norm_op[1024-4096-dtype3-False]" time="5.166" /><testcase classname="tests.ops.test_layer_norm" name="test_layer_norm_op[4096-4096-dtype4-False]" time="5.128" /><testcase classname="tests.ops.test_layer_norm" name="test_layer_norm_op[8192-8192-dtype5-False]" time="5.250" /><testcase classname="tests.ops.test_layer_norm" name="test_layer_norm_op[1024-4096-dtype6-False]" time="5.177" /><testcase classname="tests.ops.test_layer_norm" name="test_layer_norm_op[4096-4096-dtype7-False]" time="5.039" /><testcase classname="tests.ops.test_layer_norm" name="test_layer_norm_op[8192-8192-dtype8-False]" time="5.150" /><testcase classname="tests.ops.test_layer_norm" name="test_layer_norm_op[1024-3000-dtype9-False]" time="5.145" /><testcase classname="tests.ops.test_layer_norm" name="test_layer_norm_op[1024-3000-dtype10-False]" time="6.562" /><testcase classname="tests.ops.test_layer_norm" name="test_layer_norm_op[1024-3000-dtype11-False]" time="6.363" /><testcase classname="tests.ops.test_layer_norm" name="test_layer_norm_op[2048-5120-dtype12-False]" time="5.117" /><testcase classname="tests.ops.test_layer_norm" name="test_layer_norm_op[2048-5120-dtype13-False]" time="5.302" /><testcase classname="tests.ops.test_layer_norm" name="test_layer_norm_op[2048-5120-dtype14-False]" time="5.265" /><testcase classname="tests.ops.test_layer_norm" name="test_layer_norm_op[1025-4096-dtype15-False]" time="5.183" /><testcase classname="tests.ops.test_layer_norm" name="test_layer_norm_op[1025-4096-dtype16-False]" time="5.304" /><testcase classname="tests.ops.test_layer_norm" name="test_layer_norm_non_contiguous[1024-4096-dtype0]" time="0.111" /><testcase classname="tests.ops.test_layer_norm" name="test_layer_norm_non_contiguous[1024-4096-dtype1]" time="0.108" /><testcase classname="tests.ops.test_layer_norm" name="test_layer_norm_non_contiguous[1024-4096-dtype2]" time="0.108" /><testcase classname="tests.ops.test_layer_norm" name="test_layer_norm_3d[2-512-4096-dtype0]" time="0.108" /><testcase classname="tests.ops.test_layer_norm" name="test_layer_norm_3d[2-512-4096-dtype1]" time="0.108" /><testcase classname="tests.ops.test_layer_norm" name="test_layer_norm_3d[2-512-4096-dtype2]" time="0.108" /><testcase classname="tests.ops.test_layer_norm" name="test_layer_norm_large_offset[4-4096-dtype0]" time="5.090" /><testcase classname="tests.ops.test_layer_norm" name="test_layer_norm_large_offset[1024-4096-dtype1]" time="0.112" /><testcase classname="tests.ops.test_layer_norm" name="test_layer_norm_large_offset[4-4096-dtype2]" time="5.243" /><testcase classname="tests.ops.test_layer_norm" name="test_layer_norm_large_offset[4-4096-dtype3]" time="5.194" /><testcase classname="tests.ops.test_logical" name="test_logical_and_op[4096-dtype0]" time="3.688" /><testcase classname="tests.ops.test_logical" name="test_logical_and_op[16384-dtype1]" time="4.014" /><testcase classname="tests.ops.test_logical" name="test_logical_or_op[4096-dtype0]" time="3.851" /><testcase classname="tests.ops.test_logical" name="test_logical_or_op[16384-dtype1]" time="3.688" /><testcase classname="tests.ops.test_logical" name="test_logical_broadcast[logical_and-LogicalAndOp-logical_and-a_shape0-b_shape0]" time="3.754" /><testcase classname="tests.ops.test_logical" name="test_logical_broadcast[logical_and-LogicalAndOp-logical_and-a_shape1-b_shape1]" time="3.712" /><testcase classname="tests.ops.test_logical" name="test_logical_broadcast[logical_and-LogicalAndOp-logical_and-a_shape2-b_shape2]" time="3.694" /><testcase classname="tests.ops.test_logical" name="test_logical_broadcast[logical_or-LogicalOrOp-logical_or-a_shape3-b_shape3]" time="3.779" /><testcase classname="tests.ops.test_logical" name="test_logical_broadcast[logical_or-LogicalOrOp-logical_or-a_shape4-b_shape4]" time="3.693" /><testcase classname="tests.ops.test_logical" name="test_logical_broadcast[logical_or-LogicalOrOp-logical_or-a_shape5-b_shape5]" time="3.713" /><testcase classname="tests.ops.test_logical" name="test_logical_not[1048576-dtype0]" time="3.585" /><testcase classname="tests.ops.test_logical" name="test_logical_not[1048576-dtype1]" time="3.605" /><testcase classname="tests.ops.test_logical" name="test_logical_not[1048576-dtype2]" time="3.612" /><testcase classname="tests.ops.test_logical" name="test_logical_not[1048576-dtype3]" time="0.016" /><testcase classname="tests.ops.test_logical" name="test_logical_not[1048576-dtype4]" time="3.602" /><testcase classname="tests.ops.test_logical" name="test_logical_not[1048576-dtype5]" time="3.593" /><testcase classname="tests.ops.test_logical" name="test_logical_not[1048576-dtype6]" time="3.586" /><testcase classname="tests.ops.test_logical" name="test_logical_not[1048576-dtype7]" time="3.605" /><testcase classname="tests.ops.test_logical" name="test_logical_not[1048576-dtype8]" time="3.661" /><testcase classname="tests.ops.test_mean_pooling_ops" name="test_mean_pooling_op[1-8192-64-128-64-dtype0-accum_dtype0-False-None]" time="4.213" /><testcase classname="tests.ops.test_mean_pooling_ops" name="test_mean_pooling_op[1-8192-64-128-64-dtype1-accum_dtype1-True-None]" time="4.377" /><testcase classname="tests.ops.test_mean_pooling_ops" name="test_mean_pooling_op[2-2048-64-128-64-dtype2-accum_dtype2-False-None]" time="4.438" /><testcase classname="tests.ops.test_mean_pooling_ops" name="test_mean_pooling_op[1-1024-64-128-64-dtype3-accum_dtype3-False-offsets3]" time="4.439" /><testcase classname="tests.ops.test_mean_pooling_ops" name="test_mean_pooling_op[1-8192-64-128-64-dtype4-accum_dtype4-False-offsets4]" time="4.277" /><testcase classname="tests.ops.test_mean_pooling_ops" name="test_mean_pooling_op[1-1000-64-128-32-dtype5-accum_dtype5-False-offsets5]" time="4.267" /><testcase classname="tests.ops.test_mha" name="test_mha_fwd[smoke-fwd-fp16]" time="6.456" /><testcase classname="tests.ops.test_mha" name="test_mha_fwd[full-fwd-fp16]" time="6.608" /><testcase classname="tests.ops.test_mha" name="test_mha_fwd[full-fwd-bf16-tuned]" time="6.375" /><testcase classname="tests.ops.test_mha" name="test_mha_bwd[smoke-bwd-fp16]" time="7.535" /><testcase classname="tests.ops.test_mha" name="test_mha_bwd[full-bwd-fp16-large]" time="14.541" /><testcase classname="tests.ops.test_mha" name="test_mha_bwd[full-bwd-bf16-tuned]" time="13.974" /><testcase classname="tests.ops.test_mha_decode" name="test_mha_decode[1-32-128-8192-128-dtype0-False]" time="9.995" /><testcase classname="tests.ops.test_mha_decode" name="test_mha_decode[1-32-128-8192-128-dtype1-False]" time="9.993" /><testcase classname="tests.ops.test_mha_decode" name="test_mha_decode[1-32-128-5-128-dtype2-False]" time="6.598" /><testcase classname="tests.ops.test_mha_decode_paged" name="test_mha_decode_paged_op[1-16-1-512-128-128-False-dtype0-False]" time="10.879" /><testcase classname="tests.ops.test_mha_decode_paged" name="test_mha_decode_paged_op[1-8-1-1024-64-256-False-dtype1-False]" time="9.596" /><testcase classname="tests.ops.test_mha_decode_paged" name="test_mha_decode_paged_op[2-8-1-1024-64-256-False-dtype2-False]" time="9.520" /><testcase classname="tests.ops.test_mha_decode_paged" name="test_mha_decode_paged_op[1-8-1-512-64-256-False-dtype3-False]" time="9.912" /><testcase classname="tests.ops.test_mhc_post" name="test_mhc_post_op[1-4-1280-dtype0-False]" time="4.161" /><testcase classname="tests.ops.test_mhc_post" name="test_mhc_post_op[2-4-1920-dtype1-False]" time="4.157" /><testcase classname="tests.ops.test_mhc_post" name="test_mhc_post_op[4-4-2560-dtype2-False]" time="4.142" /><testcase classname="tests.ops.test_mhc_pre" name="test_mhc_pre_op[1-4-1280-dtype0-False]" time="7.422" /><testcase classname="tests.ops.test_mhc_pre" name="test_mhc_pre_op[2-4-1920-dtype1-False]" time="7.575" /><testcase classname="tests.ops.test_mhc_pre" name="test_mhc_pre_op[4-4-2560-dtype2-False]" time="7.760" /><testcase classname="tests.ops.test_reduce" name="test_sum_op[128-512-dtype0]" time="4.454" /><testcase classname="tests.ops.test_reduce" name="test_sum_op[128-512-dtype1]" time="4.408" /><testcase classname="tests.ops.test_reduce" name="test_sum_op[128-512-dtype2]" time="4.456" /><testcase classname="tests.ops.test_reduce" name="test_sum_op[256-4096-dtype3]" time="4.536" /><testcase classname="tests.ops.test_reduce" name="test_sum_op[256-4096-dtype4]" time="4.588" /><testcase classname="tests.ops.test_reduce" name="test_sum_op[128-300-dtype5]" time="0.088" /><testcase classname="tests.ops.test_reduce" name="test_sum_op[128-300-dtype6]" time="0.085" /><testcase classname="tests.ops.test_reduce" name="test_sum_op[129-512-dtype7]" time="4.665" /><testcase classname="tests.ops.test_reduce" name="test_sum_non_contiguous[128-512-dtype0]" time="0.088" /><testcase classname="tests.ops.test_reduce" name="test_sum_non_contiguous[128-512-dtype1]" time="0.084" /><testcase classname="tests.ops.test_reduce" name="test_sum_3d[2-64-512-dtype0]" time="0.084" /><testcase classname="tests.ops.test_reduce" name="test_sum_3d[2-64-512-dtype1]" time="0.084" /><testcase classname="tests.ops.test_reduce" name="test_sum_4d[2-4-8-512-dtype0]" time="4.531" /><testcase classname="tests.ops.test_reduce" name="test_sum_4d[2-4-8-512-dtype1]" time="4.488" /><testcase classname="tests.ops.test_reduce" name="test_mean_op[128-512-dtype0]" time="4.521" /><testcase classname="tests.ops.test_reduce" name="test_mean_op[128-512-dtype1]" time="4.509" /><testcase classname="tests.ops.test_reduce" name="test_mean_op[128-512-dtype2]" time="4.502" /><testcase classname="tests.ops.test_reduce" name="test_mean_op[256-4096-dtype3]" time="4.405" /><testcase classname="tests.ops.test_reduce" name="test_mean_op[256-4096-dtype4]" time="4.506" /><testcase classname="tests.ops.test_reduce" name="test_mean_op[128-300-dtype5]" time="4.532" /><testcase classname="tests.ops.test_reduce" name="test_mean_op[128-300-dtype6]" time="4.527" /><testcase classname="tests.ops.test_reduce" name="test_mean_op[129-512-dtype7]" time="4.545" /><testcase classname="tests.ops.test_reduce" name="test_amin_op[128-512-dtype0]" time="4.623" /><testcase classname="tests.ops.test_reduce" name="test_amin_op[128-512-dtype1]" time="4.925" /><testcase classname="tests.ops.test_reduce" name="test_amin_op[128-512-dtype2]" time="4.908" /><testcase classname="tests.ops.test_reduce" name="test_amin_op[256-4096-dtype3]" time="5.017" /><testcase classname="tests.ops.test_reduce" name="test_amin_op[256-4096-dtype4]" time="4.850" /><testcase classname="tests.ops.test_reduce" name="test_amin_op[128-300-dtype5]" time="0.088" /><testcase classname="tests.ops.test_reduce" name="test_amin_op[128-300-dtype6]" time="0.095" /><testcase classname="tests.ops.test_reduce" name="test_amin_op[129-512-dtype7]" time="4.700" /><testcase classname="tests.ops.test_reduce" name="test_amax_op[128-512-dtype0]" time="4.588" /><testcase classname="tests.ops.test_reduce" name="test_amax_op[128-512-dtype1]" time="4.593" /><testcase classname="tests.ops.test_reduce" name="test_amax_op[128-512-dtype2]" time="4.582" /><testcase classname="tests.ops.test_reduce" name="test_amax_op[256-4096-dtype3]" time="4.638" /><testcase classname="tests.ops.test_reduce" name="test_amax_op[256-4096-dtype4]" time="4.634" /><testcase classname="tests.ops.test_reduce" name="test_amax_op[128-300-dtype5]" time="0.089" /><testcase classname="tests.ops.test_reduce" name="test_amax_op[128-300-dtype6]" time="0.085" /><testcase classname="tests.ops.test_reduce" name="test_amax_op[129-512-dtype7]" time="4.626" /><testcase classname="tests.ops.test_reduce" name="test_prod_op[128-512-dtype0]" time="5.055" /><testcase classname="tests.ops.test_reduce" name="test_prod_op[128-512-dtype1]" time="5.058" /><testcase classname="tests.ops.test_reduce" name="test_prod_op[128-512-dtype2]" time="5.064" /><testcase classname="tests.ops.test_reduce" name="test_prod_op[256-4096-dtype3]" time="5.888" /><testcase classname="tests.ops.test_reduce" name="test_prod_op[256-4096-dtype4]" time="6.145" /><testcase classname="tests.ops.test_reduce" name="test_prod_op[128-300-dtype5]" time="0.103" /><testcase classname="tests.ops.test_reduce" name="test_prod_op[128-300-dtype6]" time="0.100" /><testcase classname="tests.ops.test_reduce" name="test_prod_op[129-512-dtype7]" time="5.141" /><testcase classname="tests.ops.test_reduce" name="test_std_op[128-512-dtype0]" time="4.972" /><testcase classname="tests.ops.test_reduce" name="test_std_op[128-512-dtype1]" time="4.932" /><testcase classname="tests.ops.test_reduce" name="test_std_op[128-512-dtype2]" time="4.934" /><testcase classname="tests.ops.test_reduce" name="test_std_op[256-4096-dtype3]" time="5.034" /><testcase classname="tests.ops.test_reduce" name="test_std_op[256-4096-dtype4]" time="5.089" /><testcase classname="tests.ops.test_reduce" name="test_std_op[128-300-dtype5]" time="5.150" /><testcase classname="tests.ops.test_reduce" name="test_std_op[128-300-dtype6]" time="5.086" /><testcase classname="tests.ops.test_reduce" name="test_std_op[129-512-dtype7]" time="5.047" /><testcase classname="tests.ops.test_reduce" name="test_std_bessel[128-512-dtype0-0]" time="4.922" /><testcase classname="tests.ops.test_reduce" name="test_std_bessel[128-512-dtype1-1]" time="0.158" /><testcase classname="tests.ops.test_reduce" name="test_std_bessel[128-512-dtype2-1]" time="0.153" /><testcase classname="tests.ops.test_reduce" name="test_var_op[128-512-dtype0]" time="5.158" /><testcase classname="tests.ops.test_reduce" name="test_var_op[128-512-dtype1]" time="4.916" /><testcase classname="tests.ops.test_reduce" name="test_var_op[128-512-dtype2]" time="4.970" /><testcase classname="tests.ops.test_reduce" name="test_var_op[256-4096-dtype3]" time="5.049" /><testcase classname="tests.ops.test_reduce" name="test_var_op[25
[...]
_masked_fill_all_false[4096-dtype0]" time="0.028" /><testcase classname="tests.ops.test_special_elementwise" name="test_where_all_true[4096-dtype0]" time="4.255" /><testcase classname="tests.ops.test_special_elementwise" name="test_where_all_false[4096-dtype0]" time="0.031" /><testcase classname="tests.ops.test_special_elementwise" name="test_nan_to_num_edge[4096-dtype0]" time="4.065" /><testcase classname="tests.ops.test_special_elementwise" name="test_independent_special_rejects_non_float_dtype" time="0.001" /><testcase classname="tests.ops.test_topk_selector" name="test_topk_selector_op[4-256-1024-1-32-float32-int32-False]" time="6.448" /><testcase classname="tests.ops.test_topk_selector" name="test_topk_selector_op[8-512-2048-1-64-float32-int32-False]" time="6.306" /><testcase classname="tests.ops.test_topk_selector" name="test_topk_selector_op[1-32768-65536-1-1024-float32-int32-False]" time="12.757" /><testcase classname="tests.ops.test_topk_selector" name="test_topk_selector_op[1-32768-131072-1-2048-float32-int32-False]" time="20.827" /><testcase classname="tests.ops.test_unary_math" name="test_exp[1048576-dtype0]" time="4.019" /><testcase classname="tests.ops.test_unary_math" name="test_exp[1048576-dtype1]" time="3.918" /><testcase classname="tests.ops.test_unary_math" name="test_exp[1048576-dtype2]" time="3.911" /><testcase classname="tests.ops.test_unary_math" name="test_log[1048576-dtype0]" time="3.978" /><testcase classname="tests.ops.test_unary_math" name="test_log[1048576-dtype1]" time="3.985" /><testcase classname="tests.ops.test_unary_math" name="test_log[1048576-dtype2]" time="3.945" /><testcase classname="tests.ops.test_unary_math" name="test_sqrt[1048576-dtype0]" time="3.934" /><testcase classname="tests.ops.test_unary_math" name="test_sqrt[1048576-dtype1]" time="3.904" /><testcase classname="tests.ops.test_unary_math" name="test_sqrt[1048576-dtype2]" time="3.915" /><testcase classname="tests.ops.test_unary_math" name="test_rsqrt[1048576-dtype0]" time="3.885" /><testcase classname="tests.ops.test_unary_math" name="test_rsqrt[1048576-dtype1]" time="3.887" /><testcase classname="tests.ops.test_unary_math" name="test_rsqrt[1048576-dtype2]" time="3.943" /><testcase classname="tests.ops.test_unary_math" name="test_abs[1048576-dtype0]" time="3.869" /><testcase classname="tests.ops.test_unary_math" name="test_abs[1048576-dtype1]" time="3.871" /><testcase classname="tests.ops.test_unary_math" name="test_abs[1048576-dtype2]" time="3.943" /><testcase classname="tests.ops.test_unary_math" name="test_neg[1048576-dtype0]" time="3.875" /><testcase classname="tests.ops.test_unary_math" name="test_neg[1048576-dtype1]" time="3.922" /><testcase classname="tests.ops.test_unary_math" name="test_neg[1048576-dtype2]" time="3.870" /><testcase classname="tests.ops.test_unary_math" name="test_reciprocal[1048576-dtype0]" time="3.903" /><testcase classname="tests.ops.test_unary_math" name="test_reciprocal[1048576-dtype1]" time="3.901" /><testcase classname="tests.ops.test_unary_math" name="test_reciprocal[1048576-dtype2]" time="3.925" /><testcase classname="tests.ops.test_unary_math" name="test_sign[1048576-dtype0]" time="4.070" /><testcase classname="tests.ops.test_unary_math" name="test_sign[1048576-dtype1]" time="4.163" /><testcase classname="tests.ops.test_unary_math" name="test_sign[1048576-dtype2]" time="4.099" /><testcase classname="tests.ops.test_unary_math" name="test_sin[1048576-dtype0]" time="4.271" /><testcase classname="tests.ops.test_unary_math" name="test_sin[1048576-dtype1]" time="4.254" /><testcase classname="tests.ops.test_unary_math" name="test_sin[1048576-dtype2]" time="4.142" /><testcase classname="tests.ops.test_unary_math" name="test_cos[1048576-dtype0]" time="4.245" /><testcase classname="tests.ops.test_unary_math" name="test_cos[1048576-dtype1]" time="4.212" /><testcase classname="tests.ops.test_unary_math" name="test_cos[1048576-dtype2]" time="4.102" /><testcase classname="tests.ops.test_unary_math" name="test_floor[1048576-dtype0]" time="4.072" /><testcase classname="tests.ops.test_unary_math" name="test_floor[1048576-dtype1]" time="4.045" /><testcase classname="tests.ops.test_unary_math" name="test_floor[1048576-dtype2]" time="4.048" /><testcase classname="tests.ops.test_unary_math" name="test_ceil[1048576-dtype0]" time="4.060" /><testcase classname="tests.ops.test_unary_math" name="test_ceil[1048576-dtype1]" time="4.055" /><testcase classname="tests.ops.test_unary_math" name="test_ceil[1048576-dtype2]" time="4.047" /><testcase classname="tests.ops.test_unary_math" name="test_round[1048576-dtype0]" time="4.053" /><testcase classname="tests.ops.test_unary_math" name="test_round[1048576-dtype1]" time="4.185" /><testcase classname="tests.ops.test_unary_math" name="test_round[1048576-dtype2]" time="4.166" /><testcase classname="tests.ops.test_unary_math" name="test_trunc[1048576-dtype0]" time="4.199" /><testcase classname="tests.ops.test_unary_math" name="test_trunc[1048576-dtype1]" time="4.180" /><testcase classname="tests.ops.test_unary_math" name="test_trunc[1048576-dtype2]" time="4.131" /><testcase classname="tests.ops.test_unary_math" name="test_erf[1048576-dtype0]" time="4.181" /><testcase classname="tests.ops.test_unary_math" name="test_erf[1048576-dtype1]" time="4.176" /><testcase classname="tests.ops.test_unary_math" name="test_erf[1048576-dtype2]" time="4.138" /><testcase classname="tests.ops.test_unary_math" name="test_log1p[1048576-dtype0]" time="4.149" /><testcase classname="tests.ops.test_unary_math" name="test_log1p[1048576-dtype1]" time="4.157" /><testcase classname="tests.ops.test_unary_math" name="test_log1p[1048576-dtype2]" time="4.100" /><testcase classname="tests.ops.test_unary_math" name="test_expm1[1048576-dtype0]" time="4.114" /><testcase classname="tests.ops.test_unary_math" name="test_expm1[1048576-dtype1]" time="4.131" /><testcase classname="tests.ops.test_unary_math" name="test_expm1[1048576-dtype2]" time="4.100" /><testcase classname="tests.ops.test_unary_math" name="test_math_ops_reject_non_float_dtype" time="0.001" /><testcase classname="tests.ops.test_unary_math" name="test_sqrt_edge[4096-dtype0]" time="4.092" /><testcase classname="tests.ops.test_unary_math" name="test_rsqrt_edge[4096-dtype0]" time="4.208" /><testcase classname="tests.ops.test_unary_math" name="test_log_edge[4096-dtype0]" time="4.213" /><testcase classname="tests.ops.test_unary_math" name="test_log1p_edge[4096-dtype0]" time="4.381" /><testcase classname="tests.ops.test_unary_math" name="test_exp_edge[4096-dtype0]" time="4.233" /><testcase classname="tests.ops.test_unary_math" name="test_expm1_edge[4096-dtype0]" time="4.256" /><testcase classname="tests.ops.test_unary_math" name="test_erf_edge[4096-dtype0]" time="4.220" /><testcase classname="tests.ops.test_unary_math" name="test_reciprocal_edge[4096-dtype0]" time="4.212" /><testcase classname="tests.ops.test_unary_math" name="test_sign_edge[4096-dtype0]" time="4.231" /><testcase classname="tests.test_autotune" name="test_mha_kernel_autotune[8-1024-32-128-False-dtype0]" time="0.062" /><testcase classname="tests.test_compile" name="test_mha_kernel_compile[8-1024-32-128-False-dtype0]" time="7.845" /><testcase classname="tests.test_compile" name="test_mha_kernel_compile[4-512-16-64-True-dtype1]" time="7.464" /><testcase classname="tests.test_compile" name="test_mha_kernel_compile[2-2048-64-128-False-dtype2]" time="7.210" /><testcase classname="tests.test_elementwise_compile" name="test_relu_compile[1048576-dtype0]" time="4.738" /><testcase classname="tests.test_elementwise_compile" name="test_relu_compile[1048576-dtype1]" time="4.307" /><testcase classname="tests.test_elementwise_compile" name="test_add_compile[a_shape0-b_shape0-dtype0]" time="4.262" /><testcase classname="tests.test_elementwise_compile" name="test_add_compile[a_shape1-b_shape1-dtype1]" time="4.210" /><testcase classname="tests.test_elementwise_compile" name="test_eq_compile[a_shape0-b_shape0-dtype0]" time="4.259" /><testcase classname="tests.test_elementwise_compile" name="test_silu_and_mul_compile[512-1024-dtype0]" time="4.296" /><testcase classname="tests.test_elementwise_compile" name="test_abs_compile[1048576-dtype0]" time="0.105" /><testcase classname="tests.test_elementwise_compile" name="test_sign_compile[1048576-dtype0]" time="0.094" /><testcase classname="tests.test_elementwise_compile" name="test_register_fake_unary_shape_dtype[1024-dtype0]" time="4.276" /><testcase classname="tests.test_elementwise_compile" name="test_register_fake_comparison_bool_dtype[shape0-dtype0]" time="4.185" /><testcase classname="tests.test_elementwise_compile" name="test_register_fake_fused_gated_shape[64-128-dtype0]" time="4.257" /><testcase classname="tests.test_elementwise_compile" name="test_unary_float_compile[ExpOp-exp-None-exp]" time="0.110" /><testcase classname="tests.test_elementwise_compile" name="test_unary_float_compile[LogOp-&lt;lambda&gt;-_positive_input-log]" time="0.100" /><testcase classname="tests.test_elementwise_compile" name="test_unary_float_compile[SqrtOp-&lt;lambda&gt;-_positive_input-sqrt]" time="0.098" /><testcase classname="tests.test_elementwise_compile" name="test_unary_float_compile[RsqrtOp-&lt;lambda&gt;-_positive_input-rsqrt]" time="0.097" /><testcase classname="tests.test_elementwise_compile" name="test_unary_float_compile[NegOp-neg-None-neg]" time="0.096" /><testcase classname="tests.test_elementwise_compile" name="test_unary_float_compile[ReciprocalOp-&lt;lambda&gt;-None-reciprocal]" time="0.097" /><testcase classname="tests.test_elementwise_compile" name="test_unary_float_compile[SinOp-&lt;lambda&gt;-None-sin]" time="0.096" /><testcase classname="tests.test_elementwise_compile" name="test_unary_float_compile[CosOp-&lt;lambda&gt;-None-cos]" time="0.105" /><testcase classname="tests.test_elementwise_compile" name="test_unary_float_compile[FloorOp-&lt;lambda&gt;-None-floor]" time="0.095" /><testcase classname="tests.test_elementwise_compile" name="test_unary_float_compile[CeilOp-&lt;lambda&gt;-None-ceil]" time="0.094" /><testcase classname="tests.test_elementwise_compile" name="test_unary_float_compile[RoundOp-&lt;lambda&gt;-None-round]" time="0.095" /><testcase classname="tests.test_elementwise_compile" name="test_unary_float_compile[TruncOp-&lt;lambda&gt;-None-trunc]" time="0.094" /><testcase classname="tests.test_elementwise_compile" name="test_unary_float_compile[ErfOp-&lt;lambda&gt;-None-erf]" time="0.094" /><testcase classname="tests.test_elementwise_compile" name="test_unary_float_compile[Log1pOp-&lt;lambda&gt;-_positive_input-log1p]" time="0.094" /><testcase classname="tests.test_elementwise_compile" name="test_unary_float_compile[Expm1Op-&lt;lambda&gt;-None-expm1]" time="0.094" /><testcase classname="tests.test_elementwise_compile" name="test_unary_float_compile[GeluOp-&lt;lambda&gt;-None-gelu]" time="0.094" /><testcase classname="tests.test_elementwise_compile" name="test_unary_float_compile[SiluOp-&lt;lambda&gt;-None-silu]" time="0.094" /><testcase classname="tests.test_elementwise_compile" name="test_unary_float_compile[SigmoidOp-&lt;lambda&gt;-None-sigmoid]" time="0.094" /><testcase classname="tests.test_elementwise_compile" name="test_unary_float_compile[TanhOp-&lt;lambda&gt;-None-tanh]" time="0.094" /><testcase classname="tests.test_elementwise_compile" name="test_unary_float_compile[HardswishOp-&lt;lambda&gt;-None-hardswish]" time="0.095" /><testcase classname="tests.test_elementwise_compile" name="test_unary_float_compile[HardsigmoidOp-&lt;lambda&gt;-None-hardsigmoid]" time="0.094" /><testcase classname="tests.test_elementwise_compile" name="test_unary_float_compile[MishOp-&lt;lambda&gt;-None-mish]" time="0.094" /><testcase classname="tests.test_elementwise_compile" name="test_unary_float_compile[SeluOp-&lt;lambda&gt;-None-selu]" time="0.094" /><testcase classname="tests.test_elementwise_compile" name="test_unary_bool_compile[LogicalNotOp-&lt;lambda&gt;-dtype0-logical_not]" time="0.084" /><testcase classname="tests.test_elementwise_compile" name="test_unary_bool_compile[IsnanOp-isnan-dtype1-isnan]" time="0.082" /><testcase classname="tests.test_elementwise_compile" name="test_unary_bool_compile[IsinfOp-isinf-dtype2-isinf]" time="0.083" /><testcase classname="tests.test_elementwise_compile" name="test_unary_bool_compile[IsfiniteOp-isfinite-dtype3-isfinite]" time="0.082" /><testcase classname="tests.test_elementwise_compile" name="test_bitwise_not_compile" time="0.088" /><testcase classname="tests.test_elementwise_compile" name="test_binary_arith_compile[SubOp-&lt;lambda&gt;-sub]" time="4.158" /><testcase classname="tests.test_elementwise_compile" name="test_binary_arith_compile[MulOp-&lt;lambda&gt;-mul]" time="4.157" /><testcase classname="tests.test_elementwise_compile" name="test_binary_arith_compile[DivOp-&lt;lambda&gt;-div]" time="4.017" /><testcase classname="tests.test_elementwise_compile" name="test_binary_arith_compile[RemainderOp-&lt;lambda&gt;-remainder]" time="3.994" /><testcase classname="tests.test_elementwise_compile" name="test_binary_arith_compile[FloorDivideOp-&lt;lambda&gt;-floor_divide]" time="4.014" /><testcase classname="tests.test_elementwise_compile" name="test_binary_arith_compile[MaximumOp-&lt;lambda&gt;-maximum]" time="4.024" /><testcase classname="tests.test_elementwise_compile" name="test_binary_arith_compile[MinimumOp-&lt;lambda&gt;-minimum]" time="4.030" /><testcase classname="tests.test_elementwise_compile" name="test_pow_compile" time="4.101" /><testcase classname="tests.test_elementwise_compile" name="test_lerp_compile" time="3.960" /><testcase classname="tests.test_elementwise_compile" name="test_comparison_compile[NeOp-&lt;lambda&gt;-ne]" time="4.087" /><testcase classname="tests.test_elementwise_compile" name="test_comparison_compile[GtOp-&lt;lambda&gt;-gt]" time="4.104" /><testcase classname="tests.test_elementwise_compile" name="test_comparison_compile[LtOp-&lt;lambda&gt;-lt]" time="4.161" /><testcase classname="tests.test_elementwise_compile" name="test_comparison_compile[GeOp-&lt;lambda&gt;-ge]" time="4.187" /><testcase classname="tests.test_elementwise_compile" name="test_comparison_compile[LeOp-&lt;lambda&gt;-le]" time="4.137" /><testcase classname="tests.test_elementwise_compile" name="test_logical_binary_compile[LogicalAndOp-&lt;lambda&gt;-logical_and]" time="4.138" /><testcase classname="tests.test_elementwise_compile" name="test_logical_binary_compile[LogicalOrOp-&lt;lambda&gt;-logical_or]" time="4.129" /><testcase classname="tests.test_elementwise_compile" name="test_bitwise_binary_compile[BitwiseAndOp-&lt;lambda&gt;-bitwise_and]" time="4.074" /><testcase classname="tests.test_elementwise_compile" name="test_bitwise_binary_compile[BitwiseOrOp-&lt;lambda&gt;-bitwise_or]" time="4.066" /><testcase classname="tests.test_elementwise_compile" name="test_bitwise_binary_compile[BitwiseXorOp-&lt;lambda&gt;-bitwise_xor]" time="3.967" /><testcase classname="tests.test_elementwise_compile" name="test_fused_gated_compile[GeluAndMulOp-gelu_and_mul]" time="4.183" /><testcase classname="tests.test_elementwise_compile" name="test_fused_gated_compile[GeluTanhAndMulOp-gelu_tanh_and_mul]" time="4.237" /><testcase classname="tests.test_gemm_torch" name="test_pytorch_gemm[16384-8192-13824-dtype0-100]" time="0.574" /><testcase classname="tests.test_gemm_torch" name="test_cublas_gemm[16384-8192-13824-dtype0-100]" time="1.704" /><testcase classname="tests.test_gemm_triton" name="test_benchmark_triton_gemm_fp16[4096-4864-8192-dtype0-100]" time="1.442" /><testcase classname="tests.test_gemm_triton" name="test_verify_triton_gemm_fp16[512-512-512-dtype0]" time="0.005" /><testcase classname="tests.test_grouped_gemm_torch" name="test_all_grouped_gemm[4096-4-8192-4864-dtype0]" time="0.564" /><testcase classname="tests.test_grouped_gemm_triton" name="test_grouped_gemm_nt[16384-4-8192-13824-dtype0]" time="3.919" /><testcase classname="tests.test_grouped_gemm_triton" name="test_grouped_gemm_nn[16384-4-8192-13824-dtype0]" time="3.893" /><testcase classname="tests.test_grouped_gemm_triton" name="test_grouped_gemm_tn[16384-4-8192-13824-dtype0]" time="3.945" /><testcase classname="tests.test_grouped_gemm_triton" name="test_grouped_gemm_tt[16384-4-8192-13824-dtype0]" time="4.941" /><testcase classname="tests.test_reduction_init_files.TestKernelReductionInit" name="test_file_exists" time="0.001" /><testcase classname="tests.test_reduction_init_files.TestKernelReductionInit" name="test_has_all_kernel_classes" time="0.001" /><testcase classname="tests.test_reduction_init_files.TestKernelReductionInit" name="test_implemented_imports_are_active" time="0.001" /><testcase classname="tests.test_reduction_init_files.TestKernelReductionInit" name="test_placeholder_imports_are_commented_out" time="0.001" /><testcase classname="tests.test_reduction_init_files.TestKernelReductionInit" name="test_has_all_dunder_all" time="0.001" /><testcase classname="tests.test_reduction_init_files.TestKernelReductionInit" name="test_implemented_all_entries_are_active" time="0.001" /><testcase classname="tests.test_reduction_init_files.TestKernelReductionInit" name="test_placeholder_all_entries_are_commented_out" time="0.001" /><testcase classname="tests.test_reduction_init_files.TestKernelReductionInit" name="test_exact_kernel_count" time="0.001" /><testcase classname="tests.test_reduction_init_files.TestOpsReductionInit" name="test_file_exists" time="0.001" /><testcase classname="tests.test_reduction_init_files.TestOpsReductionInit" name="test_has_all_op_classes" time="0.001" /><testcase classname="tests.test_reduction_init_files.TestOpsReductionInit" name="test_implemented_imports_are_active" time="0.001" /><testcase classname="tests.test_reduction_init_files.TestOpsReductionInit" name="test_placeholder_imports_are_commented_out" time="0.001" /><testcase classname="tests.test_reduction_init_files.TestOpsReductionInit" name="test_has_all_dunder_all" time="0.001" /><testcase classname="tests.test_reduction_init_files.TestOpsReductionInit" name="test_implemented_all_entries_are_active" time="0.001" /><testcase classname="tests.test_reduction_init_files.TestOpsReductionInit" name="test_placeholder_all_entries_are_commented_out" time="0.001" /><testcase classname="tests.test_reduction_init_files.TestOpsReductionInit" name="test_exact_op_count" time="0.001" /><testcase classname="tests.test_reduction_init_files.TestOpsMainInit" name="test_has_reduction_import" time="0.001" /><testcase classname="tests.test_reduction_init_files.TestOpsMainInit" name="test_has_all_op_classes_in_all" time="0.001" /><testcase classname="tests.test_reduction_init_files.TestOpsMainInit" name="test_implemented_op_entries_are_active" time="0.001" /><testcase classname="tests.test_reduction_init_files.TestOpsMainInit" name="test_placeholder_op_entries_are_commented" time="0.001" /><testcase classname="tests.test_reduction_init_files.TestRuffLinting" name="test_ruff_check[kernels/reduction]" time="0.041" /><testcase classname="tests.test_reduction_init_files.TestRuffLinting" name="test_ruff_check[ops/reduction]" time="0.037" /><testcase classname="tests.test_reduction_init_files.TestRuffLinting" name="test_ruff_check[ops/__init__]" time="0.036" /><testcase classname="tests.test_reduction_init_files.TestRuffLinting" name="test_ruff_format[kernels/reduction]" time="0.034" /><testcase classname="tests.test_reduction_init_files.TestRuffLinting" name="test_ruff_format[ops/reduction]" time="0.034" /><testcase classname="tests.test_reduction_init_files.TestRuffLinting" name="test_ruff_format[ops/__init__]" time="0.033" /><testcase classname="tests.test_reduction_init_files.TestImportability" name="test_kernel_reduction_importable" time="4.496" /><testcase classname="tests.test_reduction_init_files.TestImportability" name="test_ops_reduction_importable" time="4.357" /><testcase classname="tests.test_reduction_init_files.TestImportability" name="test_ops_init_importable" time="4.327" /></testsuite></testsuites>