============================= test session starts ==============================
platform linux -- Python 3.11.15, pytest-9.0.2, pluggy-1.6.0 -- /home/ci-runner/workdir/_tool/tileops_op_test_venv/bin/python
cachedir: .pytest_cache
rootdir: /home/ci-runner/workdir/TileOPs/TileOPs
configfile: pyproject.toml
collecting ... collected 1132 items

tests/ops/test_activation.py::test_relu_op[1000000-dtype0] PASSED        [  0%]
tests/ops/test_activation.py::test_relu_op[1000000-dtype1] PASSED        [  0%]
tests/ops/test_activation.py::test_relu_op[1000000-dtype2] PASSED        [  0%]
tests/ops/test_activation.py::test_relu_op[4000000-dtype3] PASSED        [  0%]
tests/ops/test_activation.py::test_relu_op[4000000-dtype4] PASSED        [  0%]
tests/ops/test_activation.py::test_relu_strategies[1000000-dtype0-direct] PASSED [  0%]
tests/ops/test_activation.py::test_relu_strategies[1000000-dtype1-explicit_parallel] PASSED [  0%]
tests/ops/test_activation.py::test_relu_strategies[1000000-dtype2-register_copy] PASSED [  0%]
tests/ops/test_activation.py::test_gelu[1048576-dtype0] PASSED           [  0%]
tests/ops/test_activation.py::test_gelu[1048576-dtype1] PASSED           [  0%]
tests/ops/test_activation.py::test_gelu[1048576-dtype2] PASSED           [  0%]
tests/ops/test_activation.py::test_silu[1048576-dtype0] PASSED           [  1%]
tests/ops/test_activation.py::test_silu[1048576-dtype1] PASSED           [  1%]
tests/ops/test_activation.py::test_silu[1048576-dtype2] PASSED           [  1%]
tests/ops/test_activation.py::test_sigmoid[1048576-dtype0] PASSED        [  1%]
tests/ops/test_activation.py::test_sigmoid[1048576-dtype1] PASSED        [  1%]
tests/ops/test_activation.py::test_sigmoid[1048576-dtype2] PASSED        [  1%]
tests/ops/test_activation.py::test_tanh[1048576-dtype0] PASSED           [  1%]
tests/ops/test_activation.py::test_tanh[1048576-dtype1] PASSED           [  1%]
tests/ops/test_activation.py::test_tanh[1048576-dtype2] PASSED           [  1%]
tests/ops/test_activation.py::test_hardswish[1048576-dtype0] PASSED      [  1%]
tests/ops/test_activation.py::test_hardswish[1048576-dtype1] PASSED      [  1%]
tests/ops/test_activation.py::test_hardswish[1048576-dtype2] PASSED      [  2%]
tests/ops/test_activation.py::test_hardsigmoid[1048576-dtype0] PASSED    [  2%]
tests/ops/test_activation.py::test_hardsigmoid[1048576-dtype1] PASSED    [  2%]
tests/ops/test_activation.py::test_hardsigmoid[1048576-dtype2] PASSED    [  2%]
tests/ops/test_activation.py::test_mish[1048576-dtype0] PASSED           [  2%]
tests/ops/test_activation.py::test_mish[1048576-dtype1] PASSED           [  2%]
tests/ops/test_activation.py::test_mish[1048576-dtype2] PASSED           [  2%]
tests/ops/test_activation.py::test_selu[1048576-dtype0] PASSED           [  2%]
tests/ops/test_activation.py::test_selu[1048576-dtype1] PASSED           [  2%]
tests/ops/test_activation.py::test_selu[1048576-dtype2] PASSED           [  2%]
tests/ops/test_activation.py::test_activation_rejects_non_float_dtype PASSED [  2%]
tests/ops/test_activation.py::test_sigmoid_edge[4096-dtype0] PASSED      [  3%]
tests/ops/test_activation.py::test_tanh_edge[4096-dtype0] PASSED         [  3%]
tests/ops/test_activation.py::test_leaky_relu[1048576-dtype0] PASSED     [  3%]
tests/ops/test_activation.py::test_leaky_relu[1048576-dtype1] PASSED     [  3%]
tests/ops/test_activation.py::test_leaky_relu[1048576-dtype2] PASSED     [  3%]
tests/ops/test_activation.py::test_elu[1048576-dtype0] PASSED            [  3%]
tests/ops/test_activation.py::test_elu[1048576-dtype1] PASSED            [  3%]
tests/ops/test_activation.py::test_elu[1048576-dtype2] PASSED            [  3%]
tests/ops/test_activation.py::test_hardtanh[1048576-dtype0] PASSED       [  3%]
tests/ops/test_activation.py::test_hardtanh[1048576-dtype1] PASSED       [  3%]
tests/ops/test_activation.py::test_hardtanh[1048576-dtype2] PASSED       [  3%]
tests/ops/test_activation.py::test_softplus[1048576-dtype0] PASSED       [  3%]
tests/ops/test_activation.py::test_softplus[1048576-dtype1] PASSED       [  4%]
tests/ops/test_activation.py::test_softplus[1048576-dtype2] PASSED       [  4%]
tests/ops/test_activation.py::test_prelu[1048576-dtype0] PASSED          [  4%]
tests/ops/test_activation.py::test_prelu[1048576-dtype1] PASSED          [  4%]
tests/ops/test_activation.py::test_prelu[1048576-dtype2] PASSED          [  4%]
tests/ops/test_activation.py::test_prelu_batch_dim PASSED                [  4%]
tests/ops/test_activation.py::test_independent_activation_rejects_non_float_dtype PASSED [  4%]
tests/ops/test_ada_layer_norm.py::test_ada_layer_norm_op[1024-4096-dtype0] PASSED [  4%]
tests/ops/test_ada_layer_norm.py::test_ada_layer_norm_op[4096-4096-dtype1] PASSED [  4%]
tests/ops/test_ada_layer_norm.py::test_ada_layer_norm_op[1024-4096-dtype2] PASSED [  4%]
tests/ops/test_ada_layer_norm.py::test_ada_layer_norm_op[4096-4096-dtype3] PASSED [  4%]
tests/ops/test_ada_layer_norm.py::test_ada_layer_norm_op[1024-4096-dtype4] PASSED [  5%]
tests/ops/test_ada_layer_norm.py::test_ada_layer_norm_op[4096-4096-dtype5] PASSED [  5%]
tests/ops/test_ada_layer_norm.py::test_ada_layer_norm_op[1024-3000-dtype6] PASSED [  5%]
tests/ops/test_ada_layer_norm.py::test_ada_layer_norm_op[1024-3000-dtype7] PASSED [  5%]
tests/ops/test_ada_layer_norm.py::test_ada_layer_norm_op[1024-3000-dtype8] PASSED [  5%]
tests/ops/test_ada_layer_norm.py::test_ada_layer_norm_op[1025-4096-dtype9] PASSED [  5%]
tests/ops/test_ada_layer_norm.py::test_ada_layer_norm_op[1025-4096-dtype10] PASSED [  5%]
tests/ops/test_ada_layer_norm.py::test_ada_layer_norm_3d[2-512-4096-dtype0] PASSED [  5%]
tests/ops/test_ada_layer_norm.py::test_ada_layer_norm_3d[2-512-4096-dtype1] PASSED [  5%]
tests/ops/test_ada_layer_norm.py::test_ada_layer_norm_3d[2-512-4096-dtype2] PASSED [  5%]
tests/ops/test_ada_layer_norm_zero.py::test_ada_layer_norm_zero_op[1024-4096-dtype0] PASSED [  5%]
tests/ops/test_ada_layer_norm_zero.py::test_ada_layer_norm_zero_op[4096-4096-dtype1] PASSED [  6%]
tests/ops/test_ada_layer_norm_zero.py::test_ada_layer_norm_zero_op[1024-4096-dtype2] PASSED [  6%]
tests/ops/test_ada_layer_norm_zero.py::test_ada_layer_norm_zero_op[4096-4096-dtype3] PASSED [  6%]
tests/ops/test_ada_layer_norm_zero.py::test_ada_layer_norm_zero_op[1024-4096-dtype4] PASSED [  6%]
tests/ops/test_ada_layer_norm_zero.py::test_ada_layer_norm_zero_op[4096-4096-dtype5] PASSED [  6%]
tests/ops/test_ada_layer_norm_zero.py::test_ada_layer_norm_zero_op[1024-3000-dtype6] PASSED [  6%]
tests/ops/test_ada_layer_norm_zero.py::test_ada_layer_norm_zero_op[1024-3000-dtype7] PASSED [  6%]
tests/ops/test_ada_layer_norm_zero.py::test_ada_layer_norm_zero_op[1024-3000-dtype8] PASSED [  6%]
tests/ops/test_ada_layer_norm_zero.py::test_ada_layer_norm_zero_op[1025-4096-dtype9] PASSED [  6%]
tests/ops/test_ada_layer_norm_zero.py::test_ada_layer_norm_zero_op[1025-4096-dtype10] PASSED [  6%]
tests/ops/test_ada_layer_norm_zero.py::test_ada_layer_norm_zero_3d[2-512-4096-dtype0] PASSED [  6%]
tests/ops/test_ada_layer_norm_zero.py::test_ada_layer_norm_zero_3d[2-512-4096-dtype1] PASSED [  6%]
tests/ops/test_ada_layer_norm_zero.py::test_ada_layer_norm_zero_3d[2-512-4096-dtype2] PASSED [  7%]
tests/ops/test_argreduce.py::test_argmax_op[128-512-dtype0] PASSED       [  7%]
tests/ops/test_argreduce.py::test_argmax_op[128-512-dtype1] PASSED       [  7%]
tests/ops/test_argreduce.py::test_argmax_op[128-512-dtype2] PASSED       [  7%]
tests/ops/test_argreduce.py::test_argmax_op[256-4096-dtype3] PASSED      [  7%]
tests/ops/test_argreduce.py::test_argmax_op[256-4096-dtype4] PASSED      [  7%]
tests/ops/test_argreduce.py::test_argmax_op[128-300-dtype5] PASSED       [  7%]
tests/ops/test_argreduce.py::test_argmax_op[128-300-dtype6] PASSED       [  7%]
tests/ops/test_argreduce.py::test_argmax_op[129-512-dtype7] PASSED       [  7%]
tests/ops/test_argreduce.py::test_argmax_non_contiguous[128-512-dtype0] PASSED [  7%]
tests/ops/test_argreduce.py::test_argmax_non_contiguous[128-512-dtype1] PASSED [  7%]
tests/ops/test_argreduce.py::test_argmax_3d[2-64-512-dtype0] PASSED      [  8%]
tests/ops/test_argreduce.py::test_argmax_3d[2-64-512-dtype1] PASSED      [  8%]
tests/ops/test_argreduce.py::test_argmax_4d[2-4-8-512-dtype0] PASSED     [  8%]
tests/ops/test_argreduce.py::test_argmax_4d[2-4-8-512-dtype1] PASSED     [  8%]
tests/ops/test_argreduce.py::test_argmax_1d[512-dtype0] PASSED           [  8%]
tests/ops/test_argreduce.py::test_argmax_1d[512-dtype1] PASSED           [  8%]
tests/ops/test_argreduce.py::test_argmax_1d[512-dtype2] PASSED           [  8%]
tests/ops/test_argreduce.py::test_argmin_op[128-512-dtype0] PASSED       [  8%]
tests/ops/test_argreduce.py::test_argmin_op[128-512-dtype1] PASSED       [  8%]
tests/ops/test_argreduce.py::test_argmin_op[128-512-dtype2] PASSED       [  8%]
tests/ops/test_argreduce.py::test_argmin_op[256-4096-dtype3] PASSED      [  8%]
tests/ops/test_argreduce.py::test_argmin_op[256-4096-dtype4] PASSED      [  9%]
tests/ops/test_argreduce.py::test_argmin_op[128-300-dtype5] PASSED       [  9%]
tests/ops/test_argreduce.py::test_argmin_op[128-300-dtype6] PASSED       [  9%]
tests/ops/test_argreduce.py::test_argmin_op[129-512-dtype7] PASSED       [  9%]
tests/ops/test_argreduce.py::test_argmin_non_contiguous[128-512-dtype0] PASSED [  9%]
tests/ops/test_argreduce.py::test_argmin_non_contiguous[128-512-dtype1] PASSED [  9%]
tests/ops/test_argreduce.py::test_argmin_3d[2-64-512-dtype0] PASSED      [  9%]
tests/ops/test_argreduce.py::test_argmin_3d[2-64-512-dtype1] PASSED      [  9%]
tests/ops/test_argreduce.py::test_argmin_4d[2-4-8-512-dtype0] PASSED     [  9%]
tests/ops/test_argreduce.py::test_argmin_4d[2-4-8-512-dtype1] PASSED     [  9%]
tests/ops/test_argreduce.py::test_argmin_1d[512-dtype0] PASSED           [  9%]
tests/ops/test_argreduce.py::test_argmin_1d[512-dtype1] PASSED           [  9%]
tests/ops/test_argreduce.py::test_argmin_1d[512-dtype2] PASSED           [ 10%]
tests/ops/test_batch_norm.py::test_batch_norm_fwd[32-64-spatial0-dtype0-True] PASSED [ 10%]
tests/ops/test_batch_norm.py::test_batch_norm_fwd[32-64-spatial1-dtype1-False] PASSED [ 10%]
tests/ops/test_batch_norm.py::test_batch_norm_fwd[32-256-spatial2-dtype2-True] PASSED [ 10%]
tests/ops/test_batch_norm.py::test_batch_norm_fwd[16-64-spatial3-dtype3-True] PASSED [ 10%]
tests/ops/test_batch_norm.py::test_batch_norm_fwd[4-64-spatial4-dtype4-True] PASSED [ 10%]
tests/ops/test_batch_norm.py::test_batch_norm_fwd[8-64-spatial5-dtype5-True] PASSED [ 10%]
tests/ops/test_batch_norm.py::test_batch_norm_fwd[8-64-spatial6-dtype6-False] PASSED [ 10%]
tests/ops/test_batch_norm.py::test_batch_norm_fwd[4-128-spatial7-dtype7-True] PASSED [ 10%]
tests/ops/test_batch_norm.py::test_batch_norm_fwd[8-64-spatial8-dtype8-True] PASSED [ 10%]
tests/ops/test_batch_norm.py::test_batch_norm_fwd[8-64-spatial9-dtype9-True] PASSED [ 10%]
tests/ops/test_batch_norm.py::test_batch_norm_bwd[32-64-spatial0-dtype0] PASSED [ 11%]
tests/ops/test_batch_norm.py::test_batch_norm_bwd[8-64-spatial1-dtype1] PASSED [ 11%]
tests/ops/test_batch_norm.py::test_batch_norm_bwd[4-128-spatial2-dtype2] PASSED [ 11%]
tests/ops/test_batch_norm.py::test_batch_norm_bwd[4-64-spatial3-dtype3] PASSED [ 11%]
tests/ops/test_batch_norm.py::test_batch_norm_bwd[8-64-spatial4-dtype4] PASSED [ 11%]
tests/ops/test_batch_norm.py::test_batch_norm_bwd[8-64-spatial5-dtype5] PASSED [ 11%]
tests/ops/test_binary_arith.py::test_coalesce_broadcast_dims[a_shape0-b_shape0-1] PASSED [ 11%]
tests/ops/test_binary_arith.py::test_coalesce_broadcast_dims[a_shape1-b_shape1-2] PASSED [ 11%]
tests/ops/test_binary_arith.py::test_coalesce_broadcast_dims[a_shape2-b_shape2-2] PASSED [ 11%]
tests/ops/test_binary_arith.py::test_coalesce_broadcast_dims[a_shape3-b_shape3-1] PASSED [ 11%]
tests/ops/test_binary_arith.py::test_coalesce_broadcast_dims[a_shape4-b_shape4-3] PASSED [ 11%]
tests/ops/test_binary_arith.py::test_coalesce_broadcast_dims[a_shape5-b_shape5-2] PASSED [ 12%]
tests/ops/test_binary_arith.py::test_coalesce_broadcast_dims[a_shape6-b_shape6-1] PASSED [ 12%]
tests/ops/test_binary_arith.py::test_coalesce_broadcast_dims[a_shape7-b_shape7-1] PASSED [ 12%]
tests/ops/test_binary_arith.py::test_add_same_shape[4096-dtype0] PASSED  [ 12%]
tests/ops/test_binary_arith.py::test_add_same_shape[16384-dtype1] PASSED [ 12%]
tests/ops/test_binary_arith.py::test_add_same_shape[16384-dtype2] PASSED [ 12%]
tests/ops/test_binary_arith.py::test_add_same_shape[16384-dtype3] PASSED [ 12%]
tests/ops/test_binary_arith.py::test_add_broadcast[a_shape0-b_shape0-dtype0] PASSED [ 12%]
tests/ops/test_binary_arith.py::test_add_broadcast[a_shape1-b_shape1-dtype1] PASSED [ 12%]
tests/ops/test_binary_arith.py::test_add_broadcast[a_shape2-b_shape2-dtype2] PASSED [ 12%]
tests/ops/test_binary_arith.py::test_add_broadcast[a_shape3-b_shape3-dtype3] PASSED [ 12%]
tests/ops/test_binary_arith.py::test_binary_arith_broadcast[sub-SubOp-<lambda>-<lambda>-<lambda>-a_shape0-b_shape0] PASSED [ 12%]
tests/ops/test_binary_arith.py::test_binary_arith_broadcast[sub-SubOp-<lambda>-<lambda>-<lambda>-a_shape1-b_shape1] PASSED [ 13%]
tests/ops/test_binary_arith.py::test_binary_arith_broadcast[sub-SubOp-<lambda>-<lambda>-<lambda>-a_shape2-b_shape2] PASSED [ 13%]
tests/ops/test_binary_arith.py::test_binary_arith_broadcast[mul-MulOp-<lambda>-<lambda>-<lambda>-a_shape3-b_shape3] PASSED [ 13%]
tests/ops/test_binary_arith.py::test_binary_arith_broadcast[mul-MulOp-<lambda>-<lambda>-<lambda>-a_shape4-b_shape4] PASSED [ 13%]
tests/ops/test_binary_arith.py::test_binary_arith_broadcast[mul-MulOp-<lambda>-<lambda>-<lambda>-a_shape5-b_shape5] PASSED [ 13%]
tests/ops/test_binary_arith.py::test_binary_arith_broadcast[div-DivOp-<lambda>-<lambda>-<lambda>-a_shape6-b_shape6] PASSED [ 13%]
tests/ops/test_binary_arith.py::test_binary_arith_broadcast[div-DivOp-<lambda>-<lambda>-<lambda>-a_shape7-b_shape7] PASSED [ 13%]
tests/ops/test_binary_arith.py::test_binary_arith_broadcast[div-DivOp-<lambda>-<lambda>-<lambda>-a_shape8-b_shape8] PASSED [ 13%]
tests/ops/test_binary_arith.py::test_binary_arith_broadcast[remainder-RemainderOp-<lambda>-<lambda>-<lambda>-a_shape9-b_shape9] PASSED [ 13%]
tests/ops/test_binary_arith.py::test_binary_arith_broadcast[remainder-RemainderOp-<lambda>-<lambda>-<lambda>-a_shape10-b_shape10] PASSED [ 13%]
tests/ops/test_binary_arith.py::test_binary_arith_broadcast[remainder-RemainderOp-<lambda>-<lambda>-<lambda>-a_shape11-b_shape11] PASSED [ 13%]
tests/ops/test_binary_arith.py::test_binary_arith_broadcast[pow-PowOp-<lambda>-<lambda>-<lambda>-a_shape12-b_shape12] PASSED [ 14%]
tests/ops/test_binary_arith.py::test_binary_arith_broadcast[pow-PowOp-<lambda>-<lambda>-<lambda>-a_shape13-b_shape13] PASSED [ 14%]
tests/ops/test_binary_arith.py::test_binary_arith_broadcast[pow-PowOp-<lambda>-<lambda>-<lambda>-a_shape14-b_shape14] PASSED [ 14%]
tests/ops/test_binary_arith.py::test_binary_arith_broadcast[floor_divide-FloorDivideOp-<lambda>-<lambda>-<lambda>-a_shape15-b_shape15] PASSED [ 14%]
tests/ops/test_binary_arith.py::test_binary_arith_broadcast[floor_divide-FloorDivideOp-<lambda>-<lambda>-<lambda>-a_shape16-b_shape16] PASSED [ 14%]
tests/ops/test_binary_arith.py::test_binary_arith_broadcast[floor_divide-FloorDivideOp-<lambda>-<lambda>-<lambda>-a_shape17-b_shape17] PASSED [ 14%]
tests/ops/test_binary_arith.py::test_binary_arith_broadcast[lerp-LerpOp-<lambda>-<lambda>-<lambda>-a_shape18-b_shape18] PASSED [ 14%]
tests/ops/test_binary_arith.py::test_binary_arith_broadcast[lerp-LerpOp-<lambda>-<lambda>-<lambda>-a_shape19-b_shape19] PASSED [ 14%]
tests/ops/test_binary_arith.py::test_binary_arith_broadcast[lerp-LerpOp-<lambda>-<lambda>-<lambda>-a_shape20-b_shape20] PASSED [ 14%]
tests/ops/test_binary_arith.py::test_binary_arith_broadcast[maximum-MaximumOp-<lambda>-<lambda>-<lambda>-a_shape21-b_shape21] PASSED [ 14%]
tests/ops/test_binary_arith.py::test_binary_arith_broadcast[maximum-MaximumOp-<lambda>-<lambda>-<lambda>-a_shape22-b_shape22] PASSED [ 14%]
tests/ops/test_binary_arith.py::test_binary_arith_broadcast[maximum-MaximumOp-<lambda>-<lambda>-<lambda>-a_shape23-b_shape23] PASSED [ 15%]
tests/ops/test_binary_arith.py::test_binary_arith_broadcast[minimum-MinimumOp-<lambda>-<lambda>-<lambda>-a_shape24-b_shape24] PASSED [ 15%]
tests/ops/test_binary_arith.py::test_binary_arith_broadcast[minimum-MinimumOp-<lambda>-<lambda>-<lambda>-a_shape25-b_shape25] PASSED [ 15%]
tests/ops/test_binary_arith.py::test_binary_arith_broadcast[minimum-MinimumOp-<lambda>-<lambda>-<lambda>-a_shape26-b_shape26] PASSED [ 15%]
tests/ops/test_binary_arith.py::test_add_strategies[4096-dtype0-direct] PASSED [ 15%]
tests/ops/test_binary_arith.py::test_add_strategies[16384-dtype1-explicit_parallel] PASSED [ 15%]
tests/ops/test_binary_arith.py::test_sub_op[4096-dtype0] PASSED          [ 15%]
tests/ops/test_binary_arith.py::test_sub_op[16384-dtype1] PASSED         [ 15%]
tests/ops/test_binary_arith.py::test_sub_op[16384-dtype2] PASSED         [ 15%]
tests/ops/test_binary_arith.py::test_mul_op[4096-dtype0] PASSED          [ 15%]
tests/ops/test_binary_arith.py::test_mul_op[16384-dtype1] PASSED         [ 15%]
tests/ops/test_binary_arith.py::test_mul_op[16384-dtype2] PASSED         [ 15%]
tests/ops/test_binary_arith.py::test_div_op[4096-dtype0] PASSED          [ 16%]
tests/ops/test_binary_arith.py::test_div_op[16384-dtype1] PASSED         [ 16%]
tests/ops/test_binary_arith.py::test_div_op[16384-dtype2] PASSED         [ 16%]
tests/ops/test_binary_arith.py::test_remainder_op[4096-dtype0] PASSED    [ 16%]
tests/ops/test_binary_arith.py::test_remainder_op[16384-dtype1] PASSED   [ 16%]
tests/ops/test_binary_arith.py::test_remainder_op[16384-dtype2] PASSED   [ 16%]
tests/ops/test_binary_arith.py::test_pow_op[4096-dtype0] PASSED          [ 16%]
tests/ops/test_binary_arith.py::test_pow_op[16384-dtype1] PASSED         [ 16%]
tests/ops/test_binary_arith.py::test_pow_op[16384-dtype2] PASSED         [ 16%]
tests/ops/test_binary_arith.py::test_floor_divide_op[4096-dtype0] PASSED [ 16%]
tests/ops/test_binary_arith.py::test_floor_divide_op[16384-dtype1] PASSED [ 16%]
tests/ops/test_binary_arith.py::test_floor_divide_op[16384-dtype2] PASSED [ 17%]
tests/ops/test_binary_arith.py::test_lerp_op[4096-dtype0] PASSED         [ 17%]
tests/ops/test_binary_arith.py::test_lerp_op[16384-dtype1] PASSED        [ 17%]
tests/ops/test_binary_arith.py::test_lerp_op[16384-dtype2] PASSED        [ 17%]
tests/ops/test_binary_arith.py::test_maximum_op[4096-dtype0] PASSED      [ 17%]
tests/ops/test_binary_arith.py::test_maximum_op[16384-dtype1] PASSED     [ 17%]
tests/ops/test_binary_arith.py::test_maximum_op[16384-dtype2] PASSED     [ 17%]
tests/ops/test_binary_arith.py::test_minimum_op[4096-dtype0] PASSED      [ 17%]
tests/ops/test_binary_arith.py::test_minimum_op[16384-dtype1] PASSED     [ 17%]
tests/ops/test_binary_arith.py::test_minimum_op[16384-dtype2] PASSED     [ 17%]
tests/ops/test_binary_arith.py::test_maximum_nan_propagation[dtype0] PASSED [ 17%]
tests/ops/test_binary_arith.py::test_maximum_nan_propagation[dtype1] PASSED [ 18%]
tests/ops/test_binary_arith.py::test_minimum_nan_propagation[dtype0] PASSED [ 18%]
tests/ops/test_binary_arith.py::test_minimum_nan_propagation[dtype1] PASSED [ 18%]
tests/ops/test_binary_arith.py::test_binary_arith_edge_cases[DivOp-<lambda>-<lambda>] PASSED [ 18%]
tests/ops/test_binary_arith.py::test_binary_arith_edge_cases[RemainderOp-<lambda>-<lambda>] PASSED [ 18%]
tests/ops/test_binary_arith.py::test_binary_arith_edge_cases[FloorDivideOp-<lambda>-<lambda>] PASSED [ 18%]
tests/ops/test_binary_arith.py::test_binary_arith_edge_cases[PowOp-<lambda>-<lambda>] PASSED [ 18%]
tests/ops/test_binary_arith.py::test_binary_arith_edge_cases[MaximumOp-<lambda>-<lambda>] PASSED [ 18%]
tests/ops/test_binary_arith.py::test_float_only_binary_ops_reject_integer_dtype[DivOp-dtype0] PASSED [ 18%]
tests/ops/test_binary_arith.py::test_float_only_binary_ops_reject_integer_dtype[RemainderOp-dtype1] PASSED [ 18%]
tests/ops/test_binary_arith.py::test_float_only_binary_ops_reject_integer_dtype[PowOp-dtype2] PASSED [ 18%]
tests/ops/test_binary_arith.py::test_float_only_binary_ops_reject_integer_dtype[FloorDivideOp-dtype3] PASSED [ 18%]
tests/ops/test_binary_arith.py::test_float_only_binary_ops_reject_integer_dtype[LerpOp-dtype4] PASSED [ 19%]
tests/ops/test_binary_arith.py::test_float_only_binary_ops_reject_integer_dtype[MaximumOp-dtype5] PASSED [ 19%]
tests/ops/test_binary_arith.py::test_float_only_binary_ops_reject_integer_dtype[MinimumOp-dtype6] PASSED [ 19%]
tests/ops/test_binary_arith.py::test_binary_op_rejects_runtime_dtype_mismatch PASSED [ 19%]
tests/ops/test_bitwise.py::test_bitwise_and_op[4096] PASSED              [ 19%]
tests/ops/test_bitwise.py::test_bitwise_and_op[16384] PASSED             [ 19%]
tests/ops/test_bitwise.py::test_bitwise_or_op[4096] PASSED               [ 19%]
tests/ops/test_bitwise.py::test_bitwise_or_op[16384] PASSED              [ 19%]
tests/ops/test_bitwise.py::test_bitwise_xor_op[4096] PASSED              [ 19%]
tests/ops/test_bitwise.py::test_bitwise_xor_op[16384] PASSED             [ 19%]
tests/ops/test_bitwise.py::test_bitwise_broadcast[bitwise_and-BitwiseAndOp-bitwise_and-a_shape0-b_shape0] PASSED [ 19%]
tests/ops/test_bitwise.py::test_bitwise_broadcast[bitwise_and-BitwiseAndOp-bitwise_and-a_shape1-b_shape1] PASSED [ 20%]
tests/ops/test_bitwise.py::test_bitwise_broadcast[bitwise_and-BitwiseAndOp-bitwise_and-a_shape2-b_shape2] PASSED [ 20%]
tests/ops/test_bitwise.py::test_bitwise_broadcast[bitwise_or-BitwiseOrOp-bitwise_or-a_shape3-b_shape3] PASSED [ 20%]
tests/ops/test_bitwise.py::test_bitwise_broadcast[bitwise_or-BitwiseOrOp-bitwise_or-a_shape4-b_shape4] PASSED [ 20%]
tests/ops/test_bitwise.py::test_bitwise_broadcast[bitwise_or-BitwiseOrOp-bitwise_or-a_shape5-b_shape5] PASSED [ 20%]
tests/ops/test_bitwise.py::test_bitwise_broadcast[bitwise_xor-BitwiseXorOp-bitwise_xor-a_shape6-b_shape6] PASSED [ 20%]
tests/ops/test_bitwise.py::test_bitwise_broadcast[bitwise_xor-BitwiseXorOp-bitwise_xor-a_shape7-b_shape7] PASSED [ 20%]
tests/ops/test_bitwise.py::test_bitwise_broadcast[bitwise_xor-BitwiseXorOp-bitwise_xor-a_shape8-b_shape8] PASSED [ 20%]
tests/ops/test_bitwise.py::test_bitwise_not[1048576-dtype0] PASSED       [ 20%]
tests/ops/test_bitwise.py::test_bitwise_not[1048576-dtype1] PASSED       [ 20%]
tests/ops/test_bitwise.py::test_bitwise_not[1048576-dtype2] PASSED       [ 20%]
tests/ops/test_bitwise.py::test_bitwise_not[1048576-dtype3] PASSED       [ 21%]
tests/ops/test_bitwise.py::test_bitwise_not[1048576-dtype4] PASSED       [ 21%]
tests/ops/test_bitwise.py::test_bitwise_not[1048576-dtype5] PASSED       [ 21%]
tests/ops/test_bitwise.py::test_bitwise_not_rejects_float_dtype[dtype0] PASSED [ 21%]
tests/ops/test_bitwise.py::test_bitwise_not_rejects_float_dtype[dtype1] PASSED [ 21%]
tests/ops/test_bitwise.py::test_bitwise_not_rejects_float_dtype[dtype2] PASSED [ 21%]
tests/ops/test_bitwise.py::test_bitwise_binary_rejects_float_dtype[BitwiseAndOp-dtype0] PASSED [ 21%]
tests/ops/test_bitwise.py::test_bitwise_binary_rejects_float_dtype[BitwiseOrOp-dtype1] PASSED [ 21%]
tests/ops/test_bitwise.py::test_bitwise_binary_rejects_float_dtype[BitwiseXorOp-dtype2] PASSED [ 21%]
tests/ops/test_bitwise.py::test_bitwise_binary_rejects_float_dtype[BitwiseAndOp-dtype3] PASSED [ 21%]
tests/ops/test_bitwise.py::test_bitwise_binary_rejects_float_dtype[BitwiseAndOp-dtype4] PASSED [ 21%]
tests/ops/test_comparison.py::test_eq_op[4096-dtype0] PASSED             [ 21%]
tests/ops/test_comparison.py::test_eq_op[16384-dtype1] PASSED            [ 22%]
tests/ops/test_comparison.py::test_eq_op[16384-dtype2] PASSED            [ 22%]
tests/ops/test_comparison.py::test_ne_op[4096-dtype0] PASSED             [ 22%]
tests/ops/test_comparison.py::test_ne_op[16384-dtype1] PASSED            [ 22%]
tests/ops/test_comparison.py::test_ne_op[16384-dtype2] PASSED            [ 22%]
tests/ops/test_comparison.py::test_gt_op[4096-dtype0] PASSED             [ 22%]
tests/ops/test_comparison.py::test_gt_op[16384-dtype1] PASSED            [ 22%]
tests/ops/test_comparison.py::test_gt_op[16384-dtype2] PASSED            [ 22%]
tests/ops/test_comparison.py::test_lt_op[4096-dtype0] PASSED             [ 22%]
tests/ops/test_comparison.py::test_lt_op[16384-dtype1] PASSED            [ 22%]
tests/ops/test_comparison.py::test_lt_op[16384-dtype2] PASSED            [ 22%]
tests/ops/test_comparison.py::test_ge_op[4096-dtype0] PASSED             [ 23%]
tests/ops/test_comparison.py::test_ge_op[16384-dtype1] PASSED            [ 23%]
tests/ops/test_comparison.py::test_ge_op[16384-dtype2] PASSED            [ 23%]
tests/ops/test_comparison.py::test_le_op[4096-dtype0] PASSED             [ 23%]
tests/ops/test_comparison.py::test_le_op[16384-dtype1] PASSED            [ 23%]
tests/ops/test_comparison.py::test_le_op[16384-dtype2] PASSED            [ 23%]
tests/ops/test_comparison.py::test_comparison_broadcast[eq-EqOp-eq-a_shape0-b_shape0] PASSED [ 23%]
tests/ops/test_comparison.py::test_comparison_broadcast[eq-EqOp-eq-a_shape1-b_shape1] PASSED [ 23%]
tests/ops/test_comparison.py::test_comparison_broadcast[eq-EqOp-eq-a_shape2-b_shape2] PASSED [ 23%]
tests/ops/test_comparison.py::test_comparison_broadcast[ne-NeOp-ne-a_shape3-b_shape3] PASSED [ 23%]
tests/ops/test_comparison.py::test_comparison_broadcast[ne-NeOp-ne-a_shape4-b_shape4] PASSED [ 23%]
tests/ops/test_comparison.py::test_comparison_broadcast[ne-NeOp-ne-a_shape5-b_shape5] PASSED [ 24%]
tests/ops/test_comparison.py::test_comparison_broadcast[gt-GtOp-gt-a_shape6-b_shape6] PASSED [ 24%]
tests/ops/test_comparison.py::test_comparison_broadcast[gt-GtOp-gt-a_shape7-b_shape7] PASSED [ 24%]
tests/ops/test_comparison.py::test_comparison_broadcast[gt-GtOp-gt-a_shape8-b_shape8] PASSED [ 24%]
tests/ops/test_comparison.py::test_comparison_broadcast[lt-LtOp-lt-a_shape9-b_shape9] PASSED [ 24%]
tests/ops/test_comparison.py::test_comparison_broadcast[lt-LtOp-lt-a_shape10-b_shape10] PASSED [ 24%]
tests/ops/test_comparison.py::test_comparison_broadcast[lt-LtOp-lt-a_shape11-b_shape11] PASSED [ 24%]
tests/ops/test_comparison.py::test_comparison_broadcast[ge-GeOp-ge-a_shape12-b_shape12] PASSED [ 24%]
tests/ops/test_comparison.py::test_comparison_broadcast[ge-GeOp-ge-a_shape13-b_shape13] PASSED [ 24%]
tests/ops/test_comparison.py::test_comparison_broadcast[ge-GeOp-ge-a_shape14-b_shape14] PASSED [ 24%]
tests/ops/test_comparison.py::test_comparison_broadcast[le-LeOp-le-a_shape15-b_shape15] PASSED [ 24%]
tests/ops/test_comparison.py::test_comparison_broadcast[le-LeOp-le-a_shape16-b_shape16] PASSED [ 25%]
tests/ops/test_comparison.py::test_comparison_broadcast[le-LeOp-le-a_shape17-b_shape17] PASSED [ 25%]
tests/ops/test_comparison.py::test_eq_edge_case[4096-dtype0] PASSED      [ 25%]
tests/ops/test_comparison.py::test_comparison_rejects_integer_dtype[EqOp-dtype0] PASSED [ 25%]
tests/ops/test_comparison.py::test_comparison_rejects_integer_dtype[NeOp-dtype1] PASSED [ 25%]
tests/ops/test_comparison.py::test_comparison_rejects_integer_dtype[GtOp-dtype2] PASSED [ 25%]
tests/ops/test_comparison.py::test_comparison_rejects_integer_dtype[LtOp-dtype3] PASSED [ 25%]
tests/ops/test_comparison.py::test_comparison_rejects_integer_dtype[GeOp-dtype4] PASSED [ 25%]
tests/ops/test_comparison.py::test_comparison_rejects_integer_dtype[LeOp-dtype5] PASSED [ 25%]
tests/ops/test_comparison.py::test_comparison_rejects_integer_dtype[EqOp-dtype6] PASSED [ 25%]
tests/ops/test_cumulative.py::test_cumsum_op[128-512-dtype0] PASSED      [ 25%]
tests/ops/test_cumulative.py::test_cumsum_op[128-512-dtype1] PASSED      [ 25%]
tests/ops/test_cumulative.py::test_cumsum_op[128-512-dtype2] PASSED      [ 26%]
tests/ops/test_cumulative.py::test_cumsum_op[256-4096-dtype3] PASSED     [ 26%]
tests/ops/test_cumulative.py::test_cumsum_op[256-4096-dtype4] PASSED     [ 26%]
tests/ops/test_cumulative.py::test_cumsum_op[128-300-dtype5] PASSED      [ 26%]
tests/ops/test_cumulative.py::test_cumsum_op[128-300-dtype6] PASSED      [ 26%]
tests/ops/test_cumulative.py::test_cumsum_op[129-512-dtype7] PASSED      [ 26%]
tests/ops/test_cumulative.py::test_cumsum_non_contiguous[128-512-dtype0] PASSED [ 26%]
tests/ops/test_cumulative.py::test_cumsum_non_contiguous[128-512-dtype1] PASSED [ 26%]
tests/ops/test_cumulative.py::test_cumsum_3d[2-64-512-dtype0] PASSED     [ 26%]
tests/ops/test_cumulative.py::test_cumsum_3d[2-64-512-dtype1] PASSED     [ 26%]
tests/ops/test_cumulative.py::test_cumsum_4d[2-4-8-512-dtype0] PASSED    [ 26%]
tests/ops/test_cumulative.py::test_cumsum_4d[2-4-8-512-dtype1] PASSED    [ 27%]
tests/ops/test_cumulative.py::test_cumsum_1d[512-dtype0] PASSED          [ 27%]
tests/ops/test_cumulative.py::test_cumsum_1d[512-dtype1] PASSED          [ 27%]
tests/ops/test_cumulative.py::test_cumsum_1d[512-dtype2] PASSED          [ 27%]
tests/ops/test_cumulative.py::test_cumprod_op[128-512-dtype0] PASSED     [ 27%]
tests/ops/test_cumulative.py::test_cumprod_op[128-512-dtype1] PASSED     [ 27%]
tests/ops/test_cumulative.py::test_cumprod_op[128-512-dtype2] PASSED     [ 27%]
tests/ops/test_cumulative.py::test_cumprod_op[256-4096-dtype3] PASSED    [ 27%]
tests/ops/test_cumulative.py::test_cumprod_op[256-4096-dtype4] PASSED    [ 27%]
tests/ops/test_cumulative.py::test_cumprod_op[128-300-dtype5] PASSED     [ 27%]
tests/ops/test_cumulative.py::test_cumprod_op[128-300-dtype6] PASSED     [ 27%]
tests/ops/test_cumulative.py::test_cumprod_op[129-512-dtype7] PASSED     [ 28%]
tests/ops/test_cumulative.py::test_cumprod_non_contiguous[128-512-dtype0] PASSED [ 28%]
tests/ops/test_cumulative.py::test_cumprod_non_contiguous[128-512-dtype1] PASSED [ 28%]
tests/ops/test_cumulative.py::test_cumprod_3d[2-64-512-dtype0] PASSED    [ 28%]
tests/ops/test_cumulative.py::test_cumprod_3d[2-64-512-dtype1] PASSED    [ 28%]
tests/ops/test_cumulative.py::test_cumprod_4d[2-4-8-512-dtype0] PASSED   [ 28%]
tests/ops/test_cumulative.py::test_cumprod_4d[2-4-8-512-dtype1] PASSED   [ 28%]
tests/ops/test_cumulative.py::test_cumprod_1d[512-dtype0] PASSED         [ 28%]
tests/ops/test_cumulative.py::test_cumprod_1d[512-dtype1] PASSED         [ 28%]
tests/ops/test_cumulative.py::test_cumprod_1d[512-dtype2] PASSED         [ 28%]
tests/ops/test_deepseek_dsa_decode.py::test_sparse_mla_decode[1-128-1024-2048-512-64-2048-1-1-1024-None-dtype0-False] PASSED [ 28%]
tests/ops/test_deepseek_mla_decode.py::test_mla_decode[32-128-1-8192-512-64-dtype0-False] PASSED [ 28%]
tests/ops/test_deepseek_nsa_cmp_fwd.py::test_nsa_cmp_fwd_varlen_op[9-8192-32-128-128-16-0.08838834764831845-32-32-128-128-dtype0-accum_dtype0-False] PASSED [ 29%]
tests/ops/test_deepseek_nsa_fwd.py::test_nsa_varlen_op[1-16-1024-64-True-0.1-32-16-1-dtype0-accum_dtype0-False] PASSED [ 29%]
tests/ops/test_deepseek_nsa_fwd.py::test_nsa_varlen_op[4-16-8192-64-True-0.1-32-16-1-dtype1-accum_dtype1-False] PASSED [ 29%]
tests/ops/test_deepseek_nsa_fwd.py::test_nsa_varlen_op[2-16-8192-64-True-0.1-32-16-4-dtype2-accum_dtype2-False] PASSED [ 29%]
tests/ops/test_deepseek_nsa_topk.py::test_nsa_topk_varlen_op[5-1024-32-128-16-1-16-32-32-128-dtype0-accum_dtype0-False] PASSED [ 29%]
tests/ops/test_deepseek_nsa_topk.py::test_nsa_topk_varlen_op[3-512-32-128-16-1-16-32-32-128-dtype1-accum_dtype1-False] PASSED [ 29%]
tests/ops/test_engram_bwd.py::test_engram_gate_conv_bwd[1-32-256-dtype0-False] PASSED [ 29%]
tests/ops/test_engram_bwd.py::test_engram_gate_conv_bwd[2-64-512-dtype1-False] PASSED [ 29%]
tests/ops/test_engram_bwd.py::test_engram_gate_conv_bwd[1-128-256-dtype2-False] PASSED [ 29%]
tests/ops/test_engram_bwd.py::test_engram_gate_conv_bwd[2-16-256-dtype3-False] PASSED [ 29%]
tests/ops/test_engram_decode.py::test_engram_decode[1-512-256-12-4-3-dtype0-False] PASSED [ 29%]
tests/ops/test_engram_decode.py::test_engram_decode[4-1024-512-20-4-5-dtype1-False] PASSED [ 30%]
tests/ops/test_engram_decode.py::test_engram_decode[1-256-256-9-4-3-dtype2-False] PASSED [ 30%]
tests/ops/test_engram_decode.py::test_engram_decode[8-512-256-18-4-3-dtype3-False] PASSED [ 30%]
tests/ops/test_engram_decode.py::test_engram_decode_multi_step PASSED    [ 30%]
tests/ops/test_engram_fwd.py::test_engram_gate_conv_fwd[1-32-256-dtype0-False] PASSED [ 30%]
tests/ops/test_engram_fwd.py::test_engram_gate_conv_fwd[2-64-512-dtype1-False] PASSED [ 30%]
tests/ops/test_engram_fwd.py::test_engram_gate_conv_fwd[1-128-256-dtype2-False] PASSED [ 30%]
tests/ops/test_engram_fwd.py::test_engram_gate_conv_fwd[2-16-256-dtype3-False] PASSED [ 30%]
tests/ops/test_fft.py::test_fft_c2c[64-dtype0-False] PASSED              [ 30%]
tests/ops/test_fft.py::test_fft_c2c[128-dtype1-False] PASSED             [ 30%]
tests/ops/test_fft.py::test_fft_c2c[256-dtype2-False] PASSED             [ 30%]
tests/ops/test_fft.py::test_fft_c2c[512-dtype3-False] PASSED             [ 31%]
tests/ops/test_fft.py::test_fft_c2c[1024-dtype4-False] PASSED            [ 31%]
tests/ops/test_fft.py::test_fft_c2c[64-dtype5-False] PASSED              [ 31%]
tests/ops/test_fft.py::test_fft_c2c[128-dtype6-False] PASSED             [ 31%]
tests/ops/test_fft_lut.py::test_fft_c2c_lut[64-dtype0-False] PASSED      [ 31%]
tests/ops/test_fft_lut.py::test_fft_c2c_lut[128-dtype1-False] PASSED     [ 31%]
tests/ops/test_fft_lut.py::test_fft_c2c_lut[256-dtype2-False] PASSED     [ 31%]
tests/ops/test_fft_lut.py::test_fft_c2c_lut[512-dtype3-False] PASSED     [ 31%]
tests/ops/test_fft_lut.py::test_fft_c2c_lut[1024-dtype4-False] PASSED    [ 31%]
tests/ops/test_fft_lut.py::test_fft_c2c_lut[64-dtype5-False] PASSED      [ 31%]
tests/ops/test_fft_lut.py::test_fft_c2c_lut[128-dtype6-False] PASSED     [ 31%]
tests/ops/test_fp8_lighting_indexer.py::test_indexer[1-4096-32-64-8192-1-True-None-False] PASSED [ 31%]
tests/ops/test_fp8_quant.py::test_fp8_quant_op[1-8192-1-64-in_dtype0-False] PASSED [ 32%]
tests/ops/test_fp8_quant.py::test_fp8_quant_op[1-8192-1-64-in_dtype1-False] PASSED [ 32%]
tests/ops/test_fp8_quant.py::test_fp8_quant_op[1-4096-1-128-in_dtype2-False] PASSED [ 32%]
tests/ops/test_fp8_quant.py::test_fp8_quant_op[1-16384-1-32-in_dtype3-False] PASSED [ 32%]
tests/ops/test_fp8_quant.py::test_fp8_quant_op[1-1024-4-64-in_dtype4-False] PASSED [ 32%]
tests/ops/test_fused_add_layer_norm.py::test_fused_add_layer_norm_op[1024-4096-dtype0-False] PASSED [ 32%]
tests/ops/test_fused_add_layer_norm.py::test_fused_add_layer_norm_op[4096-4096-dtype1-False] PASSED [ 32%]
tests/ops/test_fused_add_layer_norm.py::test_fused_add_layer_norm_op[1024-4096-dtype2-False] PASSED [ 32%]
tests/ops/test_fused_add_layer_norm.py::test_fused_add_layer_norm_op[4096-4096-dtype3-False] PASSED [ 32%]
tests/ops/test_fused_add_layer_norm.py::test_fused_add_layer_norm_op[1024-4096-dtype4-False] PASSED [ 32%]
tests/ops/test_fused_add_layer_norm.py::test_fused_add_layer_norm_op[4096-4096-dtype5-False] PASSED [ 32%]
tests/ops/test_fused_add_layer_norm.py::test_fused_add_layer_norm_op[1024-3000-dtype6-False] PASSED [ 33%]
tests/ops/test_fused_add_layer_norm.py::test_fused_add_layer_norm_op[1024-3000-dtype7-False] PASSED [ 33%]
tests/ops/test_fused_add_layer_norm.py::test_fused_add_layer_norm_op[1024-3000-dtype8-False] PASSED [ 33%]
tests/ops/test_fused_add_layer_norm.py::test_fused_add_layer_norm_op[1025-4096-dtype9-False] PASSED [ 33%]
tests/ops/test_fused_add_layer_norm.py::test_fused_add_layer_norm_op[1025-4096-dtype10-False] PASSED [ 33%]
tests/ops/test_fused_add_layer_norm.py::test_fused_add_layer_norm_non_contiguous[1024-4096-dtype0] PASSED [ 33%]
tests/ops/test_fused_add_layer_norm.py::test_fused_add_layer_norm_non_contiguous[1024-4096-dtype1] PASSED [ 33%]
tests/ops/test_fused_add_layer_norm.py::test_fused_add_layer_norm_non_contiguous[1024-4096-dtype2] PASSED [ 33%]
tests/ops/test_fused_add_layer_norm.py::test_fused_add_layer_norm_3d[2-512-4096-dtype0] PASSED [ 33%]
tests/ops/test_fused_add_layer_norm.py::test_fused_add_layer_norm_3d[2-512-4096-dtype1] PASSED [ 33%]
tests/ops/test_fused_add_layer_norm.py::test_fused_add_layer_norm_3d[2-512-4096-dtype2] PASSED [ 33%]
tests/ops/test_fused_add_rmsnorm.py::test_fused_add_rmsnorm_op[1024-4096-dtype0-False] PASSED [ 34%]
tests/ops/test_fused_add_rmsnorm.py::test_fused_add_rmsnorm_op[4096-4096-dtype1-False] PASSED [ 34%]
tests/ops/test_fused_add_rmsnorm.py::test_fused_add_rmsnorm_op[1024-4096-dtype2-False] PASSED [ 34%]
tests/ops/test_fused_add_rmsnorm.py::test_fused_add_rmsnorm_op[4096-4096-dtype3-False] PASSED [ 34%]
tests/ops/test_fused_add_rmsnorm.py::test_fused_add_rmsnorm_op[1024-3000-dtype4-False] PASSED [ 34%]
tests/ops/test_fused_add_rmsnorm.py::test_fused_add_rmsnorm_op[1024-3000-dtype5-False] PASSED [ 34%]
tests/ops/test_fused_add_rmsnorm.py::test_fused_add_rmsnorm_op[2048-5120-dtype6-False] PASSED [ 34%]
tests/ops/test_fused_add_rmsnorm.py::test_fused_add_rmsnorm_op[2048-5120-dtype7-False] PASSED [ 34%]
tests/ops/test_fused_add_rmsnorm.py::test_fused_add_rmsnorm_op[1025-4096-dtype8-False] PASSED [ 34%]
tests/ops/test_fused_add_rmsnorm.py::test_fused_add_rmsnorm_op[1025-4096-dtype9-False] PASSED [ 34%]
tests/ops/test_fused_add_rmsnorm.py::test_fused_add_rmsnorm_non_contiguous[1024-4096-dtype0] PASSED [ 34%]
tests/ops/test_fused_add_rmsnorm.py::test_fused_add_rmsnorm_non_contiguous[1024-4096-dtype1] PASSED [ 34%]
tests/ops/test_fused_add_rmsnorm.py::test_fused_add_rmsnorm_3d[2-512-4096-dtype0] PASSED [ 35%]
tests/ops/test_fused_add_rmsnorm.py::test_fused_add_rmsnorm_3d[2-512-4096-dtype1] PASSED [ 35%]
tests/ops/test_fused_gated.py::test_silu_and_mul_op[1024-1024-dtype0] PASSED [ 35%]
tests/ops/test_fused_gated.py::test_silu_and_mul_op[1024-1024-dtype1] PASSED [ 35%]
tests/ops/test_fused_gated.py::test_silu_and_mul_op[1024-1024-dtype2] PASSED [ 35%]
tests/ops/test_fused_gated.py::test_silu_and_mul_op[2048-2048-dtype3] PASSED [ 35%]
tests/ops/test_fused_gated.py::test_silu_and_mul_op[2048-2048-dtype4] PASSED [ 35%]
tests/ops/test_fused_gated.py::test_gelu_and_mul_op[1024-1024-dtype0] PASSED [ 35%]
tests/ops/test_fused_gated.py::test_gelu_and_mul_op[1024-1024-dtype1] PASSED [ 35%]
tests/ops/test_fused_gated.py::test_gelu_and_mul_op[1024-1024-dtype2] PASSED [ 35%]
tests/ops/test_fused_gated.py::test_gelu_and_mul_op[2048-2048-dtype3] PASSED [ 35%]
tests/ops/test_fused_gated.py::test_gelu_tanh_and_mul_op[1024-1024-dtype0] PASSED [ 36%]
tests/ops/test_fused_gated.py::test_gelu_tanh_and_mul_op[1024-1024-dtype1] PASSED [ 36%]
tests/ops/test_fused_gated.py::test_gelu_tanh_and_mul_op[1024-1024-dtype2] PASSED [ 36%]
tests/ops/test_fused_gated.py::test_gelu_tanh_and_mul_op[2048-2048-dtype3] PASSED [ 36%]
tests/ops/test_fused_gated.py::test_fused_gated_rejects_integer_dtype PASSED [ 36%]
tests/ops/test_fused_gated.py::test_fused_gated_rejects_runtime_dtype_mismatch PASSED [ 36%]
tests/ops/test_gated_deltanet_bwd.py::test_gated_deltanet_bwd[2-64-2-64-64-32-dtype0-False] PASSED [ 36%]
tests/ops/test_gated_deltanet_bwd.py::test_gated_deltanet_bwd[1-128-4-64-64-32-dtype1-False] PASSED [ 36%]
tests/ops/test_gated_deltanet_bwd.py::test_gated_deltanet_bwd[2-64-2-64-64-32-dtype2-False] PASSED [ 36%]
tests/ops/test_gated_deltanet_bwd.py::test_gated_deltanet_bwd[1-128-4-64-64-32-dtype3-False] PASSED [ 36%]
tests/ops/test_gated_deltanet_bwd.py::test_gated_deltanet_bwd[2-64-2-64-64-32-dtype4-False] PASSED [ 36%]
tests/ops/test_gated_deltanet_bwd.py::test_gated_deltanet_bwd[1-128-4-64-64-32-dtype5-False] PASSED [ 37%]
tests/ops/test_gated_deltanet_decode.py::test_gated_deltanet_decode[1-4-64-64-dtype0-False] PASSED [ 37%]
tests/ops/test_gated_deltanet_decode.py::test_gated_deltanet_decode[2-8-64-64-dtype1-False] PASSED [ 37%]
tests/ops/test_gated_deltanet_decode.py::test_gated_deltanet_decode[2-4-128-128-dtype2-False] PASSED [ 37%]
tests/ops/test_gated_deltanet_decode.py::test_gated_deltanet_decode[1-4-64-64-dtype3-False] PASSED [ 37%]
tests/ops/test_gated_deltanet_decode.py::test_gated_deltanet_decode[2-8-64-64-dtype4-False] PASSED [ 37%]
tests/ops/test_gated_deltanet_decode.py::test_gated_deltanet_decode[1-4-64-64-dtype5-False] PASSED [ 37%]
tests/ops/test_gated_deltanet_decode.py::test_gated_deltanet_decode[2-8-64-64-dtype6-False] PASSED [ 37%]
tests/ops/test_gated_deltanet_decode.py::test_gated_deltanet_decode_multi_step[1-4-64-64-dtype0-False] PASSED [ 37%]
tests/ops/test_gated_deltanet_decode.py::test_gated_deltanet_decode_multi_step[2-8-64-64-dtype1-False] PASSED [ 37%]
tests/ops/test_gated_deltanet_decode.py::test_gated_deltanet_decode_multi_step[2-4-128-128-dtype2-False] PASSED [ 37%]
tests/ops/test_gated_deltanet_decode.py::test_gated_deltanet_decode_multi_step[1-4-64-64-dtype3-False] PASSED [ 37%]
tests/ops/test_gated_deltanet_decode.py::test_gated_deltanet_decode_multi_step[2-8-64-64-dtype4-False] PASSED [ 38%]
tests/ops/test_gated_deltanet_decode.py::test_gated_deltanet_decode_multi_step[1-4-64-64-dtype5-False] PASSED [ 38%]
tests/ops/test_gated_deltanet_decode.py::test_gated_deltanet_decode_multi_step[2-8-64-64-dtype6-False] PASSED [ 38%]
tests/ops/test_gated_deltanet_fwd.py::test_gated_deltanet_fwd[2-64-2-64-64-32-dtype0-False] PASSED [ 38%]
tests/ops/test_gated_deltanet_fwd.py::test_gated_deltanet_fwd[1-128-4-64-64-32-dtype1-False] PASSED [ 38%]
tests/ops/test_gated_deltanet_fwd.py::test_gated_deltanet_fwd[2-64-2-64-64-32-dtype2-False] PASSED [ 38%]
tests/ops/test_gated_deltanet_fwd.py::test_gated_deltanet_fwd[1-128-4-64-64-32-dtype3-False] PASSED [ 38%]
tests/ops/test_gated_deltanet_fwd.py::test_gated_deltanet_fwd[2-64-2-64-64-32-dtype4-False] PASSED [ 38%]
tests/ops/test_gated_deltanet_fwd.py::test_gated_deltanet_fwd[1-128-4-64-64-32-dtype5-False] PASSED [ 38%]
tests/ops/test_gated_deltanet_fwd.py::test_gated_deltanet_fwd[2-8192-4-64-64-64-dtype6-False] PASSED [ 38%]
tests/ops/test_gated_deltanet_fwd.py::test_gated_deltanet_fwd[2-16384-4-64-64-64-dtype7-False] PASSED [ 38%]
tests/ops/test_gemm.py::test_gemm[smoke-fp16-square] PASSED              [ 39%]
tests/ops/test_gemm.py::test_gemm[full-fp16-trans-b-small-m] PASSED      [ 39%]
tests/ops/test_gemm.py::test_gemm[full-fp16-tuned-wide] PASSED           [ 39%]
tests/ops/test_gemm.py::test_gemm[full-fp16-tuned-wide-alt] PASSED       [ 39%]
tests/ops/test_gemm.py::test_gemm[full-fp16-thin-n] PASSED               [ 39%]
tests/ops/test_gemm.py::test_gemm[full-fp16-tuned-thin-n] PASSED         [ 39%]
tests/ops/test_gemm.py::test_gemm[full-fp16-tuned-thin-n-alt] PASSED     [ 39%]
tests/ops/test_gemm.py::test_gemm[full-bf16-trans-b-small-m] PASSED      [ 39%]
tests/ops/test_gemm.py::test_gemm[full-bf16-tuned-wide] PASSED           [ 39%]
tests/ops/test_gemm.py::test_gemm[full-bf16-tuned-wide-alt] PASSED       [ 39%]
tests/ops/test_gemm.py::test_gemm[full-bf16-thin-n] PASSED               [ 39%]
tests/ops/test_gemm.py::test_gemm[full-bf16-tuned-thin-n] PASSED         [ 40%]
tests/ops/test_gemm.py::test_gemm[full-bf16-tuned-thin-n-alt] PASSED     [ 40%]
tests/ops/test_gemm.py::test_gemv_boundary_lhs_row[3000-1024-dtype0-False] PASSED [ 40%]
tests/ops/test_gemm.py::test_gemv_boundary_lhs_row[3000-1024-dtype1-False] PASSED [ 40%]
tests/ops/test_gemm.py::test_gemv_boundary_lhs_row[1024-3000-dtype2-False] PASSED [ 40%]
tests/ops/test_gemm.py::test_gemv_boundary_lhs_row[3000-1024-dtype3-False] PASSED [ 40%]
tests/ops/test_gemm.py::test_gemv_boundary_rhs_col[3000-1024-dtype0-False] PASSED [ 40%]
tests/ops/test_gemm.py::test_gemv_boundary_rhs_col[3000-1024-dtype1-False] PASSED [ 40%]
tests/ops/test_gemm.py::test_gemv_boundary_rhs_col[1024-3000-dtype2-False] PASSED [ 40%]
tests/ops/test_gemm.py::test_gemv_boundary_rhs_col[3000-1024-dtype3-False] PASSED [ 40%]
tests/ops/test_gqa.py::test_gqa_fwd[1-1024-8-4-64-False-dtype0-False] PASSED [ 40%]
tests/ops/test_gqa.py::test_gqa_fwd[4-2048-64-4-128-False-dtype1-False] PASSED [ 40%]
tests/ops/test_gqa.py::test_gqa_fwd[4-2048-64-4-128-False-dtype2-False] PASSED [ 41%]
tests/ops/test_gqa.py::test_gqa_bwd[1-1024-8-4-64-False-dtype0-False] PASSED [ 41%]
tests/ops/test_gqa.py::test_gqa_bwd[4-2048-64-4-128-False-dtype1-False] PASSED [ 41%]
tests/ops/test_gqa.py::test_gqa_bwd[4-2048-64-4-128-False-dtype2-False] PASSED [ 41%]
tests/ops/test_gqa_decode.py::test_gqa_decode[1-32-8-8192-128-dtype0-False] PASSED [ 41%]
tests/ops/test_gqa_decode.py::test_gqa_decode[4-32-4-4096-128-dtype1-False] PASSED [ 41%]
tests/ops/test_gqa_decode.py::test_gqa_decode[8-64-16-8192-128-dtype2-False] PASSED [ 41%]
tests/ops/test_gqa_decode_paged.py::test_gqa_decode_paged_op[1-16-8-512-128-128-dtype0-False] PASSED [ 41%]
tests/ops/test_gqa_decode_paged.py::test_gqa_decode_paged_op[2-8-4-1024-64-256-dtype1-False] PASSED [ 41%]
tests/ops/test_gqa_decode_paged.py::test_gqa_decode_paged_op[1-32-8-256-128-64-dtype2-False] PASSED [ 41%]
tests/ops/test_gqa_decode_paged.py::test_gqa_decode_paged_op[1-8-4-1024-64-256-dtype3-False] PASSED [ 41%]
tests/ops/test_gqa_decode_paged.py::test_gqa_decode_paged_op[2-16-8-512-128-128-dtype4-False] PASSED [ 42%]
tests/ops/test_gqa_decode_paged.py::test_gqa_decode_paged_op[1-16-4-2048-128-512-dtype5-False] PASSED [ 42%]
tests/ops/test_gqa_decode_paged.py::test_gqa_decode_paged_op[1-32-16-512-64-128-dtype6-False] PASSED [ 42%]
tests/ops/test_gqa_sliding_window_fwd.py::test_gqa_sliding_window_fwd_op[2-512-8-2-64-True--1--1-dtype0-False] PASSED [ 42%]
tests/ops/test_gqa_sliding_window_fwd.py::test_gqa_sliding_window_fwd_op[2-512-8-2-64-True-128--1-dtype1-False] PASSED [ 42%]
tests/ops/test_gqa_sliding_window_fwd.py::test_gqa_sliding_window_fwd_op[2-512-8-2-64-False--1--1-dtype2-False] PASSED [ 42%]
tests/ops/test_gqa_sliding_window_fwd.py::test_gqa_sliding_window_fwd_op[2-512-8-2-64-False-64-64-dtype3-False] PASSED [ 42%]
tests/ops/test_gqa_sliding_window_fwd.py::test_gqa_sliding_window_fwd_op[2-128-8-1-128-True-1--1-dtype4-False] PASSED [ 42%]
tests/ops/test_gqa_sliding_window_fwd.py::test_gqa_sliding_window_fwd_op[2-512-8-2-64-True--1--1-dtype5-False] PASSED [ 42%]
tests/ops/test_gqa_sliding_window_fwd.py::test_gqa_sliding_window_fwd_op[2-512-8-2-64-False-64-64-dtype6-False] PASSED [ 42%]
tests/ops/test_gqa_sliding_window_fwd.py::test_gqa_sliding_window_fwd_op[2-512-8-8-64-True--1--1-dtype7-False] PASSED [ 42%]
tests/ops/test_gqa_sliding_window_fwd.py::test_gqa_sliding_window_fwd_op[2-512-16-1-64-True--1--1-dtype8-False] PASSED [ 43%]
tests/ops/test_gqa_sliding_window_fwd.py::test_gqa_sliding_window_fwd_op[2-384-8-2-64-True--1--1-dtype9-False] PASSED [ 43%]
tests/ops/test_gqa_sliding_window_fwd.py::test_gqa_sliding_window_fwd_op[2-768-8-2-64-False-256--1-dtype10-False] PASSED [ 43%]
tests/ops/test_gqa_sliding_window_fwd.py::test_gqa_sliding_window_fwd_op[1-2048-8-2-64-True-512--1-dtype11-False] PASSED [ 43%]
tests/ops/test_gqa_sliding_window_fwd.py::test_gqa_sliding_window_fwd_op[2-512-8-2-64-False--1-64-dtype12-False] PASSED [ 43%]
tests/ops/test_gqa_sliding_window_fwd.py::test_gqa_sliding_window_fwd_op[2-256-8-2-64-True-0--1-dtype13-False] PASSED [ 43%]
tests/ops/test_gqa_sliding_window_fwd.py::TestGqaSlidingWindowFwdOpMetrics::test_total_flops_causal_wl0 PASSED [ 43%]
tests/ops/test_gqa_sliding_window_fwd.py::TestGqaSlidingWindowFwdOpMetrics::test_total_flops_causal_finite_window PASSED [ 43%]
tests/ops/test_gqa_sliding_window_fwd.py::TestGqaSlidingWindowFwdOpMetrics::test_total_memory_gqa PASSED [ 43%]
tests/ops/test_gqa_sliding_window_fwd.py::TestGqaSlidingWindowFwdOpValidation::test_invalid_window_size_left_raises PASSED [ 43%]
tests/ops/test_gqa_sliding_window_fwd.py::TestGqaSlidingWindowFwdOpValidation::test_invalid_window_size_right_raises PASSED [ 43%]
tests/ops/test_gqa_sliding_window_fwd.py::TestGqaSlidingWindowFwdOpValidation::test_dtype_mismatch_raises PASSED [ 43%]
tests/ops/test_gqa_sliding_window_fwd.py::TestGqaSlidingWindowFwdOpValidation::test_cpu_tensor_raises PASSED [ 44%]
tests/ops/test_gqa_sliding_window_varlen_fwd.py::test_gqa_sliding_window_varlen_fwd_op[2-seqlens_q0-seqlens_k0-8-2-64-True--1--1-dtype0-False] PASSED [ 44%]
tests/ops/test_gqa_sliding_window_varlen_fwd.py::test_gqa_sliding_window_varlen_fwd_op[2-seqlens_q1-seqlens_k1-8-2-64-True-128--1-dtype1-False] PASSED [ 44%]
tests/ops/test_gqa_sliding_window_varlen_fwd.py::test_gqa_sliding_window_varlen_fwd_op[2-seqlens_q2-seqlens_k2-8-2-64-False--1--1-dtype2-False] PASSED [ 44%]
tests/ops/test_gqa_sliding_window_varlen_fwd.py::test_gqa_sliding_window_varlen_fwd_op[2-seqlens_q3-seqlens_k3-8-2-64-False-64-64-dtype3-False] PASSED [ 44%]
tests/ops/test_gqa_sliding_window_varlen_fwd.py::test_gqa_sliding_window_varlen_fwd_op[2-seqlens_q4-seqlens_k4-8-2-64-True--1--1-dtype4-False] PASSED [ 44%]
tests/ops/test_gqa_sliding_window_varlen_fwd.py::test_gqa_sliding_window_varlen_fwd_op[2-seqlens_q5-seqlens_k5-8-2-64-True-128--1-dtype5-False] PASSED [ 44%]
tests/ops/test_gqa_sliding_window_varlen_fwd.py::test_gqa_sliding_window_varlen_fwd_op[2-seqlens_q6-seqlens_k6-8-2-64-False-64-64-dtype6-False] PASSED [ 44%]
tests/ops/test_gqa_sliding_window_varlen_fwd.py::test_gqa_sliding_window_varlen_fwd_op[2-seqlens_q7-seqlens_k7-8-2-64-True--1--1-dtype7-False] PASSED [ 44%]
tests/ops/test_gqa_sliding_window_varlen_fwd.py::test_gqa_sliding_window_varlen_fwd_op[2-seqlens_q8-seqlens_k8-8-2-64-False-64-64-dtype8-False] PASSED [ 44%]
tests/ops/test_gqa_sliding_window_varlen_fwd.py::test_gqa_sliding_window_varlen_fwd_op[2-seqlens_q9-seqlens_k9-8-8-64-True--1--1-dtype9-False] PASSED [ 44%]
tests/ops/test_gqa_sliding_window_varlen_fwd.py::test_gqa_sliding_window_varlen_fwd_op[2-seqlens_q10-seqlens_k10-16-1-64-True--1--1-dtype10-False] PASSED [ 45%]
tests/ops/test_gqa_sliding_window_varlen_fwd.py::test_gqa_sliding_window_varlen_fwd_op[3-seqlens_q11-seqlens_k11-8-2-64-True--1--1-dtype11-False] PASSED [ 45%]
tests/ops/test_gqa_sliding_window_varlen_fwd.py::test_gqa_sliding_window_varlen_fwd_op[2-seqlens_q12-seqlens_k12-8-2-64-False--1-64-dtype12-False] PASSED [ 45%]
tests/ops/test_gqa_sliding_window_varlen_fwd.py::test_gqa_sliding_window_varlen_fwd_op[2-seqlens_q13-seqlens_k13-8-2-64-True-0--1-dtype13-False] PASSED [ 45%]
tests/ops/test_group_norm.py::test_group_norm_op[2-32-spatial0-8-dtype0-False] PASSED [ 45%]
tests/ops/test_group_norm.py::test_group_norm_op[4-16-spatial1-4-dtype1-False] PASSED [ 45%]
tests/ops/test_group_norm.py::test_group_norm_op[2-32-spatial2-8-dtype2-False] PASSED [ 45%]
tests/ops/test_group_norm.py::test_group_norm_op[4-16-spatial3-4-dtype3-False] PASSED [ 45%]
tests/ops/test_group_norm.py::test_group_norm_op[2-32-spatial4-8-dtype4-False] PASSED [ 45%]
tests/ops/test_group_norm.py::test_group_norm_op[4-16-spatial5-4-dtype5-False] PASSED [ 45%]
tests/ops/test_group_norm.py::test_group_norm_op[2-32-spatial6-1-dtype6-False] PASSED [ 45%]
tests/ops/test_group_norm.py::test_group_norm_op[2-32-spatial7-32-dtype7-False] PASSED [ 46%]
tests/ops/test_group_norm.py::test_group_norm_op[2-32-spatial8-16-dtype8-False] PASSED [ 46%]
tests/ops/test_group_norm.py::test_group_norm_op[2-32-spatial9-8-dtype9-False] PASSED [ 46%]
tests/ops/test_group_norm.py::test_group_norm_op[2-16-spatial10-4-dtype10-False] PASSED [ 46%]
tests/ops/test_group_norm.py::test_group_norm_op[2-30-spatial11-5-dtype11-False] PASSED [ 46%]
tests/ops/test_group_norm.py::test_group_norm_op[2-32-spatial12-8-dtype12-False] PASSED [ 46%]
tests/ops/test_group_norm.py::test_group_norm_op[2-32-spatial13-8-dtype13-False] PASSED [ 46%]
tests/ops/test_group_norm.py::test_group_norm_non_contiguous[2-32-spatial0-8-dtype0] PASSED [ 46%]
tests/ops/test_group_norm.py::test_group_norm_non_contiguous[2-32-spatial1-8-dtype1] PASSED [ 46%]
tests/ops/test_grouped_gemm.py::test_grouped_gemm[16384-4-4864-4096-dtype0-False-True-False] PASSED [ 46%]
tests/ops/test_grouped_gemm.py::test_grouped_gemm[16384-4-4864-4096-dtype1-False-False-False] PASSED [ 46%]
tests/ops/test_grouped_gemm.py::test_grouped_gemm[16384-4-4864-4096-dtype2-True-False-False] PASSED [ 46%]
tests/ops/test_grouped_gemm.py::test_grouped_gemm[16384-4-4864-4096-dtype3-True-True-False] PASSED [ 47%]
tests/ops/test_instance_norm.py::test_instance_norm_op[2-16-spatial0-dtype0-False] PASSED [ 47%]
tests/ops/test_instance_norm.py::test_instance_norm_op[4-8-spatial1-dtype1-False] PASSED [ 47%]
tests/ops/test_instance_norm.py::test_instance_norm_op[2-16-spatial2-dtype2-False] PASSED [ 47%]
tests/ops/test_instance_norm.py::test_instance_norm_op[4-8-spatial3-dtype3-False] PASSED [ 47%]
tests/ops/test_instance_norm.py::test_instance_norm_op[2-16-spatial4-dtype4-False] PASSED [ 47%]
tests/ops/test_instance_norm.py::test_instance_norm_op[4-8-spatial5-dtype5-False] PASSED [ 47%]
tests/ops/test_instance_norm.py::test_instance_norm_op[2-16-spatial6-dtype6-False] PASSED [ 47%]
tests/ops/test_instance_norm.py::test_instance_norm_op[2-8-spatial7-dtype7-False] PASSED [ 47%]
tests/ops/test_instance_norm.py::test_instance_norm_non_contiguous[2-16-spatial0-dtype0] PASSED [ 47%]
tests/ops/test_instance_norm.py::test_instance_norm_non_contiguous[2-16-spatial1-dtype1] PASSED [ 47%]
tests/ops/test_layer_norm.py::test_layer_norm_op[1024-4096-dtype0-False] PASSED [ 48%]
tests/ops/test_layer_norm.py::test_layer_norm_op[4096-4096-dtype1-False] PASSED [ 48%]
tests/ops/test_layer_norm.py::test_layer_norm_op[8192-8192-dtype2-False] PASSED [ 48%]
tests/ops/test_layer_norm.py::test_layer_norm_op[1024-4096-dtype3-False] PASSED [ 48%]
tests/ops/test_layer_norm.py::test_layer_norm_op[4096-4096-dtype4-False] PASSED [ 48%]
tests/ops/test_layer_norm.py::test_layer_norm_op[8192-8192-dtype5-False] PASSED [ 48%]
tests/ops/test_layer_norm.py::test_layer_norm_op[1024-4096-dtype6-False] PASSED [ 48%]
tests/ops/test_layer_norm.py::test_layer_norm_op[4096-4096-dtype7-False] PASSED [ 48%]
tests/ops/test_layer_norm.py::test_layer_norm_op[8192-8192-dtype8-False] PASSED [ 48%]
tests/ops/test_layer_norm.py::test_layer_norm_op[1024-3000-dtype9-False] PASSED [ 48%]
tests/ops/test_layer_norm.py::test_layer_norm_op[1024-3000-dtype10-False] PASSED [ 48%]
tests/ops/test_layer_norm.py::test_layer_norm_op[1024-3000-dtype11-False] PASSED [ 49%]
tests/ops/test_layer_norm.py::test_layer_norm_op[2048-5120-dtype12-False] PASSED [ 49%]
tests/ops/test_layer_norm.py::test_layer_norm_op[2048-5120-dtype13-False] PASSED [ 49%]
tests/ops/test_layer_norm.py::test_layer_norm_op[2048-5120-dtype14-False] PASSED [ 49%]
tests/ops/test_layer_norm.py::test_layer_norm_op[1025-4096-dtype15-False] PASSED [ 49%]
tests/ops/test_layer_norm.py::test_layer_norm_op[1025-4096-dtype16-False] PASSED [ 49%]
tests/ops/test_layer_norm.py::test_layer_norm_non_contiguous[1024-4096-dtype0] PASSED [ 49%]
tests/ops/test_layer_norm.py::test_layer_norm_non_contiguous[1024-4096-dtype1] PASSED [ 49%]
tests/ops/test_layer_norm.py::test_layer_norm_non_contiguous[1024-4096-dtype2] PASSED [ 49%]
tests/ops/test_layer_norm.py::test_layer_norm_3d[2-512-4096-dtype0] PASSED [ 49%]
tests/ops/test_layer_norm.py::test_layer_norm_3d[2-512-4096-dtype1] PASSED [ 49%]
tests/ops/test_layer_norm.py::test_layer_norm_3d[2-512-4096-dtype2] PASSED [ 50%]
tests/ops/test_layer_norm.py::test_layer_norm_large_offset[4-4096-dtype0] PASSED [ 50%]
tests/ops/test_layer_norm.py::test_layer_norm_large_offset[1024-4096-dtype1] PASSED [ 50%]
tests/ops/test_layer_norm.py::test_layer_norm_large_offset[4-4096-dtype2] PASSED [ 50%]
tests/ops/test_layer_norm.py::test_layer_norm_large_offset[4-4096-dtype3] PASSED [ 50%]
tests/ops/test_logical.py::test_logical_and_op[4096-dtype0] PASSED       [ 50%]
tests/ops/test_logical.py::test_logical_and_op[16384-dtype1] PASSED      [ 50%]
tests/ops/test_logical.py::test_logical_or_op[4096-dtype0] PASSED        [ 50%]
tests/ops/test_logical.py::test_logical_or_op[16384-dtype1] PASSED       [ 50%]
tests/ops/test_logical.py::test_logical_broadcast[logical_and-LogicalAndOp-logical_and-a_shape0-b_shape0] PASSED [ 50%]
tests/ops/test_logical.py::test_logical_broadcast[logical_and-LogicalAndOp-logical_and-a_shape1-b_shape1] PASSED [ 50%]
tests/ops/test_logical.py::test_logical_broadcast[logical_and-LogicalAndOp-logical_and-a_shape2-b_shape2] PASSED [ 50%]
tests/ops/test_logical.py::test_logical_broadcast[logical_or-LogicalOrOp-logical_or-a_shape3-b_shape3] PASSED [ 51%]
tests/ops/test_logical.py::test_logical_broadcast[logical_or-LogicalOrOp-logical_or-a_shape4-b_shape4] PASSED [ 51%]
tests/ops/test_logical.py::test_logical_broadcast[logical_or-LogicalOrOp-logical_or-a_shape5-b_shape5] PASSED [ 51%]
tests/ops/test_logical.py::test_logical_not[1048576-dtype0] PASSED       [ 51%]
tests/ops/test_logical.py::test_logical_not[1048576-dtype1] PASSED       [ 51%]
tests/ops/test_logical.py::test_logical_not[1048576-dtype2] PASSED       [ 51%]
tests/ops/test_logical.py::test_logical_not[1048576-dtype3] PASSED       [ 51%]
tests/ops/test_logical.py::test_logical_not[1048576-dtype4] PASSED       [ 51%]
tests/ops/test_logical.py::test_logical_not[1048576-dtype5] PASSED       [ 51%]
tests/ops/test_logical.py::test_logical_not[1048576-dtype6] PASSED       [ 51%]
tests/ops/test_logical.py::test_logical_not[1048576-dtype7] PASSED       [ 51%]
tests/ops/test_logical.py::test_logical_not[1048576-dtype8] PASSED       [ 52%]
tests/ops/test_mean_pooling_ops.py::test_mean_pooling_op[1-8192-64-128-64-dtype0-accum_dtype0-False-None] PASSED [ 52%]
tests/ops/test_mean_pooling_ops.py::test_mean_pooling_op[1-8192-64-128-64-dtype1-accum_dtype1-True-None] PASSED [ 52%]
tests/ops/test_mean_pooling_ops.py::test_mean_pooling_op[2-2048-64-128-64-dtype2-accum_dtype2-False-None] PASSED [ 52%]
tests/ops/test_mean_pooling_ops.py::test_mean_pooling_op[1-1024-64-128-64-dtype3-accum_dtype3-False-offsets3] PASSED [ 52%]
tests/ops/test_mean_pooling_ops.py::test_mean_pooling_op[1-8192-64-128-64-dtype4-accum_dtype4-False-offsets4] PASSED [ 52%]
tests/ops/test_mean_pooling_ops.py::test_mean_pooling_op[1-1000-64-128-32-dtype5-accum_dtype5-False-offsets5] PASSED [ 52%]
tests/ops/test_mha.py::test_mha_fwd[smoke-fwd-fp16] PASSED               [ 52%]
tests/ops/test_mha.py::test_mha_fwd[full-fwd-fp16] PASSED                [ 52%]
tests/ops/test_mha.py::test_mha_fwd[full-fwd-bf16-tuned] PASSED          [ 52%]
tests/ops/test_mha.py::test_mha_bwd[smoke-bwd-fp16] PASSED               [ 52%]
tests/ops/test_mha.py::test_mha_bwd[full-bwd-fp16-large] PASSED          [ 53%]
tests/ops/test_mha.py::test_mha_bwd[full-bwd-bf16-tuned] PASSED          [ 53%]
tests/ops/test_mha_decode.py::test_mha_decode[1-32-128-8192-128-dtype0-False] PASSED [ 53%]
tests/ops/test_mha_decode.py::test_mha_decode[1-32-128-8192-128-dtype1-False] PASSED [ 53%]
tests/ops/test_mha_decode.py::test_mha_decode[1-32-128-5-128-dtype2-False] PASSED [ 53%]
tests/ops/test_mha_decode_paged.py::test_mha_decode_paged_op[1-16-1-512-128-128-False-dtype0-False] PASSED [ 53%]
tests/ops/test_mha_decode_paged.py::test_mha_decode_paged_op[1-8-1-1024-64-256-False-dtype1-False] PASSED [ 53%]
tests/ops/test_mha_decode_paged.py::test_mha_decode_paged_op[2-8-1-1024-64-256-False-dtype2-False] PASSED [ 53%]
tests/ops/test_mha_decode_paged.py::test_mha_decode_paged_op[1-8-1-512-64-256-False-dtype3-False] PASSED [ 53%]
tests/ops/test_mhc_post.py::test_mhc_post_op[1-4-1280-dtype0-False] PASSED [ 53%]
tests/ops/test_mhc_post.py::test_mhc_post_op[2-4-1920-dtype1-False] PASSED [ 53%]
tests/ops/test_mhc_post.py::test_mhc_post_op[4-4-2560-dtype2-False] PASSED [ 53%]
tests/ops/test_mhc_pre.py::test_mhc_pre_op[1-4-1280-dtype0-False] PASSED [ 54%]
tests/ops/test_mhc_pre.py::test_mhc_pre_op[2-4-1920-dtype1-False] PASSED [ 54%]
tests/ops/test_mhc_pre.py::test_mhc_pre_op[4-4-2560-dtype2-False] PASSED [ 54%]
tests/ops/test_reduce.py::test_sum_op[128-512-dtype0] PASSED             [ 54%]
tests/ops/test_reduce.py::test_sum_op[128-512-dtype1] PASSED             [ 54%]
tests/ops/test_reduce.py::test_sum_op[128-512-dtype2] PASSED             [ 54%]
tests/ops/test_reduce.py::test_sum_op[256-4096-dtype3] PASSED            [ 54%]
tests/ops/test_reduce.py::test_sum_op[256-4096-dtype4] PASSED            [ 54%]
tests/ops/test_reduce.py::test_sum_op[128-300-dtype5] PASSED             [ 54%]
tests/ops/test_reduce.py::test_sum_op[128-300-dtype6] PASSED             [ 54%]
tests/ops/test_reduce.py::test_sum_op[129-512-dtype7] PASSED             [ 54%]
tests/ops/test_reduce.py::test_sum_non_contiguous[128-512-dtype0] PASSED [ 55%]
tests/ops/test_reduce.py::test_sum_non_contiguous[128-512-dtype1] PASSED [ 55%]
tests/ops/test_reduce.py::test_sum_3d[2-64-512-dtype0] PASSED            [ 55%]
tests/ops/test_reduce.py::test_sum_3d[2-64-512-dtype1] PASSED            [ 55%]
tests/ops/test_reduce.py::test_sum_4d[2-4-8-512-dtype0] PASSED           [ 55%]
tests/ops/test_reduce.py::test_sum_4d[2-4-8-512-dtype1] PASSED           [ 55%]
tests/ops/test_reduce.py::test_mean_op[128-512-dtype0] PASSED            [ 55%]
tests/ops/test_reduce.py::test_mean_op[128-512-dtype1] PASSED            [ 55%]
tests/ops/test_reduce.py::test_mean_op[128-512-dtype2] PASSED            [ 55%]
tests/ops/test_reduce.py::test_mean_op[256-4096-dtype3] PASSED           [ 55%]
tests/ops/test_reduce.py::test_mean_op[256-4096-dtype4] PASSED           [ 55%]
tests/ops/test_reduce.py::test_mean_op[128-300-dtype5] PASSED            [ 56%]
tests/ops/test_reduce.py::test_mean_op[128-300-dtype6] PASSED            [ 56%]
tests/ops/test_reduce.py::test_mean_op[129-512-dtype7] PASSED            [ 56%]
tests/ops/test_reduce.py::test_amin_op[128-512-dtype0] PASSED            [ 56%]
tests/ops/test_reduce.py::test_amin_op[128-512-dtype1] PASSED            [ 56%]
tests/ops/test_reduce.py::test_amin_op[128-512-dtype2] PASSED            [ 56%]
tests/ops/test_reduce.py::test_amin_op[256-4096-dtype3] PASSED           [ 56%]
tests/ops/test_reduce.py::test_amin_op[256-4096-dtype4] PASSED           [ 56%]
tests/ops/test_reduce.py::test_amin_op[128-300-dtype5] PASSED            [ 56%]
tests/ops/test_reduce.py::test_amin_op[128-300-dtype6] PASSED            [ 56%]
tests/ops/test_reduce.py::test_amin_op[129-512-dtype7] PASSED            [ 56%]
tests/ops/test_reduce.py::test_amax_op[128-512-dtype0] PASSED            [ 56%]
tests/ops/test_reduce.py::test_amax_op[128-512-dtype1] PASSED            [ 57%]
tests/ops/test_reduce.py::test_amax_op[128-512-dtype2] PASSED            [ 57%]
tests/ops/test_reduce.py::test_amax_op[256-4096-dtype3] PASSED           [ 57%]
tests/ops/test_reduce.py::test_amax_op[256-4096-dtype4] PASSED           [ 57%]
tests/ops/test_reduce.py::test_amax_op[128-300-dtype5] PASSED            [ 57%]
tests/ops/test_reduce.py::test_amax_op[128-300-dtype6] PASSED            [ 57%]
tests/ops/test_reduce.py::test_amax_op[129-512-dtype7] PASSED            [ 57%]
tests/ops/test_reduce.py::test_prod_op[128-512-dtype0] PASSED            [ 57%]
tests/ops/test_reduce.py::test_prod_op[128-512-dtype1] PASSED            [ 57%]
tests/ops/test_reduce.py::test_prod_op[128-512-dtype2] PASSED            [ 57%]
tests/ops/test_reduce.py::test_prod_op[256-4096-dtype3] PASSED           [ 57%]
tests/ops/test_reduce.py::test_prod_op[256-4096-dtype4] PASSED           [ 58%]
tests/ops/test_reduce.py::test_prod_op[128-300-dtype5] PASSED            [ 58%]
tests/ops/test_reduce.py::test_prod_op[128-300-dtype6] PASSED            [ 58%]
tests/ops/test_reduce.py::test_prod_op[129-512-dtype7] PASSED            [ 58%]
tests/ops/test_reduce.py::test_std_op[128-512-dtype0] PASSED             [ 58%]
tests/ops/test_reduce.py::test_std_op[128-512-dtype1] PASSED             [ 58%]
tests/ops/test_reduce.py::test_std_op[128-512-dtype2] PASSED             [ 58%]
tests/ops/test_reduce.py::test_std_op[256-4096-dtype3] PASSED            [ 58%]
tests/ops/test_reduce.py::test_std_op[256-4096-dtype4] PASSED            [ 58%]
tests/ops/test_reduce.py::test_std_op[128-300-dtype5] PASSED             [ 58%]
tests/ops/test_reduce.py::test_std_op[128-300-dtype6] PASSED             [ 58%]
tests/ops/test_reduce.py::test_std_op[129-512-dtype7] PASSED             [ 59%]
tests/ops/test_reduce.py::test_std_bessel[128-512-dtype0-0] PASSED       [ 59%]
tests/ops/test_reduce.py::test_std_bessel[128-512-dtype1-1] PASSED       [ 59%]
tests/ops/test_reduce.py::test_std_bessel[128-512-dtype2-1] PASSED       [ 59%]
tests/ops/test_reduce.py::test_var_op[128-512-dtype0] PASSED             [ 59%]
tests/ops/test_reduce.py::test_var_op[128-512-dtype1] PASSED             [ 59%]
tests/ops/test_reduce.py::test_var_op[128-512-dtype2] PASSED             [ 59%]
tests/ops/test_reduce.py::test_var_op[256-4096-dtype3] PASSED            [ 59%]
tests/ops/test_reduce.py::test_var_op[256-4096-dtype4] PASSED            [ 59%]
tests/ops/test_reduce.py::test_var_op[128-300-dtype5] PASSED             [ 59%]
tests/ops/test_reduce.py::test_var_op[128-300-dtype6] PASSED             [ 59%]
tests/ops/test_reduce.py::test_var_op[129-512-dtype7] PASSED             [ 59%]
tests/ops/test_reduce.py::test_var_bessel[128-512-dtype0-0] PASSED       [ 60%]
tests/ops/test_reduce.py::test_var_bessel[128-512-dtype1-1] PASSED       [ 60%]
tests/ops/test_reduce.py::test_var_bessel[128-512-dtype2-1] PASSED       [ 60%]
tests/ops/test_reduce.py::test_var_mean_op[128-512-dtype0] PASSED        [ 60%]
tests/ops/test_reduce.py::test_var_mean_op[128-512-dtype1] PASSED        [ 60%]
tests/ops/test_reduce.py::test_var_mean_op[128-512-dtype2] PASSED        [ 60%]
tests/ops/test_reduce.py::test_var_mean_op[256-4096-dtype3] PASSED       [ 60%]
tests/ops/test_reduce.py::test_var_mean_op[256-4096-dtype4] PASSED       [ 60%]
tests/ops/test_reduce.py::test_var_mean_op[128-300-dtype5] PASSED        [ 60%]
tests/ops/test_reduce.py::test_var_mean_op[128-300-dtype6] PASSED        [ 60%]
tests/ops/test_reduce.py::test_var_mean_op[129-512-dtype7] PASSED        [ 60%]
tests/ops/test_reduce.py::test_var_mean_bessel[128-512-dtype0-0] PASSED  [ 61%]
tests/ops/test_reduce.py::test_var_mean_bessel[128-512-dtype1-1] PASSED  [ 61%]
tests/ops/test_reduce.py::test_var_mean_bessel[128-512-dtype2-1] PASSED  [ 61%]
tests/ops/test_reduce.py::test_var_3d[2-64-512-dtype0] PASSED            [ 61%]
tests/ops/test_reduce.py::test_var_3d[2-64-512-dtype1] PASSED            [ 61%]
tests/ops/test_reduce.py::test_std_3d[2-64-512-dtype0] PASSED            [ 61%]
tests/ops/test_reduce.py::test_std_3d[2-64-512-dtype1] PASSED            [ 61%]
tests/ops/test_reduce.py::test_sum_1d[512-dtype0] PASSED                 [ 61%]
tests/ops/test_reduce.py::test_sum_1d[512-dtype1] PASSED                 [ 61%]
tests/ops/test_reduce.py::test_sum_1d[512-dtype2] PASSED                 [ 61%]
tests/ops/test_reduce.py::test_var_1d[512-dtype0] PASSED                 [ 61%]
tests/ops/test_reduce.py::test_var_1d[512-dtype1] PASSED                 [ 62%]
tests/ops/test_reduce.py::test_var_1d[512-dtype2] PASSED                 [ 62%]
tests/ops/test_reduce.py::test_var_non_contiguous[128-512-dtype0] PASSED [ 62%]
tests/ops/test_reduce.py::test_var_non_contiguous[128-512-dtype1] PASSED [ 62%]
tests/ops/test_reduce.py::test_std_non_contiguous[128-512-dtype0] PASSED [ 62%]
tests/ops/test_reduce.py::test_std_non_contiguous[128-512-dtype1] PASSED [ 62%]
tests/ops/test_reduction_primitives.py::TestAlignUp::test_align_up_already_aligned PASSED [ 62%]
tests/ops/test_reduction_primitives.py::TestAlignUp::test_align_up_needs_padding PASSED [ 62%]
tests/ops/test_reduction_primitives.py::TestAlignUp::test_align_up_one_over PASSED [ 62%]
tests/ops/test_reduction_primitives.py::TestAlignUp::test_align_up_zero PASSED [ 62%]
tests/ops/test_reduction_primitives.py::TestAlignUp::test_align_up_custom_alignment PASSED [ 62%]
tests/ops/test_reduction_primitives.py::TestAlignUp::test_align_up_non_positive_raises PASSED [ 62%]
tests/ops/test_reduction_primitives.py::TestAlignUp::test_align_up_powers_of_two PASSED [ 63%]
tests/ops/test_reduction_primitives.py::TestDefaultAlignment::test_default_alignment_value PASSED [ 63%]
tests/ops/test_reduction_primitives.py::TestDefaultAlignment::test_default_alignment_is_int PASSED [ 63%]
tests/ops/test_reduction_primitives.py::TestMakeReduceEpilogue::test_reduce_epilogue_returns_callable PASSED [ 63%]
tests/ops/test_reduction_primitives.py::TestMakeReduceEpilogue::test_reduce_epilogue_all_valid_kinds PASSED [ 63%]
tests/ops/test_reduction_primitives.py::TestMakeReduceEpilogue::test_reduce_epilogue_invalid_kind_raises PASSED [ 63%]
tests/ops/test_reduction_primitives.py::TestMakeWelfordUpdate::test_welford_returns_callable PASSED [ 63%]
tests/ops/test_reduction_primitives.py::TestMakeWelfordUpdate::test_welford_different_shapes PASSED [ 63%]
tests/ops/test_reduction_primitives.py::TestMakeWelfordUpdate::test_welford_uses_reduce_sum PASSED [ 63%]
tests/ops/test_reduction_primitives.py::TestMakeWelfordUpdate::test_welford_no_race_condition PASSED [ 63%]
tests/ops/test_reduction_primitives.py::TestMakeWelfordUpdate::test_welford_sq_diff_uses_batch_mean PASSED [ 63%]
tests/ops/test_reduction_primitives.py::TestMakeSoftmaxEpilogue::test_softmax_epilogue_returns_callable PASSED [ 64%]
tests/ops/test_reduction_primitives.py::TestMakeSoftmaxEpilogue::test_log_softmax_epilogue_returns_callable PASSED [ 64%]
tests/ops/test_reduction_primitives.py::TestMakeSoftmaxEpilogue::test_softmax_epilogue_invalid_kind_raises PASSED [ 64%]
tests/ops/test_reduction_primitives.py::TestMakeSoftmaxEpilogue::test_softmax_epilogue_has_division PASSED [ 64%]
tests/ops/test_reduction_primitives.py::TestMakeSoftmaxEpilogue::test_log_softmax_epilogue_has_log PASSED [ 64%]
tests/ops/test_reduction_primitives.py::TestMakeSoftmaxEpilogue::test_softmax_vs_log_softmax_differ PASSED [ 64%]
tests/ops/test_reduction_primitives.py::TestMakeCumulativeScan::test_cumsum_scan_returns_callable PASSED [ 64%]
tests/ops/test_reduction_primitives.py::TestMakeCumulativeScan::test_cumprod_scan_returns_callable PASSED [ 64%]
tests/ops/test_reduction_primitives.py::TestMakeCumulativeScan::test_cumulative_scan_invalid_kind_raises PASSED [ 64%]
tests/ops/test_reduction_primitives.py::TestMakeCumulativeScan::test_cumulative_scan_uses_serial_loop PASSED [ 64%]
tests/ops/test_reduction_primitives.py::TestMakeCumulativeScan::test_cumsum_scan_has_addition PASSED [ 64%]
tests/ops/test_reduction_primitives.py::TestMakeCumulativeScan::test_cumprod_scan_has_multiplication PASSED [ 65%]
tests/ops/test_reduction_primitives.py::TestMakeCumulativeScan::test_cumsum_vs_cumprod_differ PASSED [ 65%]
tests/ops/test_reduction_primitives.py::TestInitReExports::test_kernel_init_has_all PASSED [ 65%]
tests/ops/test_reduction_primitives.py::TestInitReExports::test_kernel_init_imports_work PASSED [ 65%]
tests/ops/test_reduction_primitives.py::TestInitReExports::test_kernel_init_no_underscore_in_all PASSED [ 65%]
tests/ops/test_reduction_primitives.py::TestInitReExports::test_ops_init_has_all PASSED [ 65%]
tests/ops/test_rms_norm.py::test_rms_norm_op[1024-4096-dtype0-False] PASSED [ 65%]
tests/ops/test_rms_norm.py::test_rms_norm_op[1024-4096-dtype1-False] PASSED [ 65%]
tests/ops/test_rms_norm.py::test_rms_norm_op[4096-4096-dtype2-False] PASSED [ 65%]
tests/ops/test_rms_norm.py::test_rms_norm_op[4096-4096-dtype3-False] PASSED [ 65%]
tests/ops/test_rms_norm.py::test_rms_norm_op[8192-8192-dtype4-False] PASSED [ 65%]
tests/ops/test_rms_norm.py::test_rms_norm_op[8192-8192-dtype5-False] PASSED [ 65%]
tests/ops/test_rms_norm.py::test_rms_norm_op[1024-3000-dtype6-False] PASSED [ 66%]
tests/ops/test_rms_norm.py::test_rms_norm_op[1024-3000-dtype7-False] PASSED [ 66%]
tests/ops/test_rms_norm.py::test_rms_norm_op[2048-5120-dtype8-False] PASSED [ 66%]
tests/ops/test_rms_norm.py::test_rms_norm_op[2048-5120-dtype9-False] PASSED [ 66%]
tests/ops/test_rms_norm.py::test_rms_norm_op[1025-4096-dtype10-False] PASSED [ 66%]
tests/ops/test_rms_norm.py::test_rms_norm_op[1025-4096-dtype11-False] PASSED [ 66%]
tests/ops/test_rms_norm.py::test_rms_norm_non_contiguous[1024-4096-dtype0] PASSED [ 66%]
tests/ops/test_rms_norm.py::test_rms_norm_non_contiguous[1024-4096-dtype1] PASSED [ 66%]
tests/ops/test_rms_norm.py::test_rms_norm_3d[2-512-4096-dtype0] PASSED   [ 66%]
tests/ops/test_rms_norm.py::test_rms_norm_3d[2-512-4096-dtype1] PASSED   [ 66%]
tests/ops/test_softmax.py::test_softmax_op[32-256-dtype0-False] PASSED   [ 66%]
tests/ops/test_softmax.py::test_softmax_op[32-256-dtype1-False] PASSED   [ 67%]
tests/ops/test_softmax.py::test_softmax_op[32-256-dtype2-False] PASSED   [ 67%]
tests/ops/test_softmax.py::test_softmax_op[32-300-dtype3-False] PASSED   [ 67%]
tests/ops/test_softmax.py::test_softmax_op[32-300-dtype4-False] PASSED   [ 67%]
tests/ops/test_softmax.py::test_softmax_op[32-300-dtype5-False] PASSED   [ 67%]
tests/ops/test_softmax.py::test_softmax_op[33-256-dtype6-False] PASSED   [ 67%]
tests/ops/test_softmax.py::test_softmax_op[33-256-dtype7-False] PASSED   [ 67%]
tests/ops/test_softmax.py::test_softmax_op[33-256-dtype8-False] PASSED   [ 67%]
tests/ops/test_softmax.py::test_softmax_op[33-300-dtype9-False] PASSED   [ 67%]
tests/ops/test_softmax.py::test_softmax_op[33-300-dtype10-False] PASSED  [ 67%]
tests/ops/test_softmax.py::test_softmax_op[33-300-dtype11-False] PASSED  [ 67%]
tests/ops/test_softmax.py::test_softmax_op[1024-4096-dtype12-False] PASSED [ 68%]
tests/ops/test_softmax.py::test_softmax_op[4096-4096-dtype13-False] PASSED [ 68%]
tests/ops/test_softmax.py::test_softmax_op[1024-4096-dtype14-False] PASSED [ 68%]
tests/ops/test_softmax.py::test_softmax_op[4096-4096-dtype15-False] PASSED [ 68%]
tests/ops/test_softmax.py::test_softmax_op[1024-4096-dtype16-False] PASSED [ 68%]
tests/ops/test_softmax.py::test_softmax_op[4096-4096-dtype17-False] PASSED [ 68%]
tests/ops/test_softmax.py::test_softmax_op[1024-3000-dtype18-False] PASSED [ 68%]
tests/ops/test_softmax.py::test_softmax_op[1024-3000-dtype19-False] PASSED [ 68%]
tests/ops/test_softmax.py::test_softmax_op[1024-3000-dtype20-False] PASSED [ 68%]
tests/ops/test_softmax.py::test_softmax_op[1025-4096-dtype21-False] PASSED [ 68%]
tests/ops/test_softmax.py::test_softmax_op[1025-4096-dtype22-False] PASSED [ 68%]
tests/ops/test_softmax.py::test_log_softmax_op[32-256-dtype0-False] PASSED [ 68%]
tests/ops/test_softmax.py::test_log_softmax_op[32-256-dtype1-False] PASSED [ 69%]
tests/ops/test_softmax.py::test_log_softmax_op[32-256-dtype2-False] PASSED [ 69%]
tests/ops/test_softmax.py::test_log_softmax_op[32-300-dtype3-False] PASSED [ 69%]
tests/ops/test_softmax.py::test_log_softmax_op[32-300-dtype4-False] PASSED [ 69%]
tests/ops/test_softmax.py::test_log_softmax_op[32-300-dtype5-False] PASSED [ 69%]
tests/ops/test_softmax.py::test_log_softmax_op[33-256-dtype6-False] PASSED [ 69%]
tests/ops/test_softmax.py::test_log_softmax_op[33-256-dtype7-False] PASSED [ 69%]
tests/ops/test_softmax.py::test_log_softmax_op[33-256-dtype8-False] PASSED [ 69%]
tests/ops/test_softmax.py::test_log_softmax_op[33-300-dtype9-False] PASSED [ 69%]
tests/ops/test_softmax.py::test_log_softmax_op[33-300-dtype10-False] PASSED [ 69%]
tests/ops/test_softmax.py::test_log_softmax_op[33-300-dtype11-False] PASSED [ 69%]
tests/ops/test_softmax.py::test_log_softmax_op[1024-4096-dtype12-False] PASSED [ 70%]
tests/ops/test_softmax.py::test_log_softmax_op[4096-4096-dtype13-False] PASSED [ 70%]
tests/ops/test_softmax.py::test_log_softmax_op[1024-4096-dtype14-False] PASSED [ 70%]
tests/ops/test_softmax.py::test_log_softmax_op[4096-4096-dtype15-False] PASSED [ 70%]
tests/ops/test_softmax.py::test_log_softmax_op[1024-4096-dtype16-False] PASSED [ 70%]
tests/ops/test_softmax.py::test_log_softmax_op[4096-4096-dtype17-False] PASSED [ 70%]
tests/ops/test_softmax.py::test_log_softmax_op[1024-3000-dtype18-False] PASSED [ 70%]
tests/ops/test_softmax.py::test_log_softmax_op[1024-3000-dtype19-False] PASSED [ 70%]
tests/ops/test_softmax.py::test_log_softmax_op[1024-3000-dtype20-False] PASSED [ 70%]
tests/ops/test_softmax.py::test_log_softmax_op[1025-4096-dtype21-False] PASSED [ 70%]
tests/ops/test_softmax.py::test_logsumexp_op[32-256-dtype0-False] PASSED [ 70%]
tests/ops/test_softmax.py::test_logsumexp_op[32-256-dtype1-False] PASSED [ 71%]
tests/ops/test_softmax.py::test_logsumexp_op[32-256-dtype2-False] PASSED [ 71%]
tests/ops/test_softmax.py::test_logsumexp_op[32-300-dtype3-False] PASSED [ 71%]
tests/ops/test_softmax.py::test_logsumexp_op[32-300-dtype4-False] PASSED [ 71%]
tests/ops/test_softmax.py::test_logsumexp_op[32-300-dtype5-False] PASSED [ 71%]
tests/ops/test_softmax.py::test_logsumexp_op[33-256-dtype6-False] PASSED [ 71%]
tests/ops/test_softmax.py::test_logsumexp_op[33-256-dtype7-False] PASSED [ 71%]
tests/ops/test_softmax.py::test_logsumexp_op[33-256-dtype8-False] PASSED [ 71%]
tests/ops/test_softmax.py::test_logsumexp_op[33-300-dtype9-False] PASSED [ 71%]
tests/ops/test_softmax.py::test_logsumexp_op[33-300-dtype10-False] PASSED [ 71%]
tests/ops/test_softmax.py::test_logsumexp_op[33-300-dtype11-False] PASSED [ 71%]
tests/ops/test_softmax.py::test_logsumexp_op[1024-4096-dtype12-False] PASSED [ 71%]
tests/ops/test_softmax.py::test_logsumexp_op[4096-4096-dtype13-False] PASSED [ 72%]
tests/ops/test_softmax.py::test_logsumexp_op[1024-4096-dtype14-False] PASSED [ 72%]
tests/ops/test_softmax.py::test_logsumexp_op[4096-4096-dtype15-False] PASSED [ 72%]
tests/ops/test_softmax.py::test_logsumexp_op[1024-4096-dtype16-False] PASSED [ 72%]
tests/ops/test_softmax.py::test_logsumexp_op[4096-4096-dtype17-False] PASSED [ 72%]
tests/ops/test_softmax.py::test_logsumexp_op[1024-3000-dtype18-False] PASSED [ 72%]
tests/ops/test_softmax.py::test_logsumexp_op[1024-3000-dtype19-False] PASSED [ 72%]
tests/ops/test_softmax.py::test_logsumexp_op[1024-3000-dtype20-False] PASSED [ 72%]
tests/ops/test_softmax.py::test_logsumexp_op[1025-4096-dtype21-False] PASSED [ 72%]
tests/ops/test_softmax.py::test_softmax_non_contiguous[32-256-dtype0] PASSED [ 72%]
tests/ops/test_softmax.py::test_softmax_non_contiguous[32-256-dtype1] PASSED [ 72%]
tests/ops/test_softmax.py::test_softmax_non_contiguous[32-256-dtype2] PASSED [ 73%]
tests/ops/test_softmax.py::test_softmax_non_contiguous[32-300-dtype3] PASSED [ 73%]
tests/ops/test_softmax.py::test_softmax_non_contiguous[32-300-dtype4] PASSED [ 73%]
tests/ops/test_softmax.py::test_softmax_non_contiguous[32-300-dtype5] PASSED [ 73%]
tests/ops/test_softmax.py::test_softmax_non_contiguous[1024-4096-dtype6] PASSED [ 73%]
tests/ops/test_softmax.py::test_softmax_non_contiguous[1024-4096-dtype7] PASSED [ 73%]
tests/ops/test_softmax.py::test_softmax_non_contiguous[1024-4096-dtype8] PASSED [ 73%]
tests/ops/test_softmax.py::test_log_softmax_non_contiguous[32-256-dtype0] PASSED [ 73%]
tests/ops/test_softmax.py::test_log_softmax_non_contiguous[32-256-dtype1] PASSED [ 73%]
tests/ops/test_softmax.py::test_log_softmax_non_contiguous[32-256-dtype2] PASSED [ 73%]
tests/ops/test_softmax.py::test_log_softmax_non_contiguous[32-300-dtype3] PASSED [ 73%]
tests/ops/test_softmax.py::test_log_softmax_non_contiguous[32-300-dtype4] PASSED [ 74%]
tests/ops/test_softmax.py::test_log_softmax_non_contiguous[32-300-dtype5] PASSED [ 74%]
tests/ops/test_softmax.py::test_log_softmax_non_contiguous[1024-4096-dtype6] PASSED [ 74%]
tests/ops/test_softmax.py::test_log_softmax_non_contiguous[1024-4096-dtype7] PASSED [ 74%]
tests/ops/test_softmax.py::test_log_softmax_non_contiguous[1024-4096-dtype8] PASSED [ 74%]
tests/ops/test_softmax.py::test_logsumexp_non_contiguous[32-256-dtype0] PASSED [ 74%]
tests/ops/test_softmax.py::test_logsumexp_non_contiguous[32-256-dtype1] PASSED [ 74%]
tests/ops/test_softmax.py::test_logsumexp_non_contiguous[32-256-dtype2] PASSED [ 74%]
tests/ops/test_softmax.py::test_logsumexp_non_contiguous[32-300-dtype3] PASSED [ 74%]
tests/ops/test_softmax.py::test_logsumexp_non_contiguous[32-300-dtype4] PASSED [ 74%]
tests/ops/test_softmax.py::test_logsumexp_non_contiguous[32-300-dtype5] PASSED [ 74%]
tests/ops/test_softmax.py::test_logsumexp_non_contiguous[1024-4096-dtype6] PASSED [ 75%]
tests/ops/test_softmax.py::test_logsumexp_non_contiguous[1024-4096-dtype7] PASSED [ 75%]
tests/ops/test_softmax.py::test_logsumexp_non_contiguous[1024-4096-dtype8] PASSED [ 75%]
tests/ops/test_softmax.py::test_softmax_1d[256-dtype0] PASSED            [ 75%]
tests/ops/test_softmax.py::test_softmax_1d[256-dtype1] PASSED            [ 75%]
tests/ops/test_softmax.py::test_softmax_1d[256-dtype2] PASSED            [ 75%]
tests/ops/test_softmax.py::test_softmax_1d[300-dtype3] PASSED            [ 75%]
tests/ops/test_softmax.py::test_softmax_1d[300-dtype4] PASSED            [ 75%]
[...]
tests/ops/test_special_elementwise.py::test_clamp[1048576-dtype2] PASSED [ 83%]
tests/ops/test_special_elementwise.py::test_masked_fill[1048576-dtype0] PASSED [ 83%]
tests/ops/test_special_elementwise.py::test_masked_fill[1048576-dtype1] PASSED [ 83%]
tests/ops/test_special_elementwise.py::test_masked_fill[1048576-dtype2] PASSED [ 83%]
tests/ops/test_special_elementwise.py::test_nan_to_num[1048576-dtype0] PASSED [ 83%]
tests/ops/test_special_elementwise.py::test_nan_to_num[1048576-dtype1] PASSED [ 83%]
tests/ops/test_special_elementwise.py::test_nan_to_num[1048576-dtype2] PASSED [ 83%]
tests/ops/test_special_elementwise.py::test_alibi[128-8-dtype0] PASSED   [ 83%]
tests/ops/test_special_elementwise.py::test_alibi[128-8-dtype1] PASSED   [ 83%]
tests/ops/test_special_elementwise.py::test_sinusoidal[512-256-dtype0] PASSED [ 84%]
tests/ops/test_special_elementwise.py::test_sinusoidal[512-256-dtype1] PASSED [ 84%]
tests/ops/test_special_elementwise.py::test_clamp_dtype_size[1048576-dtype0] PASSED [ 84%]
tests/ops/test_special_elementwise.py::test_clamp_dtype_size[1048576-dtype1] PASSED [ 84%]
tests/ops/test_special_elementwise.py::test_clamp_dtype_size[4096-dtype2] PASSED [ 84%]
tests/ops/test_special_elementwise.py::test_clamp_dtype_size[16777216-dtype3] PASSED [ 84%]
tests/ops/test_special_elementwise.py::test_clamp_min_gt_max[4096-dtype0] PASSED [ 84%]
tests/ops/test_special_elementwise.py::test_clamp_upper_only[4096-dtype0] PASSED [ 84%]
tests/ops/test_special_elementwise.py::test_clamp_lower_only[4096-dtype0] PASSED [ 84%]
tests/ops/test_special_elementwise.py::test_masked_fill_all_true[4096-dtype0] PASSED [ 84%]
tests/ops/test_special_elementwise.py::test_masked_fill_all_false[4096-dtype0] PASSED [ 84%]
tests/ops/test_special_elementwise.py::test_where_all_true[4096-dtype0] PASSED [ 84%]
tests/ops/test_special_elementwise.py::test_where_all_false[4096-dtype0] PASSED [ 85%]
tests/ops/test_special_elementwise.py::test_nan_to_num_edge[4096-dtype0] PASSED [ 85%]
tests/ops/test_special_elementwise.py::test_independent_special_rejects_non_float_dtype PASSED [ 85%]
tests/ops/test_topk_selector.py::test_topk_selector_op[4-256-1024-1-32-float32-int32-False] PASSED [ 85%]
tests/ops/test_topk_selector.py::test_topk_selector_op[8-512-2048-1-64-float32-int32-False] PASSED [ 85%]
tests/ops/test_topk_selector.py::test_topk_selector_op[1-32768-65536-1-1024-float32-int32-False] PASSED [ 85%]
tests/ops/test_topk_selector.py::test_topk_selector_op[1-32768-131072-1-2048-float32-int32-False] PASSED [ 85%]
tests/ops/test_unary_math.py::test_exp[1048576-dtype0] PASSED            [ 85%]
tests/ops/test_unary_math.py::test_exp[1048576-dtype1] PASSED            [ 85%]
tests/ops/test_unary_math.py::test_exp[1048576-dtype2] PASSED            [ 85%]
tests/ops/test_unary_math.py::test_log[1048576-dtype0] PASSED            [ 85%]
tests/ops/test_unary_math.py::test_log[1048576-dtype1] PASSED            [ 86%]
tests/ops/test_unary_math.py::test_log[1048576-dtype2] PASSED            [ 86%]
tests/ops/test_unary_math.py::test_sqrt[1048576-dtype0] PASSED           [ 86%]
tests/ops/test_unary_math.py::test_sqrt[1048576-dtype1] PASSED           [ 86%]
tests/ops/test_unary_math.py::test_sqrt[1048576-dtype2] PASSED           [ 86%]
tests/ops/test_unary_math.py::test_rsqrt[1048576-dtype0] PASSED          [ 86%]
tests/ops/test_unary_math.py::test_rsqrt[1048576-dtype1] PASSED          [ 86%]
tests/ops/test_unary_math.py::test_rsqrt[1048576-dtype2] PASSED          [ 86%]
tests/ops/test_unary_math.py::test_abs[1048576-dtype0] PASSED            [ 86%]
tests/ops/test_unary_math.py::test_abs[1048576-dtype1] PASSED            [ 86%]
tests/ops/test_unary_math.py::test_abs[1048576-dtype2] PASSED            [ 86%]
tests/ops/test_unary_math.py::test_neg[1048576-dtype0] PASSED            [ 87%]
tests/ops/test_unary_math.py::test_neg[1048576-dtype1] PASSED            [ 87%]
tests/ops/test_unary_math.py::test_neg[1048576-dtype2] PASSED            [ 87%]
tests/ops/test_unary_math.py::test_reciprocal[1048576-dtype0] PASSED     [ 87%]
tests/ops/test_unary_math.py::test_reciprocal[1048576-dtype1] PASSED     [ 87%]
tests/ops/test_unary_math.py::test_reciprocal[1048576-dtype2] PASSED     [ 87%]
tests/ops/test_unary_math.py::test_sign[1048576-dtype0] PASSED           [ 87%]
tests/ops/test_unary_math.py::test_sign[1048576-dtype1] PASSED           [ 87%]
tests/ops/test_unary_math.py::test_sign[1048576-dtype2] PASSED           [ 87%]
tests/ops/test_unary_math.py::test_sin[1048576-dtype0] PASSED            [ 87%]
tests/ops/test_unary_math.py::test_sin[1048576-dtype1] PASSED            [ 87%]
tests/ops/test_unary_math.py::test_sin[1048576-dtype2] PASSED            [ 87%]
tests/ops/test_unary_math.py::test_cos[1048576-dtype0] PASSED            [ 88%]
tests/ops/test_unary_math.py::test_cos[1048576-dtype1] PASSED            [ 88%]
tests/ops/test_unary_math.py::test_cos[1048576-dtype2] PASSED            [ 88%]
tests/ops/test_unary_math.py::test_floor[1048576-dtype0] PASSED          [ 88%]
tests/ops/test_unary_math.py::test_floor[1048576-dtype1] PASSED          [ 88%]
tests/ops/test_unary_math.py::test_floor[1048576-dtype2] PASSED          [ 88%]
tests/ops/test_unary_math.py::test_ceil[1048576-dtype0] PASSED           [ 88%]
tests/ops/test_unary_math.py::test_ceil[1048576-dtype1] PASSED           [ 88%]
tests/ops/test_unary_math.py::test_ceil[1048576-dtype2] PASSED           [ 88%]
tests/ops/test_unary_math.py::test_round[1048576-dtype0] PASSED          [ 88%]
tests/ops/test_unary_math.py::test_round[1048576-dtype1] PASSED          [ 88%]
tests/ops/test_unary_math.py::test_round[1048576-dtype2] PASSED          [ 89%]
tests/ops/test_unary_math.py::test_trunc[1048576-dtype0] PASSED          [ 89%]
tests/ops/test_unary_math.py::test_trunc[1048576-dtype1] PASSED          [ 89%]
tests/ops/test_unary_math.py::test_trunc[1048576-dtype2] PASSED          [ 89%]
tests/ops/test_unary_math.py::test_erf[1048576-dtype0] PASSED            [ 89%]
tests/ops/test_unary_math.py::test_erf[1048576-dtype1] PASSED            [ 89%]
tests/ops/test_unary_math.py::test_erf[1048576-dtype2] PASSED            [ 89%]
tests/ops/test_unary_math.py::test_log1p[1048576-dtype0] PASSED          [ 89%]
tests/ops/test_unary_math.py::test_log1p[1048576-dtype1] PASSED          [ 89%]
tests/ops/test_unary_math.py::test_log1p[1048576-dtype2] PASSED          [ 89%]
tests/ops/test_unary_math.py::test_expm1[1048576-dtype0] PASSED          [ 89%]
tests/ops/test_unary_math.py::test_expm1[1048576-dtype1] PASSED          [ 90%]
tests/ops/test_unary_math.py::test_expm1[1048576-dtype2] PASSED          [ 90%]
tests/ops/test_unary_math.py::test_math_ops_reject_non_float_dtype PASSED [ 90%]
tests/ops/test_unary_math.py::test_sqrt_edge[4096-dtype0] PASSED         [ 90%]
tests/ops/test_unary_math.py::test_rsqrt_edge[4096-dtype0] PASSED        [ 90%]
tests/ops/test_unary_math.py::test_log_edge[4096-dtype0] PASSED          [ 90%]
tests/ops/test_unary_math.py::test_log1p_edge[4096-dtype0] PASSED        [ 90%]
tests/ops/test_unary_math.py::test_exp_edge[4096-dtype0] PASSED          [ 90%]
tests/ops/test_unary_math.py::test_expm1_edge[4096-dtype0] PASSED        [ 90%]
tests/ops/test_unary_math.py::test_erf_edge[4096-dtype0] PASSED          [ 90%]
tests/ops/test_unary_math.py::test_reciprocal_edge[4096-dtype0] PASSED   [ 90%]
tests/ops/test_unary_math.py::test_sign_edge[4096-dtype0] PASSED         [ 90%]
tests/test_autotune.py::test_mha_kernel_autotune[8-1024-32-128-False-dtype0] PASSED [ 91%]
tests/test_compile.py::test_mha_kernel_compile[8-1024-32-128-False-dtype0] PASSED [ 91%]
tests/test_compile.py::test_mha_kernel_compile[4-512-16-64-True-dtype1] PASSED [ 91%]
tests/test_compile.py::test_mha_kernel_compile[2-2048-64-128-False-dtype2] PASSED [ 91%]
tests/test_elementwise_compile.py::test_relu_compile[1048576-dtype0] PASSED [ 91%]
tests/test_elementwise_compile.py::test_relu_compile[1048576-dtype1] PASSED [ 91%]
tests/test_elementwise_compile.py::test_add_compile[a_shape0-b_shape0-dtype0] PASSED [ 91%]
tests/test_elementwise_compile.py::test_add_compile[a_shape1-b_shape1-dtype1] PASSED [ 91%]
tests/test_elementwise_compile.py::test_eq_compile[a_shape0-b_shape0-dtype0] PASSED [ 91%]
tests/test_elementwise_compile.py::test_silu_and_mul_compile[512-1024-dtype0] PASSED [ 91%]
tests/test_elementwise_compile.py::test_abs_compile[1048576-dtype0] PASSED [ 91%]
tests/test_elementwise_compile.py::test_sign_compile[1048576-dtype0] PASSED [ 92%]
tests/test_elementwise_compile.py::test_register_fake_unary_shape_dtype[1024-dtype0] PASSED [ 92%]
tests/test_elementwise_compile.py::test_register_fake_comparison_bool_dtype[shape0-dtype0] PASSED [ 92%]
tests/test_elementwise_compile.py::test_register_fake_fused_gated_shape[64-128-dtype0] PASSED [ 92%]
tests/test_elementwise_compile.py::test_unary_float_compile[ExpOp-exp-None-exp] PASSED [ 92%]
tests/test_elementwise_compile.py::test_unary_float_compile[LogOp-<lambda>-_positive_input-log] PASSED [ 92%]
tests/test_elementwise_compile.py::test_unary_float_compile[SqrtOp-<lambda>-_positive_input-sqrt] PASSED [ 92%]
tests/test_elementwise_compile.py::test_unary_float_compile[RsqrtOp-<lambda>-_positive_input-rsqrt] PASSED [ 92%]
tests/test_elementwise_compile.py::test_unary_float_compile[NegOp-neg-None-neg] PASSED [ 92%]
tests/test_elementwise_compile.py::test_unary_float_compile[ReciprocalOp-<lambda>-None-reciprocal] PASSED [ 92%]
tests/test_elementwise_compile.py::test_unary_float_compile[SinOp-<lambda>-None-sin] PASSED [ 92%]
tests/test_elementwise_compile.py::test_unary_float_compile[CosOp-<lambda>-None-cos] PASSED [ 93%]
tests/test_elementwise_compile.py::test_unary_float_compile[FloorOp-<lambda>-None-floor] PASSED [ 93%]
tests/test_elementwise_compile.py::test_unary_float_compile[CeilOp-<lambda>-None-ceil] PASSED [ 93%]
tests/test_elementwise_compile.py::test_unary_float_compile[RoundOp-<lambda>-None-round] PASSED [ 93%]
tests/test_elementwise_compile.py::test_unary_float_compile[TruncOp-<lambda>-None-trunc] PASSED [ 93%]
tests/test_elementwise_compile.py::test_unary_float_compile[ErfOp-<lambda>-None-erf] PASSED [ 93%]
tests/test_elementwise_compile.py::test_unary_float_compile[Log1pOp-<lambda>-_positive_input-log1p] PASSED [ 93%]
tests/test_elementwise_compile.py::test_unary_float_compile[Expm1Op-<lambda>-None-expm1] PASSED [ 93%]
tests/test_elementwise_compile.py::test_unary_float_compile[GeluOp-<lambda>-None-gelu] PASSED [ 93%]
tests/test_elementwise_compile.py::test_unary_float_compile[SiluOp-<lambda>-None-silu] PASSED [ 93%]
tests/test_elementwise_compile.py::test_unary_float_compile[SigmoidOp-<lambda>-None-sigmoid] PASSED [ 93%]
tests/test_elementwise_compile.py::test_unary_float_compile[TanhOp-<lambda>-None-tanh] PASSED [ 93%]
tests/test_elementwise_compile.py::test_unary_float_compile[HardswishOp-<lambda>-None-hardswish] PASSED [ 94%]
tests/test_elementwise_compile.py::test_unary_float_compile[HardsigmoidOp-<lambda>-None-hardsigmoid] PASSED [ 94%]
tests/test_elementwise_compile.py::test_unary_float_compile[MishOp-<lambda>-None-mish] PASSED [ 94%]
tests/test_elementwise_compile.py::test_unary_float_compile[SeluOp-<lambda>-None-selu] PASSED [ 94%]
tests/test_elementwise_compile.py::test_unary_bool_compile[LogicalNotOp-<lambda>-dtype0-logical_not] PASSED [ 94%]
tests/test_elementwise_compile.py::test_unary_bool_compile[IsnanOp-isnan-dtype1-isnan] PASSED [ 94%]
tests/test_elementwise_compile.py::test_unary_bool_compile[IsinfOp-isinf-dtype2-isinf] PASSED [ 94%]
tests/test_elementwise_compile.py::test_unary_bool_compile[IsfiniteOp-isfinite-dtype3-isfinite] PASSED [ 94%]
tests/test_elementwise_compile.py::test_bitwise_not_compile PASSED       [ 94%]
tests/test_elementwise_compile.py::test_binary_arith_compile[SubOp-<lambda>-sub] PASSED [ 94%]
tests/test_elementwise_compile.py::test_binary_arith_compile[MulOp-<lambda>-mul] PASSED [ 94%]
tests/test_elementwise_compile.py::test_binary_arith_compile[DivOp-<lambda>-div] PASSED [ 95%]
tests/test_elementwise_compile.py::test_binary_arith_compile[RemainderOp-<lambda>-remainder] PASSED [ 95%]
tests/test_elementwise_compile.py::test_binary_arith_compile[FloorDivideOp-<lambda>-floor_divide] PASSED [ 95%]
tests/test_elementwise_compile.py::test_binary_arith_compile[MaximumOp-<lambda>-maximum] PASSED [ 95%]
tests/test_elementwise_compile.py::test_binary_arith_compile[MinimumOp-<lambda>-minimum] PASSED [ 95%]
tests/test_elementwise_compile.py::test_pow_compile PASSED               [ 95%]
tests/test_elementwise_compile.py::test_lerp_compile PASSED              [ 95%]
tests/test_elementwise_compile.py::test_comparison_compile[NeOp-<lambda>-ne] PASSED [ 95%]
tests/test_elementwise_compile.py::test_comparison_compile[GtOp-<lambda>-gt] PASSED [ 95%]
tests/test_elementwise_compile.py::test_comparison_compile[LtOp-<lambda>-lt] PASSED [ 95%]
tests/test_elementwise_compile.py::test_comparison_compile[GeOp-<lambda>-ge] PASSED [ 95%]
tests/test_elementwise_compile.py::test_comparison_compile[LeOp-<lambda>-le] PASSED [ 96%]
tests/test_elementwise_compile.py::test_logical_binary_compile[LogicalAndOp-<lambda>-logical_and] PASSED [ 96%]
tests/test_elementwise_compile.py::test_logical_binary_compile[LogicalOrOp-<lambda>-logical_or] PASSED [ 96%]
tests/test_elementwise_compile.py::test_bitwise_binary_compile[BitwiseAndOp-<lambda>-bitwise_and] PASSED [ 96%]
tests/test_elementwise_compile.py::test_bitwise_binary_compile[BitwiseOrOp-<lambda>-bitwise_or] PASSED [ 96%]
tests/test_elementwise_compile.py::test_bitwise_binary_compile[BitwiseXorOp-<lambda>-bitwise_xor] PASSED [ 96%]
tests/test_elementwise_compile.py::test_fused_gated_compile[GeluAndMulOp-gelu_and_mul] PASSED [ 96%]
tests/test_elementwise_compile.py::test_fused_gated_compile[GeluTanhAndMulOp-gelu_tanh_and_mul] PASSED [ 96%]
tests/test_gemm_torch.py::test_pytorch_gemm[16384-8192-13824-dtype0-100] PASSED [ 96%]
tests/test_gemm_torch.py::test_cublas_gemm[16384-8192-13824-dtype0-100] PASSED [ 96%]
tests/test_gemm_triton.py::test_benchmark_triton_gemm_fp16[4096-4864-8192-dtype0-100] PASSED [ 96%]
tests/test_gemm_triton.py::test_verify_triton_gemm_fp16[512-512-512-dtype0] PASSED [ 96%]
tests/test_grouped_gemm_torch.py::test_all_grouped_gemm[4096-4-8192-4864-dtype0] PASSED [ 97%]
tests/test_grouped_gemm_triton.py::test_grouped_gemm_nt[16384-4-8192-13824-dtype0] PASSED [ 97%]
tests/test_grouped_gemm_triton.py::test_grouped_gemm_nn[16384-4-8192-13824-dtype0] PASSED [ 97%]
tests/test_grouped_gemm_triton.py::test_grouped_gemm_tn[16384-4-8192-13824-dtype0] PASSED [ 97%]
tests/test_grouped_gemm_triton.py::test_grouped_gemm_tt[16384-4-8192-13824-dtype0] PASSED [ 97%]
tests/test_reduction_init_files.py::TestKernelReductionInit::test_file_exists PASSED [ 97%]
tests/test_reduction_init_files.py::TestKernelReductionInit::test_has_all_kernel_classes PASSED [ 97%]
tests/test_reduction_init_files.py::TestKernelReductionInit::test_implemented_imports_are_active PASSED [ 97%]
tests/test_reduction_init_files.py::TestKernelReductionInit::test_placeholder_imports_are_commented_out PASSED [ 97%]
tests/test_reduction_init_files.py::TestKernelReductionInit::test_has_all_dunder_all PASSED [ 97%]
tests/test_reduction_init_files.py::TestKernelReductionInit::test_implemented_all_entries_are_active PASSED [ 97%]
tests/test_reduction_init_files.py::TestKernelReductionInit::test_placeholder_all_entries_are_commented_out PASSED [ 98%]
tests/test_reduction_init_files.py::TestKernelReductionInit::test_exact_kernel_count PASSED [ 98%]
tests/test_reduction_init_files.py::TestOpsReductionInit::test_file_exists PASSED [ 98%]
tests/test_reduction_init_files.py::TestOpsReductionInit::test_has_all_op_classes PASSED [ 98%]
tests/test_reduction_init_files.py::TestOpsReductionInit::test_implemented_imports_are_active PASSED [ 98%]
tests/test_reduction_init_files.py::TestOpsReductionInit::test_placeholder_imports_are_commented_out PASSED [ 98%]
tests/test_reduction_init_files.py::TestOpsReductionInit::test_has_all_dunder_all PASSED [ 98%]
tests/test_reduction_init_files.py::TestOpsReductionInit::test_implemented_all_entries_are_active PASSED [ 98%]
tests/test_reduction_init_files.py::TestOpsReductionInit::test_placeholder_all_entries_are_commented_out PASSED [ 98%]
tests/test_reduction_init_files.py::TestOpsReductionInit::test_exact_op_count PASSED [ 98%]
tests/test_reduction_init_files.py::TestOpsMainInit::test_has_reduction_import PASSED [ 98%]
tests/test_reduction_init_files.py::TestOpsMainInit::test_has_all_op_classes_in_all PASSED [ 99%]
tests/test_reduction_init_files.py::TestOpsMainInit::test_implemented_op_entries_are_active PASSED [ 99%]
tests/test_reduction_init_files.py::TestOpsMainInit::test_placeholder_op_entries_are_commented PASSED [ 99%]
tests/test_reduction_init_files.py::TestRuffLinting::test_ruff_check[kernels/reduction] PASSED [ 99%]
tests/test_reduction_init_files.py::TestRuffLinting::test_ruff_check[ops/reduction] PASSED [ 99%]
tests/test_reduction_init_files.py::TestRuffLinting::test_ruff_check[ops/__init__] PASSED [ 99%]
tests/test_reduction_init_files.py::TestRuffLinting::test_ruff_format[kernels/reduction] PASSED [ 99%]
tests/test_reduction_init_files.py::TestRuffLinting::test_ruff_format[ops/reduction] PASSED [ 99%]
tests/test_reduction_init_files.py::TestRuffLinting::test_ruff_format[ops/__init__] PASSED [ 99%]
tests/test_reduction_init_files.py::TestImportability::test_kernel_reduction_importable PASSED [ 99%]
tests/test_reduction_init_files.py::TestImportability::test_ops_reduction_importable PASSED [ 99%]
tests/test_reduction_init_files.py::TestImportability::test_ops_init_importable PASSED [100%]

=============================== warnings summary ===============================
tests/test_gemm_torch.py::test_pytorch_gemm[16384-8192-13824-dtype0-100]
  /home/ci-runner/workdir/_tool/tileops_op_test_venv/lib/python3.11/site-packages/_pytest/python.py:170: PytestReturnNotNoneWarning: Test functions should return None, but tests/test_gemm_torch.py::test_pytorch_gemm[16384-8192-13824-dtype0-100] returned <class 'tuple'>.
  Did you mean to use `assert` instead of `return`?
  See https://docs.pytest.org/en/stable/how-to/assert.html#return-not-none for more information.
    warnings.warn(

tests/test_gemm_torch.py::test_cublas_gemm[16384-8192-13824-dtype0-100]
  /home/ci-runner/workdir/_tool/tileops_op_test_venv/lib/python3.11/site-packages/_pytest/python.py:170: PytestReturnNotNoneWarning: Test functions should return None, but tests/test_gemm_torch.py::test_cublas_gemm[16384-8192-13824-dtype0-100] returned <class 'tuple'>.
  Did you mean to use `assert` instead of `return`?
  See https://docs.pytest.org/en/stable/how-to/assert.html#return-not-none for more information.
    warnings.warn(

tests/test_gemm_triton.py::test_benchmark_triton_gemm_fp16[4096-4864-8192-dtype0-100]
  /home/ci-runner/workdir/_tool/tileops_op_test_venv/lib/python3.11/site-packages/_pytest/python.py:170: PytestReturnNotNoneWarning: Test functions should return None, but tests/test_gemm_triton.py::test_benchmark_triton_gemm_fp16[4096-4864-8192-dtype0-100] returned <class 'list'>.
  Did you mean to use `assert` instead of `return`?
  See https://docs.pytest.org/en/stable/how-to/assert.html#return-not-none for more information.
    warnings.warn(

tests/test_gemm_triton.py::test_verify_triton_gemm_fp16[512-512-512-dtype0]
  /home/ci-runner/workdir/_tool/tileops_op_test_venv/lib/python3.11/site-packages/_pytest/python.py:170: PytestReturnNotNoneWarning: Test functions should return None, but tests/test_gemm_triton.py::test_verify_triton_gemm_fp16[512-512-512-dtype0] returned <class 'bool'>.
  Did you mean to use `assert` instead of `return`?
  See https://docs.pytest.org/en/stable/how-to/assert.html#return-not-none for more information.
    warnings.warn(

-- Docs: https://docs.pytest.org/en/stable/how-to/capture-warnings.html
- generated xml file: /home/ci-runner/workdir/TileOPs/TileOPs/test_results.xml -
================ 1132 passed, 4 warnings in 4756.71s (1:19:16) =================
