============================= test session starts ==============================
platform linux -- Python 3.11.15, pytest-9.0.2, pluggy-1.6.0 -- /usr/bin/python
cachedir: .pytest_cache
rootdir: /workspace
configfile: pyproject.toml
plugins: anyio-4.13.0, xdist-3.8.0
collecting ... collected 2003 items

tests/ops/test_activation.py::test_relu_op[1000000-dtype0] PASSED        [  0%]
tests/ops/test_activation.py::test_relu_op[1000000-dtype1] PASSED        [  0%]
tests/ops/test_activation.py::test_relu_op[1000000-dtype2] PASSED        [  0%]
tests/ops/test_activation.py::test_relu_op[4000000-dtype3] PASSED        [  0%]
tests/ops/test_activation.py::test_relu_op[4000000-dtype4] PASSED        [  0%]
tests/ops/test_activation.py::test_relu_strategies[1000000-dtype0-direct] PASSED [  0%]
tests/ops/test_activation.py::test_relu_strategies[1000000-dtype1-explicit_parallel] PASSED [  0%]
tests/ops/test_activation.py::test_relu_strategies[1000000-dtype2-register_copy] PASSED [  0%]
tests/ops/test_activation.py::test_gelu[1048576-dtype0] PASSED           [  0%]
tests/ops/test_activation.py::test_gelu[1048576-dtype1] PASSED           [  0%]
tests/ops/test_activation.py::test_gelu[1048576-dtype2] PASSED           [  0%]
tests/ops/test_activation.py::test_silu[1048576-dtype0] PASSED           [  0%]
tests/ops/test_activation.py::test_silu[1048576-dtype1] PASSED           [  0%]
tests/ops/test_activation.py::test_silu[1048576-dtype2] PASSED           [  0%]
tests/ops/test_activation.py::test_sigmoid[1048576-dtype0] PASSED        [  0%]
tests/ops/test_activation.py::test_sigmoid[1048576-dtype1] PASSED        [  0%]
tests/ops/test_activation.py::test_sigmoid[1048576-dtype2] PASSED        [  0%]
tests/ops/test_activation.py::test_tanh[1048576-dtype0] PASSED           [  0%]
tests/ops/test_activation.py::test_tanh[1048576-dtype1] PASSED           [  0%]
tests/ops/test_activation.py::test_tanh[1048576-dtype2] PASSED           [  0%]
tests/ops/test_activation.py::test_hardswish[1048576-dtype0] PASSED      [  1%]
tests/ops/test_activation.py::test_hardswish[1048576-dtype1] PASSED      [  1%]
tests/ops/test_activation.py::test_hardswish[1048576-dtype2] PASSED      [  1%]
tests/ops/test_activation.py::test_hardsigmoid[1048576-dtype0] PASSED    [  1%]
tests/ops/test_activation.py::test_hardsigmoid[1048576-dtype1] PASSED    [  1%]
tests/ops/test_activation.py::test_hardsigmoid[1048576-dtype2] PASSED    [  1%]
tests/ops/test_activation.py::test_mish[1048576-dtype0] PASSED           [  1%]
tests/ops/test_activation.py::test_mish[1048576-dtype1] PASSED           [  1%]
tests/ops/test_activation.py::test_mish[1048576-dtype2] PASSED           [  1%]
tests/ops/test_activation.py::test_selu[1048576-dtype0] PASSED           [  1%]
tests/ops/test_activation.py::test_selu[1048576-dtype1] PASSED           [  1%]
tests/ops/test_activation.py::test_selu[1048576-dtype2] PASSED           [  1%]
tests/ops/test_activation.py::test_activation_rejects_non_float_dtype PASSED [  1%]
tests/ops/test_activation.py::test_sigmoid_edge[4096-dtype0] PASSED      [  1%]
tests/ops/test_activation.py::test_tanh_edge[4096-dtype0] PASSED         [  1%]
tests/ops/test_activation.py::test_leaky_relu[1048576-dtype0] PASSED     [  1%]
tests/ops/test_activation.py::test_leaky_relu[1048576-dtype1] PASSED     [  1%]
tests/ops/test_activation.py::test_leaky_relu[1048576-dtype2] PASSED     [  1%]
tests/ops/test_activation.py::test_elu[1048576-dtype0] PASSED            [  1%]
tests/ops/test_activation.py::test_elu[1048576-dtype1] PASSED            [  1%]
tests/ops/test_activation.py::test_elu[1048576-dtype2] PASSED            [  2%]
tests/ops/test_activation.py::test_hardtanh[1048576-dtype0] PASSED       [  2%]
tests/ops/test_activation.py::test_hardtanh[1048576-dtype1] PASSED       [  2%]
tests/ops/test_activation.py::test_hardtanh[1048576-dtype2] PASSED       [  2%]
tests/ops/test_activation.py::test_softplus[1048576-dtype0] PASSED       [  2%]
tests/ops/test_activation.py::test_softplus[1048576-dtype1] PASSED       [  2%]
tests/ops/test_activation.py::test_softplus[1048576-dtype2] PASSED       [  2%]
tests/ops/test_activation.py::test_prelu[1048576-dtype0] PASSED          [  2%]
tests/ops/test_activation.py::test_prelu[1048576-dtype1] PASSED          [  2%]
tests/ops/test_activation.py::test_prelu[1048576-dtype2] PASSED          [  2%]
tests/ops/test_activation.py::test_prelu_batch_dim PASSED                [  2%]
tests/ops/test_activation.py::test_independent_activation_rejects_non_float_dtype PASSED [  2%]
tests/ops/test_ada_layer_norm.py::test_ada_layer_norm_op[1024-4096-dtype0] PASSED [  2%]
tests/ops/test_ada_layer_norm.py::test_ada_layer_norm_op[4096-4096-dtype1] PASSED [  2%]
tests/ops/test_ada_layer_norm.py::test_ada_layer_norm_op[1024-4096-dtype2] PASSED [  2%]
tests/ops/test_ada_layer_norm.py::test_ada_layer_norm_op[4096-4096-dtype3] PASSED [  2%]
tests/ops/test_ada_layer_norm.py::test_ada_layer_norm_op[1024-4096-dtype4] PASSED [  2%]
tests/ops/test_ada_layer_norm.py::test_ada_layer_norm_op[4096-4096-dtype5] PASSED [  2%]
tests/ops/test_ada_layer_norm.py::test_ada_layer_norm_op[1024-3000-dtype6] PASSED [  2%]
tests/ops/test_ada_layer_norm.py::test_ada_layer_norm_op[1024-3000-dtype7] PASSED [  2%]
tests/ops/test_ada_layer_norm.py::test_ada_layer_norm_op[1024-3000-dtype8] PASSED [  3%]
tests/ops/test_ada_layer_norm.py::test_ada_layer_norm_op[1025-4096-dtype9] PASSED [  3%]
tests/ops/test_ada_layer_norm.py::test_ada_layer_norm_op[1025-4096-dtype10] PASSED [  3%]
tests/ops/test_ada_layer_norm.py::test_ada_layer_norm_3d[2-512-4096-dtype0] PASSED [  3%]
tests/ops/test_ada_layer_norm.py::test_ada_layer_norm_3d[2-512-4096-dtype1] PASSED [  3%]
tests/ops/test_ada_layer_norm.py::test_ada_layer_norm_3d[2-512-4096-dtype2] PASSED [  3%]
tests/ops/test_ada_layer_norm_zero.py::test_ada_layer_norm_zero_op[1024-4096-dtype0] PASSED [  3%]
tests/ops/test_ada_layer_norm_zero.py::test_ada_layer_norm_zero_op[4096-4096-dtype1] PASSED [  3%]
tests/ops/test_ada_layer_norm_zero.py::test_ada_layer_norm_zero_op[1024-4096-dtype2] PASSED [  3%]
tests/ops/test_ada_layer_norm_zero.py::test_ada_layer_norm_zero_op[4096-4096-dtype3] PASSED [  3%]
tests/ops/test_ada_layer_norm_zero.py::test_ada_layer_norm_zero_op[1024-4096-dtype4] PASSED [  3%]
tests/ops/test_ada_layer_norm_zero.py::test_ada_layer_norm_zero_op[4096-4096-dtype5] PASSED [  3%]
tests/ops/test_ada_layer_norm_zero.py::test_ada_layer_norm_zero_op[1024-3000-dtype6] PASSED [  3%]
tests/ops/test_ada_layer_norm_zero.py::test_ada_layer_norm_zero_op[1024-3000-dtype7] PASSED [  3%]
tests/ops/test_ada_layer_norm_zero.py::test_ada_layer_norm_zero_op[1024-3000-dtype8] PASSED [  3%]
tests/ops/test_ada_layer_norm_zero.py::test_ada_layer_norm_zero_op[1025-4096-dtype9] PASSED [  3%]
tests/ops/test_ada_layer_norm_zero.py::test_ada_layer_norm_zero_op[1025-4096-dtype10] PASSED [  3%]
tests/ops/test_ada_layer_norm_zero.py::test_ada_layer_norm_zero_3d[2-512-4096-dtype0] PASSED [  3%]
tests/ops/test_ada_layer_norm_zero.py::test_ada_layer_norm_zero_3d[2-512-4096-dtype1] PASSED [  3%]
tests/ops/test_ada_layer_norm_zero.py::test_ada_layer_norm_zero_3d[2-512-4096-dtype2] PASSED [  3%]
tests/ops/test_argreduce.py::test_argmax_op[128-512-dtype0] PASSED       [  4%]
tests/ops/test_argreduce.py::test_argmax_op[128-512-dtype1] PASSED       [  4%]
tests/ops/test_argreduce.py::test_argmax_op[128-512-dtype2] PASSED       [  4%]
tests/ops/test_argreduce.py::test_argmax_op[256-4096-dtype3] PASSED      [  4%]
tests/ops/test_argreduce.py::test_argmax_op[256-4096-dtype4] PASSED      [  4%]
tests/ops/test_argreduce.py::test_argmax_op[128-300-dtype5] PASSED       [  4%]
tests/ops/test_argreduce.py::test_argmax_op[128-300-dtype6] PASSED       [  4%]
tests/ops/test_argreduce.py::test_argmax_op[129-512-dtype7] PASSED       [  4%]
tests/ops/test_argreduce.py::test_argmax_non_contiguous[128-512-dtype0] PASSED [  4%]
tests/ops/test_argreduce.py::test_argmax_non_contiguous[128-512-dtype1] PASSED [  4%]
tests/ops/test_argreduce.py::test_argmax_3d[2-64-512-dtype0] PASSED      [  4%]
tests/ops/test_argreduce.py::test_argmax_3d[2-64-512-dtype1] PASSED      [  4%]
tests/ops/test_argreduce.py::test_argmax_4d[2-4-8-512-dtype0] PASSED     [  4%]
tests/ops/test_argreduce.py::test_argmax_4d[2-4-8-512-dtype1] PASSED     [  4%]
tests/ops/test_argreduce.py::test_argmax_1d[512-dtype0] PASSED           [  4%]
tests/ops/test_argreduce.py::test_argmax_1d[512-dtype1] PASSED           [  4%]
tests/ops/test_argreduce.py::test_argmax_1d[512-dtype2] PASSED           [  4%]
tests/ops/test_argreduce.py::test_argmin_op[128-512-dtype0] PASSED       [  4%]
tests/ops/test_argreduce.py::test_argmin_op[128-512-dtype1] PASSED       [  4%]
tests/ops/test_argreduce.py::test_argmin_op[128-512-dtype2] PASSED       [  4%]
tests/ops/test_argreduce.py::test_argmin_op[256-4096-dtype3] PASSED      [  5%]
tests/ops/test_argreduce.py::test_argmin_op[256-4096-dtype4] PASSED      [  5%]
tests/ops/test_argreduce.py::test_argmin_op[128-300-dtype5] PASSED       [  5%]
tests/ops/test_argreduce.py::test_argmin_op[128-300-dtype6] PASSED       [  5%]
tests/ops/test_argreduce.py::test_argmin_op[129-512-dtype7] PASSED       [  5%]
tests/ops/test_argreduce.py::test_argmin_non_contiguous[128-512-dtype0] PASSED [  5%]
tests/ops/test_argreduce.py::test_argmin_non_contiguous[128-512-dtype1] PASSED [  5%]
tests/ops/test_argreduce.py::test_argmin_3d[2-64-512-dtype0] PASSED      [  5%]
tests/ops/test_argreduce.py::test_argmin_3d[2-64-512-dtype1] PASSED      [  5%]
tests/ops/test_argreduce.py::test_argmin_4d[2-4-8-512-dtype0] PASSED     [  5%]
tests/ops/test_argreduce.py::test_argmin_4d[2-4-8-512-dtype1] PASSED     [  5%]
tests/ops/test_argreduce.py::test_argmin_1d[512-dtype0] PASSED           [  5%]
tests/ops/test_argreduce.py::test_argmin_1d[512-dtype1] PASSED           [  5%]
tests/ops/test_argreduce.py::test_argmin_1d[512-dtype2] PASSED           [  5%]
tests/ops/test_avg_pool1d.py::test_avg_pool1d[smoke-k3-default-stride-fp16] PASSED [  5%]
tests/ops/test_avg_pool1d.py::test_avg_pool1d[full-k5-s2-no-pad-count-fp16] PASSED [  5%]
tests/ops/test_avg_pool1d.py::test_avg_pool1d[full-ceil-bf16] PASSED     [  5%]
tests/ops/test_avg_pool1d.py::test_avg_pool1d_dispatches_kernel PASSED   [  5%]
tests/ops/test_avg_pool1d.py::test_avg_pool1d_rejects_wrong_tuple_arity PASSED [  5%]
tests/ops/test_avg_pool1d.py::test_avg_pool1d_rejects_non_positive_stride PASSED [  5%]
tests/ops/test_avg_pool1d.py::test_avg_pool1d_rejects_bool_pool_params[kwargs0-kernel_size must be an int or a tuple of 1 ints] PASSED [  6%]
tests/ops/test_avg_pool1d.py::test_avg_pool1d_rejects_bool_pool_params[kwargs1-stride must be an int or a tuple of 1 ints] PASSED [  6%]
tests/ops/test_avg_pool1d.py::test_avg_pool1d_rejects_bool_pool_params[kwargs2-padding must be an int or a tuple of 1 ints] PASSED [  6%]
tests/ops/test_avg_pool1d.py::test_avg_pool1d_forward_warns_on_ambiguous_nlc_shape PASSED [  6%]
tests/ops/test_avg_pool2d.py::test_avg_pool2d[smoke-3x3-default-stride-fp16] PASSED [  6%]
tests/ops/test_avg_pool2d.py::test_avg_pool2d[full-ceil-no-pad-count-fp16] PASSED [  6%]
tests/ops/test_avg_pool2d.py::test_avg_pool2d[full-divisor-override-bf16] PASSED [  6%]
tests/ops/test_avg_pool2d.py::test_avg_pool2d_dispatches_kernel PASSED   [  6%]
tests/ops/test_avg_pool2d.py::test_avg_pool2d_rejects_zero_divisor_override PASSED [  6%]
tests/ops/test_avg_pool2d.py::test_avg_pool2d_rejects_non_positive_stride PASSED [  6%]
tests/ops/test_avg_pool2d.py::test_avg_pool2d_rejects_invalid_padding PASSED [  6%]
tests/ops/test_avg_pool2d.py::test_avg_pool2d_rejects_invalid_param_types[kwargs0-kernel_size must be an int or a tuple of 2 ints] PASSED [  6%]
tests/ops/test_avg_pool2d.py::test_avg_pool2d_rejects_invalid_param_types[kwargs1-stride must be an int or a tuple of 2 ints] PASSED [  6%]
tests/ops/test_avg_pool2d.py::test_avg_pool2d_rejects_invalid_param_types[kwargs2-padding must be an int or a tuple of 2 ints] PASSED [  6%]
tests/ops/test_avg_pool2d.py::test_avg_pool2d_rejects_invalid_param_types[kwargs3-kernel_size must contain only ints] PASSED [  6%]
tests/ops/test_avg_pool2d.py::test_avg_pool2d_rejects_invalid_param_types[kwargs4-divisor_override must be an int or None] PASSED [  6%]
tests/ops/test_avg_pool2d.py::test_avg_pool2d_rejects_invalid_param_types[kwargs5-divisor_override must be an int or None] PASSED [  6%]
tests/ops/test_avg_pool2d.py::test_avg_pool2d_negative_divisor_override_matches_torch PASSED [  6%]
tests/ops/test_avg_pool2d.py::test_avg_pool2d_forward_rejects_nchw_shape PASSED [  6%]
tests/ops/test_avg_pool2d.py::test_avg_pool2d_forward_warns_on_ambiguous_nhwc_shape PASSED [  6%]
tests/ops/test_avg_pool3d.py::test_avg_pool3d[smoke-2x2x2-default-stride-fp16] PASSED [  7%]
tests/ops/test_avg_pool3d.py::test_avg_pool3d[full-ceil-no-pad-count-fp16] PASSED [  7%]
tests/ops/test_avg_pool3d.py::test_avg_pool3d[full-divisor-override-bf16] PASSED [  7%]
tests/ops/test_avg_pool3d.py::test_avg_pool3d_dispatches_kernel PASSED   [  7%]
tests/ops/test_avg_pool3d.py::test_avg_pool3d_rejects_zero_divisor_override PASSED [  7%]
tests/ops/test_avg_pool3d.py::test_avg_pool3d_rejects_non_positive_stride PASSED [  7%]
tests/ops/test_avg_pool3d.py::test_avg_pool3d_rejects_invalid_param_types[kwargs0-kernel_size must be an int or a tuple of 3 ints] PASSED [  7%]
tests/ops/test_avg_pool3d.py::test_avg_pool3d_rejects_invalid_param_types[kwargs1-stride must be an int or a tuple of 3 ints] PASSED [  7%]
tests/ops/test_avg_pool3d.py::test_avg_pool3d_rejects_invalid_param_types[kwargs2-padding must be an int or a tuple of 3 ints] PASSED [  7%]
tests/ops/test_avg_pool3d.py::test_avg_pool3d_rejects_invalid_param_types[kwargs3-kernel_size must contain only ints] PASSED [  7%]
tests/ops/test_avg_pool3d.py::test_avg_pool3d_rejects_invalid_param_types[kwargs4-divisor_override must be an int or None] PASSED [  7%]
tests/ops/test_avg_pool3d.py::test_avg_pool3d_rejects_invalid_param_types[kwargs5-divisor_override must be an int or None] PASSED [  7%]
tests/ops/test_avg_pool3d.py::test_avg_pool3d_negative_divisor_override_matches_torch PASSED [  7%]
tests/ops/test_avg_pool3d.py::test_avg_pool3d_forward_rejects_ncdhw_shape PASSED [  7%]
tests/ops/test_avg_pool3d.py::test_avg_pool3d_forward_warns_on_ambiguous_ndhwc_shape PASSED [  7%]
tests/ops/test_batch_norm.py::test_batch_norm_fwd[32-64-spatial0-dtype0-True] PASSED [  7%]
tests/ops/test_batch_norm.py::test_batch_norm_fwd[32-64-spatial1-dtype1-False] PASSED [  7%]
tests/ops/test_batch_norm.py::test_batch_norm_fwd[32-256-spatial2-dtype2-True] PASSED [  7%]
tests/ops/test_batch_norm.py::test_batch_norm_fwd[16-64-spatial3-dtype3-True] PASSED [  7%]
tests/ops/test_batch_norm.py::test_batch_norm_fwd[4-64-spatial4-dtype4-True] PASSED [  7%]
tests/ops/test_batch_norm.py::test_batch_norm_fwd[8-64-spatial5-dtype5-True] PASSED [  8%]
tests/ops/test_batch_norm.py::test_batch_norm_fwd[8-64-spatial6-dtype6-False] PASSED [  8%]
tests/ops/test_batch_norm.py::test_batch_norm_fwd[4-128-spatial7-dtype7-True] PASSED [  8%]
tests/ops/test_batch_norm.py::test_batch_norm_fwd[8-64-spatial8-dtype8-True] PASSED [  8%]
tests/ops/test_batch_norm.py::test_batch_norm_fwd[8-64-spatial9-dtype9-True] PASSED [  8%]
tests/ops/test_batch_norm.py::test_batch_norm_bwd[32-64-spatial0-dtype0] PASSED [  8%]
tests/ops/test_batch_norm.py::test_batch_norm_bwd[8-64-spatial1-dtype1] PASSED [  8%]
tests/ops/test_batch_norm.py::test_batch_norm_bwd[4-128-spatial2-dtype2] PASSED [  8%]
tests/ops/test_batch_norm.py::test_batch_norm_bwd[4-64-spatial3-dtype3] PASSED [  8%]
tests/ops/test_batch_norm.py::test_batch_norm_bwd[8-64-spatial4-dtype4] PASSED [  8%]
tests/ops/test_batch_norm.py::test_batch_norm_bwd[8-64-spatial5-dtype5] PASSED [  8%]
tests/ops/test_binary_arith.py::test_coalesce_broadcast_dims[a_shape0-b_shape0-1] PASSED [  8%]
tests/ops/test_binary_arith.py::test_coalesce_broadcast_dims[a_shape1-b_shape1-2] PASSED [  8%]
tests/ops/test_binary_arith.py::test_coalesce_broadcast_dims[a_shape2-b_shape2-2] PASSED [  8%]
tests/ops/test_binary_arith.py::test_coalesce_broadcast_dims[a_shape3-b_shape3-1] PASSED [  8%]
tests/ops/test_binary_arith.py::test_coalesce_broadcast_dims[a_shape4-b_shape4-3] PASSED [  8%]
tests/ops/test_binary_arith.py::test_coalesce_broadcast_dims[a_shape5-b_shape5-2] PASSED [  8%]
tests/ops/test_binary_arith.py::test_coalesce_broadcast_dims[a_shape6-b_shape6-1] PASSED [  8%]
tests/ops/test_binary_arith.py::test_coalesce_broadcast_dims[a_shape7-b_shape7-1] PASSED [  8%]
tests/ops/test_binary_arith.py::test_add_same_shape[4096-dtype0] PASSED  [  8%]
tests/ops/test_binary_arith.py::test_add_same_shape[16384-dtype1] PASSED [  9%]
tests/ops/test_binary_arith.py::test_add_same_shape[16384-dtype2] PASSED [  9%]
tests/ops/test_binary_arith.py::test_add_same_shape[16384-dtype3] PASSED [  9%]
tests/ops/test_binary_arith.py::test_add_broadcast[a_shape0-b_shape0-dtype0] PASSED [  9%]
tests/ops/test_binary_arith.py::test_add_broadcast[a_shape1-b_shape1-dtype1] PASSED [  9%]
tests/ops/test_binary_arith.py::test_add_broadcast[a_shape2-b_shape2-dtype2] PASSED [  9%]
tests/ops/test_binary_arith.py::test_add_broadcast[a_shape3-b_shape3-dtype3] PASSED [  9%]
tests/ops/test_binary_arith.py::test_binary_arith_broadcast[sub-SubOp-<lambda>-<lambda>-<lambda>-a_shape0-b_shape0] PASSED [  9%]
tests/ops/test_binary_arith.py::test_binary_arith_broadcast[sub-SubOp-<lambda>-<lambda>-<lambda>-a_shape1-b_shape1] PASSED [  9%]
tests/ops/test_binary_arith.py::test_binary_arith_broadcast[sub-SubOp-<lambda>-<lambda>-<lambda>-a_shape2-b_shape2] PASSED [  9%]
tests/ops/test_binary_arith.py::test_binary_arith_broadcast[mul-MulOp-<lambda>-<lambda>-<lambda>-a_shape3-b_shape3] PASSED [  9%]
tests/ops/test_binary_arith.py::test_binary_arith_broadcast[mul-MulOp-<lambda>-<lambda>-<lambda>-a_shape4-b_shape4] PASSED [  9%]
tests/ops/test_binary_arith.py::test_binary_arith_broadcast[mul-MulOp-<lambda>-<lambda>-<lambda>-a_shape5-b_shape5] PASSED [  9%]
tests/ops/test_binary_arith.py::test_binary_arith_broadcast[div-DivOp-<lambda>-<lambda>-<lambda>-a_shape6-b_shape6] PASSED [  9%]
tests/ops/test_binary_arith.py::test_binary_arith_broadcast[div-DivOp-<lambda>-<lambda>-<lambda>-a_shape7-b_shape7] PASSED [  9%]
tests/ops/test_binary_arith.py::test_binary_arith_broadcast[div-DivOp-<lambda>-<lambda>-<lambda>-a_shape8-b_shape8] PASSED [  9%]
tests/ops/test_binary_arith.py::test_binary_arith_broadcast[remainder-RemainderOp-<lambda>-<lambda>-<lambda>-a_shape9-b_shape9] PASSED [  9%]
tests/ops/test_binary_arith.py::test_binary_arith_broadcast[remainder-RemainderOp-<lambda>-<lambda>-<lambda>-a_shape10-b_shape10] PASSED [  9%]
tests/ops/test_binary_arith.py::test_binary_arith_broadcast[remainder-RemainderOp-<lambda>-<lambda>-<lambda>-a_shape11-b_shape11] PASSED [  9%]
tests/ops/test_binary_arith.py::test_binary_arith_broadcast[pow-PowOp-<lambda>-<lambda>-<lambda>-a_shape12-b_shape12] PASSED [  9%]
tests/ops/test_binary_arith.py::test_binary_arith_broadcast[pow-PowOp-<lambda>-<lambda>-<lambda>-a_shape13-b_shape13] PASSED [ 10%]
tests/ops/test_binary_arith.py::test_binary_arith_broadcast[pow-PowOp-<lambda>-<lambda>-<lambda>-a_shape14-b_shape14] PASSED [ 10%]
tests/ops/test_binary_arith.py::test_binary_arith_broadcast[floor_divide-FloorDivideOp-<lambda>-<lambda>-<lambda>-a_shape15-b_shape15] PASSED [ 10%]
tests/ops/test_binary_arith.py::test_binary_arith_broadcast[floor_divide-FloorDivideOp-<lambda>-<lambda>-<lambda>-a_shape16-b_shape16] PASSED [ 10%]
tests/ops/test_binary_arith.py::test_binary_arith_broadcast[floor_divide-FloorDivideOp-<lambda>-<lambda>-<lambda>-a_shape17-b_shape17] PASSED [ 10%]
tests/ops/test_binary_arith.py::test_binary_arith_broadcast[lerp-LerpOp-<lambda>-<lambda>-<lambda>-a_shape18-b_shape18] PASSED [ 10%]
tests/ops/test_binary_arith.py::test_binary_arith_broadcast[lerp-LerpOp-<lambda>-<lambda>-<lambda>-a_shape19-b_shape19] PASSED [ 10%]
tests/ops/test_binary_arith.py::test_binary_arith_broadcast[lerp-LerpOp-<lambda>-<lambda>-<lambda>-a_shape20-b_shape20] PASSED [ 10%]
tests/ops/test_binary_arith.py::test_binary_arith_broadcast[maximum-MaximumOp-<lambda>-<lambda>-<lambda>-a_shape21-b_shape21] PASSED [ 10%]
tests/ops/test_binary_arith.py::test_binary_arith_broadcast[maximum-MaximumOp-<lambda>-<lambda>-<lambda>-a_shape22-b_shape22] PASSED [ 10%]
tests/ops/test_binary_arith.py::test_binary_arith_broadcast[maximum-MaximumOp-<lambda>-<lambda>-<lambda>-a_shape23-b_shape23] PASSED [ 10%]
tests/ops/test_binary_arith.py::test_binary_arith_broadcast[minimum-MinimumOp-<lambda>-<lambda>-<lambda>-a_shape24-b_shape24] PASSED [ 10%]
tests/ops/test_binary_arith.py::test_binary_arith_broadcast[minimum-MinimumOp-<lambda>-<lambda>-<lambda>-a_shape25-b_shape25] PASSED [ 10%]
tests/ops/test_binary_arith.py::test_binary_arith_broadcast[minimum-MinimumOp-<lambda>-<lambda>-<lambda>-a_shape26-b_shape26] PASSED [ 10%]
tests/ops/test_binary_arith.py::test_add_strategies[4096-dtype0-direct] PASSED [ 10%]
tests/ops/test_binary_arith.py::test_add_strategies[16384-dtype1-explicit_parallel] PASSED [ 10%]
tests/ops/test_binary_arith.py::test_sub_op[4096-dtype0] PASSED          [ 10%]
tests/ops/test_binary_arith.py::test_sub_op[16384-dtype1] PASSED         [ 10%]
tests/ops/test_binary_arith.py::test_sub_op[16384-dtype2] PASSED         [ 10%]
tests/ops/test_binary_arith.py::test_mul_op[4096-dtype0] PASSED          [ 10%]
tests/ops/test_binary_arith.py::test_mul_op[16384-dtype1] PASSED         [ 11%]
tests/ops/test_binary_arith.py::test_mul_op[16384-dtype2] PASSED         [ 11%]
tests/ops/test_binary_arith.py::test_div_op[4096-dtype0] PASSED          [ 11%]
tests/ops/test_binary_arith.py::test_div_op[16384-dtype1] PASSED         [ 11%]
tests/ops/test_binary_arith.py::test_div_op[16384-dtype2] PASSED         [ 11%]
tests/ops/test_binary_arith.py::test_remainder_op[4096-dtype0] PASSED    [ 11%]
tests/ops/test_binary_arith.py::test_remainder_op[16384-dtype1] PASSED   [ 11%]
tests/ops/test_binary_arith.py::test_remainder_op[16384-dtype2] PASSED   [ 11%]
tests/ops/test_binary_arith.py::test_pow_op[4096-dtype0] PASSED          [ 11%]
tests/ops/test_binary_arith.py::test_pow_op[16384-dtype1] PASSED         [ 11%]
tests/ops/test_binary_arith.py::test_pow_op[16384-dtype2] PASSED         [ 11%]
tests/ops/test_binary_arith.py::test_floor_divide_op[4096-dtype0] PASSED [ 11%]
tests/ops/test_binary_arith.py::test_floor_divide_op[16384-dtype1] PASSED [ 11%]
tests/ops/test_binary_arith.py::test_floor_divide_op[16384-dtype2] PASSED [ 11%]
tests/ops/test_binary_arith.py::test_lerp_op[4096-dtype0] PASSED         [ 11%]
tests/ops/test_binary_arith.py::test_lerp_op[16384-dtype1] PASSED        [ 11%]
tests/ops/test_binary_arith.py::test_lerp_op[16384-dtype2] PASSED        [ 11%]
tests/ops/test_binary_arith.py::test_maximum_op[4096-dtype0] PASSED      [ 11%]
tests/ops/test_binary_arith.py::test_maximum_op[16384-dtype1] PASSED     [ 11%]
tests/ops/test_binary_arith.py::test_maximum_op[16384-dtype2] PASSED     [ 11%]
tests/ops/test_binary_arith.py::test_minimum_op[4096-dtype0] PASSED      [ 12%]
tests/ops/test_binary_arith.py::test_minimum_op[16384-dtype1] PASSED     [ 12%]
tests/ops/test_binary_arith.py::test_minimum_op[16384-dtype2] PASSED     [ 12%]
tests/ops/test_binary_arith.py::test_maximum_nan_propagation[dtype0] PASSED [ 12%]
tests/ops/test_binary_arith.py::test_maximum_nan_propagation[dtype1] PASSED [ 12%]
tests/ops/test_binary_arith.py::test_minimum_nan_propagation[dtype0] PASSED [ 12%]
tests/ops/test_binary_arith.py::test_minimum_nan_propagation[dtype1] PASSED [ 12%]
tests/ops/test_binary_arith.py::test_maximum_signed_zero[dtype0] PASSED  [ 12%]
tests/ops/test_binary_arith.py::test_maximum_signed_zero[dtype1] PASSED  [ 12%]
tests/ops/test_binary_arith.py::test_maximum_signed_zero[dtype2] PASSED  [ 12%]
tests/ops/test_binary_arith.py::test_minimum_signed_zero[dtype0] PASSED  [ 12%]
tests/ops/test_binary_arith.py::test_minimum_signed_zero[dtype1] PASSED  [ 12%]
tests/ops/test_binary_arith.py::test_minimum_signed_zero[dtype2] PASSED  [ 12%]
tests/ops/test_binary_arith.py::test_maximum_signed_zero_with_nan[dtype0] PASSED [ 12%]
tests/ops/test_binary_arith.py::test_maximum_signed_zero_with_nan[dtype1] PASSED [ 12%]
tests/ops/test_binary_arith.py::test_maximum_signed_zero_with_nan[dtype2] PASSED [ 12%]
tests/ops/test_binary_arith.py::test_minimum_signed_zero_with_nan[dtype0] PASSED [ 12%]
tests/ops/test_binary_arith.py::test_minimum_signed_zero_with_nan[dtype1] PASSED [ 12%]
tests/ops/test_binary_arith.py::test_minimum_signed_zero_with_nan[dtype2] PASSED [ 12%]
tests/ops/test_binary_arith.py::test_binary_arith_edge_cases[DivOp-<lambda>-<lambda>] PASSED [ 12%]
tests/ops/test_binary_arith.py::test_binary_arith_edge_cases[RemainderOp-<lambda>-<lambda>] PASSED [ 13%]
tests/ops/test_binary_arith.py::test_binary_arith_edge_cases[FloorDivideOp-<lambda>-<lambda>] PASSED [ 13%]
tests/ops/test_binary_arith.py::test_binary_arith_edge_cases[PowOp-<lambda>-<lambda>] PASSED [ 13%]
tests/ops/test_binary_arith.py::test_binary_arith_edge_cases[MaximumOp-<lambda>-<lambda>] PASSED [ 13%]
tests/ops/test_binary_arith.py::test_float_only_binary_ops_reject_integer_dtype[DivOp-dtype0] PASSED [ 13%]
tests/ops/test_binary_arith.py::test_float_only_binary_ops_reject_integer_dtype[RemainderOp-dtype1] PASSED [ 13%]
tests/ops/test_binary_arith.py::test_float_only_binary_ops_reject_integer_dtype[PowOp-dtype2] PASSED [ 13%]
tests/ops/test_binary_arith.py::test_float_only_binary_ops_reject_integer_dtype[FloorDivideOp-dtype3] PASSED [ 13%]
tests/ops/test_binary_arith.py::test_float_only_binary_ops_reject_integer_dtype[LerpOp-dtype4] PASSED [ 13%]
tests/ops/test_binary_arith.py::test_float_only_binary_ops_reject_integer_dtype[MaximumOp-dtype5] PASSED [ 13%]
tests/ops/test_binary_arith.py::test_float_only_binary_ops_reject_integer_dtype[MinimumOp-dtype6] PASSED [ 13%]
tests/ops/test_binary_arith.py::test_binary_op_rejects_runtime_dtype_mismatch PASSED [ 13%]
tests/ops/test_binary_arith.py::test_binary_kernel_has_autotune_configs PASSED [ 13%]
tests/ops/test_binary_arith.py::test_binary_kernel_autotune_configs_distinct PASSED [ 13%]
tests/ops/test_binary_arith.py::test_maximum_optimized_large[4194304-dtype0] PASSED [ 13%]
tests/ops/test_binary_arith.py::test_maximum_optimized_large[10485760-dtype1] PASSED [ 13%]
tests/ops/test_binary_arith.py::test_maximum_optimized_large[4194304-dtype2] PASSED [ 13%]
tests/ops/test_binary_arith.py::test_minimum_optimized_large[4194304-dtype0] PASSED [ 13%]
tests/ops/test_binary_arith.py::test_minimum_optimized_large[10485760-dtype1] PASSED [ 13%]
tests/ops/test_binary_arith.py::test_minimum_optimized_large[4194304-dtype2] PASSED [ 13%]
tests/ops/test_binary_arith.py::test_register_copy_downgrades_on_broadcast PASSED [ 14%]
tests/ops/test_binary_arith.py::test_binary_tune_true_does_not_crash PASSED [ 14%]
tests/ops/test_bitwise.py::test_bitwise_and_op[4096] PASSED              [ 14%]
tests/ops/test_bitwise.py::test_bitwise_and_op[16384] PASSED             [ 14%]
tests/ops/test_bitwise.py::test_bitwise_or_op[4096] PASSED               [ 14%]
tests/ops/test_bitwise.py::test_bitwise_or_op[16384] PASSED              [ 14%]
tests/ops/test_bitwise.py::test_bitwise_xor_op[4096] PASSED              [ 14%]
tests/ops/test_bitwise.py::test_bitwise_xor_op[16384] PASSED             [ 14%]
tests/ops/test_bitwise.py::test_bitwise_broadcast[bitwise_and-BitwiseAndOp-bitwise_and-a_shape0-b_shape0] PASSED [ 14%]
tests/ops/test_bitwise.py::test_bitwise_broadcast[bitwise_and-BitwiseAndOp-bitwise_and-a_shape1-b_shape1] PASSED [ 14%]
tests/ops/test_bitwise.py::test_bitwise_broadcast[bitwise_and-BitwiseAndOp-bitwise_and-a_shape2-b_shape2] PASSED [ 14%]
tests/ops/test_bitwise.py::test_bitwise_broadcast[bitwise_or-BitwiseOrOp-bitwise_or-a_shape3-b_shape3] PASSED [ 14%]
tests/ops/test_bitwise.py::test_bitwise_broadcast[bitwise_or-BitwiseOrOp-bitwise_or-a_shape4-b_shape4] PASSED [ 14%]
tests/ops/test_bitwise.py::test_bitwise_broadcast[bitwise_or-BitwiseOrOp-bitwise_or-a_shape5-b_shape5] PASSED [ 14%]
tests/ops/test_bitwise.py::test_bitwise_broadcast[bitwise_xor-BitwiseXorOp-bitwise_xor-a_shape6-b_shape6] PASSED [ 14%]
tests/ops/test_bitwise.py::test_bitwise_broadcast[bitwise_xor-BitwiseXorOp-bitwise_xor-a_shape7-b_shape7] PASSED [ 14%]
tests/ops/test_bitwise.py::test_bitwise_broadcast[bitwise_xor-BitwiseXorOp-bitwise_xor-a_shape8-b_shape8] PASSED [ 14%]
tests/ops/test_bitwise.py::test_bitwise_not[1048576-dtype0] PASSED       [ 14%]
tests/ops/test_bitwise.py::test_bitwise_not[1048576-dtype1] PASSED       [ 14%]
tests/ops/test_bitwise.py::test_bitwise_not[1048576-dtype2] PASSED       [ 14%]
tests/ops/test_bitwise.py::test_bitwise_not[1048576-dtype3] PASSED       [ 15%]
tests/ops/test_bitwise.py::test_bitwise_not[1048576-dtype4] PASSED       [ 15%]
tests/ops/test_bitwise.py::test_bitwise_not[1048576-dtype5] PASSED       [ 15%]
tests/ops/test_bitwise.py::test_bitwise_not_rejects_float_dtype[dtype0] PASSED [ 15%]
tests/ops/test_bitwise.py::test_bitwise_not_rejects_float_dtype[dtype1] PASSED [ 15%]
tests/ops/test_bitwise.py::test_bitwise_not_rejects_float_dtype[dtype2] PASSED [ 15%]
tests/ops/test_bitwise.py::test_bitwise_binary_rejects_float_dtype[BitwiseAndOp-dtype0] PASSED [ 15%]
tests/ops/test_bitwise.py::test_bitwise_binary_rejects_float_dtype[BitwiseOrOp-dtype1] PASSED [ 15%]
tests/ops/test_bitwise.py::test_bitwise_binary_rejects_float_dtype[BitwiseXorOp-dtype2] PASSED [ 15%]
tests/ops/test_bitwise.py::test_bitwise_binary_rejects_float_dtype[BitwiseAndOp-dtype3] PASSED [ 15%]
tests/ops/test_bitwise.py::test_bitwise_binary_rejects_float_dtype[BitwiseAndOp-dtype4] PASSED [ 15%]
tests/ops/test_comparison.py::test_eq_op[4096-dtype0] PASSED             [ 15%]
tests/ops/test_comparison.py::test_eq_op[16384-dtype1] PASSED            [ 15%]
tests/ops/test_comparison.py::test_eq_op[16384-dtype2] PASSED            [ 15%]
tests/ops/test_comparison.py::test_ne_op[4096-dtype0] PASSED             [ 15%]
tests/ops/test_comparison.py::test_ne_op[16384-dtype1] PASSED            [ 15%]
tests/ops/test_comparison.py::test_ne_op[16384-dtype2] PASSED            [ 15%]
tests/ops/test_comparison.py::test_gt_op[4096-dtype0] PASSED             [ 15%]
tests/ops/test_comparison.py::test_gt_op[16384-dtype1] PASSED            [ 15%]
tests/ops/test_comparison.py::test_gt_op[16384-dtype2] PASSED            [ 15%]
tests/ops/test_comparison.py::test_lt_op[4096-dtype0] PASSED             [ 16%]
tests/ops/test_comparison.py::test_lt_op[16384-dtype1] PASSED            [ 16%]
tests/ops/test_comparison.py::test_lt_op[16384-dtype2] PASSED            [ 16%]
tests/ops/test_comparison.py::test_ge_op[4096-dtype0] PASSED             [ 16%]
tests/ops/test_comparison.py::test_ge_op[16384-dtype1] PASSED            [ 16%]
tests/ops/test_comparison.py::test_ge_op[16384-dtype2] PASSED            [ 16%]
tests/ops/test_comparison.py::test_le_op[4096-dtype0] PASSED             [ 16%]
tests/ops/test_comparison.py::test_le_op[16384-dtype1] PASSED            [ 16%]
tests/ops/test_comparison.py::test_le_op[16384-dtype2] PASSED            [ 16%]
tests/ops/test_comparison.py::test_comparison_broadcast[eq-EqOp-eq-a_shape0-b_shape0] PASSED [ 16%]
tests/ops/test_comparison.py::test_comparison_broadcast[eq-EqOp-eq-a_shape1-b_shape1] PASSED [ 16%]
tests/ops/test_comparison.py::test_comparison_broadcast[eq-EqOp-eq-a_shape2-b_shape2] PASSED [ 16%]
tests/ops/test_comparison.py::test_comparison_broadcast[ne-NeOp-ne-a_shape3-b_shape3] PASSED [ 16%]
tests/ops/test_comparison.py::test_comparison_broadcast[ne-NeOp-ne-a_shape4-b_shape4] PASSED [ 16%]
tests/ops/test_comparison.py::test_comparison_broadcast[ne-NeOp-ne-a_shape5-b_shape5] PASSED [ 16%]
tests/ops/test_comparison.py::test_comparison_broadcast[gt-GtOp-gt-a_shape6-b_shape6] PASSED [ 16%]
tests/ops/test_comparison.py::test_comparison_broadcast[gt-GtOp-gt-a_shape7-b_shape7] PASSED [ 16%]
tests/ops/test_comparison.py::test_comparison_broadcast[gt-GtOp-gt-a_shape8-b_shape8] PASSED [ 16%]
tests/ops/test_comparison.py::test_comparison_broadcast[lt-LtOp-lt-a_shape9-b_shape9] PASSED [ 16%]
tests/ops/test_comparison.py::test_comparison_broadcast[lt-LtOp-lt-a_shape10-b_shape10] PASSED [ 16%]
tests/ops/test_comparison.py::test_comparison_broadcast[lt-LtOp-lt-a_shape11-b_shape11] PASSED [ 17%]
tests/ops/test_comparison.py::test_comparison_broadcast[ge-GeOp-ge-a_shape12-b_shape12] PASSED [ 17%]
tests/ops/test_comparison.py::test_comparison_broadcast[ge-GeOp-ge-a_shape13-b_shape13] PASSED [ 17%]
tests/ops/test_comparison.py::test_comparison_broadcast[ge-GeOp-ge-a_shape14-b_shape14] PASSED [ 17%]
tests/ops/test_comparison.py::test_comparison_broadcast[le-LeOp-le-a_shape15-b_shape15] PASSED [ 17%]
tests/ops/test_comparison.py::test_comparison_broadcast[le-LeOp-le-a_shape16-b_shape16] PASSED [ 17%]
tests/ops/test_comparison.py::test_comparison_broadcast[le-LeOp-le-a_shape17-b_shape17] PASSED [ 17%]
tests/ops/test_comparison.py::test_eq_edge_case[4096-dtype0] PASSED      [ 17%]
tests/ops/test_comparison.py::test_comparison_rejects_integer_dtype[EqOp-dtype0] PASSED [ 17%]
tests/ops/test_comparison.py::test_comparison_rejects_integer_dtype[NeOp-dtype1] PASSED [ 17%]
tests/ops/test_comparison.py::test_comparison_rejects_integer_dtype[GtOp-dtype2] PASSED [ 17%]
tests/ops/test_comparison.py::test_comparison_rejects_integer_dtype[LtOp-dtype3] PASSED [ 17%]
tests/ops/test_comparison.py::test_comparison_rejects_integer_dtype[GeOp-dtype4] PASSED [ 17%]
tests/ops/test_comparison.py::test_comparison_rejects_integer_dtype[LeOp-dtype5] PASSED [ 17%]
tests/ops/test_comparison.py::test_comparison_rejects_integer_dtype[EqOp-dtype6] PASSED [ 17%]
tests/ops/test_conv1d.py::test_conv1d[smoke-tcn-k3-s1-fp16] PASSED       [ 17%]
tests/ops/test_conv1d.py::test_conv1d[full-convtasnet-pointwise-k1-s1-fp16] PASSED [ 17%]
tests/ops/test_conv1d.py::test_conv1d[full-seanet-residual-k3-s1-fp16] PASSED [ 17%]
tests/ops/test_conv1d.py::test_conv1d[full-audio-downsample-k5-s2-fp16] PASSED [ 17%]
tests/ops/test_conv1d.py::test_conv1d[full-small-seanet-stem-k7-s1-fp16] PASSED [ 17%]
tests/ops/test_conv1d.py::test_conv1d[full-sequence-downsample-k3-s2-bf16] PASSED [ 18%]
tests/ops/test_conv1d.py::test_conv1d_accepts_zero_bias PASSED           [ 18%]
tests/ops/test_conv1d.py::test_conv1d_dispatches_kernel PASSED           [ 18%]
tests/ops/test_conv2d.py::test_conv2d[smoke-fp16-3x3] PASSED             [ 18%]
tests/ops/test_conv2d.py::test_conv2d[full-stem-3x3-s2-fp16] PASSED      [ 18%]
tests/ops/test_conv2d.py::test_conv2d[full-resblock-3x3-s1-fp16] PASSED  [ 18%]
tests/ops/test_conv2d.py::test_conv2d[full-stage-transition-3x3-s2-fp16] PASSED [ 18%]
tests/ops/test_conv2d.py::test_conv2d[full-small-5x5-s1-fp16] PASSED     [ 18%]
tests/ops/test_conv2d.py::test_conv2d[full-small-5x5-s2-fp16] PASSED     [ 18%]
tests/ops/test_conv2d.py::test_conv2d[full-fp16-1x1-tuned] PASSED        [ 18%]
tests/ops/test_conv2d.py::test_conv2d[full-fp16-stride2] PASSED          [ 18%]
tests/ops/test_conv2d.py::test_conv2d[full-bf16-3x3] PASSED              [ 18%]
tests/ops/test_conv2d.py::test_conv2d[full-bf16-1x1] PASSED              [ 18%]
tests/ops/test_conv2d.py::test_conv2d_accepts_zero_bias PASSED           [ 18%]
tests/ops/test_conv2d.py::test_conv2d_dispatches_1x1_kernel PASSED       [ 18%]
tests/ops/test_conv2d.py::test_conv2d_does_not_dispatch_1x1_kernel_with_padding PASSED [ 18%]
tests/ops/test_conv2d.py::test_conv2d_dispatches_3x3_kernel PASSED       [ 18%]
tests/ops/test_conv2d.py::test_conv2d_dispatches_5x5_kernel PASSED       [ 18%]
tests/ops/test_conv3d.py::test_conv3d[smoke-3d-unet-k3-s1-fp16] PASSED   [ 18%]
tests/ops/test_conv3d.py::test_conv3d[full-r3d-stem-k3-s1-fp16] PASSED   [ 18%]
tests/ops/test_conv3d.py::test_conv3d[full-video-stage-downsample-k3-s2-fp16] PASSED [ 19%]
tests/ops/test_conv3d.py::test_conv3d[full-unet-encoder-k3-s1-bf16] PASSED [ 19%]
tests/ops/test_conv3d.py::test_conv3d_accepts_zero_bias PASSED           [ 19%]
tests/ops/test_conv3d.py::test_conv3d_dispatches_kernel PASSED           [ 19%]
tests/ops/test_cumulative.py::test_cumsum_op[128-512-dtype0] PASSED      [ 19%]
tests/ops/test_cumulative.py::test_cumsum_op[128-512-dtype1] PASSED      [ 19%]
tests/ops/test_cumulative.py::test_cumsum_op[128-512-dtype2] PASSED      [ 19%]
tests/ops/test_cumulative.py::test_cumsum_op[256-4096-dtype3] PASSED     [ 19%]
tests/ops/test_cumulative.py::test_cumsum_op[256-4096-dtype4] PASSED     [ 19%]
tests/ops/test_cumulative.py::test_cumsum_op[128-300-dtype5] PASSED      [ 19%]
tests/ops/test_cumulative.py::test_cumsum_op[128-300-dtype6] PASSED      [ 19%]
tests/ops/test_cumulative.py::test_cumsum_op[129-512-dtype7] PASSED      [ 19%]
tests/ops/test_cumulative.py::test_cumsum_non_contiguous[128-512-dtype0] PASSED [ 19%]
tests/ops/test_cumulative.py::test_cumsum_non_contiguous[128-512-dtype1] PASSED [ 19%]
tests/ops/test_cumulative.py::test_cumsum_3d[2-64-512-dtype0] PASSED     [ 19%]
tests/ops/test_cumulative.py::test_cumsum_3d[2-64-512-dtype1] PASSED     [ 19%]
tests/ops/test_cumulative.py::test_cumsum_4d[2-4-8-512-dtype0] PASSED    [ 19%]
tests/ops/test_cumulative.py::test_cumsum_4d[2-4-8-512-dtype1] PASSED    [ 19%]
tests/ops/test_cumulative.py::test_cumsum_1d[512-dtype0] PASSED          [ 19%]
tests/ops/test_cumulative.py::test_cumsum_1d[512-dtype1] PASSED          [ 19%]
tests/ops/test_cumulative.py::test_cumsum_1d[512-dtype2] PASSED          [ 20%]
tests/ops/test_cumulative.py::test_cumprod_op[128-512-dtype0] PASSED     [ 20%]
tests/ops/test_cumulative.py::test_cumprod_op[128-512-dtype1] PASSED     [ 20%]
tests/ops/test_cumulative.py::test_cumprod_op[128-512-dtype2] PASSED     [ 20%]
tests/ops/test_cumulative.py::test_cumprod_op[256-4096-dtype3] PASSED    [ 20%]
tests/ops/test_cumulative.py::test_cumprod_op[256-4096-dtype4] PASSED    [ 20%]
tests/ops/test_cumulative.py::test_cumprod_op[128-300-dtype5] PASSED     [ 20%]
tests/ops/test_cumulative.py::test_cumprod_op[128-300-dtype6] PASSED     [ 20%]
tests/ops/test_cumulative.py::test_cumprod_op[129-512-dtype7] PASSED     [ 20%]
tests/ops/test_cumulative.py::test_cumprod_non_contiguous[128-512-dtype0] PASSED [ 20%]
tests/ops/test_cumulative.py::test_cumprod_non_contiguous[128-512-dtype1] PASSED [ 20%]
tests/ops/test_cumulative.py::test_cumprod_3d[2-64-512-dtype0] PASSED    [ 20%]
tests/ops/test_cumulative.py::test_cumprod_3d[2-64-512-dtype1] PASSED    [ 20%]
tests/ops/test_cumulative.py::test_cumprod_4d[2-4-8-512-dtype0] PASSED   [ 20%]
tests/ops/test_cumulative.py::test_cumprod_4d[2-4-8-512-dtype1] PASSED   [ 20%]
tests/ops/test_cumulative.py::test_cumprod_1d[512-dtype0] PASSED         [ 20%]
tests/ops/test_cumulative.py::test_cumprod_1d[512-dtype1] PASSED         [ 20%]
tests/ops/test_cumulative.py::test_cumprod_1d[512-dtype2] PASSED         [ 20%]
tests/ops/test_da_cumsum_fwd.py::test_da_cumsum_fwd[1-2-64-4-False] PASSED [ 20%]
tests/ops/test_da_cumsum_fwd.py::test_da_cumsum_fwd[2-4-64-8-False] PASSED [ 20%]
tests/ops/test_da_cumsum_fwd.py::test_da_cumsum_fwd[1-2-128-4-False] PASSED [ 21%]
tests/ops/test_da_cumsum_fwd.py::test_da_cumsum_fwd[2-4-128-16-False] PASSED [ 21%]
tests/ops/test_deepseek_dsa_decode.py::test_sparse_mla_decode[1-128-1024-2048-512-64-2048-1-1-1024-None-dtype0-False] PASSED [ 21%]
tests/ops/test_deepseek_mla_decode.py::test_mla_decode[32-128-1-8192-512-64-dtype0-False] PASSED [ 21%]
tests/ops/test_deepseek_nsa_cmp_fwd.py::test_nsa_cmp_fwd_varlen_op[9-8192-32-128-128-16-0.08838834764831845-32-32-128-128-dtype0-accum_dtype0-False] PASSED [ 21%]
tests/ops/test_deepseek_nsa_fwd.py::test_nsa_varlen_op[1-16-1024-64-True-0.1-32-16-1-dtype0-accum_dtype0-False] PASSED [ 21%]
tests/ops/test_deepseek_nsa_fwd.py::test_nsa_varlen_op[4-16-8192-64-True-0.1-32-16-1-dtype1-accum_dtype1-False] PASSED [ 21%]
tests/ops/test_deepseek_nsa_fwd.py::test_nsa_varlen_op[2-16-8192-64-True-0.1-32-16-4-dtype2-accum_dtype2-False] PASSED [ 21%]
tests/ops/test_deepseek_nsa_topk.py::test_nsa_topk_varlen_op[5-1024-32-128-16-1-16-32-32-128-dtype0-accum_dtype0-False] PASSED [ 21%]
tests/ops/test_deepseek_nsa_topk.py::test_nsa_topk_varlen_op[3-512-32-128-16-1-16-32-32-128-dtype1-accum_dtype1-False] PASSED [ 21%]
tests/ops/test_deltanet_chunkwise_bwd.py::test_deltanet_bwd[2-64-2-64-64-32-dtype0-False] PASSED [ 21%]
tests/ops/test_deltanet_chunkwise_bwd.py::test_deltanet_bwd[1-128-4-64-64-32-dtype1-False] PASSED [ 21%]
tests/ops/test_deltanet_chunkwise_bwd.py::test_deltanet_bwd[2-64-2-64-64-32-dtype2-False] PASSED [ 21%]
tests/ops/test_deltanet_chunkwise_bwd.py::test_deltanet_bwd[1-128-4-64-64-32-dtype3-False] PASSED [ 21%]
tests/ops/test_deltanet_chunkwise_bwd.py::test_deltanet_bwd[2-64-2-64-64-32-dtype4-False] PASSED [ 21%]
tests/ops/test_deltanet_chunkwise_bwd.py::test_deltanet_bwd[1-128-4-64-64-32-dtype5-False] PASSED [ 21%]
tests/ops/test_deltanet_chunkwise_fwd.py::test_deltanet_fwd[2-64-2-64-64-32-dtype0-False] PASSED [ 21%]
tests/ops/test_deltanet_chunkwise_fwd.py::test_deltanet_fwd[1-128-4-64-64-32-dtype1-False] PASSED [ 21%]
tests/ops/test_deltanet_chunkwise_fwd.py::test_deltanet_fwd[2-64-2-64-64-32-dtype2-False] PASSED [ 21%]
tests/ops/test_deltanet_chunkwise_fwd.py::test_deltanet_fwd[1-128-4-64-64-32-dtype3-False] PASSED [ 21%]
tests/ops/test_deltanet_chunkwise_fwd.py::test_deltanet_fwd[2-64-2-64-64-32-dtype4-False] PASSED [ 22%]
tests/ops/test_deltanet_chunkwise_fwd.py::test_deltanet_fwd[1-128-4-64-64-32-dtype5-False] PASSED [ 22%]
tests/ops/test_deltanet_chunkwise_fwd.py::test_deltanet_fwd[2-8192-4-64-64-64-dtype6-False] PASSED [ 22%]
tests/ops/test_deltanet_chunkwise_fwd.py::test_deltanet_fwd[2-16384-4-64-64-64-dtype7-False] PASSED [ 22%]
tests/ops/test_deltanet_recurrence.py::test_deltanet_decode[1-4-64-64-dtype0-False] PASSED [ 22%]
tests/ops/test_deltanet_recurrence.py::test_deltanet_decode[2-8-64-64-dtype1-False] PASSED [ 22%]
tests/ops/test_deltanet_recurrence.py::test_deltanet_decode[2-4-128-128-dtype2-False] PASSED [ 22%]
tests/ops/test_deltanet_recurrence.py::test_deltanet_decode[1-4-64-64-dtype3-False] PASSED [ 22%]
tests/ops/test_deltanet_recurrence.py::test_deltanet_decode[2-8-64-64-dtype4-False] PASSED [ 22%]
tests/ops/test_deltanet_recurrence.py::test_deltanet_decode[1-4-64-64-dtype5-False] PASSED [ 22%]
tests/ops/test_deltanet_recurrence.py::test_deltanet_decode[2-8-64-64-dtype6-False] PASSED [ 22%]
tests/ops/test_deltanet_recurrence.py::test_deltanet_decode_multi_step[1-4-64-64-dtype0-False] PASSED [ 22%]
tests/ops/test_deltanet_recurrence.py::test_deltanet_decode_multi_step[2-8-64-64-dtype1-False] PASSED [ 22%]
tests/ops/test_deltanet_recurrence.py::test_deltanet_decode_multi_step[2-4-128-128-dtype2-False] PASSED [ 22%]
tests/ops/test_deltanet_recurrence.py::test_deltanet_decode_multi_step[1-4-64-64-dtype3-False] PASSED [ 22%]
tests/ops/test_deltanet_recurrence.py::test_deltanet_decode_multi_step[2-8-64-64-dtype4-False] PASSED [ 22%]
tests/ops/test_deltanet_recurrence.py::test_deltanet_decode_multi_step[1-4-64-64-dtype5-False] PASSED [ 22%]
tests/ops/test_deltanet_recurrence.py::test_deltanet_decode_multi_step[2-8-64-64-dtype6-False] PASSED [ 22%]
tests/ops/test_dropout.py::test_dropout_statistical_rate[4000000-dtype0-0.5] PASSED [ 22%]
tests/ops/test_dropout.py::test_dropout_statistical_rate[4000000-dtype1-0.1] PASSED [ 22%]
tests/ops/test_dropout.py::test_dropout_statistical_rate[4000000-dtype2-0.3] PASSED [ 23%]
tests/ops/test_dropout.py::test_dropout_statistical_rate[4000000-dtype3-0.5] PASSED [ 23%]
tests/ops/test_dropout.py::test_dropout_statistical_rate[4000000-dtype4-0.5] PASSED [ 23%]
tests/ops/test_dropout.py::test_dropout_scale_factor[1000000-dtype0-0.5] PASSED [ 23%]
tests/ops/test_dropout.py::test_dropout_scale_factor[1000000-dtype1-0.1] PASSED [ 23%]
tests/ops/test_dropout.py::test_dropout_scale_factor[1000000-dtype2-0.3] PASSED [ 23%]
tests/ops/test_dropout.py::test_dropout_scale_factor[1000000-dtype3-0.5] PASSED [ 23%]
tests/ops/test_dropout.py::test_dropout_scale_factor[1000000-dtype4-0.5] PASSED [ 23%]
tests/ops/test_dropout.py::test_dropout_deterministic_replay[1000000-dtype0-0.5] PASSED [ 23%]
tests/ops/test_dropout.py::test_dropout_deterministic_replay[1000000-dtype1-0.3] PASSED [ 23%]
tests/ops/test_dropout.py::test_dropout_different_seeds[1000000-dtype0-0.5] PASSED [ 23%]
tests/ops/test_dropout.py::test_dropout_different_seeds[1000000-dtype1-0.3] PASSED [ 23%]
tests/ops/test_dropout.py::test_dropout_p0_identity[1000000-dtype0] PASSED [ 23%]
tests/ops/test_dropout.py::test_dropout_p0_identity[1000000-dtype1] PASSED [ 23%]
tests/ops/test_dropout.py::test_dropout_p1_all_zeros[1000000-dtype0] PASSED [ 23%]
tests/ops/test_dropout.py::test_dropout_p1_all_zeros[1000000-dtype1] PASSED [ 23%]
tests/ops/test_dropout.py::test_dropout_training_false[1000000-dtype0] PASSED [ 23%]
tests/ops/test_dropout.py::test_dropout_training_false[1000000-dtype1] PASSED [ 23%]
tests/ops/test_dropout.py::test_dropout_preserves_shape[1000000-dtype0] PASSED [ 23%]
tests/ops/test_dropout.py::test_dropout_preserves_shape[1000000-dtype1] PASSED [ 23%]
tests/ops/test_dropout.py::test_dropout_custom_config_p0_identity[8192-dtype0-128-4] PASSED [ 24%]
tests/ops/test_dropout.py::test_dropout_custom_config_p0_identity[8192-dtype1-128-1] PASSED [ 24%]
tests/ops/test_dropout.py::test_dropout_custom_config_p0_identity[65536-dtype2-64-16] PASSED [ 24%]
tests/ops/test_dropout.py::test_dropout_custom_config_correctness[8192-dtype0-128-4] PASSED [ 24%]
tests/ops/test_dropout.py::test_dropout_custom_config_correctness[8192-dtype1-128-1] PASSED [ 24%]
tests/ops/test_dropout.py::test_dropout_custom_config_correctness[65536-dtype2-64-16] PASSED [ 24%]
tests/ops/test_engram_bwd.py::test_engram_gate_conv_bwd[1-32-256-dtype0-False] PASSED [ 24%]
tests/ops/test_engram_bwd.py::test_engram_gate_conv_bwd[2-64-512-dtype1-False] PASSED [ 24%]
tests/ops/test_engram_bwd.py::test_engram_gate_conv_bwd[1-128-256-dtype2-False] PASSED [ 24%]
tests/ops/test_engram_bwd.py::test_engram_gate_conv_bwd[2-16-256-dtype3-False] PASSED [ 24%]
tests/ops/test_engram_decode.py::test_engram_decode[1-512-256-12-4-3-dtype0-False] PASSED [ 24%]
tests/ops/test_engram_decode.py::test_engram_decode[4-1024-512-20-4-5-dtype1-False] PASSED [ 24%]
tests/ops/test_engram_decode.py::test_engram_decode[1-256-256-9-4-3-dtype2-False] PASSED [ 24%]
tests/ops/test_engram_decode.py::test_engram_decode[8-512-256-18-4-3-dtype3-False] PASSED [ 24%]
tests/ops/test_engram_decode.py::test_engram_decode_multi_step PASSED    [ 24%]
tests/ops/test_engram_fwd.py::test_engram_gate_conv_fwd[1-32-256-dtype0-False] PASSED [ 24%]
tests/ops/test_engram_fwd.py::test_engram_gate_conv_fwd[2-64-512-dtype1-False] PASSED [ 24%]
tests/ops/test_engram_fwd.py::test_engram_gate_conv_fwd[1-128-256-dtype2-False] PASSED [ 24%]
tests/ops/test_engram_fwd.py::test_engram_gate_conv_fwd[2-16-256-dtype3-False] PASSED [ 24%]
tests/ops/test_fft.py::test_fft_c2c[64-dtype0-False-batch_shape0] PASSED [ 24%]
tests/ops/test_fft.py::test_fft_c2c[64-dtype1-False-batch_shape1] PASSED [ 25%]
tests/ops/test_fft.py::test_fft_c2c[128-dtype2-False-batch_shape2] PASSED [ 25%]
tests/ops/test_fft.py::test_fft_c2c[256-dtype3-False-batch_shape3] PASSED [ 25%]
tests/ops/test_fft.py::test_fft_c2c[512-dtype4-False-batch_shape4] PASSED [ 25%]
tests/ops/test_fft.py::test_fft_c2c[1024-dtype5-False-batch_shape5] PASSED [ 25%]
tests/ops/test_fft.py::test_fft_c2c[1024-dtype6-False-batch_shape6] PASSED [ 25%]
tests/ops/test_fft.py::test_fft_c2c[64-dtype7-False-batch_shape7] PASSED [ 25%]
tests/ops/test_fft.py::test_fft_c2c[128-dtype8-False-batch_shape8] PASSED [ 25%]
tests/ops/test_fp8_lighting_indexer.py::test_indexer[1-4096-32-64-8192-1-True-None-False] PASSED [ 25%]
tests/ops/test_fp8_quant.py::test_fp8_quant_op[1-8192-1-64-in_dtype0-False] PASSED [ 25%]
tests/ops/test_fp8_quant.py::test_fp8_quant_op[1-8192-1-64-in_dtype1-False] PASSED [ 25%]
tests/ops/test_fp8_quant.py::test_fp8_quant_op[1-4096-1-128-in_dtype2-False] PASSED [ 25%]
tests/ops/test_fp8_quant.py::test_fp8_quant_op[1-16384-1-32-in_dtype3-False] PASSED [ 25%]
tests/ops/test_fp8_quant.py::test_fp8_quant_op[1-1024-4-64-in_dtype4-False] PASSED [ 25%]
tests/ops/test_fused_add_layer_norm.py::test_fused_add_layer_norm_op[1024-4096-dtype0-False] PASSED [ 25%]
tests/ops/test_fused_add_layer_norm.py::test_fused_add_layer_norm_op[4096-4096-dtype1-False] PASSED [ 25%]
tests/ops/test_fused_add_layer_norm.py::test_fused_add_layer_norm_op[1024-4096-dtype2-False] PASSED [ 25%]
tests/ops/test_fused_add_layer_norm.py::test_fused_add_layer_norm_op[4096-4096-dtype3-False] PASSED [ 25%]
tests/ops/test_fused_add_layer_norm.py::test_fused_add_layer_norm_op[1024-4096-dtype4-False] PASSED [ 25%]
tests/ops/test_fused_add_layer_norm.py::test_fused_add_layer_norm_op[4096-4096-dtype5-False] PASSED [ 25%]
tests/ops/test_fused_add_layer_norm.py::test_fused_add_layer_norm_op[1024-3000-dtype6-False] PASSED [ 26%]
tests/ops/test_fused_add_layer_norm.py::test_fused_add_layer_norm_op[1024-3000-dtype7-False] PASSED [ 26%]
tests/ops/test_fused_add_layer_norm.py::test_fused_add_layer_norm_op[1024-3000-dtype8-False] PASSED [ 26%]
tests/ops/test_fused_add_layer_norm.py::test_fused_add_layer_norm_op[1025-4096-dtype9-False] PASSED [ 26%]
tests/ops/test_fused_add_layer_norm.py::test_fused_add_layer_norm_op[1025-4096-dtype10-False] PASSED [ 26%]
tests/ops/test_fused_add_layer_norm.py::test_fused_add_layer_norm_non_contiguous[1024-4096-dtype0] PASSED [ 26%]
tests/ops/test_fused_add_layer_norm.py::test_fused_add_layer_norm_non_contiguous[1024-4096-dtype1] PASSED [ 26%]
tests/ops/test_fused_add_layer_norm.py::test_fused_add_layer_norm_non_contiguous[1024-4096-dtype2] PASSED [ 26%]
tests/ops/test_fused_add_layer_norm.py::test_fused_add_layer_norm_3d[2-512-4096-dtype0] PASSED [ 26%]
tests/ops/test_fused_add_layer_norm.py::test_fused_add_layer_norm_3d[2-512-4096-dtype1] PASSED [ 26%]
tests/ops/test_fused_add_layer_norm.py::test_fused_add_layer_norm_3d[2-512-4096-dtype2] PASSED [ 26%]
tests/ops/test_fused_add_rmsnorm.py::test_fused_add_rmsnorm_op[1024-4096-dtype0-False] PASSED [ 26%]
tests/ops/test_fused_add_rmsnorm.py::test_fused_add_rmsnorm_op[4096-4096-dtype1-False] PASSED [ 26%]
tests/ops/test_fused_add_rmsnorm.py::test_fused_add_rmsnorm_op[1024-4096-dtype2-False] PASSED [ 26%]
tests/ops/test_fused_add_rmsnorm.py::test_fused_add_rmsnorm_op[4096-4096-dtype3-False] PASSED [ 26%]
tests/ops/test_fused_add_rmsnorm.py::test_fused_add_rmsnorm_op[1024-3000-dtype4-False] PASSED [ 26%]
tests/ops/test_fused_add_rmsnorm.py::test_fused_add_rmsnorm_op[1024-3000-dtype5-False] PASSED [ 26%]
tests/ops/test_fused_add_rmsnorm.py::test_fused_add_rmsnorm_op[2048-5120-dtype6-False] PASSED [ 26%]
tests/ops/test_fused_add_rmsnorm.py::test_fused_add_rmsnorm_op[2048-5120-dtype7-False] PASSED [ 26%]
tests/ops/test_fused_add_rmsnorm.py::test_fused_add_rmsnorm_op[1025-4096-dtype8-False] PASSED [ 26%]
tests/ops/test_fused_add_rmsnorm.py::test_fused_add_rmsnorm_op[1025-4096-dtype9-False] PASSED [ 27%]
tests/ops/test_fused_add_rmsnorm.py::test_fused_add_rmsnorm_non_contiguous[1024-4096-dtype0] PASSED [ 27%]
tests/ops/test_fused_add_rmsnorm.py::test_fused_add_rmsnorm_non_contiguous[1024-4096-dtype1] PASSED [ 27%]
tests/ops/test_fused_add_rmsnorm.py::test_fused_add_rmsnorm_3d[2-512-4096-dtype0] PASSED [ 27%]
tests/ops/test_fused_add_rmsnorm.py::test_fused_add_rmsnorm_3d[2-512-4096-dtype1] PASSED [ 27%]
tests/ops/test_fused_gated.py::test_silu_and_mul_op[1024-1024-dtype0] PASSED [ 27%]
tests/ops/test_fused_gated.py::test_silu_and_mul_op[1024-1024-dtype1] PASSED [ 27%]
tests/ops/test_fused_gated.py::test_silu_and_mul_op[1024-1024-dtype2] PASSED [ 27%]
tests/ops/test_fused_gated.py::test_silu_and_mul_op[2048-2048-dtype3] PASSED [ 27%]
tests/ops/test_fused_gated.py::test_silu_and_mul_op[2048-2048-dtype4] PASSED [ 27%]
tests/ops/test_fused_gated.py::test_gelu_and_mul_op[1024-1024-dtype0] PASSED [ 27%]
tests/ops/test_fused_gated.py::test_gelu_and_mul_op[1024-1024-dtype1] PASSED [ 27%]
tests/ops/test_fused_gated.py::test_gelu_and_mul_op[1024-1024-dtype2] PASSED [ 27%]
tests/ops/test_fused_gated.py::test_gelu_and_mul_op[2048-2048-dtype3] PASSED [ 27%]
tests/ops/test_fused_gated.py::test_gelu_tanh_and_mul_op[1024-1024-dtype0] PASSED [ 27%]
tests/ops/test_fused_gated.py::test_gelu_tanh_and_mul_op[1024-1024-dtype1] PASSED [ 27%]
tests/ops/test_fused_gated.py::test_gelu_tanh_and_mul_op[1024-1024-dtype2] PASSED [ 27%]
tests/ops/test_fused_gated.py::test_gelu_tanh_and_mul_op[2048-2048-dtype3] PASSED [ 27%]
tests/ops/test_fused_gated.py::test_fused_gated_rejects_integer_dtype PASSED [ 27%]
tests/ops/test_fused_gated.py::test_fused_gated_rejects_runtime_dtype_mismatch PASSED [ 27%]
tests/ops/test_fused_gated.py::test_fused_gated_kernel_has_strategies PASSED [ 28%]
tests/ops/test_fused_gated.py::test_fused_gated_kernel_rejects_unknown_strategy PASSED [ 28%]
tests/ops/test_fused_gated.py::test_silu_and_mul_direct_strategy[1024-1024-dtype0] PASSED [ 28%]
tests/ops/test_fused_gated.py::test_silu_and_mul_direct_strategy[1024-1024-dtype1] PASSED [ 28%]
tests/ops/test_fused_gated.py::test_silu_and_mul_direct_strategy[1024-1024-dtype2] PASSED [ 28%]
tests/ops/test_fused_gated.py::test_gelu_and_mul_direct_strategy[1024-1024-dtype0] PASSED [ 28%]
tests/ops/test_fused_gated.py::test_gelu_and_mul_direct_strategy[1024-1024-dtype1] PASSED [ 28%]
tests/ops/test_fused_gated.py::test_gelu_and_mul_direct_strategy[1024-1024-dtype2] PASSED [ 28%]
tests/ops/test_fused_gated.py::test_gelu_tanh_and_mul_direct_strategy[1024-1024-dtype0] PASSED [ 28%]
tests/ops/test_fused_gated.py::test_gelu_tanh_and_mul_direct_strategy[1024-1024-dtype1] PASSED [ 28%]
tests/ops/test_fused_gated.py::test_gelu_tanh_and_mul_direct_strategy[1024-1024-dtype2] PASSED [ 28%]
tests/ops/test_fused_gated.py::test_fused_gated_default_strategy_is_explicit_parallel PASSED [ 28%]
tests/ops/test_fused_gated.py::test_fused_gated_kernel_stores_strategy PASSED [ 28%]
tests/ops/test_gated_deltanet_chunkwise_bwd.py::test_gated_deltanet_bwd[2-64-2-64-64-32-dtype0-False] PASSED [ 28%]
tests/ops/test_gated_deltanet_chunkwise_bwd.py::test_gated_deltanet_bwd[1-128-4-64-64-32-dtype1-False] PASSED [ 28%]
tests/ops/test_gated_deltanet_chunkwise_bwd.py::test_gated_deltanet_bwd[2-64-2-64-64-32-dtype2-False] PASSED [ 28%]
tests/ops/test_gated_deltanet_chunkwise_bwd.py::test_gated_deltanet_bwd[1-128-4-64-64-32-dtype3-False] PASSED [ 28%]
tests/ops/test_gated_deltanet_chunkwise_bwd.py::test_gated_deltanet_bwd[2-64-2-64-64-32-dtype4-False] PASSED [ 28%]
tests/ops/test_gated_deltanet_chunkwise_bwd.py::test_gated_deltanet_bwd[1-128-4-64-64-32-dtype5-False] PASSED [ 28%]
tests/ops/test_gated_deltanet_chunkwise_fwd.py::test_gated_deltanet_fwd[2-64-2-64-64-32-dtype0-False] PASSED [ 28%]
tests/ops/test_gated_deltanet_chunkwise_fwd.py::test_gated_deltanet_fwd[1-128-4-64-64-32-dtype1-False] PASSED [ 29%]
tests/ops/test_gated_deltanet_chunkwise_fwd.py::test_gated_deltanet_fwd[2-64-2-64-64-32-dtype2-False] PASSED [ 29%]
tests/ops/test_gated_deltanet_chunkwise_fwd.py::test_gated_deltanet_fwd[1-128-4-64-64-32-dtype3-False] PASSED [ 29%]
tests/ops/test_gated_deltanet_chunkwise_fwd.py::test_gated_deltanet_fwd[2-64-2-64-64-32-dtype4-False] PASSED [ 29%]
tests/ops/test_gated_deltanet_chunkwise_fwd.py::test_gated_deltanet_fwd[1-128-4-64-64-32-dtype5-False] PASSED [ 29%]
tests/ops/test_gated_deltanet_chunkwise_fwd.py::test_gated_deltanet_fwd[2-8192-4-64-64-64-dtype6-False] PASSED [ 29%]
tests/ops/test_gated_deltanet_chunkwise_fwd.py::test_gated_deltanet_fwd[2-16384-4-64-64-64-dtype7-False] PASSED [ 29%]
tests/ops/test_gated_deltanet_recurrence.py::test_gated_deltanet_decode[1-4-64-64-dtype0-False] PASSED [ 29%]
tests/ops/test_gated_deltanet_recurrence.py::test_gated_deltanet_decode[2-8-64-64-dtype1-False] PASSED [ 29%]
tests/ops/test_gated_deltanet_recurrence.py::test_gated_deltanet_decode[2-4-128-128-dtype2-False] PASSED [ 29%]
tests/ops/test_gated_deltanet_recurrence.py::test_gated_deltanet_decode[1-4-64-64-dtype3-False] PASSED [ 29%]
tests/ops/test_gated_deltanet_recurrence.py::test_gated_deltanet_decode[2-8-64-64-dtype4-False] PASSED [ 29%]
tests/ops/test_gated_deltanet_recurrence.py::test_gated_deltanet_decode[1-4-64-64-dtype5-False] PASSED [ 29%]
tests/ops/test_gated_deltanet_recurrence.py::test_gated_deltanet_decode[2-8-64-64-dtype6-False] PASSED [ 29%]
tests/ops/test_gated_deltanet_recurrence.py::test_gated_deltanet_decode_multi_step[1-4-64-64-dtype0-False] PASSED [ 29%]
tests/ops/test_gated_deltanet_recurrence.py::test_gated_deltanet_decode_multi_step[2-8-64-64-dtype1-False] PASSED [ 29%]
tests/ops/test_gated_deltanet_recurrence.py::test_gated_deltanet_decode_multi_step[2-4-128-128-dtype2-False] PASSED [ 29%]
tests/ops/test_gated_deltanet_recurrence.py::test_gated_deltanet_decode_multi_step[1-4-64-64-dtype3-False] PASSED [ 29%]
tests/ops/test_gated_deltanet_recurrence.py::test_gated_deltanet_decode_multi_step[2-8-64-64-dtype4-False] PASSED [ 29%]
tests/ops/test_gated_deltanet_recurrence.py::test_gated_deltanet_decode_multi_step[1-4-64-64-dtype5-False] PASSED [ 29%]
tests/ops/test_gated_deltanet_recurrence.py::test_gated_deltanet_decode_multi_step[2-8-64-64-dtype6-False] PASSED [ 30%]
tests/ops/test_gemm.py::test_gemm[smoke-fp16-square] PASSED              [ 30%]
tests/ops/test_gemm.py::test_gemm[full-fp16-trans-b-small-m] PASSED      [ 30%]
tests/ops/test_gemm.py::test_gemm[full-fp16-tuned-wide] PASSED           [ 30%]
tests/ops/test_gemm.py::test_gemm[full-fp16-tuned-wide-alt] PASSED       [ 30%]
tests/ops/test_gemm.py::test_gemm[full-fp16-thin-n] PASSED               [ 30%]
tests/ops/test_gemm.py::test_gemm[full-fp16-tuned-thin-n] PASSED         [ 30%]
tests/ops/test_gemm.py::test_gemm[full-fp16-tuned-thin-n-alt] PASSED     [ 30%]
tests/ops/test_gemm.py::test_gemm[full-bf16-trans-b-small-m] PASSED      [ 30%]
tests/ops/test_gemm.py::test_gemm[full-bf16-tuned-wide] PASSED           [ 30%]
tests/ops/test_gemm.py::test_gemm[full-bf16-tuned-wide-alt] PASSED       [ 30%]
tests/ops/test_gemm.py::test_gemm[full-bf16-thin-n] PASSED               [ 30%]
tests/ops/test_gemm.py::test_gemm[full-bf16-tuned-thin-n] PASSED         [ 30%]
tests/ops/test_gemm.py::test_gemm[full-bf16-tuned-thin-n-alt] PASSED     [ 30%]
tests/ops/test_gemm.py::test_gemv_boundary_lhs_row[3000-1024-dtype0-False] PASSED [ 30%]
tests/ops/test_gemm.py::test_gemv_boundary_lhs_row[3000-1024-dtype1-False] PASSED [ 30%]
tests/ops/test_gemm.py::test_gemv_boundary_lhs_row[1024-3000-dtype2-False] PASSED [ 30%]
tests/ops/test_gemm.py::test_gemv_boundary_lhs_row[3000-1024-dtype3-False] PASSED [ 30%]
tests/ops/test_gemm.py::test_gemv_boundary_rhs_col[3000-1024-dtype0-False] PASSED [ 30%]
tests/ops/test_gemm.py::test_gemv_boundary_rhs_col[3000-1024-dtype1-False] PASSED [ 30%]
tests/ops/test_gemm.py::test_gemv_boundary_rhs_col[1024-3000-dtype2-False] PASSED [ 31%]
tests/ops/test_gemm.py::test_gemv_boundary_rhs_col[3000-1024-dtype3-False] PASSED [ 31%]
tests/ops/test_gla_chunkwise_bwd.py::test_gla_bwd[2-64-2-64-64-64-dtype0-False] PASSED [ 31%]
tests/ops/test_gla_chunkwise_bwd.py::test_gla_bwd[1-128-4-64-64-64-dtype1-False] PASSED [ 31%]
tests/ops/test_gla_chunkwise_bwd.py::test_gla_bwd[2-64-2-64-64-64-dtype2-False] PASSED [ 31%]
tests/ops/test_gla_chunkwise_bwd.py::test_gla_bwd[1-128-4-64-64-64-dtype3-False] PASSED [ 31%]
tests/ops/test_gla_chunkwise_bwd.py::test_gla_bwd[2-64-2-64-64-64-dtype4-False] PASSED [ 31%]
tests/ops/test_gla_chunkwise_bwd.py::test_gla_bwd[1-128-4-64-64-64-dtype5-False] PASSED [ 31%]
tests/ops/test_gla_chunkwise_fwd.py::test_gla_fwd[2-64-2-64-64-64-dtype0-False] PASSED [ 31%]
tests/ops/test_gla_chunkwise_fwd.py::test_gla_fwd[1-128-4-64-64-64-dtype1-False] PASSED [ 31%]
tests/ops/test_gla_chunkwise_fwd.py::test_gla_fwd[2-64-2-64-64-64-dtype2-False] PASSED [ 31%]
tests/ops/test_gla_chunkwise_fwd.py::test_gla_fwd[1-128-4-64-64-64-dtype3-False] PASSED [ 31%]
tests/ops/test_gla_chunkwise_fwd.py::test_gla_fwd[2-64-2-64-64-64-dtype4-False] PASSED [ 31%]
tests/ops/test_gla_chunkwise_fwd.py::test_gla_fwd[1-128-4-64-64-64-dtype5-False] PASSED [ 31%]
tests/ops/test_gla_chunkwise_fwd.py::test_gla_fwd[2-256-4-64-64-64-dtype6-False] PASSED [ 31%]
tests/ops/test_gla_recurrence.py::test_gla_decode[1-4-64-64-dtype0-False] PASSED [ 31%]
tests/ops/test_gla_recurrence.py::test_gla_decode[2-8-64-64-dtype1-False] PASSED [ 31%]
tests/ops/test_gla_recurrence.py::test_gla_decode[2-4-128-128-dtype2-False] PASSED [ 31%]
tests/ops/test_gla_recurrence.py::test_gla_decode[1-4-64-64-dtype3-False] PASSED [ 31%]
tests/ops/test_gla_recurrence.py::test_gla_decode[2-8-64-64-dtype4-False] PASSED [ 31%]
tests/ops/test_gla_recurrence.py::test_gla_decode[1-4-64-64-dtype5-False] PASSED [ 32%]
tests/ops/test_gla_recurrence.py::test_gla_decode[2-8-64-64-dtype6-False] PASSED [ 32%]
tests/ops/test_gla_recurrence.py::test_gla_decode_multi_step[1-4-64-64-dtype0-False] PASSED [ 32%]
tests/ops/test_gla_recurrence.py::test_gla_decode_multi_step[2-8-64-64-dtype1-False] PASSED [ 32%]
tests/ops/test_gla_recurrence.py::test_gla_decode_multi_step[2-4-128-128-dtype2-False] PASSED [ 32%]
tests/ops/test_gla_recurrence.py::test_gla_decode_multi_step[1-4-64-64-dtype3-False] PASSED [ 32%]
tests/ops/test_gla_recurrence.py::test_gla_decode_multi_step[2-8-64-64-dtype4-False] PASSED [ 32%]
tests/ops/test_gla_recurrence.py::test_gla_decode_multi_step[1-4-64-64-dtype5-False] PASSED [ 32%]
tests/ops/test_gla_recurrence.py::test_gla_decode_multi_step[2-8-64-64-dtype6-False] PASSED [ 32%]
tests/ops/test_gla_recurrence.py::test_gla_decode_vs_fla[1-4-64-64-dtype0-False] PASSED [ 32%]
tests/ops/test_gla_recurrence.py::test_gla_decode_vs_fla[2-8-64-64-dtype1-False] PASSED [ 32%]
tests/ops/test_gla_recurrence.py::test_gla_decode_vs_fla[2-4-128-128-dtype2-False] PASSED [ 32%]
tests/ops/test_gla_recurrence.py::test_gla_decode_vs_fla[1-4-64-64-dtype3-False] PASSED [ 32%]
tests/ops/test_gla_recurrence.py::test_gla_decode_vs_fla[2-8-64-64-dtype4-False] PASSED [ 32%]
tests/ops/test_gla_recurrence.py::test_gla_decode_vs_fla[1-4-64-64-dtype5-False] PASSED [ 32%]
tests/ops/test_gla_recurrence.py::test_gla_decode_vs_fla[2-8-64-64-dtype6-False] PASSED [ 32%]
tests/ops/test_gqa.py::test_gqa_fwd[1-1024-8-4-64-False-dtype0-False] PASSED [ 32%]
tests/ops/test_gqa.py::test_gqa_fwd[4-2048-64-4-128-False-dtype1-False] PASSED [ 32%]
tests/ops/test_gqa.py::test_gqa_fwd[4-2048-64-4-128-False-dtype2-False] PASSED [ 32%]
tests/ops/test_gqa.py::test_gqa_bwd[1-1024-8-4-64-False-dtype0-False] PASSED [ 32%]
tests/ops/test_gqa.py::test_gqa_bwd[4-2048-64-4-128-False-dtype1-False] PASSED [ 33%]
tests/ops/test_gqa.py::test_gqa_bwd[4-2048-64-4-128-False-dtype2-False] PASSED [ 33%]
tests/ops/test_gqa_decode.py::test_gqa_decode[1-32-8-8192-128-dtype0-False] PASSED [ 33%]
tests/ops/test_gqa_decode.py::test_gqa_decode[4-32-4-4096-128-dtype1-False] PASSED [ 33%]
tests/ops/test_gqa_decode.py::test_gqa_decode[8-64-16-8192-128-dtype2-False] PASSED [ 33%]
tests/ops/test_gqa_decode_paged.py::test_gqa_decode_paged_op[1-16-8-512-128-128-dtype0-False] PASSED [ 33%]
tests/ops/test_gqa_decode_paged.py::test_gqa_decode_paged_op[2-8-4-1024-64-256-dtype1-False] PASSED [ 33%]
tests/ops/test_gqa_decode_paged.py::test_gqa_decode_paged_op[1-32-8-256-128-64-dtype2-False] PASSED [ 33%]
tests/ops/test_gqa_decode_paged.py::test_gqa_decode_paged_op[1-8-4-1024-64-256-dtype3-False] PASSED [ 33%]
tests/ops/test_gqa_decode_paged.py::test_gqa_decode_paged_op[2-16-8-512-128-128-dtype4-False] PASSED [ 33%]
tests/ops/test_gqa_decode_paged.py::test_gqa_decode_paged_op[1-16-4-2048-128-512-dtype5-False] PASSED [ 33%]
tests/ops/test_gqa_decode_paged.py::test_gqa_decode_paged_op[1-32-16-512-64-128-dtype6-False] PASSED [ 33%]
tests/ops/test_gqa_sliding_window_fwd.py::test_gqa_sliding_window_fwd_op[2-512-8-2-64-True--1--1-dtype0-False] PASSED [ 33%]
tests/ops/test_gqa_sliding_window_fwd.py::test_gqa_sliding_window_fwd_op[2-512-8-2-64-True-128--1-dtype1-False] PASSED [ 33%]
tests/ops/test_gqa_sliding_window_fwd.py::test_gqa_sliding_window_fwd_op[2-512-8-2-64-False--1--1-dtype2-False] PASSED [ 33%]
tests/ops/test_gqa_sliding_window_fwd.py::test_gqa_sliding_window_fwd_op[2-512-8-2-64-False-64-64-dtype3-False] PASSED [ 33%]
tests/ops/test_gqa_sliding_window_fwd.py::test_gqa_sliding_window_fwd_op[2-128-8-1-128-True-1--1-dtype4-False] PASSED [ 33%]
tests/ops/test_gqa_sliding_window_fwd.py::test_gqa_sliding_window_fwd_op[2-512-8-2-64-True--1--1-dtype5-False] PASSED [ 33%]
tests/ops/test_gqa_sliding_window_fwd.py::test_gqa_sliding_window_fwd_op[2-512-8-2-64-False-64-64-dtype6-False] PASSED [ 33%]
tests/ops/test_gqa_sliding_window_fwd.py::test_gqa_sliding_window_fwd_op[2-512-8-8-64-True--1--1-dtype7-False] PASSED [ 33%]
tests/ops/test_gqa_sliding_window_fwd.py::test_gqa_sliding_window_fwd_op[2-512-16-1-64-True--1--1-dtype8-False] PASSED [ 33%]
tests/ops/test_gqa_sliding_window_fwd.py::test_gqa_sliding_window_fwd_op[2-384-8-2-64-True--1--1-dtype9-False] PASSED [ 34%]
tests/ops/test_gqa_sliding_window_fwd.py::test_gqa_sliding_window_fwd_op[2-768-8-2-64-False-256--1-dtype10-False] PASSED [ 34%]
tests/ops/test_gqa_sliding_window_fwd.py::test_gqa_sliding_window_fwd_op[1-2048-8-2-64-True-512--1-dtype11-False] PASSED [ 34%]
tests/ops/test_gqa_sliding_window_fwd.py::test_gqa_sliding_window_fwd_op[2-512-8-2-64-False--1-64-dtype12-False] PASSED [ 34%]
tests/ops/test_gqa_sliding_window_fwd.py::test_gqa_sliding_window_fwd_op[2-256-8-2-64-True-0--1-dtype13-False] PASSED [ 34%]
tests/ops/test_gqa_sliding_window_fwd.py::TestGqaSlidingWindowFwdOpMetrics::test_total_flops_causal_wl0 PASSED [ 34%]
tests/ops/test_gqa_sliding_window_fwd.py::TestGqaSlidingWindowFwdOpMetrics::test_total_flops_causal_finite_window PASSED [ 34%]
tests/ops/test_gqa_sliding_window_fwd.py::TestGqaSlidingWindowFwdOpMetrics::test_total_memory_gqa PASSED [ 34%]
tests/ops/test_gqa_sliding_window_fwd.py::TestGqaSlidingWindowFwdOpValidation::test_invalid_window_size_left_raises PASSED [ 34%]
tests/ops/test_gqa_sliding_window_fwd.py::TestGqaSlidingWindowFwdOpValidation::test_invalid_window_size_right_raises PASSED [ 34%]
tests/ops/test_gqa_sliding_window_fwd.py::TestGqaSlidingWindowFwdOpValidation::test_dtype_mismatch_raises PASSED [ 34%]
tests/ops/test_gqa_sliding_window_fwd.py::TestGqaSlidingWindowFwdOpValidation::test_cpu_tensor_raises PASSED [ 34%]
tests/ops/test_gqa_sliding_window_varlen_fwd.py::test_gqa_sliding_window_varlen_fwd_op[2-seqlens_q0-seqlens_k0-8-2-64-True--1--1-dtype0-False] PASSED [ 34%]
tests/ops/test_gqa_sliding_window_varlen_fwd.py::test_gqa_sliding_window_varlen_fwd_op[2-seqlens_q1-seqlens_k1-8-2-64-True-128--1-dtype1-False] PASSED [ 34%]
tests/ops/test_gqa_sliding_window_varlen_fwd.py::test_gqa_sliding_window_varlen_fwd_op[2-seqlens_q2-seqlens_k2-8-2-64-False--1--1-dtype2-False] PASSED [ 34%]
tests/ops/test_gqa_sliding_window_varlen_fwd.py::test_gqa_sliding_window_varlen_fwd_op[2-seqlens_q3-seqlens_k3-8-2-64-False-64-64-dtype3-False] PASSED [ 34%]
tests/ops/test_gqa_sliding_window_varlen_fwd.py::test_gqa_sliding_window_varlen_fwd_op[2-seqlens_q4-seqlens_k4-8-2-64-True--1--1-dtype4-False] PASSED [ 34%]
tests/ops/test_gqa_sliding_window_varlen_fwd.py::test_gqa_sliding_window_varlen_fwd_op[2-seqlens_q5-seqlens_k5-8-2-64-True-128--1-dtype5-False] PASSED [ 34%]
tests/ops/test_gqa_sliding_window_varlen_fwd.py::test_gqa_sliding_window_varlen_fwd_op[2-seqlens_q6-seqlens_k6-8-2-64-False-64-64-dtype6-False] PASSED [ 34%]
tests/ops/test_gqa_sliding_window_varlen_fwd.py::test_gqa_sliding_window_varlen_fwd_op[2-seqlens_q7-seqlens_k7-8-2-64-True--1--1-dtype7-False] PASSED [ 34%]
tests/ops/test_gqa_sliding_window_varlen_fwd.py::test_gqa_sliding_window_varlen_fwd_op[2-seqlens_q8-seqlens_k8-8-2-64-False-64-64-dtype8-False] PASSED [ 35%]
tests/ops/test_gqa_sliding_window_varlen_fwd.py::test_gqa_sliding_window_varlen_fwd_op[2-seqlens_q9-seqlens_k9-8-8-64-True--1--1-dtype9-False] PASSED [ 35%]
tests/ops/test_gqa_sliding_window_varlen_fwd.py::test_gqa_sliding_window_varlen_fwd_op[2-seqlens_q10-seqlens_k10-16-1-64-True--1--1-dtype10-False] PASSED [ 35%]
tests/ops/test_gqa_sliding_window_varlen_fwd.py::test_gqa_sliding_window_varlen_fwd_op[3-seqlens_q11-seqlens_k11-8-2-64-True--1--1-dtype11-False] PASSED [ 35%]
tests/ops/test_gqa_sliding_window_varlen_fwd.py::test_gqa_sliding_window_varlen_fwd_op[2-seqlens_q12-seqlens_k12-8-2-64-False--1-64-dtype12-False] PASSED [ 35%]
tests/ops/test_gqa_sliding_window_varlen_fwd.py::test_gqa_sliding_window_varlen_fwd_op[2-seqlens_q13-seqlens_k13-8-2-64-True-0--1-dtype13-False] PASSED [ 35%]
tests/ops/test_group_norm.py::test_group_norm_op[2-32-spatial0-8-dtype0-False] PASSED [ 35%]
tests/ops/test_group_norm.py::test_group_norm_op[4-16-spatial1-4-dtype1-False] PASSED [ 35%]
tests/ops/test_group_norm.py::test_group_norm_op[2-32-spatial2-8-dtype2-False] PASSED [ 35%]
tests/ops/test_group_norm.py::test_group_norm_op[4-16-spatial3-4-dtype3-False] PASSED [ 35%]
tests/ops/test_group_norm.py::test_group_norm_op[2-32-spatial4-8-dtype4-False] PASSED [ 35%]
tests/ops/test_group_norm.py::test_group_norm_op[4-16-spatial5-4-dtype5-False] PASSED [ 35%]
tests/ops/test_group_norm.py::test_group_norm_op[2-32-spatial6-1-dtype6-False] PASSED [ 35%]
tests/ops/test_group_norm.py::test_group_norm_op[2-32-spatial7-32-dtype7-False] PASSED [ 35%]
tests/ops/test_group_norm.py::test_group_norm_op[2-32-spatial8-16-dtype8-False] PASSED [ 35%]
tests/ops/test_group_norm.py::test_group_norm_op[2-32-spatial9-8-dtype9-False] PASSED [ 35%]
tests/ops/test_group_norm.py::test_group_norm_op[2-16-spatial10-4-dtype10-False] PASSED [ 35%]
tests/ops/test_group_norm.py::test_group_norm_op[2-30-spatial11-5-dtype11-False] PASSED [ 35%]
tests/ops/test_group_norm.py::test_group_norm_op[2-32-spatial12-8-dtype12-False] PASSED [ 35%]
tests/ops/test_group_norm.py::test_group_norm_op[2-32-spatial13-8-dtype13-False] PASSED [ 35%]
tests/ops/test_group_norm.py::test_group_norm_non_contiguous[2-32-spatial0-8-dtype0] PASSED [ 36%]
tests/ops/test_group_norm.py::test_group_norm_non_contiguous[2-32-spatial1-8-dtype1] PASSED [ 36%]
tests/ops/test_grouped_gemm.py::test_grouped_gemm[16384-4-4864-4096-dtype0-False-True-False] PASSED [ 36%]
tests/ops/test_grouped_gemm.py::test_grouped_gemm[16384-4-4864-4096-dtype1-False-False-False] PASSED [ 36%]
tests/ops/test_grouped_gemm.py::test_grouped_gemm[16384-4-4864-4096-dtype2-True-False-False] PASSED [ 36%]
tests/ops/test_grouped_gemm.py::test_grouped_gemm[16384-4-4864-4096-dtype3-True-True-False] PASSED [ 36%]
tests/ops/test_instance_norm.py::test_instance_norm_op[2-16-spatial0-dtype0-False] PASSED [ 36%]
tests/ops/test_instance_norm.py::test_instance_norm_op[4-8-spatial1-dtype1-False] PASSED [ 36%]
tests/ops/test_instance_norm.py::test_instance_norm_op[2-16-spatial2-dtype2-False] PASSED [ 36%]
tests/ops/test_instance_norm.py::test_instance_norm_op[4-8-spatial3-dtype3-False] PASSED [ 36%]
tests/ops/test_instance_norm.py::test_instance_norm_op[2-16-spatial4-dtype4-False] PASSED [ 36%]
tests/ops/test_instance_norm.py::test_instance_norm_op[4-8-spatial5-dtype5-False] PASSED [ 36%]
tests/ops/test_instance_norm.py::test_instance_norm_op[2-16-spatial6-dtype6-False] PASSED [ 36%]
tests/ops/test_instance_norm.py::test_instance_norm_op[2-8-spatial7-dtype7-False] PASSED [ 36%]
tests/ops/test_instance_norm.py::test_instance_norm_non_contiguous[2-16-spatial0-dtype0] PASSED [ 36%]
tests/ops/test_instance_norm.py::test_instance_norm_non_contiguous[2-16-spatial1-dtype1] PASSED [ 36%]
tests/ops/test_layer_norm.py::test_layer_norm_op[1024-4096-dtype0-False] PASSED [ 36%]
tests/ops/test_layer_norm.py::test_layer_norm_op[4096-4096-dtype1-False] PASSED [ 36%]
tests/ops/test_layer_norm.py::test_layer_norm_op[8192-8192-dtype2-False] PASSED [ 36%]
tests/ops/test_layer_norm.py::test_layer_norm_op[1024-4096-dtype3-False] PASSED [ 36%]
tests/ops/test_layer_norm.py::test_layer_norm_op[4096-4096-dtype4-False] PASSED [ 37%]
tests/ops/test_layer_norm.py::test_layer_norm_op[8192-8192-dtype5-False] PASSED [ 37%]
tests/ops/test_layer_norm.py::test_layer_norm_op[1024-4096-dtype6-False] PASSED [ 37%]
tests/ops/test_layer_norm.py::test_layer_norm_op[4096-4096-dtype7-False] PASSED [ 37%]
tests/ops/test_layer_norm.py::test_layer_norm_op[8192-8192-dtype8-False] PASSED [ 37%]
tests/ops/test_layer_norm.py::test_layer_norm_op[1024-3000-dtype9-False] PASSED [ 37%]
tests/ops/test_layer_norm.py::test_layer_norm_op[1024-3000-dtype10-False] PASSED [ 37%]
tests/ops/test_layer_norm.py::test_layer_norm_op[1024-3000-dtype11-False] PASSED [ 37%]
tests/ops/test_layer_norm.py::test_layer_norm_op[2048-5120-dtype12-False] PASSED [ 37%]
tests/ops/test_layer_norm.py::test_layer_norm_op[2048-5120-dtype13-False] PASSED [ 37%]
tests/ops/test_layer_norm.py::test_layer_norm_op[2048-5120-dtype14-False] PASSED [ 37%]
tests/ops/test_layer_norm.py::test_layer_norm_op[1025-4096-dtype15-False] PASSED [ 37%]
tests/ops/test_layer_norm.py::test_layer_norm_op[1025-4096-dtype16-False] PASSED [ 37%]
tests/ops/test_layer_norm.py::test_layer_norm_non_contiguous[1024-4096-dtype0] PASSED [ 37%]
tests/ops/test_layer_norm.py::test_layer_norm_non_contiguous[1024-4096-dtype1] PASSED [ 37%]
tests/ops/test_layer_norm.py::test_layer_norm_non_contiguous[1024-4096-dtype2] PASSED [ 37%]
tests/ops/test_layer_norm.py::test_layer_norm_3d[2-512-4096-dtype0] PASSED [ 37%]
tests/ops/test_layer_norm.py::test_layer_norm_3d[2-512-4096-dtype1] PASSED [ 37%]
tests/ops/test_layer_norm.py::test_layer_norm_3d[2-512-4096-dtype2] PASSED [ 37%]
tests/ops/test_layer_norm.py::test_layer_norm_large_offset[4-4096-dtype0] PASSED [ 37%]
tests/ops/test_layer_norm.py::test_layer_norm_large_offset[1024-4096-dtype1] PASSED [ 38%]
tests/ops/test_layer_norm.py::test_layer_norm_large_offset[4-4096-dtype2] PASSED [ 38%]
tests/ops/test_layer_norm.py::test_layer_norm_large_offset[4-4096-dtype3] PASSED [ 38%]
tests/ops/test_logical.py::test_logical_and_op[4096-dtype0] PASSED       [ 38%]
tests/ops/test_logical.py::test_logical_and_op[16384-dtype1] PASSED      [ 38%]
tests/ops/test_logical.py::test_logical_or_op[4096-dtype0] PASSED        [ 38%]
tests/ops/test_logical.py::test_logical_or_op[16384-dtype1] PASSED       [ 38%]
tests/ops/test_logical.py::test_logical_broadcast[logical_and-LogicalAndOp-logical_and-a_shape0-b_shape0] PASSED [ 38%]
tests/ops/test_logical.py::test_logical_broadcast[logical_and-LogicalAndOp-logical_and-a_shape1-b_shape1] PASSED [ 38%]
tests/ops/test_logical.py::test_logical_broadcast[logical_and-LogicalAndOp-logical_and-a_shape2-b_shape2] PASSED [ 38%]
tests/ops/test_logical.py::test_logical_broadcast[logical_or-LogicalOrOp-logical_or-a_shape3-b_shape3] PASSED [ 38%]
tests/ops/test_logical.py::test_logical_broadcast[logical_or-LogicalOrOp-logical_or-a_shape4-b_shape4] PASSED [ 38%]
tests/ops/test_logical.py::test_logical_broadcast[logical_or-LogicalOrOp-logical_or-a_shape5-b_shape5] PASSED [ 38%]
tests/ops/test_logical.py::test_logical_not[1048576-dtype0] PASSED       [ 38%]
tests/ops/test_logical.py::test_logical_not[1048576-dtype1] PASSED       [ 38%]
tests/ops/test_logical.py::test_logical_not[1048576-dtype2] PASSED       [ 38%]
tests/ops/test_logical.py::test_logical_not[1048576-dtype3] PASSED       [ 38%]
tests/ops/test_logical.py::test_logical_not[1048576-dtype4] PASSED       [ 38%]
tests/ops/test_logical.py::test_logical_not[1048576-dtype5] PASSED       [ 38%]
tests/ops/test_logical.py::test_logical_not[1048576-dtype6] PASSED       [ 38%]
tests/ops/test_logical.py::test_logical_not[1048576-dtype7] PASSED       [ 39%]
tests/ops/test_logical.py::test_logical_not[1048576-dtype8] PASSED       [ 39%]
tests/ops/test_logical_reduce.py::test_any_op[128-512-dtype0] PASSED     [ 39%]
tests/ops/test_logical_reduce.py::test_any_op[128-512-dtype1] PASSED     [ 39%]
tests/ops/test_logical_reduce.py::test_any_op[128-512-dtype2] PASSED     [ 39%]
tests/ops/test_logical_reduce.py::test_any_op[128-512-dtype3] PASSED     [ 39%]
tests/ops/test_logical_reduce.py::test_any_op[128-512-dtype4] PASSED     [ 39%]
tests/ops/test_logical_reduce.py::test_any_op[128-512-dtype5] PASSED     [ 39%]
tests/ops/test_logical_reduce.py::test_any_op[128-512-dtype6] PASSED     [ 39%]
tests/ops/test_logical_reduce.py::test_any_op[128-512-dtype7] PASSED     [ 39%]
tests/ops/test_logical_reduce.py::test_any_op[256-4096-dtype8] PASSED    [ 39%]
tests/ops/test_logical_reduce.py::test_any_op[256-4096-dtype9] PASSED    [ 39%]
tests/ops/test_logical_reduce.py::test_any_op[128-300-dtype10] PASSED    [ 39%]
tests/ops/test_logical_reduce.py::test_any_op[128-300-dtype11] PASSED    [ 39%]
tests/ops/test_logical_reduce.py::test_any_op[128-300-dtype12] PASSED    [ 39%]
tests/ops/test_logical_reduce.py::test_any_op[128-300-dtype13] PASSED    [ 39%]
tests/ops/test_logical_reduce.py::test_any_op[129-512-dtype14] PASSED    [ 39%]
tests/ops/test_logical_reduce.py::test_any_non_contiguous[128-512-dtype0] PASSED [ 39%]
tests/ops/test_logical_reduce.py::test_any_non_contiguous[128-512-dtype1] PASSED [ 39%]
tests/ops/test_logical_reduce.py::test_any_non_contiguous[128-512-dtype2] PASSED [ 39%]
tests/ops/test_logical_reduce.py::test_any_3d[2-64-512-dtype0] PASSED    [ 40%]
tests/ops/test_logical_reduce.py::test_any_3d[2-64-512-dtype1] PASSED    [ 40%]
tests/ops/test_logical_reduce.py::test_any_4d[2-4-8-512-dtype0] PASSED   [ 40%]
tests/ops/test_logical_reduce.py::test_any_4d[2-4-8-512-dtype1] PASSED   [ 40%]
tests/ops/test_logical_reduce.py::test_any_1d[512-dtype0] PASSED         [ 40%]
tests/ops/test_logical_reduce.py::test_any_1d[512-dtype1] PASSED         [ 40%]
tests/ops/test_logical_reduce.py::test_any_1d[512-dtype2] PASSED         [ 40%]
tests/ops/test_logical_reduce.py::test_any_1d[512-dtype3] PASSED         [ 40%]
tests/ops/test_logical_reduce.py::test_all_op[128-512-dtype0] PASSED     [ 40%]
tests/ops/test_logical_reduce.py::test_all_op[128-512-dtype1] PASSED     [ 40%]
tests/ops/test_logical_reduce.py::test_all_op[128-512-dtype2] PASSED     [ 40%]
tests/ops/test_logical_reduce.py::test_all_op[128-512-dtype3] PASSED     [ 40%]
tests/ops/test_logical_reduce.py::test_all_op[128-512-dtype4] PASSED     [ 40%]
tests/ops/test_logical_reduce.py::test_all_op[128-512-dtype5] PASSED     [ 40%]
tests/ops/test_logical_reduce.py::test_all_op[128-512-dtype6] PASSED     [ 40%]
tests/ops/test_logical_reduce.py::test_all_op[128-512-dtype7] PASSED     [ 40%]
tests/ops/test_logical_reduce.py::test_all_op[256-4096-dtype8] PASSED    [ 40%]
tests/ops/test_logical_reduce.py::test_all_op[256-4096-dtype9] PASSED    [ 40%]
tests/ops/test_logical_reduce.py::test_all_op[128-300-dtype10] PASSED    [ 40%]
tests/ops/test_logical_reduce.py::test_all_op[128-300-dtype11] PASSED    [ 40%]
tests/ops/test_logical_reduce.py::test_all_op[128-300-dtype12] PASSED    [ 41%]
tests/ops/test_logical_reduce.py::test_all_op[128-300-dtype13] PASSED    [ 41%]
tests/ops/test_logical_reduce.py::test_all_op[129-512-dtype14] PASSED    [ 41%]
tests/ops/test_logical_reduce.py::test_all_non_contiguous[128-512-dtype0] PASSED [ 41%]
tests/ops/test_logical_reduce.py::test_all_non_contiguous[128-512-dtype1] PASSED [ 41%]
tests/ops/test_logical_reduce.py::test_all_non_contiguous[128-512-dtype2] PASSED [ 41%]
tests/ops/test_logical_reduce.py::test_all_3d[2-64-512-dtype0] PASSED    [ 41%]
tests/ops/test_logical_reduce.py::test_all_3d[2-64-512-dtype1] PASSED    [ 41%]
tests/ops/test_logical_reduce.py::test_all_4d[2-4-8-512-dtype0] PASSED   [ 41%]
tests/ops/test_logical_reduce.py::test_all_4d[2-4-8-512-dtype1] PASSED   [ 41%]
tests/ops/test_logical_reduce.py::test_all_1d[512-dtype0] PASSED         [ 41%]
tests/ops/test_logical_reduce.py::test_all_1d[512-dtype1] PASSED         [ 41%]
tests/ops/test_logical_reduce.py::test_all_1d[512-dtype2] PASSED         [ 41%]
tests/ops/test_logical_reduce.py::test_all_1d[512-dtype3] PASSED         [ 41%]
tests/ops/test_logical_reduce.py::test_count_nonzero_op[128-512-dtype0] PASSED [ 41%]
tests/ops/test_logical_reduce.py::test_count_nonzero_op[128-512-dtype1] PASSED [ 41%]
tests/ops/test_logical_reduce.py::test_count_nonzero_op[128-512-dtype2] PASSED [ 41%]
[...]
tests/test_parametric_unary_base.py::TestAllParametricKernelsUseBase::test_inherits_from_base[SoftplusKernel] PASSED [ 92%]
tests/test_parametric_unary_base.py::TestAllParametricKernelsUseBase::test_inherits_from_base[PreluKernel] PASSED [ 92%]
tests/test_parametric_unary_base.py::TestAllParametricKernelsUseBase::test_inherits_from_base[WhereKernel] PASSED [ 92%]
tests/test_parametric_unary_base.py::TestAllParametricKernelsUseBase::test_inherits_from_base[ClampKernel] PASSED [ 92%]
tests/test_parametric_unary_base.py::TestAllParametricKernelsUseBase::test_inherits_from_base[MaskedFillKernel] PASSED [ 92%]
tests/test_parametric_unary_base.py::TestAllParametricKernelsUseBase::test_inherits_from_base[NanToNumKernel] PASSED [ 92%]
tests/test_parametric_unary_base.py::TestAllParametricKernelsUseBase::test_subclass_is_compact[LeakyReluKernel] PASSED [ 92%]
tests/test_parametric_unary_base.py::TestAllParametricKernelsUseBase::test_subclass_is_compact[EluKernel] PASSED [ 92%]
tests/test_parametric_unary_base.py::TestAllParametricKernelsUseBase::test_subclass_is_compact[HardtanhKernel] PASSED [ 92%]
tests/test_parametric_unary_base.py::TestAllParametricKernelsUseBase::test_subclass_is_compact[SoftplusKernel] PASSED [ 92%]
tests/test_parametric_unary_base.py::TestAllParametricKernelsUseBase::test_subclass_is_compact[PreluKernel] PASSED [ 92%]
tests/test_parametric_unary_base.py::TestAllParametricKernelsUseBase::test_subclass_is_compact[WhereKernel] PASSED [ 92%]
tests/test_parametric_unary_base.py::TestAllParametricKernelsUseBase::test_subclass_is_compact[ClampKernel] PASSED [ 92%]
tests/test_parametric_unary_base.py::TestAllParametricKernelsUseBase::test_subclass_is_compact[MaskedFillKernel] PASSED [ 92%]
tests/test_parametric_unary_base.py::TestAllParametricKernelsUseBase::test_subclass_is_compact[NanToNumKernel] PASSED [ 92%]
tests/test_parametric_unary_base.py::TestFp8BuilderLogicCentralized::test_no_fp8_logic_in_subclass_init[LeakyReluKernel] PASSED [ 93%]
tests/test_parametric_unary_base.py::TestFp8BuilderLogicCentralized::test_no_fp8_logic_in_subclass_init[EluKernel] PASSED [ 93%]
tests/test_parametric_unary_base.py::TestFp8BuilderLogicCentralized::test_no_fp8_logic_in_subclass_init[HardtanhKernel] PASSED [ 93%]
tests/test_parametric_unary_base.py::TestFp8BuilderLogicCentralized::test_no_fp8_logic_in_subclass_init[SoftplusKernel] PASSED [ 93%]
tests/test_parametric_unary_base.py::TestFp8BuilderLogicCentralized::test_no_fp8_logic_in_subclass_init[PreluKernel] PASSED [ 93%]
tests/test_parametric_unary_base.py::TestFp8BuilderLogicCentralized::test_no_fp8_logic_in_subclass_init[WhereKernel] PASSED [ 93%]
tests/test_parametric_unary_base.py::TestFp8BuilderLogicCentralized::test_no_fp8_logic_in_subclass_init[ClampKernel] PASSED [ 93%]
tests/test_parametric_unary_base.py::TestFp8BuilderLogicCentralized::test_no_fp8_logic_in_subclass_init[MaskedFillKernel] PASSED [ 93%]
tests/test_parametric_unary_base.py::TestFp8BuilderLogicCentralized::test_no_fp8_logic_in_subclass_init[NanToNumKernel] PASSED [ 93%]
tests/test_parametric_unary_base.py::TestFp8BuilderLogicCentralized::test_no_is_fp8_in_subclass_init[LeakyReluKernel] PASSED [ 93%]
tests/test_parametric_unary_base.py::TestFp8BuilderLogicCentralized::test_no_is_fp8_in_subclass_init[EluKernel] PASSED [ 93%]
tests/test_parametric_unary_base.py::TestFp8BuilderLogicCentralized::test_no_is_fp8_in_subclass_init[HardtanhKernel] PASSED [ 93%]
tests/test_parametric_unary_base.py::TestFp8BuilderLogicCentralized::test_no_is_fp8_in_subclass_init[SoftplusKernel] PASSED [ 93%]
tests/test_parametric_unary_base.py::TestFp8BuilderLogicCentralized::test_no_is_fp8_in_subclass_init[PreluKernel] PASSED [ 93%]
tests/test_parametric_unary_base.py::TestFp8BuilderLogicCentralized::test_no_is_fp8_in_subclass_init[WhereKernel] PASSED [ 93%]
tests/test_parametric_unary_base.py::TestFp8BuilderLogicCentralized::test_no_is_fp8_in_subclass_init[ClampKernel] PASSED [ 93%]
tests/test_parametric_unary_base.py::TestFp8BuilderLogicCentralized::test_no_is_fp8_in_subclass_init[MaskedFillKernel] PASSED [ 93%]
tests/test_parametric_unary_base.py::TestFp8BuilderLogicCentralized::test_no_is_fp8_in_subclass_init[NanToNumKernel] PASSED [ 93%]
tests/test_parametric_unary_base.py::TestDefaultConfigCentralized::test_no_default_config_override[LeakyReluKernel] PASSED [ 93%]
tests/test_parametric_unary_base.py::TestDefaultConfigCentralized::test_no_default_config_override[EluKernel] PASSED [ 93%]
tests/test_parametric_unary_base.py::TestDefaultConfigCentralized::test_no_default_config_override[HardtanhKernel] PASSED [ 94%]
tests/test_parametric_unary_base.py::TestDefaultConfigCentralized::test_no_default_config_override[SoftplusKernel] PASSED [ 94%]
tests/test_parametric_unary_base.py::TestDefaultConfigCentralized::test_no_default_config_override[PreluKernel] PASSED [ 94%]
tests/test_parametric_unary_base.py::TestDefaultConfigCentralized::test_no_default_config_override[WhereKernel] PASSED [ 94%]
tests/test_parametric_unary_base.py::TestDefaultConfigCentralized::test_no_default_config_override[ClampKernel] PASSED [ 94%]
tests/test_parametric_unary_base.py::TestDefaultConfigCentralized::test_no_default_config_override[MaskedFillKernel] PASSED [ 94%]
tests/test_parametric_unary_base.py::TestDefaultConfigCentralized::test_no_default_config_override[NanToNumKernel] PASSED [ 94%]
tests/test_parametric_unary_base.py::TestFp8PostCastInForward::test_forward_casts_to_fp8[e4m3fn] PASSED [ 94%]
tests/test_parametric_unary_base.py::TestFp8PostCastInForward::test_forward_casts_to_fp8[e5m2] PASSED [ 94%]
tests/test_parametric_unary_base.py::TestNoNewPublicAPI::test_base_not_in_all PASSED [ 94%]
tests/test_reduction_init_files.py::TestKernelReductionInit::test_file_exists PASSED [ 94%]
tests/test_reduction_init_files.py::TestKernelReductionInit::test_has_all_kernel_classes PASSED [ 94%]
tests/test_reduction_init_files.py::TestKernelReductionInit::test_implemented_imports_are_active PASSED [ 94%]
tests/test_reduction_init_files.py::TestKernelReductionInit::test_placeholder_imports_are_commented_out PASSED [ 94%]
tests/test_reduction_init_files.py::TestKernelReductionInit::test_has_all_dunder_all PASSED [ 94%]
tests/test_reduction_init_files.py::TestKernelReductionInit::test_implemented_all_entries_are_active PASSED [ 94%]
tests/test_reduction_init_files.py::TestKernelReductionInit::test_placeholder_all_entries_are_commented_out PASSED [ 94%]
tests/test_reduction_init_files.py::TestKernelReductionInit::test_exact_kernel_count PASSED [ 94%]
tests/test_reduction_init_files.py::TestOpsReductionInit::test_file_exists PASSED [ 94%]
tests/test_reduction_init_files.py::TestOpsReductionInit::test_has_all_op_classes PASSED [ 94%]
tests/test_reduction_init_files.py::TestOpsReductionInit::test_implemented_imports_are_active PASSED [ 95%]
tests/test_reduction_init_files.py::TestOpsReductionInit::test_placeholder_imports_are_commented_out PASSED [ 95%]
tests/test_reduction_init_files.py::TestOpsReductionInit::test_has_all_dunder_all PASSED [ 95%]
tests/test_reduction_init_files.py::TestOpsReductionInit::test_implemented_all_entries_are_active PASSED [ 95%]
tests/test_reduction_init_files.py::TestOpsReductionInit::test_placeholder_all_entries_are_commented_out PASSED [ 95%]
tests/test_reduction_init_files.py::TestOpsReductionInit::test_exact_op_count PASSED [ 95%]
tests/test_reduction_init_files.py::TestOpsMainInit::test_has_reduction_import PASSED [ 95%]
tests/test_reduction_init_files.py::TestOpsMainInit::test_has_all_op_classes_in_all PASSED [ 95%]
tests/test_reduction_init_files.py::TestOpsMainInit::test_implemented_op_entries_are_active PASSED [ 95%]
tests/test_reduction_init_files.py::TestOpsMainInit::test_placeholder_op_entries_are_commented PASSED [ 95%]
tests/test_reduction_init_files.py::TestRuffLinting::test_ruff_check[kernels/reduction] PASSED [ 95%]
tests/test_reduction_init_files.py::TestRuffLinting::test_ruff_check[ops/reduction] PASSED [ 95%]
tests/test_reduction_init_files.py::TestRuffLinting::test_ruff_check[ops/__init__] PASSED [ 95%]
tests/test_reduction_init_files.py::TestRuffLinting::test_ruff_format[kernels/reduction] PASSED [ 95%]
tests/test_reduction_init_files.py::TestRuffLinting::test_ruff_format[ops/reduction] PASSED [ 95%]
tests/test_reduction_init_files.py::TestRuffLinting::test_ruff_format[ops/__init__] PASSED [ 95%]
tests/test_reduction_init_files.py::TestImportability::test_kernel_reduction_importable PASSED [ 95%]
tests/test_reduction_init_files.py::TestImportability::test_ops_reduction_importable PASSED [ 95%]
tests/test_reduction_init_files.py::TestImportability::test_ops_init_importable PASSED [ 95%]
tests/test_strategy_npt_defaults.py::TestUnaryDefaultConfig::test_unary_npt_by_strategy[ep-fp16] PASSED [ 95%]
tests/test_strategy_npt_defaults.py::TestUnaryDefaultConfig::test_unary_npt_by_strategy[ep-bf16] PASSED [ 96%]
tests/test_strategy_npt_defaults.py::TestUnaryDefaultConfig::test_unary_npt_by_strategy[rc-fp16] PASSED [ 96%]
tests/test_strategy_npt_defaults.py::TestUnaryDefaultConfig::test_unary_npt_by_strategy[rc-bf16] PASSED [ 96%]
tests/test_strategy_npt_defaults.py::TestUnaryDefaultConfig::test_unary_npt_by_strategy[ep-fp32] PASSED [ 96%]
tests/test_strategy_npt_defaults.py::TestUnaryDefaultConfig::test_unary_npt_by_strategy[rc-fp32] PASSED [ 96%]
tests/test_strategy_npt_defaults.py::TestUnaryDefaultConfig::test_unary_explicit_parallel_fp16_config_applied PASSED [ 96%]
tests/test_strategy_npt_defaults.py::TestUnaryDefaultConfig::test_unary_register_copy_fp16_config_applied PASSED [ 96%]
tests/test_strategy_npt_defaults.py::TestBinaryDefaultConfig::test_binary_npt_by_strategy[ep-fp16] PASSED [ 96%]
tests/test_strategy_npt_defaults.py::TestBinaryDefaultConfig::test_binary_npt_by_strategy[ep-bf16] PASSED [ 96%]
tests/test_strategy_npt_defaults.py::TestBinaryDefaultConfig::test_binary_npt_by_strategy[rc-fp16] PASSED [ 96%]
tests/test_strategy_npt_defaults.py::TestBinaryDefaultConfig::test_binary_npt_by_strategy[rc-bf16] PASSED [ 96%]
tests/test_strategy_npt_defaults.py::TestBinaryDefaultConfig::test_binary_npt_by_strategy[ep-fp32] PASSED [ 96%]
tests/test_strategy_npt_defaults.py::TestBinaryDefaultConfig::test_binary_npt_by_strategy[rc-fp32] PASSED [ 96%]
tests/test_strategy_npt_defaults.py::TestFusedGatedDefaultConfig::test_fused_gated_npt_by_strategy[ep-fp16] PASSED [ 96%]
tests/test_strategy_npt_defaults.py::TestFusedGatedDefaultConfig::test_fused_gated_npt_by_strategy[ep-bf16] PASSED [ 96%]
tests/test_strategy_npt_defaults.py::TestFusedGatedDefaultConfig::test_fused_gated_npt_by_strategy[ep-fp32] PASSED [ 96%]
tests/test_tier_validation.py::TestZeroSmokeFails::test_zero_smoke_raises PASSED [ 96%]
tests/test_tier_validation.py::TestMultiSmokePasses::test_two_smoke_params_pass PASSED [ 96%]
tests/test_tier_validation.py::TestMultiSmokePasses::test_three_smoke_params_pass PASSED [ 96%]
tests/test_tier_validation.py::TestSmokeOrdering::test_smoke_after_full_raises PASSED [ 96%]
tests/test_tier_validation.py::TestSmokeOrdering::test_smoke_gap_raises PASSED [ 97%]
tests/test_tier_validation.py::TestSmokeOrdering::test_xfail_before_smoke_ok PASSED [ 97%]
tests/test_tier_validation.py::TestSmokeOrdering::test_multi_smoke_correct_order_passes PASSED [ 97%]
tests/test_tier_validation.py::TestSingleSmokeBackwardCompat::test_single_smoke_first PASSED [ 97%]
tests/test_tier_validation.py::TestSmokeConstraints::test_smoke_tune_true_raises PASSED [ 97%]
tests/test_tier_validation.py::TestSmokeConstraints::test_smoke_xfail_raises PASSED [ 97%]
tests/test_tier_validation.py::TestSmokeConstraints::test_second_smoke_tune_true_raises PASSED [ 97%]
tests/test_tier_validation.py::TestSmokeConstraints::test_second_smoke_xfail_raises PASSED [ 97%]
tests/test_tier_validation.py::TestSmokeConstraints::test_smoke_xfail_no_tune_raises PASSED [ 97%]
tests/test_tier_validation.py::TestSmokeConstraints::test_smoke_xfail_then_full_only_xfail_error PASSED [ 97%]
tests/test_tier_validation.py::TestSmokeConstraints::test_smoke_xfail_valid_smoke_full_only_xfail_error PASSED [ 97%]
tests/test_validate_manifest.py::TestSchema::test_non_dict_entry_fails PASSED [ 97%]
tests/test_validate_manifest.py::TestSchema::test_valid_entry_passes PASSED [ 97%]
tests/test_validate_manifest.py::TestSchema::test_missing_family_fails PASSED [ 97%]
tests/test_validate_manifest.py::TestSchema::test_missing_signature_fields_fails PASSED [ 97%]
tests/test_validate_manifest.py::TestSchema::test_roofline_needs_flops_and_bytes_or_func PASSED [ 97%]
tests/test_validate_manifest.py::TestSchema::test_params_as_list_fails PASSED [ 97%]
tests/test_validate_manifest.py::TestSchema::test_tensor_missing_dtype_fails PASSED [ 97%]
tests/test_validate_manifest.py::TestSchema::test_layout_valid_passes PASSED [ 97%]
tests/test_validate_manifest.py::TestSchema::test_layout_invalid_fails PASSED [ 97%]
tests/test_validate_manifest.py::TestSchema::test_params_missing_type_fails PASSED [ 98%]
tests/test_validate_manifest.py::TestSchema::test_params_with_type_passes PASSED [ 98%]
tests/test_validate_manifest.py::TestSchema::test_dtype_combos_valid_passes PASSED [ 98%]
tests/test_validate_manifest.py::TestSchema::test_dtype_combos_bad_key_fails PASSED [ 98%]
tests/test_validate_manifest.py::TestSchema::test_source_kernel_list_passes PASSED [ 98%]
tests/test_validate_manifest.py::TestSchema::test_source_kernel_int_fails PASSED [ 98%]
tests/test_validate_manifest.py::TestVariantOf::test_valid_variant_passes PASSED [ 98%]
tests/test_validate_manifest.py::TestVariantOf::test_variant_target_missing_fails PASSED [ 98%]
tests/test_validate_manifest.py::TestVariantOf::test_malformed_entry_does_not_crash PASSED [ 98%]
tests/test_validate_manifest.py::TestVariantOf::test_variant_chaining_fails PASSED [ 98%]
tests/test_validate_manifest.py::TestVariantOf::test_variant_mismatched_kernel_fails PASSED [ 98%]
tests/test_validate_manifest.py::TestVariantOf::test_variant_mismatched_op_fails PASSED [ 98%]
tests/test_validate_manifest.py::TestSignature::test_matching_signature_passes PASSED [ 98%]
tests/test_validate_manifest.py::TestSignature::test_missing_forward_param_fails PASSED [ 98%]
tests/test_validate_manifest.py::TestSignature::test_extra_forward_param_fails PASSED [ 98%]
tests/test_validate_manifest.py::TestSignature::test_malformed_params_does_not_crash PASSED [ 98%]
tests/test_validate_manifest.py::TestSignature::test_params_in_forward_accepted PASSED [ 98%]
tests/test_validate_manifest.py::TestSignature::test_params_in_init_accepted PASSED [ 98%]
tests/test_validate_manifest.py::TestSignature::test_params_missing_from_both_init_and_forward_fails PASSED [ 98%]
tests/test_validate_manifest.py::TestSignature::test_params_split_across_init_and_forward_accepted PASSED [ 98%]
tests/test_validate_manifest.py::TestSignature::test_no_init_params_falls_back_to_forward_only PASSED [ 99%]
tests/test_validate_manifest.py::TestDtype::test_valid_signature_dtypes_pass PASSED [ 99%]
tests/test_validate_manifest.py::TestDtype::test_invalid_workload_dtype_fails PASSED [ 99%]
tests/test_validate_manifest.py::TestDtype::test_valid_workload_dtype_passes PASSED [ 99%]
tests/test_validate_manifest.py::TestBench::test_bench_with_load_workloads_passes PASSED [ 99%]
tests/test_validate_manifest.py::TestBench::test_bench_with_load_workloads_only_fails PASSED [ 99%]
tests/test_validate_manifest.py::TestBench::test_bench_without_load_workloads_fails PASSED [ 99%]
tests/test_validate_manifest.py::TestBench::test_wrong_op_name_fails_l4 PASSED [ 99%]
tests/test_validate_manifest.py::TestBench::test_syntax_error_in_bench_file_fails_l4 PASSED [ 99%]
tests/test_validate_manifest.py::TestCheckOp::test_spec_only_op_with_check_op_runs_all_levels PASSED [ 99%]
tests/test_validate_manifest.py::TestCheckOp::test_spec_only_op_without_check_op_still_skipped PASSED [ 99%]
tests/test_validate_manifest.py::TestCheckOp::test_check_op_nonexistent_op_reports_error PASSED [ 99%]
tests/test_validate_manifest.py::TestCheckOp::test_check_op_scopes_to_single_op PASSED [ 99%]
tests/test_validate_manifest.py::TestCheckOp::test_check_op_ignores_unrelated_variant_of_errors PASSED [ 99%]
tests/test_validate_manifest.py::TestCheckOp::test_check_op_validates_variant_family PASSED [ 99%]
tests/test_validate_manifest.py::TestCheckOp::test_check_op_variant_family_runs_schema_on_variants PASSED [ 99%]
tests/test_validate_manifest.py::TestCheckOp::test_check_op_cli_parsing PASSED [ 99%]
tests/test_validate_manifest.py::TestCheckOp::test_check_op_rejects_missing_value PASSED [ 99%]
tests/test_validate_manifest.py::TestCheckOp::test_check_op_rejects_flag_as_value PASSED [ 99%]
tests/test_validate_manifest.py::TestCheckOp::test_check_op_rejects_empty_equals_value PASSED [ 99%]
tests/test_validate_manifest.py::TestIntegration::test_validator_passes_on_current_codebase PASSED [100%]

=============================== warnings summary ===============================
../usr/local/lib/python3.11/dist-packages/torch/jit/_script.py:362: 14 warnings
  /usr/local/lib/python3.11/dist-packages/torch/jit/_script.py:362: DeprecationWarning: `torch.jit.script_method` is deprecated. Please switch to `torch.compile` or `torch.export`.
    warnings.warn(

<frozen importlib._bootstrap>:241
  <frozen importlib._bootstrap>:241: DeprecationWarning: builtin type SwigPyPacked has no __module__ attribute

<frozen importlib._bootstrap>:241
  <frozen importlib._bootstrap>:241: DeprecationWarning: builtin type SwigPyObject has no __module__ attribute

tests/ops/test_fft.py::test_fft_c2c[64-dtype0-False-batch_shape0]
  /workspace/tests/test_base.py:117: UserWarning: Casting complex values to real discards the imaginary part (Triggered internally at /pytorch/aten/src/ATen/native/Copy.cpp:308.)
    err = (output.float() - output_ref.float()).abs().max().item()

tests/test_gemm_torch.py::test_pytorch_gemm[16384-8192-13824-dtype0-100]
  /usr/local/lib/python3.11/dist-packages/_pytest/python.py:170: PytestReturnNotNoneWarning: Test functions should return None, but tests/test_gemm_torch.py::test_pytorch_gemm[16384-8192-13824-dtype0-100] returned <class 'tuple'>.
  Did you mean to use `assert` instead of `return`?
  See https://docs.pytest.org/en/stable/how-to/assert.html#return-not-none for more information.
    warnings.warn(

tests/test_gemm_torch.py::test_cublas_gemm[16384-8192-13824-dtype0-100]
  /usr/local/lib/python3.11/dist-packages/_pytest/python.py:170: PytestReturnNotNoneWarning: Test functions should return None, but tests/test_gemm_torch.py::test_cublas_gemm[16384-8192-13824-dtype0-100] returned <class 'tuple'>.
  Did you mean to use `assert` instead of `return`?
  See https://docs.pytest.org/en/stable/how-to/assert.html#return-not-none for more information.
    warnings.warn(

tests/test_gemm_triton.py::test_benchmark_triton_gemm_fp16[4096-4864-8192-dtype0-100]
  /usr/local/lib/python3.11/dist-packages/_pytest/python.py:170: PytestReturnNotNoneWarning: Test functions should return None, but tests/test_gemm_triton.py::test_benchmark_triton_gemm_fp16[4096-4864-8192-dtype0-100] returned <class 'list'>.
  Did you mean to use `assert` instead of `return`?
  See https://docs.pytest.org/en/stable/how-to/assert.html#return-not-none for more information.
    warnings.warn(

tests/test_gemm_triton.py::test_verify_triton_gemm_fp16[512-512-512-dtype0]
  /usr/local/lib/python3.11/dist-packages/_pytest/python.py:170: PytestReturnNotNoneWarning: Test functions should return None, but tests/test_gemm_triton.py::test_verify_triton_gemm_fp16[512-512-512-dtype0] returned <class 'bool'>.
  Did you mean to use `assert` instead of `return`?
  See https://docs.pytest.org/en/stable/how-to/assert.html#return-not-none for more information.
    warnings.warn(

-- Docs: https://docs.pytest.org/en/stable/how-to/capture-warnings.html
--------------- generated xml file: /workspace/test_results.xml ----------------
=========== 1995 passed, 8 skipped, 21 warnings in 199.98s (0:03:19) ===========
