<?xml version="1.0" encoding="utf-8"?><testsuites name="pytest tests"><testsuite name="pytest" errors="0" failures="0" skipped="7" tests="1839" time="6588.883" timestamp="2026-03-25T07:14:22.744989+00:00" hostname="f148f8b15808"><testcase classname="tests.ops.test_activation" name="test_relu_op[1000000-dtype0]" time="5.091"><properties><property name="op" value="ReluOp" /><property name="op_module" value="tileops.ops.elementwise" /><property name="max_abs_err" value="0.00e+00" /></properties></testcase><testcase classname="tests.ops.test_activation" name="test_relu_op[1000000-dtype1]" time="4.046"><properties><property name="op" value="ReluOp" /><property name="op_module" value="tileops.ops.elementwise" /><property name="max_abs_err" value="0.00e+00" /></properties></testcase><testcase classname="tests.ops.test_activation" name="test_relu_op[1000000-dtype2]" time="3.869"><properties><property name="op" value="ReluOp" /><property name="op_module" value="tileops.ops.elementwise" /><property name="max_abs_err" value="0.00e+00" /></properties></testcase><testcase classname="tests.ops.test_activation" name="test_relu_op[4000000-dtype3]" time="3.842"><properties><property name="op" value="ReluOp" /><property name="op_module" value="tileops.ops.elementwise" /><property name="max_abs_err" value="0.00e+00" /></properties></testcase><testcase classname="tests.ops.test_activation" name="test_relu_op[4000000-dtype4]" time="3.882"><properties><property name="op" value="ReluOp" /><property name="op_module" value="tileops.ops.elementwise" /><property name="max_abs_err" value="0.00e+00" /></properties></testcase><testcase classname="tests.ops.test_activation" name="test_relu_strategies[1000000-dtype0-direct]" time="3.717"><properties><property name="op" value="ReluOp" /><property name="op_module" value="tileops.ops.elementwise" /><property name="max_abs_err" value="0.00e+00" /></properties></testcase><testcase classname="tests.ops.test_activation" name="test_relu_strategies[1000000-dtype1-explicit_parallel]" time="3.740"><properties><property name="op" value="ReluOp" /><property name="op_module" value="tileops.ops.elementwise" /><property name="max_abs_err" value="0.00e+00" /></properties></testcase><testcase classname="tests.ops.test_activation" name="test_relu_strategies[1000000-dtype2-register_copy]" time="0.002"><properties><property name="op" value="ReluOp" /><property name="op_module" value="tileops.ops.elementwise" /><property name="max_abs_err" value="0.00e+00" /></properties></testcase><testcase classname="tests.ops.test_activation" name="test_gelu[1048576-dtype0]" time="3.870"><properties><property name="op" value="GeluOp" /><property name="op_module" value="tileops.ops.elementwise" /><property name="max_abs_err" value="0.00e+00" /></properties></testcase><testcase classname="tests.ops.test_activation" name="test_gelu[1048576-dtype1]" time="4.008"><properties><property name="op" value="GeluOp" /><property name="op_module" value="tileops.ops.elementwise" /><property name="max_abs_err" value="0.00e+00" /></properties></testcase><testcase classname="tests.ops.test_activation" name="test_gelu[1048576-dtype2]" time="3.796"><properties><property name="op" value="GeluOp" /><property name="op_module" value="tileops.ops.elementwise" /><property name="max_abs_err" value="0.00e+00" /></properties></testcase><testcase classname="tests.ops.test_activation" name="test_silu[1048576-dtype0]" time="3.855"><properties><property name="op" value="SiluOp" /><property name="op_module" value="tileops.ops.elementwise" /><property name="max_abs_err" value="3.91e-03" /></properties></testcase><testcase classname="tests.ops.test_activation" name="test_silu[1048576-dtype1]" time="4.065"><properties><property name="op" value="SiluOp" /><property name="op_module" value="tileops.ops.elementwise" /><property name="max_abs_err" value="3.12e-02" /></properties></testcase><testcase classname="tests.ops.test_activation" name="test_silu[1048576-dtype2]" time="3.889"><properties><property name="op" value="SiluOp" /><property name="op_module" value="tileops.ops.elementwise" /><property name="max_abs_err" value="2.38e-07" /></properties></testcase><testcase classname="tests.ops.test_activation" name="test_sigmoid[1048576-dtype0]" time="3.855"><properties><property name="op" value="SigmoidOp" /><property name="op_module" value="tileops.ops.elementwise" /><property name="max_abs_err" value="4.88e-04" /></properties></testcase><testcase classname="tests.ops.test_activation" name="test_sigmoid[1048576-dtype1]" time="3.932"><properties><property name="op" value="SigmoidOp" /><property name="op_module" value="tileops.ops.elementwise" /><property name="max_abs_err" value="3.91e-03" /></properties></testcase><testcase classname="tests.ops.test_activation" name="test_sigmoid[1048576-dtype2]" time="3.884"><properties><property name="op" value="SigmoidOp" /><property name="op_module" value="tileops.ops.elementwise" /><property name="max_abs_err" value="0.00e+00" /></properties></testcase><testcase classname="tests.ops.test_activation" name="test_tanh[1048576-dtype0]" time="3.919"><properties><property name="op" value="TanhOp" /><property name="op_module" value="tileops.ops.elementwise" /><property name="max_abs_err" value="0.00e+00" /></properties></testcase><testcase classname="tests.ops.test_activation" name="test_tanh[1048576-dtype1]" time="3.758"><properties><property name="op" value="TanhOp" /><property name="op_module" value="tileops.ops.elementwise" /><property name="max_abs_err" value="0.00e+00" /></properties></testcase><testcase classname="tests.ops.test_activation" name="test_tanh[1048576-dtype2]" time="4.021"><properties><property name="op" value="TanhOp" /><property name="op_module" value="tileops.ops.elementwise" /><property name="max_abs_err" value="0.00e+00" /></properties></testcase><testcase classname="tests.ops.test_activation" name="test_hardswish[1048576-dtype0]" time="3.830"><properties><property name="op" value="HardswishOp" /><property name="op_module" value="tileops.ops.elementwise" /><property name="max_abs_err" value="0.00e+00" /></properties></testcase><testcase classname="tests.ops.test_activation" name="test_hardswish[1048576-dtype1]" time="3.819"><properties><property name="op" value="HardswishOp" /><property name="op_module" value="tileops.ops.elementwise" /><property name="max_abs_err" value="0.00e+00" /></properties></testcase><testcase classname="tests.ops.test_activation" name="test_hardswish[1048576-dtype2]" time="3.907"><properties><property name="op" value="HardswishOp" /><property name="op_module" value="tileops.ops.elementwise" /><property name="max_abs_err" value="4.77e-07" /></properties></testcase><testcase classname="tests.ops.test_activation" name="test_hardsigmoid[1048576-dtype0]" time="3.803"><properties><property name="op" value="HardsigmoidOp" /><property name="op_module" value="tileops.ops.elementwise" /><property name="max_abs_err" value="0.00e+00" /></properties></testcase><testcase classname="tests.ops.test_activation" name="test_hardsigmoid[1048576-dtype1]" time="3.854"><properties><property name="op" value="HardsigmoidOp" /><property name="op_module" value="tileops.ops.elementwise" /><property name="max_abs_err" value="0.00e+00" /></properties></testcase><testcase classname="tests.ops.test_activation" name="test_hardsigmoid[1048576-dtype2]" time="3.916"><properties><property name="op" value="HardsigmoidOp" /><property name="op_module" value="tileops.ops.elementwise" /><property name="max_abs_err" value="5.96e-08" /></properties></testcase><testcase classname="tests.ops.test_activation" name="test_mish[1048576-dtype0]" time="3.851"><properties><property name="op" value="MishOp" /><property name="op_module" value="tileops.ops.elementwise" /><property name="max_abs_err" value="1.95e-03" /></properties></testcase><testcase classname="tests.ops.test_activation" name="test_mish[1048576-dtype1]" time="3.868"><properties><property name="op" value="MishOp" /><property name="op_module" value="tileops.ops.elementwise" /><property name="max_abs_err" value="7.81e-03" /></properties></testcase><testcase classname="tests.ops.test_activation" name="test_mish[1048576-dtype2]" time="3.845"><properties><property name="op" value="MishOp" /><property name="op_module" value="tileops.ops.elementwise" /><property name="max_abs_err" value="2.46e-07" /></properties></testcase><testcase classname="tests.ops.test_activation" name="test_selu[1048576-dtype0]" time="3.915"><properties><property name="op" value="SeluOp" /><property name="op_module" value="tileops.ops.elementwise" /><property name="max_abs_err" value="2.44e-04" /></properties></testcase><testcase classname="tests.ops.test_activation" name="test_selu[1048576-dtype1]" time="3.883"><properties><property name="op" value="SeluOp" /><property name="op_module" value="tileops.ops.elementwise" /><property name="max_abs_err" value="3.81e-06" /></properties></testcase><testcase classname="tests.ops.test_activation" name="test_selu[1048576-dtype2]" time="3.829"><properties><property name="op" value="SeluOp" /><property name="op_module" value="tileops.ops.elementwise" /><property name="max_abs_err" value="2.38e-07" /></properties></testcase><testcase classname="tests.ops.test_activation" name="test_activation_rejects_non_float_dtype" time="0.001" /><testcase classname="tests.ops.test_activation" name="test_sigmoid_edge[4096-dtype0]" time="3.970"><properties><property name="op" value="SigmoidOp" /><property name="op_module" value="tileops.ops.elementwise" /><property name="max_abs_err" value="0.00e+00" /></properties></testcase><testcase classname="tests.ops.test_activation" name="test_tanh_edge[4096-dtype0]" time="3.804"><properties><property name="op" value="TanhOp" /><property name="op_module" value="tileops.ops.elementwise" /><property name="max_abs_err" value="0.00e+00" /></properties></testcase><testcase classname="tests.ops.test_activation" name="test_leaky_relu[1048576-dtype0]" time="3.743"><properties><property name="op" value="LeakyReluOp" /><property name="op_module" value="tileops.ops.elementwise" /><property name="max_abs_err" value="3.05e-05" /></properties></testcase><testcase classname="tests.ops.test_activation" name="test_leaky_relu[1048576-dtype1]" time="3.937"><properties><property name="op" value="LeakyReluOp" /><property name="op_module" value="tileops.ops.elementwise" /><property name="max_abs_err" value="2.44e-04" /></properties></testcase><testcase classname="tests.ops.test_activation" name="test_leaky_relu[1048576-dtype2]" time="3.806"><properties><property name="op" value="LeakyReluOp" /><property name="op_module" value="tileops.ops.elementwise" /><property name="max_abs_err" value="0.00e+00" /></properties></testcase><testcase classname="tests.ops.test_activation" name="test_elu[1048576-dtype0]" time="3.845"><properties><property name="op" value="EluOp" /><property name="op_module" value="tileops.ops.elementwise" /><property name="max_abs_err" value="2.44e-04" /></properties></testcase><testcase classname="tests.ops.test_activation" name="test_elu[1048576-dtype1]" time="3.865"><properties><property name="op" value="EluOp" /><property name="op_module" value="tileops.ops.elementwise" /><property name="max_abs_err" value="1.53e-05" /></properties></testcase><testcase classname="tests.ops.test_activation" name="test_elu[1048576-dtype2]" time="3.831"><properties><property name="op" value="EluOp" /><property name="op_module" value="tileops.ops.elementwise" /><property name="max_abs_err" value="1.19e-07" /></properties></testcase><testcase classname="tests.ops.test_activation" name="test_hardtanh[1048576-dtype0]" time="3.820"><properties><property name="op" value="HardtanhOp" /><property name="op_module" value="tileops.ops.elementwise" /><property name="max_abs_err" value="0.00e+00" /></properties></testcase><testcase classname="tests.ops.test_activation" name="test_hardtanh[1048576-dtype1]" time="3.933"><properties><property name="op" value="HardtanhOp" /><property name="op_module" value="tileops.ops.elementwise" /><property name="max_abs_err" value="0.00e+00" /></properties></testcase><testcase classname="tests.ops.test_activation" name="test_hardtanh[1048576-dtype2]" time="4.008"><properties><property name="op" value="HardtanhOp" /><property name="op_module" value="tileops.ops.elementwise" /><property name="max_abs_err" value="0.00e+00" /></properties></testcase><testcase classname="tests.ops.test_activation" name="test_softplus[1048576-dtype0]" time="3.923"><properties><property name="op" value="SoftplusOp" /><property name="op_module" value="tileops.ops.elementwise" /><property name="max_abs_err" value="0.00e+00" /></properties></testcase><testcase classname="tests.ops.test_activation" name="test_softplus[1048576-dtype1]" time="3.844"><properties><property name="op" value="SoftplusOp" /><property name="op_module" value="tileops.ops.elementwise" /><property name="max_abs_err" value="0.00e+00" /></properties></testcase><testcase classname="tests.ops.test_activation" name="test_softplus[1048576-dtype2]" time="4.007"><properties><property name="op" value="SoftplusOp" /><property name="op_module" value="tileops.ops.elementwise" /><property name="max_abs_err" value="4.77e-07" /></properties></testcase><testcase classname="tests.ops.test_activation" name="test_prelu[1048576-dtype0]" time="3.847" /><testcase classname="tests.ops.test_activation" name="test_prelu[1048576-dtype1]" time="3.852" /><testcase classname="tests.ops.test_activation" name="test_prelu[1048576-dtype2]" time="3.902" /><testcase classname="tests.ops.test_activation" name="test_prelu_batch_dim" time="3.826" /><testcase classname="tests.ops.test_activation" name="test_independent_activation_rejects_non_float_dtype" time="0.001" /><testcase classname="tests.ops.test_ada_layer_norm" name="test_ada_layer_norm_op[1024-4096-dtype0]" time="5.658"><properties><property name="op" value="AdaLayerNormOp" /><property name="op_module" value="tileops.ops.norm.ada_layer_norm" /><property name="max_abs_err" value="1.91e-06" /></properties></testcase><testcase classname="tests.ops.test_ada_layer_norm" name="test_ada_layer_norm_op[4096-4096-dtype1]" time="5.758"><properties><property name="op" value="AdaLayerNormOp" /><property name="op_module" value="tileops.ops.norm.ada_layer_norm" /><property name="max_abs_err" value="1.91e-06" /></properties></testcase><testcase classname="tests.ops.test_ada_layer_norm" name="test_ada_layer_norm_op[1024-4096-dtype2]" time="6.133"><properties><property name="op" value="AdaLayerNormOp" /><property name="op_module" value="tileops.ops.norm.ada_layer_norm" /><property name="max_abs_err" value="3.91e-03" /></properties></testcase><testcase classname="tests.ops.test_ada_layer_norm" name="test_ada_layer_norm_op[4096-4096-dtype3]" time="5.945"><properties><property name="op" value="AdaLayerNormOp" /><property name="op_module" value="tileops.ops.norm.ada_layer_norm" /><property name="max_abs_err" value="3.91e-03" /></properties></testcase><testcase classname="tests.ops.test_ada_layer_norm" name="test_ada_layer_norm_op[1024-4096-dtype4]" time="5.948"><properties><property name="op" value="AdaLayerNormOp" /><property name="op_module" value="tileops.ops.norm.ada_layer_norm" /><property name="max_abs_err" value="7.81e-03" /></properties></testcase><testcase classname="tests.ops.test_ada_layer_norm" name="test_ada_layer_norm_op[4096-4096-dtype5]" time="5.899"><properties><property name="op" value="AdaLayerNormOp" /><property name="op_module" value="tileops.ops.norm.ada_layer_norm" /><property name="max_abs_err" value="3.12e-02" /></properties></testcase><testcase classname="tests.ops.test_ada_layer_norm" name="test_ada_layer_norm_op[1024-3000-dtype6]" time="5.832"><properties><property name="op" value="AdaLayerNormOp" /><property name="op_module" value="tileops.ops.norm.ada_layer_norm" /><property name="max_abs_err" value="1.91e-06" /></properties></testcase><testcase classname="tests.ops.test_ada_layer_norm" name="test_ada_layer_norm_op[1024-3000-dtype7]" time="8.422"><properties><property name="op" value="AdaLayerNormOp" /><property name="op_module" value="tileops.ops.norm.ada_layer_norm" /><property name="max_abs_err" value="3.91e-03" /></properties></testcase><testcase classname="tests.ops.test_ada_layer_norm" name="test_ada_layer_norm_op[1024-3000-dtype8]" time="8.120"><properties><property name="op" value="AdaLayerNormOp" /><property name="op_module" value="tileops.ops.norm.ada_layer_norm" /><property name="max_abs_err" value="1.56e-02" /></properties></testcase><testcase classname="tests.ops.test_ada_layer_norm" name="test_ada_layer_norm_op[1025-4096-dtype9]" time="5.936"><properties><property name="op" value="AdaLayerNormOp" /><property name="op_module" value="tileops.ops.norm.ada_layer_norm" /><property name="max_abs_err" value="3.91e-03" /></properties></testcase><testcase classname="tests.ops.test_ada_layer_norm" name="test_ada_layer_norm_op[1025-4096-dtype10]" time="5.859"><properties><property name="op" value="AdaLayerNormOp" /><property name="op_module" value="tileops.ops.norm.ada_layer_norm" /><property name="max_abs_err" value="7.81e-03" /></properties></testcase><testcase classname="tests.ops.test_ada_layer_norm" name="test_ada_layer_norm_3d[2-512-4096-dtype0]" time="0.002" /><testcase classname="tests.ops.test_ada_layer_norm" name="test_ada_layer_norm_3d[2-512-4096-dtype1]" time="0.001" /><testcase classname="tests.ops.test_ada_layer_norm" name="test_ada_layer_norm_3d[2-512-4096-dtype2]" time="0.001" /><testcase classname="tests.ops.test_ada_layer_norm_zero" name="test_ada_layer_norm_zero_op[1024-4096-dtype0]" time="5.881"><properties><property name="op" value="AdaLayerNormZeroOp" /><property name="op_module" value="tileops.ops.norm.ada_layer_norm_zero" /><property name="max_abs_err" value="5.72e-06" /></properties></testcase><testcase classname="tests.ops.test_ada_layer_norm_zero" name="test_ada_layer_norm_zero_op[4096-4096-dtype1]" time="6.003"><properties><property name="op" value="AdaLayerNormZeroOp" /><property name="op_module" value="tileops.ops.norm.ada_layer_norm_zero" /><property name="max_abs_err" value="5.72e-06" /></properties></testcase><testcase classname="tests.ops.test_ada_layer_norm_zero" name="test_ada_layer_norm_zero_op[1024-4096-dtype2]" time="6.385"><properties><property name="op" value="AdaLayerNormZeroOp" /><property name="op_module" value="tileops.ops.norm.ada_layer_norm_zero" /><property name="max_abs_err" value="3.91e-03" /></properties></testcase><testcase classname="tests.ops.test_ada_layer_norm_zero" name="test_ada_layer_norm_zero_op[4096-4096-dtype3]" time="6.221"><properties><property name="op" value="AdaLayerNormZeroOp" /><property name="op_module" value="tileops.ops.norm.ada_layer_norm_zero" /><property name="max_abs_err" value="7.81e-03" /></properties></testcase><testcase classname="tests.ops.test_ada_layer_norm_zero" name="test_ada_layer_norm_zero_op[1024-4096-dtype4]" time="6.268"><properties><property name="op" value="AdaLayerNormZeroOp" /><property name="op_module" value="tileops.ops.norm.ada_layer_norm_zero" /><property name="max_abs_err" value="1.56e-02" /></properties></testcase><testcase classname="tests.ops.test_ada_layer_norm_zero" name="test_ada_layer_norm_zero_op[4096-4096-dtype5]" time="6.193"><properties><property name="op" value="AdaLayerNormZeroOp" /><property name="op_module" value="tileops.ops.norm.ada_layer_norm_zero" /><property name="max_abs_err" value="1.56e-02" /></properties></testcase><testcase classname="tests.ops.test_ada_layer_norm_zero" name="test_ada_layer_norm_zero_op[1024-3000-dtype6]" time="6.083"><properties><property name="op" value="AdaLayerNormZeroOp" /><property name="op_module" value="tileops.ops.norm.ada_layer_norm_zero" /><property name="max_abs_err" value="3.81e-06" /></properties></testcase><testcase classname="tests.ops.test_ada_layer_norm_zero" name="test_ada_layer_norm_zero_op[1024-3000-dtype7]" time="8.406"><properties><property name="op" value="AdaLayerNormZeroOp" /><property name="op_module" value="tileops.ops.norm.ada_layer_norm_zero" /><property name="max_abs_err" value="3.91e-03" /></properties></testcase><testcase classname="tests.ops.test_ada_layer_norm_zero" name="test_ada_layer_norm_zero_op[1024-3000-dtype8]" time="8.686"><properties><property name="op" value="AdaLayerNormZeroOp" /><property name="op_module" value="tileops.ops.norm.ada_layer_norm_zero" /><property name="max_abs_err" value="1.56e-02" /></properties></testcase><testcase classname="tests.ops.test_ada_layer_norm_zero" name="test_ada_layer_norm_zero_op[1025-4096-dtype9]" time="6.061"><properties><property name="op" value="AdaLayerNormZeroOp" /><property name="op_module" value="tileops.ops.norm.ada_layer_norm_zero" /><property name="max_abs_err" value="3.91e-03" /></properties></testcase><testcase classname="tests.ops.test_ada_layer_norm_zero" name="test_ada_layer_norm_zero_op[1025-4096-dtype10]" time="6.242"><properties><property name="op" value="AdaLayerNormZeroOp" /><property name="op_module" value="tileops.ops.norm.ada_layer_norm_zero" /><property name="max_abs_err" value="1.56e-02" /></properties></testcase><testcase classname="tests.ops.test_ada_layer_norm_zero" name="test_ada_layer_norm_zero_3d[2-512-4096-dtype0]" time="0.002" /><testcase classname="tests.ops.test_ada_layer_norm_zero" name="test_ada_layer_norm_zero_3d[2-512-4096-dtype1]" time="0.001" /><testcase classname="tests.ops.test_ada_layer_norm_zero" name="test_ada_layer_norm_zero_3d[2-512-4096-dtype2]" time="0.001" /><testcase classname="tests.ops.test_argreduce" name="test_argmax_op[128-512-dtype0]" time="4.454"><properties><property name="op" value="ArgmaxOp" /><property name="op_module" value="tileops.ops.reduction.argmax" /><property name="max_abs_err" value="0.00e+00" /></properties></testcase><testcase classname="tests.ops.test_argreduce" name="test_argmax_op[128-512-dtype1]" time="4.873"><properties><property name="op" value="ArgmaxOp" /><property name="op_module" value="tileops.ops.reduction.argmax" /><property name="max_abs_err" value="0.00e+00" /></properties></testcase><testcase classname="tests.ops.test_argreduce" name="test_argmax_op[128-512-dtype2]" time="4.751"><properties><property name="op" value="ArgmaxOp" /><property name="op_module" value="tileops.ops.reduction.argmax" /><property name="max_abs_err" value="0.00e+00" /></properties></testcase><testcase classname="tests.ops.test_argreduce" name="test_argmax_op[256-4096-dtype3]" time="27.196"><properties><property name="op" value="ArgmaxOp" /><property name="op_module" value="tileops.ops.reduction.argmax" /><property name="max_abs_err" value="0.00e+00" /></properties></testcase><testcase classname="tests.ops.test_argreduce" name="test_argmax_op[256-4096-dtype4]" time="28.003"><properties><property name="op" value="ArgmaxOp" /><property name="op_module" value="tileops.ops.reduction.argmax" /><property name="max_abs_err" value="0.00e+00" /></properties></testcase><testcase classname="tests.ops.test_argreduce" name="test_argmax_op[128-300-dtype5]" time="4.596"><properties><property name="op" value="ArgmaxOp" /><property name="op_module" value="tileops.ops.reduction.argmax" /><property name="max_abs_err" value="0.00e+00" /></properties></testcase><testcase classname="tests.ops.test_argreduce" name="test_argmax_op[128-300-dtype6]" time="4.512"><properties><property name="op" value="ArgmaxOp" /><property name="op_module" value="tileops.ops.reduction.argmax" /><property name="max_abs_err" value="0.00e+00" /></properties></testcase><testcase classname="tests.ops.test_argreduce" name="test_argmax_op[129-512-dtype7]" time="4.685"><properties><property name="op" value="ArgmaxOp" /><property name="op_module" value="tileops.ops.reduction.argmax" /><property name="max_abs_err" value="0.00e+00" /></properties></testcase><testcase classname="tests.ops.test_argreduce" name="test_argmax_non_contiguous[128-512-dtype0]" time="0.002" /><testcase classname="tests.ops.test_argreduce" name="test_argmax_non_contiguous[128-512-dtype1]" time="0.001" /><testcase classname="tests.ops.test_argreduce" name="test_argmax_3d[2-64-512-dtype0]" time="0.001" /><testcase classname="tests.ops.test_argreduce" name="test_argmax_3d[2-64-512-dtype1]" time="0.001" /><testcase classname="tests.ops.test_argreduce" name="test_argmax_4d[2-4-8-512-dtype0]" time="4.708" /><testcase classname="tests.ops.test_argreduce" name="test_argmax_4d[2-4-8-512-dtype1]" time="4.739" /><testcase classname="tests.ops.test_argreduce" name="test_argmax_1d[512-dtype0]" time="4.912" /><testcase classname="tests.ops.test_argreduce" name="test_argmax_1d[512-dtype1]" time="4.491" /><testcase classname="tests.ops.test_argreduce" name="test_argmax_1d[512-dtype2]" time="4.685" /><testcase classname="tests.ops.test_argreduce" name="test_argmin_op[128-512-dtype0]" time="4.969"><properties><property name="op" value="ArgminOp" /><property name="op_module" value="tileops.ops.reduction.argmin" /><property name="max_abs_err" value="0.00e+00" /></properties></testcase><testcase classname="tests.ops.test_argreduce" name="test_argmin_op[128-512-dtype1]" time="4.952"><properties><property name="op" value="ArgminOp" /><property name="op_module" value="tileops.ops.reduction.argmin" /><property name="max_abs_err" value="0.00e+00" /></properties></testcase><testcase classname="tests.ops.test_argreduce" name="test_argmin_op[128-512-dtype2]" time="5.059"><properties><property name="op" value="ArgminOp" /><property name="op_module" value="tileops.ops.reduction.argmin" /><property name="max_abs_err" value="0.00e+00" /></properties></testcase><testcase classname="tests.ops.test_argreduce" name="test_argmin_op[256-4096-dtype3]" time="64.271"><properties><property name="op" value="ArgminOp" /><property name="op_module" value="tileops.ops.reduction.argmin" /><property name="max_abs_err" value="0.00e+00" /></properties></testcase><testcase classname="tests.ops.test_argreduce" name="test_argmin_op[256-4096-dtype4]" time="67.917"><properties><property name="op" value="ArgminOp" /><property name="op_module" value="tileops.ops.reduction.argmin" /><property name="max_abs_err" value="0.00e+00" /></properties></testcase><testcase classname="tests.ops.test_argreduce" name="test_argmin_op[128-300-dtype5]" time="4.672"><properties><property name="op" value="ArgminOp" /><property name="op_module" value="tileops.ops.reduction.argmin" /><property name="max_abs_err" value="0.00e+00" /></properties></testcase><testcase classname="tests.ops.test_argreduce" name="test_argmin_op[128-300-dtype6]" time="4.779"><properties><property name="op" value="ArgminOp" /><property name="op_module" value="tileops.ops.reduction.argmin" /><property name="max_abs_err" value="0.00e+00" /></properties></testcase><testcase classname="tests.ops.test_argreduce" name="test_argmin_op[129-512-dtype7]" time="4.927"><properties><property name="op" value="ArgminOp" /><property name="op_module" value="tileops.ops.reduction.argmin" /><property name="max_abs_err" value="0.00e+00" /></properties></testcase><testcase classname="tests.ops.test_argreduce" name="test_argmin_non_contiguous[128-512-dtype0]" time="0.002" /><testcase classname="tests.ops.test_argreduce" name="test_argmin_non_contiguous[128-512-dtype1]" time="0.001" /><testcase classname="tests.ops.test_argreduce" name="test_argmin_3d[2-64-512-dtype0]" time="0.001" /><testcase classname="tests.ops.test_argreduce" name="test_argmin_3d[2-64-512-dtype1]" time="0.001" /><testcase classname="tests.ops.test_argreduce" name="test_argmin_4d[2-4-8-512-dtype0]" time="4.670" /><testcase classname="tests.ops.test_argreduce" name="test_argmin_4d[2-4-8-512-dtype1]" time="4.978" /><testcase classname="tests.ops.test_argreduce" name="test_argmin_1d[512-dtype0]" time="4.951" /><testcase classname="tests.ops.test_argreduce" name="test_argmin_1d[512-dtype1]" time="4.728" /><testcase classname="tests.ops.test_argreduce" name="test_argmin_1d[512-dtype2]" time="4.967" /><testcase classname="tests.ops.test_batch_norm" name="test_batch_norm_fwd[32-64-spatial0-dtype0-True]" time="4.288" /><testcase classname="tests.ops.test_batch_norm" name="test_batch_norm_fwd[32-64-spatial1-dtype1-False]" time="4.092" /><testcase classname="tests.ops.test_batch_norm" name="test_batch_norm_fwd[32-256-spatial2-dtype2-True]" time="4.384" /><testcase classname="tests.ops.test_batch_norm" name="test_batch_norm_fwd[16-64-spatial3-dtype3-True]" time="4.624" /><testcase classname="tests.ops.test_batch_norm" name="test_batch_norm_fwd[4-64-spatial4-dtype4-True]" time="4.652" /><testcase classname="tests.ops.test_batch_norm" name="test_batch_norm_fwd[8-64-spatial5-dtype5-True]" time="4.210" /><testcase classname="tests.ops.test_batch_norm" name="test_batch_norm_fwd[8-64-spatial6-dtype6-False]" time="3.925" /><testcase classname="tests.ops.test_batch_norm" name="test_batch_norm_fwd[4-128-spatial7-dtype7-True]" time="4.644" /><testcase classname="tests.ops.test_batch_norm" name="test_batch_norm_fwd[8-64-spatial8-dtype8-True]" time="5.206" /><testcase classname="tests.ops.test_batch_norm" name="test_batch_norm_fwd[8-64-spatial9-dtype9-True]" time="5.130" /><testcase classname="tests.ops.test_batch_norm" name="test_batch_norm_bwd[32-64-spatial0-dtype0]" time="4.434" /><testcase classname="tests.ops.test_batch_norm" name="test_batch_norm_bwd[8-64-spatial1-dtype1]" time="4.643" /><testcase classname="tests.ops.test_batch_norm" name="test_batch_norm_bwd[4-128-spatial2-dtype2]" time="4.605" /><testcase classname="tests.ops.test_batch_norm" name="test_batch_norm_bwd[4-64-spatial3-dtype3]" time="4.401" /><testcase classname="tests.ops.test_batch_norm" name="test_batch_norm_bwd[8-64-spatial4-dtype4]" time="5.898" /><testcase classname="tests.ops.test_batch_norm" name="test_batch_norm_bwd[8-64-spatial5-dtype5]" time="5.993" /><testcase classname="tests.ops.test_binary_arith" name="test_coalesce_broadcast_dims[a_shape0-b_shape0-1]" time="0.001" /><testcase classname="tests.ops.test_binary_arith" name="test_coalesce_broadcast_dims[a_shape1-b_shape1-2]" time="0.001" /><testcase classname="tests.ops.test_binary_arith" name="test_coalesce_broadcast_dims[a_shape2-b_shape2-2]" time="0.001" /><testcase classname="tests.ops.test_binary_arith" name="test_coalesce_broadcast_dims[a_shape3-b_shape3-1]" time="0.001" /><testcase classname="tests.ops.test_binary_arith" name="test_coalesce_broadcast_dims[a_shape4-b_shape4-3]" time="0.001" /><testcase classname="tests.ops.test_binary_arith" name="test_coalesce_broadcast_dims[a_shape5-b_shape5-2]" time="0.001" /><testcase classname="tests.ops.test_binary_arith" name="test_coalesce_broadcast_dims[a_shape6-b_shape6-1]" time="0.001" /><testcase classname="tests.ops.test_binary_arith" name="test_coalesce_broadcast_dims[a_shape7-b_shape7-1]" time="0.001" /><testcase classname="tests.ops.test_binary_arith" name="test_add_same_shape[4096-dtype0]" time="3.812"><properties><property name="op" value="AddOp" /><property name="op_module" value="tileops.ops.elementwise" /><property name="max_abs_err" value="0.00e+00" /></properties></testcase><testcase classname="tests.ops.test_binary_arith" name="test_add_same_shape[16384-dtype1]" time="3.783"><properties><property name="op" value="AddOp" /><property name="op_module" value="tileops.ops.elementwise" /><property name="max_abs_err" value="0.00e+00" /></properties></testcase><testcase classname="tests.ops.test_binary_arith" name="test_add_same_shape[16384-dtype2]" time="3.922"><properties><property name="op" value="AddOp" /><property name="op_module" value="tileops.ops.elementwise" /><property name="max_abs_err" value="0.00e+00" /></properties></testcase><testcase classname="tests.ops.test_binary_arith" name="test_add_same_shape[16384-dtype3]" time="3.853"><properties><property name="op" value="AddOp" /><property name="op_module" value="tileops.ops.elementwise" /><property name="max_abs_err" value="0.00e+00" /></properties></testcase><testcase classname="tests.ops.test_binary_arith" name="test_add_broadcast[a_shape0-b_shape0-dtype0]" time="3.688"><properties><property name="op" value="AddOp" /><property name="op_module" value="tileops.ops.elementwise" /><property name="max_abs_err" value="0.00e+00" /></properties></testcase><testcase classname="tests.ops.test_binary_arith" name="test_add_broadcast[a_shape1-b_shape1-dtype1]" time="3.687"><properties><property name="op" value="AddOp" /><property name="op_module" value="tileops.ops.elementwise" /><property name="max_abs_err" value="0.00e+00" /></properties></testcase><testcase classname="tests.ops.test_binary_arith" name="test_add_broadcast[a_shape2-b_shape2-dtype2]" time="3.642"><properties><property name="op" value="AddOp" /><property name="op_module" value="tileops.ops.elementwise" /><property name="max_abs_err" value="0.00e+00" /></properties></testcase><testcase classname="tests.ops.test_binary_arith" name="test_add_broadcast[a_shape3-b_shape3-dtype3]" time="3.666"><properties><property name="op" value="AddOp" /><property name="op_module" value="tileops.ops.elementwise" /><property name="max_abs_err" value="0.00e+00" /></properties></testcase><testcase classname="tests.ops.test_binary_arith" name="test_binary_arith_broadcast[sub-SubOp-&lt;lambda&gt;-&lt;lambda&gt;-&lt;lambda&gt;-a_shape0-b_shape0]" time="3.698" /><testcase classname="tests.ops.test_binary_arith" name="test_binary_arith_broadcast[sub-SubOp-&lt;lambda&gt;-&lt;lambda&gt;-&lt;lambda&gt;-a_shape1-b_shape1]" time="3.774" /><testcase classname="tests.ops.test_binary_arith" name="test_binary_arith_broadcast[sub-SubOp-&lt;lambda&gt;-&lt;lambda&gt;-&lt;lambda&gt;-a_shape2-b_shape2]" time="3.638" /><testcase classname="tests.ops.test_binary_arith" name="test_binary_arith_broadcast[mul-MulOp-&lt;lambda&gt;-&lt;lambda&gt;-&lt;lambda&gt;-a_shape3-b_shape3]" time="3.659" /><testcase classname="tests.ops.test_binary_arith" name="test_binary_arith_broadcast[mul-MulOp-&lt;lambda&gt;-&lt;lambda&gt;-&lt;lambda&gt;-a_shape4-b_shape4]" time="3.837" /><testcase classname="tests.ops.test_binary_arith" name="test_binary_arith_broadcast[mul-MulOp-&lt;lambda&gt;-&lt;lambda&gt;-&lt;lambda&gt;-a_shape5-b_shape5]" time="3.677" /><testcase classname="tests.ops.test_binary_arith" name="test_binary_arith_broadcast[div-DivOp-&lt;lambda&gt;-&lt;lambda&gt;-&lt;lambda&gt;-a_shape6-b_shape6]" time="3.757" /><testcase classname="tests.ops.test_binary_arith" name="test_binary_arith_broadcast[div-DivOp-&lt;lambda&gt;-&lt;lambda&gt;-&lt;lambda&gt;-a_shape7-b_shape7]" time="3.693" /><testcase classname="tests.ops.test_binary_arith" name="test_binary_arith_broadcast[div-DivOp-&lt;lambda&gt;-&lt;lambda&gt;-&lt;lambda&gt;-a_shape8-b_shape8]" time="3.757" /><testcase classname="tests.ops.test_binary_arith" name="test_binary_arith_broadcast[remainder-RemainderOp-&lt;lambda&gt;-&lt;lambda&gt;-&lt;lambda&gt;-a_shape9-b_shape9]" time="3.800" /><testcase classname="tests.ops.test_binary_arith" name="test_binary_arith_broadcast[remainder-RemainderOp-&lt;lambda&gt;-&lt;lambda&gt;-&lt;lambda&gt;-a_shape10-b_shape10]" time="3.799" /><testcase classname="tests.ops.test_binary_arith" name="test_binary_arith_broadcast[remainder-RemainderOp-&lt;lambda&gt;-&lt;lambda&gt;-&lt;lambda&gt;-a_shape11-b_shape11]" time="4.062" /><testcase classname="tests.ops.test_binary_arith" name="test_binary_arith_broadcast[pow-PowOp-&lt;lambda&gt;-&lt;lambda&gt;-&lt;lambda&gt;-a_shape12-b_shape12]" time="3.835" /><testcase classname="tests.ops.test_binary_arith" name="test_binary_arith_broadcast[pow-PowOp-&lt;lambda&gt;-&lt;lambda&gt;-&lt;lambda&gt;-a_shape13-b_shape13]" time="3.777" /><testcase classname="tests.ops.test_binary_arith" name="test_binary_arith_broadcast[pow-PowOp-&lt;lambda&gt;-&lt;lambda&gt;-&lt;lambda&gt;-a_shape14-b_shape14]" time="4.162" /><testcase classname="tests.ops.test_binary_arith" name="test_binary_arith_broadcast[floor_divide-FloorDivideOp-&lt;lambda&gt;-&lt;lambda&gt;-&lt;lambda&gt;-a_shape15-b_shape15]" time="3.703" /><testcase classname="tests.ops.test_binary_arith" name="test_binary_arith_broadcast[floor_divide-FloorDivideOp-&lt;lambda&gt;-&lt;lambda&gt;-&lt;lambda&gt;-a_shape16-b_shape16]" time="3.799" /><testcase classname="tests.ops.test_binary_arith" name="test_binary_arith_broadcast[floor_divide-FloorDivideOp-&lt;lambda&gt;-&lt;lambda&gt;-&lt;lambda&gt;-a_shape17-b_shape17]" time="4.143" /><testcase classname="tests.ops.test_binary_arith" name="test_binary_arith_broadcast[lerp-LerpOp-&lt;lambda&gt;-&lt;lambda&gt;-&lt;lambda&gt;-a_shape18-b_shape18]" time="3.726" /><testcase classname="tests.ops.test_binary_arith" name="test_binary_arith_broadcast[lerp-LerpOp-&lt;lambda&gt;-&lt;lambda&gt;-&lt;lambda&gt;-a_shape19-b_shape19]" time="3.767" /><testcase classname="tests.ops.test_binary_arith" name="test_binary_arith_broadcast[lerp-LerpOp-&lt;lambda&gt;-&lt;lambda&gt;-&lt;lambda&gt;-a_shape20-b_shape20]" time="3.687" /><testcase classname="tests.ops.test_binary_arith" name="test_binary_arith_broadcast[maximum-MaximumOp-&lt;lambda&gt;-&lt;lambda&gt;-&lt;lambda&gt;-a_shape21-b_shape21]" time="3.796" /><testcase classname="tests.ops.test_binary_arith" name="test_binary_arith_broadcast[maximum-MaximumOp-&lt;lambda&gt;-&lt;lambda&gt;-&lt;lambda&gt;-a_shape22-b_shape22]" time="3.757" /><testcase classname="tests.ops.test_binary_arith" name="test_binary_arith_broadcast[maximum-MaximumOp-&lt;lambda&gt;-&lt;lambda&gt;-&lt;lambda&gt;-a_shape23-b_shape23]" time="3.944" /><testcase classname="tests.ops.test_binary_arith" name="test_binary_arith_broadcast[minimum-MinimumOp-&lt;lambda&gt;-&lt;lambda&gt;-&lt;lambda&gt;-a_shape24-b_shape24]" time="3.869" /><testcase classname="tests.ops.test_binary_arith" name="test_binary_arith_broadcast[minimum-MinimumOp-&lt;lambda&gt;-&lt;lambda&gt;-&lt;lambda&gt;-a_shape25-b_shape25]" time="3.774" /><testcase classname="tests.ops.test_binary_arith" name="test_binary_arith_broadcast[minimum-MinimumOp-&lt;lambda&gt;-&lt;lambda&gt;-&lt;lambda&gt;-a_shape26-b_shape26]" time="3.763" /><testcase classname="tests.ops.test_binary_arith" name="test_add_strategies[4096-dtype0-direct]" time="3.753"><properties><property name="op" value="AddOp" /><property name="op_module" value="tileops.ops.elementwise" /><property name="max_abs_err" value="0.00e+00" /></properties></testcase><testcase classname="tests.ops.test_binary_arith" name="test_add_strategies[16384-dtype1-explicit_parallel]" time="3.756"><properties><property name="op" value="AddOp" /><property name="op_module" value="tileops.ops.elementwise" /><property name="max_abs_err" value="0.00e+00" /></properties></testcase><testcase classname="tests.ops.test_binary_arith" name="test_sub_op[4096-dtype0]" time="3.804"><properties><property name="op" value="SubOp" /><property name="op_module" value="tileops.ops.elementwise" /><property name="max_abs_err" value="0.00e+00" /></properties></testcase><testcase classname="tests.ops.test_binary_arith" name="test_sub_op[16384-dtype1]" time="3.881"><properties><property name="op" value="SubOp" /><property name="op_module" value="tileops.ops.elementwise" /><property name="max_abs_err" value="0.00e+00" /></properties></testcase><testcase classname="tests.ops.test_binary_arith" name="test_sub_op[16384-dtype2]" time="4.056"><properties><property name="op" value="SubOp" /><property name="op_module" value="tileops.ops.elementwise" /><property name="max_abs_err" value="0.00e+00" /></properties></testcase><testcase classname="tests.ops.test_binary_arith" name="test_mul_op[4096-dtype0]" time="3.861"><properties><property name="op" value="MulOp" /><property name="op_module" value="tileops.ops.elementwise" /><property name="max_abs_err" value="0.00e+00" /></properties></testcase><testcase classname="tests.ops.test_binary_arith" name="test_mul_op[16384-dtype1]" time="3.906"><properties><property name="op" value="MulOp" /><property name="op_module" value="tileops.ops.elementwise" /><property name="max_abs_err" value="0.00e+00" /></properties></testcase><testcase classname="tests.ops.test_binary_arith" name="test_mul_op[16384-dtype2]" time="3.891"><properties><property name="op" value="MulOp" /><property name="op_module" value="tileops.ops.elementwise" /><property name="max_abs_err" value="0.00e+00" /></properties></testcase><testcase classname="tests.ops.test_binary_arith" name="test_div_op[4096-dtype0]" time="4.277"><properties><property name="op" value="DivOp" /><property name="op_module" value="tileops.ops.elementwise" /><property name="max_abs_err" value="0.00e+00" /></properties></testcase><testcase classname="tests.ops.test_binary_arith" name="test_div_op[16384-dtype1]" time="3.935"><properties><property name="op" value="DivOp" /><property name="op_module" value="tileops.ops.elementwise" /><property name="max_abs_err" value="0.00e+00" /></properties></testcase><testcase classname="tests.ops.test_binary_arith" name="test_div_op[16384-dtype2]" time="4.042"><properties><property name="op" value="DivOp" /><property name="op_module" value="tileops.ops.elementwise" /><property name="max_abs_err" value="0.00e+00" /></properties></testcase><testcase classname="tests.ops.test_binary_arith" name="test_remainder_op[4096-dtype0]" time="3.910"><properties><property name="op" value="RemainderOp" /><property name="op_module" value="tileops.ops.elementwise" /><property name="max_abs_err" value="4.88e-04" /></properties></testcase><testcase classname="tests.ops.test_binary_arith" name="test_remainder_op[16384-dtype1]" time="3.879"><properties><property name="op" value="RemainderOp" /><property name="op_module" value="tileops.ops.elementwise" /><property name="max_abs_err" value="3.91e-03" /></properties></testcase><testcase classname="tests.ops.test_binary_arith" name="test_remainder_op[16384-dtype2]" time="3.849"><properties><property name="op" value="RemainderOp" /><property name="op_module" value="tileops.ops.elementwise" /><property name="max_abs_err" value="5.96e-08" /></properties></testcase><testcase classname="tests.ops.test_binary_arith" name="test_pow_op[4096-dtype0]" time="4.042"><properties><property name="op" value="PowOp" /><property name="op_module" value="tileops.ops.elementwise" /><property name="max_abs_err" value="0.00e+00" /></properties></testcase><testcase classname="tests.ops.test_binary_arith" name="test_pow_op[16384-dtype1]" time="4.185"><properties><property name="op" value="PowOp" /><property name="op_module" value="tileops.ops.elementwise" /><property name="max_abs_err" value="0.00e+00" /></properties></testcase><testcase classname="tests.ops.test_binary_arith" name="test_pow_op[16384-dtype2]" time="4.019"><properties><property name="op" value="PowOp" /><property name="op_module" value="tileops.ops.elementwise" /><property name="max_abs_err" value="0.00e+00" /></properties></testcase><testcase classname="tests.ops.test_binary_arith" name="test_floor_divide_op[4096-dtype0]" time="3.916"><properties><property name="op" value="FloorDivideOp" /><property name="op_module" value="tileops.ops.elementwise" /><property name="max_abs_err" value="0.00e+00" /></properties></testcase><testcase classname="tests.ops.test_binary_arith" name="test_floor_divide_op[16384-dtype1]" time="3.868"><properties><property name="op" value="FloorDivideOp" /><property name="op_module" value="tileops.ops.elementwise" /><property name="max_abs_err" value="0.00e+00" /></properties></testcase><testcase classname="tests.ops.test_binary_arith" name="test_floor_divide_op[16384-dtype2]" time="3.817"><properties><property name="op" value="FloorDivideOp" /><property name="op_module" value="tileops.ops.elementwise" /><property name="max_abs_err" value="0.00e+00" /></properties></testcase><testcase classname="tests.ops.test_binary_arith" name="test_lerp_op[4096-dtype0]" time="19.813"><properties><property name="op" value="LerpOp" /><property name="op_module" value="tileops.ops.elementwise" /><property name="max_abs_err" value="1.95e-03" /></properties></testcase><testcase classname="tests.ops.test_binary_arith" name="test_lerp_op[16384-dtype1]" time="20.283"><properties><property name="op" value="LerpOp" /><property name="op_module" value="tileops.ops.elementwise" /><property name="max_abs_err" value="1.56e-02" /></properties></testcase><testcase classname="tests.ops.test_binary_arith" name="test_lerp_op[16384-dtype2]" time="19.880"><properties><property name="op" value="LerpOp" /><property name="op_module" value="tileops.ops.elementwise" /><property name="max_abs_err" value="2.38e-07" /></properties></testcase><testcase classname="tests.ops.test_binary_arith" name="test_maximum_op[4096-dtype0]" time="4.008"><properties><property name="op" value="MaximumOp" /><property name="op_module" value="tileops.ops.elementwise" /><property name="max_abs_err" value="0.00e+00" /></properties></testcase><testcase classname="tests.ops.test_binary_arith" name="test_maximum_op[16384-dtype1]" time="3.976"><properties><property name="op" value="MaximumOp" /><property name="op_module" value="tileops.ops.elementwise" /><property name="max_abs_err" value="0.00e+00" /></properties></testcase><testcase classname="tests.ops.test_binary_arith" name="test_maximum_op[16384-dtype2]" time="3.877"><properties><property name="op" value="MaximumOp" /><property name="op_module" value="tileops.ops.elementwise" /><property name="max_abs_err" value="0.00e+00" /></properties></testcase><testcase classname="tests.ops.test_binary_arith" name="test_minimum_op[4096-dtype0]" time="3.991"><properties><property name="op" value="MinimumOp" /><property name="op_module" value="tileops.ops.elementwise" /><property name="max_abs_err" value="0.00e+00" /></properties></testcase><testcase classname="tests.ops.test_binary_arith" name="test_minimum_op[16384-dtype1]" time="4.048"><properties><property name="op" value="MinimumOp" /><property name="op_module" value="tileops.ops.elementwise" /><property name="max_abs_err" value="0.00e+00" /></properties></testcase><testcase classname="tests.ops.test_binary_arith" name="test_minimum_op[16384-dtype2]" time="3.975"><properties><property name="op" value="MinimumOp" /><property name="op_module" value="tileops.ops.elementwise" /><property name="max_abs_err" value="0.00e+00" /></properties></testcase><testcase classname="tests.ops.test_binary_arith" name="test_maximum_nan_propagation[dtype0]" time="3.998" /><testcase classname="tests.ops.test_binary_arith" name="test_maximum_nan_propagation[dtype1]" time="4.090" /><testcase classname="tests.ops.test_binary_arith" name="test_minimum_nan_propagation[dtype0]" time="4.035" /><testcase classname="tests.ops.test_binary_arith" name="test_minimum_nan_propagation[dtype1]" time="3.978" /><testcase classname="tests.ops.test_binary_arith" name="test_maximum_signed_zero[dtype0]" time="0.013" /><testcase classname="tests.ops.test_binary_arith" name="test_maximum_signed_zero[dtype1]" time="3.996" /><testcase classname="tests.ops.test_binary_arith" name="test_maximum_signed_zero[dtype2]" time="0.002" /><testcase classname="tests.ops.test_binary_arith" name="test_minimum_signed_zero[dtype0]" time="0.001" /><testcase classname="tests.ops.test_binary_arith" name="test_minimum_signed_zero[dtype1]" time="4.012" /><testcase classname="tests.ops.test_binary_arith" name="test_minimum_signed_zero[dtype2]" time="0.002" /><testcase classname="tests.ops.test_binary_arith" name="test_maximum_signed_zero_with_nan[dtype0]" time="4.399" /><testcase classname="tests.ops.test_binary_arith" name="test_maximum_signed_zero_with_nan[dtype1]" time="5.153" /><testcase classname="tests.ops.test_binary_arith" name="test_maximum_signed_zero_with_nan[dtype2]" time="4.005" /><testcase classname="tests.ops.test_binary_arith" name="test_minimum_signed_zero_with_nan[dtype0]" time="4.048" /><testcase classname="tests.ops.test_binary_arith" name="test_minimum_signed_zero_with_nan[dtype1]" time="4.017" /><testcase classname="tests.ops.test_binary_arith" name="test_minimum_signed_zero_with_nan[dtype2]" time="4.007" /><testcase classname="tests.ops.test_binary_arith" name="test_binary_arith_edge_cases[DivOp-&lt;lambda&gt;-&lt;lambda&gt;]" time="3.953" /><testcase classname="tests.ops.test_binary_arith" name="test_binary_arith_edge_cases[RemainderOp-&lt;lambda&gt;-&lt;lambda&gt;]" time="3.994" /><testcase classname="tests.ops.test_binary_arith" name="test_binary_arith_edge_cases[FloorDivideOp-&lt;lambda&gt;-&lt;lambda&gt;]" time="3.950" /><testcase classname="tests.ops.test_binary_arith" name="test_binary_arith_edge_cases[PowOp-&lt;lambda&gt;-&lt;lambda&gt;]" time="3.943" /><testcase classname="tests.ops.test_binary_arith" name="test_binary_arith_edge_cases[MaximumOp-&lt;lambda&gt;-&lt;lambda&gt;]" time="3.860" /><testcase classname="tests.ops.test_binary_arith" name="test_float_only_binary_ops_reject_integer_dtype[DivOp-dtype0]" time="0.001" /><testcase classname="tests.ops.test_binary_arith" name="test_float_only_binary_ops_reject_integer_dtype[RemainderOp-dtype1]" time="0.001" /><testcase classname="tests.ops.test_binary_arith" name="test_float_only_binary_ops_reject_integer_dtype[PowOp-dtype2]" time="0.001" /><testcase classname="tests.ops.test_binary_arith" name="test_float_only_binary_ops_reject_integer_dtype[FloorDivideOp-dtype3]" time="0.001" /><testcase classname="tests.ops.test_binary_arith" name="test_float_only_binary_ops_reject_integer_dtype[LerpOp-dtype4]" time="0.001" /><testcase classname="tests.ops.test_binary_arith" name="test_float_only_binary_ops_reject_integer_dtype[MaximumOp-dtype5]" time="0.001" /><testcase classname="tests.ops.test_binary_arith" name="test_float_only_binary_ops_reject_integer_dtype[MinimumOp-dtype6]" time="0.001" /><testcase classname="tests.ops.test_binary_arith" name="test_binary_op_rejects_runtime_dtype_mismatch" time="4.135" /><testcase classname="tests.ops.test_binary_arith" name="test_binary_kernel_has_autotune_configs" time="0.075" /><testcase classname="tests.ops.test_binary_arith" name="test_binary_kernel_autotune_configs_distinct" time="0.001" /><testcase classname="tests.ops.test_binary_arith" name="test_maximum_optimized_large[4194304-dtype0]" time="4.371" /><testcase classname="tests.ops.test_binary_arith" name="test_maximum_optimized_large[10485760-dtype1]" time="3.882" /><testcase classname="tests.ops.test_binary_arith" name="test_maximum_optimized_large[4194304-dtype2]" time="3.950" /><testcase classname="tests.ops.test_binary_arith" name="test_minimum_optimized_large[4194304-dtype0]" time="3.889" /><testcase classname="tests.ops.test_binary_arith" name="test_minimum_optimized_large[10485760-dtype1]" time="3.922" /><testcase classname="tests.ops.test_binary_arith" name="test_minimum_optimized_large[4194304-dtype2]" time="4.060" /><testcase classname="tests.ops.test_binary_arith" name="test_register_copy_downgrades_on_broadcast" time="3.676" /><testcase classname="tests.ops.test_binary_arith" name="test_binary_tune_true_does_not_crash" time="0.006" /><testcase classname="tests.ops.test_bitwise" name="test_bitwise_and_op[4096]" time="3.875"><properties><property name="op" value="BitwiseAndOp" /><property name="op_module" value="tileops.ops.elementwise" /><property name="max_abs_err" value="0.00e+00" /></properties></testcase><testcase classname="tests.ops.test_bitwise" name="test_bitwise_and_op[16384]" time="4.019"><properties><property name="op" value="BitwiseAndOp" /><property name="op_module" value="tileops.ops.elementwise" /><property name="max_abs_err" value="0.00e+00" /></properties></testcase><testcase classname="tests.ops.test_bitwise" name="test_bitwise_or_op[4096]" time="4.038"><properties><property name="op" value="BitwiseOrOp" /><property name="op_module" value="tileops.ops.elementwise" /><property name="max_abs_err" value="0.00e+00" /></properties></testcase><testcase classname="tests.ops.test_bitwise" name="test_bitwise_or_op[16384]" time="3.915"><properties><property name="op" value="BitwiseOrOp" /><property name="op_module" value="tileops.ops.elementwise" /><property name="max_abs_err" value="0.00e+00" /></properties></testcase><testcase classname="tests.ops.test_bitwise" name="test_bitwise_xor_op[4096]" time="3.975"><properties><property name="op" value="BitwiseXorOp" /><property name="op_module" value="tileops.ops.elementwise" /><property name="max_abs_err" value="0.00e+00" /></properties></testcase><testcase classname="tests.ops.test_bitwise" name="test_bitwise_xor_op[16384]" time="3.971"><properties><property name="op" value="BitwiseXorOp" /><property name="op_module" value="tileops.ops.elementwise" /><property name="max_abs_err" value="0.00e+00" /></properties></testcase><testcase classname="tests.ops.test_bitwise" name="test_bitwise_broadcast[bitwise_and-BitwiseAndOp-bitwise_and-a_shape0-b_shape0]" time="3.853" /><testcase classname="tests.ops.test_bitwise" name="test_bitwise_broadcast[bitwise_and-BitwiseAndOp-bitwise_and-a_shape1-b_shape1]" time="3.808" /><testcase classname="tests.ops.test_bitwise" name="test_bitwise_broadcast[bitwise_and-BitwiseAndOp-bitwise_and-a_shape2-b_shape2]" time="3.846" /><testcase classname="tests.ops.test_bitwise" name="test_bitwise_broadcast[bitwise_or-BitwiseOrOp-bitwise_or-a_shape3-b_shape3]" time="3.699" /><testcase classname="tests.ops.test_bitwise" name="test_bitwise_broadcast[bitwise_or-BitwiseOrOp-bitwise_or-a_shape4-b_shape4]" time="3.768" /><testcase classname="tests.ops.test_bitwise" name="test_bitwise_broadcast[bitwise_or-BitwiseOrOp-bitwise_or-a_shape5-b_shape5]" time="4.077" /><testcase classname="tests.ops.test_bitwise" name="test_bitwise_broadcast[bitwise_xor-BitwiseXorOp-bitwise_xor-a_shape6-b_shape6]" time="3.829" /><testcase classname="tests.ops.test_bitwise" name="test_bitwise_broadcast[bitwise_xor-BitwiseXorOp-bitwise_xor-a_shape7-b_shape7]" time="3.697" /><testcase classname="tests.ops.test_bitwise" name="test_bitwise_broadcast[bitwise_xor-BitwiseXorOp-bitwise_xor-a_shape8-b_shape8]" time="3.733" /><testcase classname="tests.ops.test_bitwise" name="test_bitwise_not[1048576-dtype0]" time="3.670"><properties><property name="op" value="BitwiseNotOp" /><property name="op_module" value="tileops.ops.elementwise" /><property name="max_abs_err" value="0.00e+00" /></properties></testcase><testcase classname="tests.ops.test_bitwise" name="test_bitwise_not[1048576-dtype1]" time="3.701"><properties><property name="op" value="BitwiseNotOp" /><property name="op_module" value="tileops.ops.elementwise" /><property name="max_abs_err" value="0.00e+00" /></properties></testcase><testcase classname="tests.ops.test_bitwise" name="test_bitwise_not[1048576-dtype2]" time="4.264"><properties><property name="op" value="BitwiseNotOp" /><property name="op_module" value="tileops.ops.elementwise" /><property name="max_abs_err" value="0.00e+00" /></properties></testcase><testcase classname="tests.ops.test_bitwise" name="test_bitwise_not[1048576-dtype3]" time="3.925"><properties><property name="op" value="BitwiseNotOp" /><property name="op_module" value="tileops.ops.elementwise" /><property name="max_abs_err" value="0.00e+00" /></properties></testcase><testcase classname="tests.ops.test_bitwise" name="test_bitwise_not[1048576-dtype4]" time="3.655"><properties><property name="op" value="BitwiseNotOp" /><property name="op_module" value="tileops.ops.elementwise" /><property name="max_abs_err" value="0.00e+00" /></properties></testcase><testcase classname="tests.ops.test_bitwise" name="test_bitwise_not[1048576-dtype5]" time="3.658"><properties><property name="op" value="BitwiseNotOp" /><property name="op_module" value="tileops.ops.elementwise" /><property name="max_abs_err" value="0.00e+00" /></properties></testcase><testcase classname="tests.ops.test_bitwise" name="test_bitwise_not_rejects_float_dtype[dtype0]" time="0.001" /><testcase classname="tests.ops.test_bitwise" name="test_bitwise_not_rejects_float_dtype[dtype1]" time="0.001" /><testcase classname="tests.ops.test_bitwise" name="test_bitwise_not_rejects_float_dtype[dtype2]" time="0.001" /><testcase classname="tests.ops.test_bitwise" name="test_bitwise_binary_rejects_float_dtype[BitwiseAndOp-dtype0]" time="0.001" /><testcase classname="tests.ops.test_bitwise" name="test_bitwise_binary_rejects_float_dtype[BitwiseOrOp-dtype1]" time="0.001" /><testcase classname="tests.ops.test_bitwise" name="test_bitwise_binary_rejects_float_dtype[BitwiseXorOp-dtype2]" time="0.001" /><testcase classname="tests.ops.test_bitwise" name="test_bitwise_binary_rejects_float_dtype[BitwiseAndOp-dtype3]" time="0.001" /><testcase classname="tests.ops.test_bitwise" name="test_bitwise_binary_rejects_float_dtype[BitwiseAndOp-dtype4]" time="0.001" /><testcase classname="tests.ops.test_comparison" name="test_eq_op[4096-dtype0]" time="4.034"><properties><property name="op" value="EqOp" /><property name="op_module" value="tileops.ops.elementwise" /><property name="max_abs_err" value="0.00e+00" /></properties></testcase><testcase classname="tests.ops.test_comparison" name="test_eq_op[16384-dtype1]" time="3.917"><properties><property name="op" value="EqOp" /><property name="op_module" value="tileops.ops.elementwise" /><property name="max_abs_err" value="0.00e+00" /></properties></testcase><testcase classname="tests.ops.test_comparison" name="test_eq_op[16384-dtype2]" time="3.851"><properties><property name="op" value="EqOp" /><property name="op_module" value="tileops.ops.elementwise" /><property name="max_abs_err" value="0.00e+00" /></properties></testcase><testcase classname="tests.ops.test_comparison" name="test_ne_op[4096-dtype0]" time="3.864"><properties><property name="op" value="NeOp" /><property name="op_module" value="tileops.ops.elementwise" /><property name="max_abs_err" value="0.00e+00" /></properties></testcase><testcase classname="tests.ops.test_comparison" name="test_ne_op[16384-dtype1]" time="3.935"><properties><property name="op" value="NeOp" /><property name="op_module" value="tileops.ops.elementwise" /><property name="max_abs_err" value="0.00e+00" /></properties></testcase><testcase classname="tests.ops.test_comparison" name="test_ne_op[16384-dtype2]" time="3.830"><properties><property name="op" value="NeOp" /><property name="op_module" value="tileops.ops.elementwise" /><property name="max_abs_err" value="0.00e+00" /></properties></testcase><testcase classname="tests.ops.test_comparison" name="test_gt_op[4096-dtype0]" time="4.067"><properties><property name="op" value="GtOp" /><property name="op_module" value="tileops.ops.elementwise" /><property name="max_abs_err" value="0.00e+00" /></properties></testcase><testcase classname="tests.ops.test_comparison" name="test_gt_op[16384-dtype1]" time="3.898"><properties><property name="op" value="GtOp" /><property name="op_module" value="tileops.ops.elementwise" /><property name="max_abs_err" value="0.00e+00" /></properties></testcase><testcase classname="tests.ops.test_comparison" name="test_gt_op[16384-dtype2]" time="3.822"><properties><property name="op" value="GtOp" /><property name="op_module" value="tileops.ops.elementwise" /><property name="max_abs_err" value="0.00e+00" /></properties></testcase><testcase classname="tests.ops.test_comparison" name="test_lt_op[4096-dtype0]" time="4.058"><properties><property name="op" value="LtOp" /><property name="op_module" value="tileops.ops.elementwise" /><property name="max_abs_err" value="0.00e+00" /></properties></testcase><testcase classname="tests.ops.test_comparison" name="test_lt_op[16384-dtype1]" time="4.043"><properties><property name="op" value="LtOp" /><property name="op_module" value="tileops.ops.elementwise" /><property name="max_abs_err" value="0.00e+00" /></properties></testcase><testcase classname="tests.ops.test_comparison" name="test_lt_op[16384-dtype2]" time="4.023"><properties><property name="op" value="LtOp" /><property name="op_module" value="tileops.ops.elementwise" /><property name="max_abs_err" value="0.00e+00" /></properties></testcase><testcase classname="tests.ops.test_comparison" name="test_ge_op[4096-dtype0]" time="4.100"><properties><property name="op" value="GeOp" /><property name="op_module" value="tileops.ops.elementwise" /><property name="max_abs_err" value="0.00e+00" /></properties></testcase><testcase classname="tests.ops.test_comparison" name="test_ge_op[16384-dtype1]" time="4.258"><properties><property name="op" value="GeOp" /><property name="op_module" value="tileops.ops.elementwise" /><property name="max_abs_err" value="0.00e+00" /></properties></testcase><testcase classname="tests.ops.test_comparison" name="test_ge_op[16384-dtype2]" time="3.910"><properties><property name="op" value="GeOp" /><property name="op_module" value="tileops.ops.elementwise" /><property name="max_abs_err" value="0.00e+00" /></properties></testcase><testcase classname="tests.ops.test_comparison" name="test_le_op[4096-dtype0]" time="3.869"><properties><property name="op" value="LeOp" /><property name="op_module" value="tileops.ops.elementwise" /><property name="max_abs_err" value="0.00e+00" /></properties></testcase><testcase classname="tests.ops.test_comparison" name="test_le_op[16384-dtype1]" time="3.889"><properties><property name="op" value="LeOp" /><property name="op_module" value="tileops.ops.elementwise" /><property name="max_abs_err" value="0.00e+00" /></properties></testcase><testcase classname="tests.ops.test_comparison" name="test_le_op[16384-dtype2]" time="3.857"><properties><property name="op" value="LeOp" /><property name="op_module" value="tileops.ops.elementwise" /><property name="max_abs_err" value="0.00e+00" /></properties></testcase><testcase classname="tests.ops.test_comparison" name="test_comparison_broadcast[eq-EqOp-eq-a_shape0-b_shape0]" time="3.785" /><testcase classname="tests.ops.test_comparison" name="test_comparison_broadcast[eq-EqOp-eq-a_shape1-b_shape1]" time="3.742" /><testcase classname="tests.ops.test_comparison" name="test_comparison_broadcast[eq-EqOp-eq-a_shape2-b_shape2]" time="3.815" /><testcase classname="tests.ops.test_comparison" name="test_comparison_broadcast[ne-NeOp-ne-a_shape3-b_shape3]" time="3.778" /><testcase classname="tests.ops.test_comparison" name="test_comparison_broadcast[ne-NeOp-ne-a_shape4-b_shape4]" time="3.717" /><testcase classname="tests.ops.test_comparison" name="test_comparison_broadcast[ne-NeOp-ne-a_shape5-b_shape5]" time="3.754" /><testcase classname="tests.ops.test_comparison" name="test_comparison_broadcast[gt-GtOp-gt-a_shape6-b_shape6]" time="3.946" /><testcase classname="tests.ops.test_comparison" name="test_comparison_broadcast[gt-GtOp-gt-a_shape7-b_shape7]" time="3.759" /><testcase classname="tests.ops.test_comparison" name="test_comparison_broadcast[gt-GtOp-gt-a_shape8-b_shape8]" time="3.859" /><testcase classname="tests.ops.test_comparison" name="test_comparison_broadcast[lt-LtOp-lt-a_shape9-b_shape9]" time="3.718" /><testcase classname="tests.ops.test_comparison" name="test_comparison_broadcast[lt-LtOp-lt-a_shape10-b_shape10]" time="3.846" /><testcase classname="tests.ops.test_comparison" name="test_comparison_broadcast[lt-LtOp-lt-a_shape11-b_shape11]" time="3.672" /><testcase classname="tests.ops.test_comparison" name="test_comparison_broadcast[ge-GeOp-ge-a_shape12-b_shape12]" time="3.717" /><testcase classname="tests.ops.test_comparison" name="test_comparison_broadcast[ge-GeOp-ge-a_shape13-b_shape13]" time="3.796" /><testcase classname="tests.ops.test_comparison" name="test_comparison_broadcast[ge-GeOp-ge-a_shape14-b_shape14]" time="3.913" /><testcase classname="tests.ops.test_comparison" name="test_comparison_broadcast[le-LeOp-le-a_shape15-b_shape15]" time="3.783" /><testcase classname="tests.ops.test_comparison" name="test_comparison_broadcast[le-LeOp-le-a_shape16-b_shape16]" time="3.654" /><testcase classname="tests.ops.test_comparison" name="test_comparison_broadcast[le-LeOp-le-a_shape17-b_shape17]" time="3.701" /><testcase classname="tests.ops.test_comparison" name="test_eq_edge_case[4096-dtype0]" time="3.988" /><testcase classname="tests.ops.test_comparison" name="test_comparison_rejects_integer_dtype[EqOp-dtype0]" time="0.001" /><testcase classname="tests.ops.test_comparison" name="test_comparison_rejects_integer_dtype[NeOp-dtype1]" time="0.001" /><testcase classname="tests.ops.test_comparison" name="test_comparison_rejects_integer_dtype[GtOp-dtype2]" time="0.001" /><testcase classname="tests.ops.test_comparison" name="test_comparison_rejects_integer_dtype[LtOp-dtype3]" time="0.001" /><testcase classname="tests.ops.test_comparison" name="test_comparison_rejects_integer_dtype[GeOp-dtype4]" time="0.001" /><testcase classname="tests.ops.test_comparison" name="test_comparison_rejects_integer_dtype[LeOp-dtype5]" time="0.001" /><testcase classname="tests.ops.test_comparison" name="test_comparison_rejects_integer_dtype[EqOp-dtype6]" time="0.001" /><testcase classname="tests.ops.test_cumulative" name="test_cumsum_op[128-512-dtype0]" time="4.504"><properties><property name="op" value="CumsumOp" /><property name="op_module" value="tileops.ops.reduction.cumsum" /><property name="max_abs_err" value="3.81e-05" /></properties></testcase><testcase classname="tests.ops.test_cumulative" name="test_cumsum_op[128-512-dtype1]" time="4.526"><properties><property name="op" value="CumsumOp" /><property name="op_module" value="tileops.ops.reduction.cumsum" /><property name="max_abs_err" value="1.56e-02" /></properties></testcase><testcase classname="tests.ops.test_cumulative" name="test_cumsum_op[128-512-dtype2]" time="4.893"><properties><property name="op" value="CumsumOp" /><property name="op_module" value="tileops.ops.reduction.cumsum" /><property name="max_abs_err" value="0.00e+00" /></properties></testcase><testcase classname="tests.ops.test_cumulative" name="test_cumsum_op[256-4096-dtype3]" time="4.712"><properties><property name="op" value="CumsumOp" /><property name="op_module" value="tileops.ops.reduction.cumsum" /><property name="max_abs_err" value="1.25e-01" /></properties></testcase><testcase classname="tests.ops.test_cumulative" name="test_cumsum_op[256-4096-dtype4]" time="4.574"><properties><property name="op" value="CumsumOp" /><property name="op_module" value="tileops.ops.reduction.cumsum" /><property name="max_abs_err" value="5.00e-01" /></properties></testcase><testcase classname="tests.ops.test_cumulative" name="test_cumsum_op[128-300-dtype5]" time="0.044"><properties><property name="op" value="CumsumOp" /><property name="op_module" value="tileops.ops.reduction.cumsum" /><property name="max_abs_err" value="0.00e+00" /></properties></testcase><testcase classname="tests.ops.test_cumulative" name="test_cumsum_op[128-300-dtype6]" time="0.041"><properties><property name="op" value="CumsumOp" /><property name="op_module" value="tileops.ops.reduction.cumsum" /><property name="max_abs_err" value="0.00e+00" /></properties></testcase><testcase classname="tests.ops.test_cumulative" name="test_cumsum_op[129-512-dtype7]" time="4.501"><properties><property name="op" value="CumsumOp" /><property name="op_module" value="tileops.ops.reduction.cumsum" /><property name="max_abs_err" value="1.56e-02" /></properties></testcase><testcase classname="tests.ops.test_cumulative" name="test_cumsum_non_contiguous[128-512-dtype0]" time="0.002" /><testcase classname="tests.ops.test_cumulative" name="test_cumsum_non_contiguous[128-512-dtype1]" time="0.001" /><testcase classname="tests.ops.test_cumulative" name="test_cumsum_3d[2-64-512-dtype0]" time="0.001" /><testcase classname="tests.ops.test_cumulative" name="test_cumsum_3d[2-64-512-dtype1]" time="0.001" /><testcase classname="tests.ops.test_cumulative" name="test_cumsum_4d[2-4-8-512-dtype0]" time="4.442" /><testcase classname="tests.ops.test_cumulative" name="test_cumsum_4d[2-4-8-512-dtype1]" time="4.640" /><testcase classname="tests.ops.test_cumulative" name="test_cumsum_1d[512-dtype0]" time="4.452" /><testcase classname="tests.ops.test_cumulative" name="test_cumsum_1d[512-dtype1]" time="4.400" /><testcase classname="tests.ops.test_cumulative" name="test_cumsum_1d[512-dtype2]" time="4.385" /><testcase classname="tests.ops.test_cumulative" name="test_cumprod_op[128-512-dtype0]" time="4.557"><properties><property name="op" value="CumprodOp" /><property name="op_module" value="tileops.ops.reduction.cumprod" /><property name="max_abs_err" value="5.96e-07" /></properties></testcase><testcase classname="tests.ops.test_cumulative" name="test_cumprod_op[128-512-dtype1]" time="4.514"><properties><property name="op" value="CumprodOp" /><property name="op_module" value="tileops.ops.reduction.cumprod" /><property name="max_abs_err" value="4.88e-04" /></properties></testcase><testcase classname="tests.ops.test_cumulative" name="test_cumprod_op[128-512-dtype2]" time="4.408"><properties><property name="op" value="CumprodOp" /><property name="op_module" value="tileops.ops.reduction.cumprod" /><property name="max_abs_err" value="1.95e-03" /></properties></testcase><testcase classname="tests.ops.test_cumulative" name="test_cumprod_op[256-4096-dtype3]" time="4.818"><properties><property name="op" value="CumprodOp" /><property name="op_module" value="tileops.ops.reduction.cumprod" /><property name="max_abs_err" value="4.88e-04" /></properties></testcase><testcase classname="tests.ops.test_cumulative" name="test_cumprod_op[256-4096-dtype4]" time="4.646"><properties><property name="op" value="CumprodOp" /><property name="op_module" value="tileops.ops.reduction.cumprod" /><property name="max_abs_err" value="1.95e-03" /></properties></testcase><testcase classname="tests.ops.test_cumulative" name="test_cumprod_op[128-300-dtype5]" time="0.048"><properties><property name="op" value="CumprodOp" /><property name="op_module" value="tileops.ops.reduction.cumprod" /><property name="max_abs_err" value="4.88e-04" /></properties></testcase><testcase classname="tests.ops.test_cumulative" name="test_cumprod_op[128-300-dtype6]" time="0.043"><properties><property name="op" value="CumprodOp" /><property name="op_module" value="tileops.ops.reduction.cumprod" /><property name="max_abs_err" value="1.95e-03" /></properties></testcase><testcase classname="tests.ops.test_cumulative" name="test_cumprod_op[129-512-dtype7]" time="4.479"><properties><property name="op" value="CumprodOp" /><property name="op_module" value="tileops.ops.reduction.cumprod" /><property name="max_abs_err" value="4.88e-04" /></properties></testcase><testcase classname="tests.ops.test_cumulative" name="test_cumprod_non_contiguous[128-512-dtype0]" time="0.002" /><testcase classname="tests.ops.test_cumulative" name="test_cumprod_non_contiguous[128-512-dtype1]" time="0.001" /><testcase classname="tests.ops.test_cumulative" name="test_cumprod_3d[2-64-512-dtype0]" time="0.001" /><testcase classname="tests.ops.test_cumulative" name="test_cumprod_3d[2-64-512-dtype1]" time="0.001" /><testcase classname="tests.ops.test_cumulative" name="test_cumprod_4d[2-4-8-512-dtype0]" time="4.369" /><testcase classname="tests.ops.test_cumulative" name="test_cumprod_4d[2-4-8-512-dtype1]" time="4.424" /><testcase classname="tests.ops.test_cumulative" name="test_cumprod_1d[512-dtype0]" time="4.557" /><testcase classname="tests.ops.test_cumulative" name="test_cumprod_1d[512-dtype1]" time="4.394" /><testcase classname="tests.ops.test_cumulative" name="test_cumprod_1d[512-dtype2]" time="4.477" /><testcase classname="tests.ops.test_deepseek_dsa_decode" name="test_sparse_mla_decode[1-128-1024-2048-512-64-2048-1-1-1024-None-dtype0-False]" time="11.940"><properties><property name="op" value="DeepSeekSparseAttentionDecodeWithKVCacheOp" /><property name="op_module" value="tileops.ops.deepseek_dsa_decode" /><property name="max_abs_err" value="2.44e-04" /></properties></testcase><testcase classname="tests.ops.test_deepseek_mla_decode" name="test_mla_decode[32-128-1-8192-512-64-dtype0-False]" time="13.228"><properties><property name="op" value="MultiHeadLatentAttentionDecodeWithKVCacheOp" /><property name="op_module" value="tileops.ops.deepseek_mla_decode" /><property name="max_abs_err" value="2.44e-04" /></properties></testcase><testcase classname="tests.ops.test_deepseek_nsa_cmp_fwd" name="test_nsa_cmp_fwd_varlen_op[9-8192-32-128-128-16-0.08838834764831845-32-32-128-128-dtype0-accum_dtype0-False]" time="8.998"><properties><property name="op" value="NSACmpFwdVarlenOp" /><property name="op_module" value="tileops.ops.deepseek_nsa" /><property name="max_abs_err" value="3.91e-03" /></properties></testcase><testcase classname="tests.ops.test_deepseek_nsa_fwd" name="test_nsa_varlen_op[1-16-1024-64-True-0.1-32-16-1-dtype0-accum_dtype0-False]" time="10.418"><properties><property name="op" value="NSAFwdVarlenOp" /><property name="op_module" value="tileops.ops.deepseek_nsa" /><property name="max_abs_err" value="4.88e-04" /></properties></testcase><testcase classname="tests.ops.test_deepseek_nsa_fwd" name="test_nsa_varlen_op[4-16-8192-64-True-0.1-32-16-1-dtype1-accum_dtype1-False]" time="13.960"><properties><property name="op" value="NSAFwdVarlenOp" /><property name="op_module" value="tileops.ops.deepseek_nsa" /><property name="max_abs_err" value="4.88e-04" /></properties></testcase><testcase classname="tests.ops.test_deepseek_nsa_fwd" name="test_nsa_varlen_op[2-16-8192-64-True-0.1-32-16-4-dtype2-accum_dtype2-False]" time="14.961"><properties><property name="op" value="NSAFwdVarlenOp" /><property name="op_module" value="tileops.ops.deepseek_nsa" /><property name="max_abs_err" value="4.88e-04" /></properties></testcase><testcase classname="tests.ops.test_deepseek_nsa_topk" name="test_nsa_topk_varlen_op[5-1024-32-128-16-1-16-32-32-128-dtype0-accum_dtype0-False]" time="14.062" /><testcase classname="tests.ops.test_deepseek_nsa_topk" name="test_nsa_topk_varlen_op[3-512-32-128-16-1-16-32-32-128-dtype1-accum_dtype1-False]" time="13.197" /><testcase classname="tests.ops.test_deltanet_chunkwise_bwd" name="test_deltanet_bwd[2-64-2-64-64-32-dtype0-False]" time="50.472" /><testcase classname="tests.ops.test_deltanet_chunkwise_bwd" name="test_deltanet_bwd[1-128-4-64-64-32-dtype1-False]" time="50.483" /><testcase classname="tests.ops.test_deltanet_chunkwise_bwd" name="test_deltanet_bwd[2-64-2-64-64-32-dtype2-False]" time="45.949" /><testcase classname="tests.ops.test_deltanet_chunkwise_bwd" name="test_deltanet_bwd[1-128-4-64-64-32-dtype3-False]" time="45.048" /><testcase classname="tests.ops.test_deltanet_chunkwise_bwd" name="test_deltanet_bwd[2-64-2-64-64-32-dtype4-False]" time="45.006" /><testcase classname="tests.ops.test_deltanet_chunkwise_bwd" name="test_deltanet_bwd[1-128-4-64-64-32-dtype5-False]" time="44.574" /><testcase classname="tests.ops.test_deltanet_chunkwise_fwd" name="test_deltanet_fwd[2-64-2-64-64-32-dtype0-False]" time="0.027" /><testcase classname="tests.ops.test_deltanet_chunkwise_fwd" name="test_deltanet_fwd[1-128-4-64-64-32-dtype1-False]" time="0.007" /><testcase classname="tests.ops.test_deltanet_chunkwise_fwd" name="test_deltanet_fwd[2-64-2-64-64-32-dtype2-False]" time="0.005" /><testcase classname="tests.ops.test_deltanet_chunkwise_fwd" name="test_deltanet_fwd[1-128-4-64-64-32-dtype3-False]" time="0.008" /><testcase classname="tests.ops.test_deltanet_chunkwise_fwd" name="test_deltanet_fwd[2-64-2-64-64-32-dtype4-False]" time="0.006" /><testcase classname="tests.ops.test_deltanet_chunkwise_fwd" name="test_deltanet_fwd[1-128-4-64-64-32-dtype5-False]" time="0.007" /><testcase classname="tests.ops.test_deltanet_chunkwise_fwd" name="test_deltanet_fwd[2-8192-4-64-64-64-dtype6-False]" time="17.253" /><testcase classname="tests.ops.test_deltanet_chunkwise_fwd" name="test_deltanet_fwd[2-16384-4-64-64-64-dtype7-False]" time="17.709" /><testcase classname="tests.ops.test_deltanet_recurrence" name="test_deltanet_decode[1-4-64-64-dtype0-False]" time="4.634"><properties><property name="op" value="DeltaNetDecodeOp" /><property name="op_module" value="tileops.ops.deltanet_recurrence" /><property name="max_abs_err" value="5.59e-08" /></properties></testcase><testcase classname="tests.ops.test_deltanet_recurrence" name="test_deltanet_decode[2-8-64-64-dtype1-False]" time="4.655"><properties><property name="op" value="DeltaNetDecodeOp" /><property name="op_module" value="tileops.ops.deltanet_recurrence" /><property name="max_abs_err" value="5.96e-08" /></properties></testcase><testcase classname="tests.ops.test_deltanet_recurrence" name="test_deltanet_decode[2-4-128-128-dtype2-False]" time="4.562"><properties><property name="op" value="DeltaNetDecodeOp" /><property name="op_module" value="tileops.ops.deltanet_recurrence" /><property name="max_abs_err" value="1.19e-07" /></properties></testcase><testcase classname="tests.ops.test_deltanet_recurrence" name="test_deltanet_decode[1-4-64-64-dtype3-False]" time="4.848"><properties><property name="op" value="DeltaNetDecodeOp" /><property name="op_module" value="tileops.ops.deltanet_recurrence" /><property name="max_abs_err" value="1.19e-07" /></properties></testcase><testcase classname="tests.ops.test_deltanet_recurrence" name="test_deltanet_decode[2-8-64-64-dtype4-False]" time="5.027"><properties><property name="op" value="DeltaNetDecodeOp" /><property name="op_module" value="tileops.ops.deltanet_recurrence" /><property name="max_abs_err" value="1.19e-07" /></properties></testcase><testcase classname="tests.ops.test_deltanet_recurrence" name="test_deltanet_decode[1-4-64-64-dtype5-False]" time="4.943"><properties><property name="op" value="DeltaNetDecodeOp" /><property name="op_module" value="tileops.ops.deltanet_recurrence" /><property name="max_abs_err" value="0.00e+00" /></properties></testcase><testcase classname="tests.ops.test_deltanet_recurrence" name="test_deltanet_decode[2-8-64-64-dtype6-False]" time="4.817"><properties><property name="op" value="DeltaNetDecodeOp" /><property name="op_module" value="tileops.ops.deltanet_recurrence" /><property name="max_abs_err" value="0.00e+00" /></properties></testcase><testcase classname="tests.ops.test_deltanet_recurrence" name="test_deltanet_decode_multi_step[1-4-64-64-dtype0-False]" time="0.007" /><testcase classname="tests.ops.test_deltanet_recurrence" name="test_deltanet_decode_multi_step[2-8-64-64-dtype1-False]" time="0.006" /><testcase classname="tests.ops.test_deltanet_recurrence" name="test_deltanet_decode_multi_step[2-4-128-128-dtype2-False]" time="0.006" /><testcase classname="tests.ops.test_deltanet_recurrence" name="test_deltanet_decode_multi_step[1-4-64-64-dtype3-False]" time="0.006" /><testcase classname="tests.ops.test_deltanet_recurrence" name="test_deltanet_decode_multi_step[2-8-64-64-dtype4-False]" time="0.006" /><testcase classname="tests.ops.test_deltanet_recurrence" name="test_deltanet_decode_multi_step[1-4-64-64-dtype5-False]" time="0.006" /><testcase classname="tests.ops.test_deltanet_recurrence" name="test_deltanet_decode_multi_step[2-8-64-64-dtype6-False]" time="0.006" /><testcase classname="tests.ops.test_dropout" name="test_dropout_statistical_rate[4000000-dtype0-0.5]" time="6.747" /><testcase classname="tests.ops.test_dropout" name="test_dropout_statistical_rate[4000000-dtype1-0.1]" time="6.793" /><testcase classname="tests.ops.test_dropout" name="test_dropout_statistical_rate[4000000-dtype2-0.3]" time="6.779" /><testcase classname="tests.ops.test_dropout" name="test_dropout_statistical_rate[4000000-dtype3-0.5]" time="6.755" /><testcase classname="tests.ops.test_dropout" name="test_dropout_statistical_rate[4000000-dtype4-0.5]" time="6.727" /><testcase classname="tests.ops.test_dropout" name="test_dropout_scale_factor[1000000-dtype0-0.5]" time="6.820" /><testcase classname="tests.ops.test_dropout" name="test_dropout_scale_factor[1000000-dtype1-0.1]" time="6.923" /><testcase classname="tests.ops.test_dropout" name="test_dropout_scale_factor[1000000-dtype2-0.3]" time="6.842" /><testcase classname="tests.ops.test_dropout" name="test_dropout_scale_factor[1000000-dtype3-0.5]" time="6.784" /><testcase classname="tests.ops.test_dropout" name="test_dropout_scale_factor[1000000-dtype4-0.5]" time="6.830" /><testcase classname="tests.ops.test_dropout" name="test_dropout_deterministic_replay[100000
[...]
_bench.TestUnaryStrategyBenchStructure" name="test_unary_default_strategy_is_valid" time="0.001" /><testcase classname="tests.test_elementwise_strategy_bench.TestUnaryStrategyBenchStructure" name="test_unary_bench_module_parametrize_count" time="0.006" /><testcase classname="tests.test_elementwise_strategy_bench.TestUnaryStrategyBenchStructure" name="test_unary_bench_covers_all_strategies" time="0.001" /><testcase classname="tests.test_elementwise_strategy_bench.TestUnaryStrategyBenchStructure" name="test_unary_bench_covers_all_dtypes" time="0.001" /><testcase classname="tests.test_elementwise_strategy_bench.TestUnaryStrategyBenchStructure" name="test_unary_bench_covers_min_shapes" time="0.001" /><testcase classname="tests.test_elementwise_strategy_bench.TestBinaryStrategyBenchStructure" name="test_binary_strategies_count" time="0.001" /><testcase classname="tests.test_elementwise_strategy_bench.TestBinaryStrategyBenchStructure" name="test_binary_default_strategy_is_valid" time="0.000" /><testcase classname="tests.test_elementwise_strategy_bench.TestBinaryStrategyBenchStructure" name="test_binary_bench_module_parametrize_count" time="0.003" /><testcase classname="tests.test_elementwise_strategy_bench.TestBinaryStrategyBenchStructure" name="test_binary_bench_covers_all_strategies" time="0.001" /><testcase classname="tests.test_elementwise_strategy_bench.TestBinaryStrategyBenchStructure" name="test_binary_bench_covers_all_dtypes" time="0.001" /><testcase classname="tests.test_elementwise_strategy_bench.TestBinaryStrategyBenchStructure" name="test_binary_bench_covers_min_shapes" time="0.001" /><testcase classname="tests.test_elementwise_strategy_bench.TestStrategyNpt" name="test_fp32_always_returns_4" time="0.000" /><testcase classname="tests.test_elementwise_strategy_bench.TestStrategyNpt" name="test_fp16_explicit_parallel_returns_4" time="0.000" /><testcase classname="tests.test_elementwise_strategy_bench.TestStrategyNpt" name="test_bf16_explicit_parallel_returns_4" time="0.001" /><testcase classname="tests.test_elementwise_strategy_bench.TestStrategyNpt" name="test_fp16_register_copy_returns_8" time="0.000" /><testcase classname="tests.test_elementwise_strategy_bench.TestStrategyNpt" name="test_bf16_register_copy_returns_8" time="0.000" /><testcase classname="tests.test_elementwise_strategy_bench.TestStrategyNpt" name="test_integer_dtypes_always_return_8" time="0.001" /><testcase classname="tests.test_elementwise_strategy_bench.TestStrategyNpt" name="test_bool_dtype_returns_8" time="0.000" /><testcase classname="tests.test_gemm_torch" name="test_pytorch_gemm[16384-8192-13824-dtype0-100]" time="0.572" /><testcase classname="tests.test_gemm_torch" name="test_cublas_gemm[16384-8192-13824-dtype0-100]" time="1.480" /><testcase classname="tests.test_gemm_triton" name="test_benchmark_triton_gemm_fp16[4096-4864-8192-dtype0-100]" time="1.449" /><testcase classname="tests.test_gemm_triton" name="test_verify_triton_gemm_fp16[512-512-512-dtype0]" time="0.005" /><testcase classname="tests.test_grouped_gemm_torch" name="test_all_grouped_gemm[4096-4-8192-4864-dtype0]" time="0.559" /><testcase classname="tests.test_grouped_gemm_triton" name="test_grouped_gemm_nt[16384-4-8192-13824-dtype0]" time="3.919" /><testcase classname="tests.test_grouped_gemm_triton" name="test_grouped_gemm_nn[16384-4-8192-13824-dtype0]" time="3.894" /><testcase classname="tests.test_grouped_gemm_triton" name="test_grouped_gemm_tn[16384-4-8192-13824-dtype0]" time="3.947" /><testcase classname="tests.test_grouped_gemm_triton" name="test_grouped_gemm_tt[16384-4-8192-13824-dtype0]" time="4.951" /><testcase classname="tests.test_ops_manifest.TestManifestStructure" name="test_manifest_exists" time="0.001" /><testcase classname="tests.test_ops_manifest.TestManifestStructure" name="test_manifest_is_valid_yaml" time="0.006" /><testcase classname="tests.test_ops_manifest.TestManifestStructure" name="test_has_ops_key" time="0.001" /><testcase classname="tests.test_ops_manifest.TestOpSchema" name="test_every_op_has_required_fields" time="0.001" /><testcase classname="tests.test_ops_manifest.TestOpSchema" name="test_every_signature_has_inputs_and_outputs" time="0.001" /><testcase classname="tests.test_ops_manifest.TestOpSchema" name="test_every_roofline_has_valid_mode" time="0.001" /><testcase classname="tests.test_ops_manifest.TestOpSchema" name="test_shape_rules_are_valid_expressions" time="0.001" /><testcase classname="tests.test_ops_manifest.TestSourcePaths" name="test_all_source_paths_exist" time="0.001" /><testcase classname="tests.test_parametric_unary_base.TestParametricUnaryBaseExists" name="test_base_class_importable" time="0.001" /><testcase classname="tests.test_parametric_unary_base.TestParametricUnaryBaseExists" name="test_base_is_abstract" time="0.001" /><testcase classname="tests.test_parametric_unary_base.TestAllParametricKernelsUseBase" name="test_inherits_from_base[LeakyReluKernel]" time="0.001" /><testcase classname="tests.test_parametric_unary_base.TestAllParametricKernelsUseBase" name="test_inherits_from_base[EluKernel]" time="0.001" /><testcase classname="tests.test_parametric_unary_base.TestAllParametricKernelsUseBase" name="test_inherits_from_base[HardtanhKernel]" time="0.001" /><testcase classname="tests.test_parametric_unary_base.TestAllParametricKernelsUseBase" name="test_inherits_from_base[SoftplusKernel]" time="0.001" /><testcase classname="tests.test_parametric_unary_base.TestAllParametricKernelsUseBase" name="test_inherits_from_base[PreluKernel]" time="0.001" /><testcase classname="tests.test_parametric_unary_base.TestAllParametricKernelsUseBase" name="test_inherits_from_base[WhereKernel]" time="0.001" /><testcase classname="tests.test_parametric_unary_base.TestAllParametricKernelsUseBase" name="test_inherits_from_base[ClampKernel]" time="0.001" /><testcase classname="tests.test_parametric_unary_base.TestAllParametricKernelsUseBase" name="test_inherits_from_base[MaskedFillKernel]" time="0.001" /><testcase classname="tests.test_parametric_unary_base.TestAllParametricKernelsUseBase" name="test_inherits_from_base[NanToNumKernel]" time="0.001" /><testcase classname="tests.test_parametric_unary_base.TestAllParametricKernelsUseBase" name="test_subclass_is_compact[LeakyReluKernel]" time="0.028" /><testcase classname="tests.test_parametric_unary_base.TestAllParametricKernelsUseBase" name="test_subclass_is_compact[EluKernel]" time="0.025" /><testcase classname="tests.test_parametric_unary_base.TestAllParametricKernelsUseBase" name="test_subclass_is_compact[HardtanhKernel]" time="0.024" /><testcase classname="tests.test_parametric_unary_base.TestAllParametricKernelsUseBase" name="test_subclass_is_compact[SoftplusKernel]" time="0.025" /><testcase classname="tests.test_parametric_unary_base.TestAllParametricKernelsUseBase" name="test_subclass_is_compact[PreluKernel]" time="0.247" /><testcase classname="tests.test_parametric_unary_base.TestAllParametricKernelsUseBase" name="test_subclass_is_compact[WhereKernel]" time="0.027" /><testcase classname="tests.test_parametric_unary_base.TestAllParametricKernelsUseBase" name="test_subclass_is_compact[ClampKernel]" time="0.027" /><testcase classname="tests.test_parametric_unary_base.TestAllParametricKernelsUseBase" name="test_subclass_is_compact[MaskedFillKernel]" time="0.028" /><testcase classname="tests.test_parametric_unary_base.TestAllParametricKernelsUseBase" name="test_subclass_is_compact[NanToNumKernel]" time="0.029" /><testcase classname="tests.test_parametric_unary_base.TestFp8BuilderLogicCentralized" name="test_no_fp8_logic_in_subclass_init[LeakyReluKernel]" time="0.001" /><testcase classname="tests.test_parametric_unary_base.TestFp8BuilderLogicCentralized" name="test_no_fp8_logic_in_subclass_init[EluKernel]" time="0.001" /><testcase classname="tests.test_parametric_unary_base.TestFp8BuilderLogicCentralized" name="test_no_fp8_logic_in_subclass_init[HardtanhKernel]" time="0.001" /><testcase classname="tests.test_parametric_unary_base.TestFp8BuilderLogicCentralized" name="test_no_fp8_logic_in_subclass_init[SoftplusKernel]" time="0.001" /><testcase classname="tests.test_parametric_unary_base.TestFp8BuilderLogicCentralized" name="test_no_fp8_logic_in_subclass_init[PreluKernel]" time="0.001" /><testcase classname="tests.test_parametric_unary_base.TestFp8BuilderLogicCentralized" name="test_no_fp8_logic_in_subclass_init[WhereKernel]" time="0.001" /><testcase classname="tests.test_parametric_unary_base.TestFp8BuilderLogicCentralized" name="test_no_fp8_logic_in_subclass_init[ClampKernel]" time="0.001" /><testcase classname="tests.test_parametric_unary_base.TestFp8BuilderLogicCentralized" name="test_no_fp8_logic_in_subclass_init[MaskedFillKernel]" time="0.001" /><testcase classname="tests.test_parametric_unary_base.TestFp8BuilderLogicCentralized" name="test_no_fp8_logic_in_subclass_init[NanToNumKernel]" time="0.001" /><testcase classname="tests.test_parametric_unary_base.TestFp8BuilderLogicCentralized" name="test_no_is_fp8_in_subclass_init[LeakyReluKernel]" time="0.001" /><testcase classname="tests.test_parametric_unary_base.TestFp8BuilderLogicCentralized" name="test_no_is_fp8_in_subclass_init[EluKernel]" time="0.001" /><testcase classname="tests.test_parametric_unary_base.TestFp8BuilderLogicCentralized" name="test_no_is_fp8_in_subclass_init[HardtanhKernel]" time="0.001" /><testcase classname="tests.test_parametric_unary_base.TestFp8BuilderLogicCentralized" name="test_no_is_fp8_in_subclass_init[SoftplusKernel]" time="0.001" /><testcase classname="tests.test_parametric_unary_base.TestFp8BuilderLogicCentralized" name="test_no_is_fp8_in_subclass_init[PreluKernel]" time="0.001" /><testcase classname="tests.test_parametric_unary_base.TestFp8BuilderLogicCentralized" name="test_no_is_fp8_in_subclass_init[WhereKernel]" time="0.001" /><testcase classname="tests.test_parametric_unary_base.TestFp8BuilderLogicCentralized" name="test_no_is_fp8_in_subclass_init[ClampKernel]" time="0.001" /><testcase classname="tests.test_parametric_unary_base.TestFp8BuilderLogicCentralized" name="test_no_is_fp8_in_subclass_init[MaskedFillKernel]" time="0.001" /><testcase classname="tests.test_parametric_unary_base.TestFp8BuilderLogicCentralized" name="test_no_is_fp8_in_subclass_init[NanToNumKernel]" time="0.001" /><testcase classname="tests.test_parametric_unary_base.TestDefaultConfigCentralized" name="test_no_default_config_override[LeakyReluKernel]" time="0.001" /><testcase classname="tests.test_parametric_unary_base.TestDefaultConfigCentralized" name="test_no_default_config_override[EluKernel]" time="0.001" /><testcase classname="tests.test_parametric_unary_base.TestDefaultConfigCentralized" name="test_no_default_config_override[HardtanhKernel]" time="0.001" /><testcase classname="tests.test_parametric_unary_base.TestDefaultConfigCentralized" name="test_no_default_config_override[SoftplusKernel]" time="0.001" /><testcase classname="tests.test_parametric_unary_base.TestDefaultConfigCentralized" name="test_no_default_config_override[PreluKernel]" time="0.001" /><testcase classname="tests.test_parametric_unary_base.TestDefaultConfigCentralized" name="test_no_default_config_override[WhereKernel]" time="0.001" /><testcase classname="tests.test_parametric_unary_base.TestDefaultConfigCentralized" name="test_no_default_config_override[ClampKernel]" time="0.001" /><testcase classname="tests.test_parametric_unary_base.TestDefaultConfigCentralized" name="test_no_default_config_override[MaskedFillKernel]" time="0.001" /><testcase classname="tests.test_parametric_unary_base.TestDefaultConfigCentralized" name="test_no_default_config_override[NanToNumKernel]" time="0.001" /><testcase classname="tests.test_parametric_unary_base.TestFp8PostCastInForward" name="test_forward_casts_to_fp8[e4m3fn]" time="0.001" /><testcase classname="tests.test_parametric_unary_base.TestFp8PostCastInForward" name="test_forward_casts_to_fp8[e5m2]" time="0.001" /><testcase classname="tests.test_parametric_unary_base.TestNoNewPublicAPI" name="test_base_not_in_all" time="0.001" /><testcase classname="tests.test_reduction_init_files.TestKernelReductionInit" name="test_file_exists" time="0.001" /><testcase classname="tests.test_reduction_init_files.TestKernelReductionInit" name="test_has_all_kernel_classes" time="0.001" /><testcase classname="tests.test_reduction_init_files.TestKernelReductionInit" name="test_implemented_imports_are_active" time="0.001" /><testcase classname="tests.test_reduction_init_files.TestKernelReductionInit" name="test_placeholder_imports_are_commented_out" time="0.001" /><testcase classname="tests.test_reduction_init_files.TestKernelReductionInit" name="test_has_all_dunder_all" time="0.001" /><testcase classname="tests.test_reduction_init_files.TestKernelReductionInit" name="test_implemented_all_entries_are_active" time="0.001" /><testcase classname="tests.test_reduction_init_files.TestKernelReductionInit" name="test_placeholder_all_entries_are_commented_out" time="0.001" /><testcase classname="tests.test_reduction_init_files.TestKernelReductionInit" name="test_exact_kernel_count" time="0.001" /><testcase classname="tests.test_reduction_init_files.TestOpsReductionInit" name="test_file_exists" time="0.001" /><testcase classname="tests.test_reduction_init_files.TestOpsReductionInit" name="test_has_all_op_classes" time="0.001" /><testcase classname="tests.test_reduction_init_files.TestOpsReductionInit" name="test_implemented_imports_are_active" time="0.001" /><testcase classname="tests.test_reduction_init_files.TestOpsReductionInit" name="test_placeholder_imports_are_commented_out" time="0.001" /><testcase classname="tests.test_reduction_init_files.TestOpsReductionInit" name="test_has_all_dunder_all" time="0.001" /><testcase classname="tests.test_reduction_init_files.TestOpsReductionInit" name="test_implemented_all_entries_are_active" time="0.001" /><testcase classname="tests.test_reduction_init_files.TestOpsReductionInit" name="test_placeholder_all_entries_are_commented_out" time="0.001" /><testcase classname="tests.test_reduction_init_files.TestOpsReductionInit" name="test_exact_op_count" time="0.001" /><testcase classname="tests.test_reduction_init_files.TestOpsMainInit" name="test_has_reduction_import" time="0.001" /><testcase classname="tests.test_reduction_init_files.TestOpsMainInit" name="test_has_all_op_classes_in_all" time="0.001" /><testcase classname="tests.test_reduction_init_files.TestOpsMainInit" name="test_implemented_op_entries_are_active" time="0.001" /><testcase classname="tests.test_reduction_init_files.TestOpsMainInit" name="test_placeholder_op_entries_are_commented" time="0.001" /><testcase classname="tests.test_reduction_init_files.TestRuffLinting" name="test_ruff_check[kernels/reduction]" time="0.040" /><testcase classname="tests.test_reduction_init_files.TestRuffLinting" name="test_ruff_check[ops/reduction]" time="0.036" /><testcase classname="tests.test_reduction_init_files.TestRuffLinting" name="test_ruff_check[ops/__init__]" time="0.036" /><testcase classname="tests.test_reduction_init_files.TestRuffLinting" name="test_ruff_format[kernels/reduction]" time="0.037" /><testcase classname="tests.test_reduction_init_files.TestRuffLinting" name="test_ruff_format[ops/reduction]" time="0.035" /><testcase classname="tests.test_reduction_init_files.TestRuffLinting" name="test_ruff_format[ops/__init__]" time="0.027" /><testcase classname="tests.test_reduction_init_files.TestImportability" name="test_kernel_reduction_importable" time="4.414" /><testcase classname="tests.test_reduction_init_files.TestImportability" name="test_ops_reduction_importable" time="4.369" /><testcase classname="tests.test_reduction_init_files.TestImportability" name="test_ops_init_importable" time="4.376" /><testcase classname="tests.test_strategy_npt_defaults.TestUnaryDefaultConfig" name="test_unary_npt_by_strategy[ep-fp16]" time="3.393" /><testcase classname="tests.test_strategy_npt_defaults.TestUnaryDefaultConfig" name="test_unary_npt_by_strategy[ep-bf16]" time="3.341" /><testcase classname="tests.test_strategy_npt_defaults.TestUnaryDefaultConfig" name="test_unary_npt_by_strategy[rc-fp16]" time="3.463" /><testcase classname="tests.test_strategy_npt_defaults.TestUnaryDefaultConfig" name="test_unary_npt_by_strategy[rc-bf16]" time="3.450" /><testcase classname="tests.test_strategy_npt_defaults.TestUnaryDefaultConfig" name="test_unary_npt_by_strategy[ep-fp32]" time="3.346" /><testcase classname="tests.test_strategy_npt_defaults.TestUnaryDefaultConfig" name="test_unary_npt_by_strategy[rc-fp32]" time="3.440" /><testcase classname="tests.test_strategy_npt_defaults.TestUnaryDefaultConfig" name="test_unary_explicit_parallel_fp16_config_applied" time="0.001" /><testcase classname="tests.test_strategy_npt_defaults.TestUnaryDefaultConfig" name="test_unary_register_copy_fp16_config_applied" time="0.001" /><testcase classname="tests.test_strategy_npt_defaults.TestBinaryDefaultConfig" name="test_binary_npt_by_strategy[ep-fp16]" time="3.338" /><testcase classname="tests.test_strategy_npt_defaults.TestBinaryDefaultConfig" name="test_binary_npt_by_strategy[ep-bf16]" time="3.350" /><testcase classname="tests.test_strategy_npt_defaults.TestBinaryDefaultConfig" name="test_binary_npt_by_strategy[rc-fp16]" time="3.535" /><testcase classname="tests.test_strategy_npt_defaults.TestBinaryDefaultConfig" name="test_binary_npt_by_strategy[rc-bf16]" time="3.564" /><testcase classname="tests.test_strategy_npt_defaults.TestBinaryDefaultConfig" name="test_binary_npt_by_strategy[ep-fp32]" time="3.326" /><testcase classname="tests.test_strategy_npt_defaults.TestBinaryDefaultConfig" name="test_binary_npt_by_strategy[rc-fp32]" time="3.530" /><testcase classname="tests.test_strategy_npt_defaults.TestFusedGatedDefaultConfig" name="test_fused_gated_npt_by_strategy[ep-fp16]" time="3.381" /><testcase classname="tests.test_strategy_npt_defaults.TestFusedGatedDefaultConfig" name="test_fused_gated_npt_by_strategy[ep-bf16]" time="3.353" /><testcase classname="tests.test_strategy_npt_defaults.TestFusedGatedDefaultConfig" name="test_fused_gated_npt_by_strategy[ep-fp32]" time="3.363" /><testcase classname="tests.test_tier_validation.TestZeroSmokeFails" name="test_zero_smoke_raises" time="0.002" /><testcase classname="tests.test_tier_validation.TestMultiSmokePasses" name="test_two_smoke_params_pass" time="0.001" /><testcase classname="tests.test_tier_validation.TestMultiSmokePasses" name="test_three_smoke_params_pass" time="0.002" /><testcase classname="tests.test_tier_validation.TestSmokeOrdering" name="test_smoke_after_full_raises" time="0.001" /><testcase classname="tests.test_tier_validation.TestSmokeOrdering" name="test_smoke_gap_raises" time="0.001" /><testcase classname="tests.test_tier_validation.TestSmokeOrdering" name="test_xfail_before_smoke_ok" time="0.001" /><testcase classname="tests.test_tier_validation.TestSmokeOrdering" name="test_multi_smoke_correct_order_passes" time="0.001" /><testcase classname="tests.test_tier_validation.TestSingleSmokeBackwardCompat" name="test_single_smoke_first" time="0.001" /><testcase classname="tests.test_tier_validation.TestSmokeConstraints" name="test_smoke_tune_true_raises" time="0.001" /><testcase classname="tests.test_tier_validation.TestSmokeConstraints" name="test_smoke_xfail_raises" time="0.001" /><testcase classname="tests.test_tier_validation.TestSmokeConstraints" name="test_second_smoke_tune_true_raises" time="0.001" /><testcase classname="tests.test_tier_validation.TestSmokeConstraints" name="test_second_smoke_xfail_raises" time="0.001" /><testcase classname="tests.test_tier_validation.TestSmokeConstraints" name="test_smoke_xfail_no_tune_raises" time="0.001" /><testcase classname="tests.test_tier_validation.TestSmokeConstraints" name="test_smoke_xfail_then_full_only_xfail_error" time="0.001" /><testcase classname="tests.test_tier_validation.TestSmokeConstraints" name="test_smoke_xfail_valid_smoke_full_only_xfail_error" time="0.002" /></testsuite></testsuites>